<?xml version='1.1' encoding='UTF-8'?>
<result plugin="junit@1369.v15da_00283f06">
  <suites>
    <suite>
      <file>/var/jenkins_home/workspace/elice_bugshunters/reports/test-results.xml</file>
      <name>pytest</name>
      <duration>169.631</duration>
      <startTime>1763299689834</startTime>
      <properties/>
      <timestamp>2025-11-16T13:28:09.834124+00:00</timestamp>
      <time>169.631</time>
      <nodeId>43</nodeId>
      <enclosingBlocks>
        <string>39</string>
      </enclosingBlocks>
      <enclosingBlockNames>
        <string>Declarative: Post Actions</string>
      </enclosingBlockNames>
      <cases>
        <case>
          <duration>5.242</duration>
          <startTime>1763299689834</startTime>
          <className>tests.test_account</className>
          <testName>test_ac_001_login</testName>
          <skipped>false</skipped>
          <keepTestNames>false</keepTestNames>
          <properties/>
          <failedSince>0</failedSince>
        </case>
        <case>
          <duration>2.907</duration>
          <startTime>1763299695076</startTime>
          <className>tests.test_account</className>
          <testName>test_ac_002_duplicate_email</testName>
          <skipped>false</skipped>
          <keepTestNames>false</keepTestNames>
          <properties/>
          <failedSince>0</failedSince>
        </case>
        <case>
          <duration>10.095</duration>
          <startTime>1763299697983</startTime>
          <className>tests.test_account</className>
          <testName>test_ac_003_negative_login</testName>
          <skipped>false</skipped>
          <keepTestNames>false</keepTestNames>
          <properties/>
          <failedSince>0</failedSince>
        </case>
        <case>
          <duration>19.772</duration>
          <startTime>1763299708078</startTime>
          <className>tests.test_account</className>
          <testName>test_ac_004_positive_login</testName>
          <skipped>false</skipped>
          <keepTestNames>false</keepTestNames>
          <properties/>
          <failedSince>0</failedSince>
        </case>
        <case>
          <duration>6.749</duration>
          <startTime>1763299727850</startTime>
          <className>tests.test_account</className>
          <testName>test_ac_005_login_with_non_email_format</testName>
          <skipped>false</skipped>
          <keepTestNames>false</keepTestNames>
          <properties/>
          <failedSince>0</failedSince>
        </case>
        <case>
          <duration>6.862</duration>
          <startTime>1763299734599</startTime>
          <className>tests.test_account</className>
          <testName>test_ac_006_login_with_spaces</testName>
          <skipped>false</skipped>
          <keepTestNames>false</keepTestNames>
          <properties/>
          <failedSince>0</failedSince>
        </case>
        <case>
          <duration>10.047</duration>
          <startTime>1763299741461</startTime>
          <className>tests.test_account</className>
          <testName>test_ac_007_logout</testName>
          <skipped>false</skipped>
          <keepTestNames>false</keepTestNames>
          <properties/>
          <failedSince>0</failedSince>
        </case>
        <case>
          <duration>30.031</duration>
          <startTime>1763299751508</startTime>
          <className>tests.test_history</className>
          <testName>test_ht_001</testName>
          <skipped>false</skipped>
          <keepTestNames>false</keepTestNames>
          <errorStackTrace>tests/test_history.py:43: in test_ht_001
    sidebar.click_new_chat()
src/pages/ht_chat_sidebar.py:27: in click_new_chat
    self.clickable(SEL_NEW_CHAT_BTN).click()
src/pages/ht_base_page.py:21: in clickable
    return self.wait(sec).until(EC.element_to_be_clickable(locator))
/usr/local/lib/python3.14/site-packages/selenium/webdriver/support/wait.py:105: in until
    raise TimeoutException(message, screen, stacktrace)
E   selenium.common.exceptions.TimeoutException: Message: 
E   Stacktrace:
E   #0 0xaaaac6704c18 &lt;unknown&gt;
E   #1 0xaaaac612e0d0 &lt;unknown&gt;
E   #2 0xaaaac6176f4c &lt;unknown&gt;
E   #3 0xaaaac61b2d3c &lt;unknown&gt;
E   #4 0xaaaac616b998 &lt;unknown&gt;
E   #5 0xaaaac66cf79c &lt;unknown&gt;
E   #6 0xaaaac66d282c &lt;unknown&gt;
E   #7 0xaaaac66d2408 &lt;unknown&gt;
E   #8 0xaaaac66ba620 &lt;unknown&gt;
E   #9 0xaaaac66d2eac &lt;unknown&gt;
E   #10 0xaaaac66a493c &lt;unknown&gt;
E   #11 0xaaaac66f1abc &lt;unknown&gt;
E   #12 0xaaaac66f1cc8 &lt;unknown&gt;
E   #13 0xaaaac670397c &lt;unknown&gt;
E   #14 0xffff8f6b202c &lt;unknown&gt;
E   #15 0xffff8f71bf18 &lt;unknown&gt;</errorStackTrace>
          <errorDetails>selenium.common.exceptions.TimeoutException: Message: 
Stacktrace:
#0 0xaaaac6704c18 &lt;unknown&gt;
#1 0xaaaac612e0d0 &lt;unknown&gt;
#2 0xaaaac6176f4c &lt;unknown&gt;
#3 0xaaaac61b2d3c &lt;unknown&gt;
#4 0xaaaac616b998 &lt;unknown&gt;
#5 0xaaaac66cf79c &lt;unknown&gt;
#6 0xaaaac66d282c &lt;unknown&gt;
#7 0xaaaac66d2408 &lt;unknown&gt;
#8 0xaaaac66ba620 &lt;unknown&gt;
#9 0xaaaac66d2eac &lt;unknown&gt;
#10 0xaaaac66a493c &lt;unknown&gt;
#11 0xaaaac66f1abc &lt;unknown&gt;
#12 0xaaaac66f1cc8 &lt;unknown&gt;
#13 0xaaaac670397c &lt;unknown&gt;
#14 0xffff8f6b202c &lt;unknown&gt;
#15 0xffff8f71bf18 &lt;unknown&gt;</errorDetails>
          <properties/>
          <failedSince>7</failedSince>
        </case>
        <case>
          <duration>13.043</duration>
          <startTime>1763299781539</startTime>
          <className>tests.test_history</className>
          <testName>test_ht_002</testName>
          <skipped>false</skipped>
          <keepTestNames>false</keepTestNames>
          <errorStackTrace>tests/test_history.py:76: in test_ht_002
    sidebar.click_new_chat()
src/pages/ht_chat_sidebar.py:27: in click_new_chat
    self.clickable(SEL_NEW_CHAT_BTN).click()
src/pages/ht_base_page.py:21: in clickable
    return self.wait(sec).until(EC.element_to_be_clickable(locator))
/usr/local/lib/python3.14/site-packages/selenium/webdriver/support/wait.py:105: in until
    raise TimeoutException(message, screen, stacktrace)
E   selenium.common.exceptions.TimeoutException: Message: 
E   Stacktrace:
E   #0 0xaaaac6704c18 &lt;unknown&gt;
E   #1 0xaaaac612e0d0 &lt;unknown&gt;
E   #2 0xaaaac6176f4c &lt;unknown&gt;
E   #3 0xaaaac61b2d3c &lt;unknown&gt;
E   #4 0xaaaac616b998 &lt;unknown&gt;
E   #5 0xaaaac66cf79c &lt;unknown&gt;
E   #6 0xaaaac66d282c &lt;unknown&gt;
E   #7 0xaaaac66d2408 &lt;unknown&gt;
E   #8 0xaaaac66ba620 &lt;unknown&gt;
E   #9 0xaaaac66d2eac &lt;unknown&gt;
E   #10 0xaaaac66a493c &lt;unknown&gt;
E   #11 0xaaaac66f1abc &lt;unknown&gt;
E   #12 0xaaaac66f1cc8 &lt;unknown&gt;
E   #13 0xaaaac670397c &lt;unknown&gt;
E   #14 0xffff8f6b202c &lt;unknown&gt;
E   #15 0xffff8f71bf18 &lt;unknown&gt;</errorStackTrace>
          <errorDetails>selenium.common.exceptions.TimeoutException: Message: 
Stacktrace:
#0 0xaaaac6704c18 &lt;unknown&gt;
#1 0xaaaac612e0d0 &lt;unknown&gt;
#2 0xaaaac6176f4c &lt;unknown&gt;
#3 0xaaaac61b2d3c &lt;unknown&gt;
#4 0xaaaac616b998 &lt;unknown&gt;
#5 0xaaaac66cf79c &lt;unknown&gt;
#6 0xaaaac66d282c &lt;unknown&gt;
#7 0xaaaac66d2408 &lt;unknown&gt;
#8 0xaaaac66ba620 &lt;unknown&gt;
#9 0xaaaac66d2eac &lt;unknown&gt;
#10 0xaaaac66a493c &lt;unknown&gt;
#11 0xaaaac66f1abc &lt;unknown&gt;
#12 0xaaaac66f1cc8 &lt;unknown&gt;
#13 0xaaaac670397c &lt;unknown&gt;
#14 0xffff8f6b202c &lt;unknown&gt;
#15 0xffff8f71bf18 &lt;unknown&gt;</errorDetails>
          <properties/>
          <failedSince>7</failedSince>
        </case>
        <case>
          <duration>8.363</duration>
          <startTime>1763299794582</startTime>
          <className>tests.test_history</className>
          <testName>test_ht_003</testName>
          <skipped>false</skipped>
          <keepTestNames>false</keepTestNames>
          <properties/>
          <failedSince>0</failedSince>
        </case>
        <case>
          <duration>14.564</duration>
          <startTime>1763299802945</startTime>
          <className>tests.test_history</className>
          <testName>test_ht_004</testName>
          <skipped>false</skipped>
          <keepTestNames>false</keepTestNames>
          <errorStackTrace>tests/test_history.py:125: in test_ht_004
    sidebar.click_new_chat()
src/pages/ht_chat_sidebar.py:27: in click_new_chat
    self.clickable(SEL_NEW_CHAT_BTN).click()
src/pages/ht_base_page.py:21: in clickable
    return self.wait(sec).until(EC.element_to_be_clickable(locator))
/usr/local/lib/python3.14/site-packages/selenium/webdriver/support/wait.py:105: in until
    raise TimeoutException(message, screen, stacktrace)
E   selenium.common.exceptions.TimeoutException: Message: 
E   Stacktrace:
E   #0 0xaaaac6704c18 &lt;unknown&gt;
E   #1 0xaaaac612e0d0 &lt;unknown&gt;
E   #2 0xaaaac6176f4c &lt;unknown&gt;
E   #3 0xaaaac61b2d3c &lt;unknown&gt;
E   #4 0xaaaac616b998 &lt;unknown&gt;
E   #5 0xaaaac66cf79c &lt;unknown&gt;
E   #6 0xaaaac66d282c &lt;unknown&gt;
E   #7 0xaaaac66d2408 &lt;unknown&gt;
E   #8 0xaaaac66ba620 &lt;unknown&gt;
E   #9 0xaaaac66d2eac &lt;unknown&gt;
E   #10 0xaaaac66a493c &lt;unknown&gt;
E   #11 0xaaaac66f1abc &lt;unknown&gt;
E   #12 0xaaaac66f1cc8 &lt;unknown&gt;
E   #13 0xaaaac670397c &lt;unknown&gt;
E   #14 0xffff8f6b202c &lt;unknown&gt;
E   #15 0xffff8f71bf18 &lt;unknown&gt;</errorStackTrace>
          <errorDetails>selenium.common.exceptions.TimeoutException: Message: 
Stacktrace:
#0 0xaaaac6704c18 &lt;unknown&gt;
#1 0xaaaac612e0d0 &lt;unknown&gt;
#2 0xaaaac6176f4c &lt;unknown&gt;
#3 0xaaaac61b2d3c &lt;unknown&gt;
#4 0xaaaac616b998 &lt;unknown&gt;
#5 0xaaaac66cf79c &lt;unknown&gt;
#6 0xaaaac66d282c &lt;unknown&gt;
#7 0xaaaac66d2408 &lt;unknown&gt;
#8 0xaaaac66ba620 &lt;unknown&gt;
#9 0xaaaac66d2eac &lt;unknown&gt;
#10 0xaaaac66a493c &lt;unknown&gt;
#11 0xaaaac66f1abc &lt;unknown&gt;
#12 0xaaaac66f1cc8 &lt;unknown&gt;
#13 0xaaaac670397c &lt;unknown&gt;
#14 0xffff8f6b202c &lt;unknown&gt;
#15 0xffff8f71bf18 &lt;unknown&gt;</errorDetails>
          <properties/>
          <failedSince>7</failedSince>
        </case>
        <case>
          <duration>13.573</duration>
          <startTime>1763299817509</startTime>
          <className>tests.test_history</className>
          <testName>test_ht_005</testName>
          <skipped>false</skipped>
          <keepTestNames>false</keepTestNames>
          <errorStackTrace>tests/test_history.py:200: in test_ht_005
    sidebar.click_new_chat()
src/pages/ht_chat_sidebar.py:27: in click_new_chat
    self.clickable(SEL_NEW_CHAT_BTN).click()
src/pages/ht_base_page.py:21: in clickable
    return self.wait(sec).until(EC.element_to_be_clickable(locator))
/usr/local/lib/python3.14/site-packages/selenium/webdriver/support/wait.py:105: in until
    raise TimeoutException(message, screen, stacktrace)
E   selenium.common.exceptions.TimeoutException: Message: 
E   Stacktrace:
E   #0 0xaaaac6704c18 &lt;unknown&gt;
E   #1 0xaaaac612e0d0 &lt;unknown&gt;
E   #2 0xaaaac6176f4c &lt;unknown&gt;
E   #3 0xaaaac61b2d3c &lt;unknown&gt;
E   #4 0xaaaac616b998 &lt;unknown&gt;
E   #5 0xaaaac66cf79c &lt;unknown&gt;
E   #6 0xaaaac66d282c &lt;unknown&gt;
E   #7 0xaaaac66d2408 &lt;unknown&gt;
E   #8 0xaaaac66ba620 &lt;unknown&gt;
E   #9 0xaaaac66d2eac &lt;unknown&gt;
E   #10 0xaaaac66a493c &lt;unknown&gt;
E   #11 0xaaaac66f1abc &lt;unknown&gt;
E   #12 0xaaaac66f1cc8 &lt;unknown&gt;
E   #13 0xaaaac670397c &lt;unknown&gt;
E   #14 0xffff8f6b202c &lt;unknown&gt;
E   #15 0xffff8f71bf18 &lt;unknown&gt;</errorStackTrace>
          <errorDetails>selenium.common.exceptions.TimeoutException: Message: 
Stacktrace:
#0 0xaaaac6704c18 &lt;unknown&gt;
#1 0xaaaac612e0d0 &lt;unknown&gt;
#2 0xaaaac6176f4c &lt;unknown&gt;
#3 0xaaaac61b2d3c &lt;unknown&gt;
#4 0xaaaac616b998 &lt;unknown&gt;
#5 0xaaaac66cf79c &lt;unknown&gt;
#6 0xaaaac66d282c &lt;unknown&gt;
#7 0xaaaac66d2408 &lt;unknown&gt;
#8 0xaaaac66ba620 &lt;unknown&gt;
#9 0xaaaac66d2eac &lt;unknown&gt;
#10 0xaaaac66a493c &lt;unknown&gt;
#11 0xaaaac66f1abc &lt;unknown&gt;
#12 0xaaaac66f1cc8 &lt;unknown&gt;
#13 0xaaaac670397c &lt;unknown&gt;
#14 0xffff8f6b202c &lt;unknown&gt;
#15 0xffff8f71bf18 &lt;unknown&gt;</errorDetails>
          <properties/>
          <failedSince>7</failedSince>
        </case>
        <case>
          <duration>13.632</duration>
          <startTime>1763299831082</startTime>
          <className>tests.test_history</className>
          <testName>test_ht_006</testName>
          <skipped>false</skipped>
          <keepTestNames>false</keepTestNames>
          <errorStackTrace>tests/test_history.py:250: in test_ht_006
    sidebar.click_new_chat()
src/pages/ht_chat_sidebar.py:27: in click_new_chat
    self.clickable(SEL_NEW_CHAT_BTN).click()
src/pages/ht_base_page.py:21: in clickable
    return self.wait(sec).until(EC.element_to_be_clickable(locator))
/usr/local/lib/python3.14/site-packages/selenium/webdriver/support/wait.py:105: in until
    raise TimeoutException(message, screen, stacktrace)
E   selenium.common.exceptions.TimeoutException: Message: 
E   Stacktrace:
E   #0 0xaaaac6704c18 &lt;unknown&gt;
E   #1 0xaaaac612e0d0 &lt;unknown&gt;
E   #2 0xaaaac6176f4c &lt;unknown&gt;
E   #3 0xaaaac61b2d3c &lt;unknown&gt;
E   #4 0xaaaac616b998 &lt;unknown&gt;
E   #5 0xaaaac66cf79c &lt;unknown&gt;
E   #6 0xaaaac66d282c &lt;unknown&gt;
E   #7 0xaaaac66d2408 &lt;unknown&gt;
E   #8 0xaaaac66ba620 &lt;unknown&gt;
E   #9 0xaaaac66d2eac &lt;unknown&gt;
E   #10 0xaaaac66a493c &lt;unknown&gt;
E   #11 0xaaaac66f1abc &lt;unknown&gt;
E   #12 0xaaaac66f1cc8 &lt;unknown&gt;
E   #13 0xaaaac670397c &lt;unknown&gt;
E   #14 0xffff8f6b202c &lt;unknown&gt;
E   #15 0xffff8f71bf18 &lt;unknown&gt;</errorStackTrace>
          <errorDetails>selenium.common.exceptions.TimeoutException: Message: 
Stacktrace:
#0 0xaaaac6704c18 &lt;unknown&gt;
#1 0xaaaac612e0d0 &lt;unknown&gt;
#2 0xaaaac6176f4c &lt;unknown&gt;
#3 0xaaaac61b2d3c &lt;unknown&gt;
#4 0xaaaac616b998 &lt;unknown&gt;
#5 0xaaaac66cf79c &lt;unknown&gt;
#6 0xaaaac66d282c &lt;unknown&gt;
#7 0xaaaac66d2408 &lt;unknown&gt;
#8 0xaaaac66ba620 &lt;unknown&gt;
#9 0xaaaac66d2eac &lt;unknown&gt;
#10 0xaaaac66a493c &lt;unknown&gt;
#11 0xaaaac66f1abc &lt;unknown&gt;
#12 0xaaaac66f1cc8 &lt;unknown&gt;
#13 0xaaaac670397c &lt;unknown&gt;
#14 0xffff8f6b202c &lt;unknown&gt;
#15 0xffff8f71bf18 &lt;unknown&gt;</errorDetails>
          <properties/>
          <failedSince>7</failedSince>
        </case>
        <case>
          <duration>14.303</duration>
          <startTime>1763299844714</startTime>
          <className>tests.test_history</className>
          <testName>test_ht_007</testName>
          <skipped>false</skipped>
          <keepTestNames>false</keepTestNames>
          <errorStackTrace>tests/test_history.py:306: in test_ht_007
    sidebar.click_new_chat()
src/pages/ht_chat_sidebar.py:27: in click_new_chat
    self.clickable(SEL_NEW_CHAT_BTN).click()
src/pages/ht_base_page.py:21: in clickable
    return self.wait(sec).until(EC.element_to_be_clickable(locator))
/usr/local/lib/python3.14/site-packages/selenium/webdriver/support/wait.py:105: in until
    raise TimeoutException(message, screen, stacktrace)
E   selenium.common.exceptions.TimeoutException: Message: 
E   Stacktrace:
E   #0 0xaaaac6704c18 &lt;unknown&gt;
E   #1 0xaaaac612e0d0 &lt;unknown&gt;
E   #2 0xaaaac6176f4c &lt;unknown&gt;
E   #3 0xaaaac61b2d3c &lt;unknown&gt;
E   #4 0xaaaac616b998 &lt;unknown&gt;
E   #5 0xaaaac66cf79c &lt;unknown&gt;
E   #6 0xaaaac66d282c &lt;unknown&gt;
E   #7 0xaaaac66d2408 &lt;unknown&gt;
E   #8 0xaaaac66ba620 &lt;unknown&gt;
E   #9 0xaaaac66d2eac &lt;unknown&gt;
E   #10 0xaaaac66a493c &lt;unknown&gt;
E   #11 0xaaaac66f1abc &lt;unknown&gt;
E   #12 0xaaaac66f1cc8 &lt;unknown&gt;
E   #13 0xaaaac670397c &lt;unknown&gt;
E   #14 0xffff8f6b202c &lt;unknown&gt;
E   #15 0xffff8f71bf18 &lt;unknown&gt;</errorStackTrace>
          <errorDetails>selenium.common.exceptions.TimeoutException: Message: 
Stacktrace:
#0 0xaaaac6704c18 &lt;unknown&gt;
#1 0xaaaac612e0d0 &lt;unknown&gt;
#2 0xaaaac6176f4c &lt;unknown&gt;
#3 0xaaaac61b2d3c &lt;unknown&gt;
#4 0xaaaac616b998 &lt;unknown&gt;
#5 0xaaaac66cf79c &lt;unknown&gt;
#6 0xaaaac66d282c &lt;unknown&gt;
#7 0xaaaac66d2408 &lt;unknown&gt;
#8 0xaaaac66ba620 &lt;unknown&gt;
#9 0xaaaac66d2eac &lt;unknown&gt;
#10 0xaaaac66a493c &lt;unknown&gt;
#11 0xaaaac66f1abc &lt;unknown&gt;
#12 0xaaaac66f1cc8 &lt;unknown&gt;
#13 0xaaaac670397c &lt;unknown&gt;
#14 0xffff8f6b202c &lt;unknown&gt;
#15 0xffff8f71bf18 &lt;unknown&gt;</errorDetails>
          <properties/>
          <failedSince>7</failedSince>
        </case>
      </cases>
    </suite>
  </suites>
  <duration>169.631</duration>
  <skipOldReports>false</skipOldReports>
  <startTime>1763299689834</startTime>
  <stdioRetention>NONE</stdioRetention>
  <keepTestNames>false</keepTestNames>
  <keepProperties>false</keepProperties>
</result>