<?xml version="1.0" encoding="utf-8"?><testsuites><testsuite name="pytest" errors="1" failures="12" skipped="0" tests="56" time="752.255" timestamp="2025-11-18T15:37:55.006847+00:00" hostname="98ccc2262a74"><testcase classname="tests.test_account" name="test_ac_001_login" time="4.735" /><testcase classname="tests.test_account" name="test_ac_002_duplicate_email" time="1.833" /><testcase classname="tests.test_account" name="test_ac_003_negative_login" time="9.664" /><testcase classname="tests.test_account" name="test_ac_004_positive_login" time="14.809" /><testcase classname="tests.test_account" name="test_ac_005_login_with_non_email_format" time="7.079" /><testcase classname="tests.test_account" name="test_ac_006_login_with_spaces" time="7.085" /><testcase classname="tests.test_account" name="test_ac_007_logout" time="10.510" /><testcase classname="tests.test_billing_system" name="test_bu_001_credit_usage_section_exists" time="18.286" /><testcase classname="tests.test_billing_system" name="test_bu_002_danal_card_payment_iframe_appears" time="15.283"><failure message="selenium.common.exceptions.TimeoutException: Message: &#10;Stacktrace:&#10;#0 0xaaaacd614c18 &lt;unknown&gt;&#10;#1 0xaaaacd03e0d0 &lt;unknown&gt;&#10;#2 0xaaaacd086f4c &lt;unknown&gt;&#10;#3 0xaaaacd0c2d3c &lt;unknown&gt;&#10;#4 0xaaaacd07b998 &lt;unknown&gt;&#10;#5 0xaaaacd5df79c &lt;unknown&gt;&#10;#6 0xaaaacd5e282c &lt;unknown&gt;&#10;#7 0xaaaacd5e2408 &lt;unknown&gt;&#10;#8 0xaaaacd5ca620 &lt;unknown&gt;&#10;#9 0xaaaacd5e2eac &lt;unknown&gt;&#10;#10 0xaaaacd5b493c &lt;unknown&gt;&#10;#11 0xaaaacd601abc &lt;unknown&gt;&#10;#12 0xaaaacd601cc8 &lt;unknown&gt;&#10;#13 0xaaaacd61397c &lt;unknown&gt;&#10;#14 0xffff8e67202c &lt;unknown&gt;&#10;#15 0xffff8e6dbf18 &lt;unknown&gt;">tests/test_billing_system.py:31: in test_bu_002_danal_card_payment_iframe_appears
    methods.click_register_method()
src/pages/billing_page.py:48: in click_register_method
    self.click_safely("register_method_btn")
src/pages/base_page.py:39: in click_safely
    element = wait.until(EC.presence_of_element_located(locator))
/usr/local/lib/python3.14/site-packages/selenium/webdriver/support/wait.py:105: in until
    raise TimeoutException(message, screen, stacktrace)
E   selenium.common.exceptions.TimeoutException: Message: 
E   Stacktrace:
E   #0 0xaaaacd614c18 &lt;unknown&gt;
E   #1 0xaaaacd03e0d0 &lt;unknown&gt;
E   #2 0xaaaacd086f4c &lt;unknown&gt;
E   #3 0xaaaacd0c2d3c &lt;unknown&gt;
E   #4 0xaaaacd07b998 &lt;unknown&gt;
E   #5 0xaaaacd5df79c &lt;unknown&gt;
E   #6 0xaaaacd5e282c &lt;unknown&gt;
E   #7 0xaaaacd5e2408 &lt;unknown&gt;
E   #8 0xaaaacd5ca620 &lt;unknown&gt;
E   #9 0xaaaacd5e2eac &lt;unknown&gt;
E   #10 0xaaaacd5b493c &lt;unknown&gt;
E   #11 0xaaaacd601abc &lt;unknown&gt;
E   #12 0xaaaacd601cc8 &lt;unknown&gt;
E   #13 0xaaaacd61397c &lt;unknown&gt;
E   #14 0xffff8e67202c &lt;unknown&gt;
E   #15 0xffff8e6dbf18 &lt;unknown&gt;</failure></testcase><testcase classname="tests.test_billing_system" name="test_bu_003_click_usage_history" time="5.449"><failure message="AssertionError: ❌ Usage History 페이지로 이동 실패&#10;assert False&#10; +  where False = is_usage_history_page()&#10; +    where is_usage_history_page = &lt;src.pages.billing_page.UsagePage object at 0xffffad906900&gt;.is_usage_history_page">tests/test_billing_system.py:52: in test_bu_003_click_usage_history
    assert usage_page.is_usage_history_page(), "❌ Usage History 페이지로 이동 실패"
E   AssertionError: ❌ Usage History 페이지로 이동 실패
E   assert False
E    +  where False = is_usage_history_page()
E    +    where is_usage_history_page = &lt;src.pages.billing_page.UsagePage object at 0xffffad906900&gt;.is_usage_history_page</failure></testcase><testcase classname="tests.test_billing_system" name="test_bu_004_click_ml_api" time="1.330" /><testcase classname="tests.test_billing_system" name="test_bu_005_click_severless_status" time="1.925" /><testcase classname="tests.test_billing_system" name="test_bu_006_click_api_key_manage" time="1.967"><failure message="assert False&#10; +  where False = is_api_key_manage_page()&#10; +    where is_api_key_manage_page = &lt;src.pages.billing_page.UsagePage object at 0xffffadb4b360&gt;.is_api_key_manage_page">tests/test_billing_system.py:69: in test_bu_006_click_api_key_manage
    assert page.is_api_key_manage_page()
E   assert False
E    +  where False = is_api_key_manage_page()
E    +    where is_api_key_manage_page = &lt;src.pages.billing_page.UsagePage object at 0xffffadb4b360&gt;.is_api_key_manage_page</failure></testcase><testcase classname="tests.test_chat_base" name="test_cb_001_ai_chat" time="19.346" /><testcase classname="tests.test_chat_base" name="test_cb_002_copy" time="1.778" /><testcase classname="tests.test_chat_base" name="test_cb_003_edit_message" time="3.329" /><testcase classname="tests.test_chat_base" name="test_cb_004_scroll_and_click" time="9.913" /><testcase classname="tests.test_chat_base" name="test_cb_005_make_image" time="18.592" /><testcase classname="tests.test_chat_base" name="test_cb_006_upload_file" time="1.023" /><testcase classname="tests.test_chat_base" name="test_cb_007_make_image" time="8.525" /><testcase classname="tests.test_chat_expanse" name="test_ce_001_quiz" time="14.859" /><testcase classname="tests.test_chat_expanse" name="test_ce_002_quiz_empty" time="14.670" /><testcase classname="tests.test_chat_expanse" name="test_ce_003_quiz_special_chars" time="14.982" /><testcase classname="tests.test_chat_expanse" name="test_ce_004_quiz_no_type" time="14.509" /><testcase classname="tests.test_chat_expanse" name="test_ce_005_ppt" time="20.065" /><testcase classname="tests.test_chat_expanse" name="test_ce_006_image_text" time="1.455" /><testcase classname="tests.test_chat_expanse" name="test_ce_007_image_file" time="37.039" /><testcase classname="tests.test_chat_expanse" name="test_ce_008_google_search" time="4.443" /><testcase classname="tests.test_chat_expanse" name="test_ce_009_deep_dive" time="75.245" /><testcase classname="tests.test_chat_expanse" name="test_ce_010_file_upload" time="10.343" /><testcase classname="tests.test_chat_expanse" name="test_ce_011_file_upload_expect_failure" time="21.837" /><testcase classname="tests.test_chat_expanse" name="test_ce_012_file_upload_new_chat" time="10.225"><failure message="AssertionError: ❌ 파일 업로드 및 전송 프로세스 실패&#10;assert False">tests/test_chat_expanse.py:69: in test_ce_012_file_upload_new_chat
    assert result, "❌ 파일 업로드 및 전송 프로세스 실패"
E   AssertionError: ❌ 파일 업로드 및 전송 프로세스 실패
E   assert False</failure></testcase><testcase classname="tests.test_chat_expanse" name="test_ce_013_quiz_empty_new_chat" time="10.305"><failure message="AssertionError: ✅CE-013 : 빈칸 퀴즈 생성이 허용되었습니다!&#10;assert False">tests/test_chat_expanse.py:74: in test_ce_013_quiz_empty_new_chat
    assert result, "✅CE-013 : 빈칸 퀴즈 생성이 허용되었습니다!"
E   AssertionError: ✅CE-013 : 빈칸 퀴즈 생성이 허용되었습니다!
E   assert False</failure></testcase><testcase classname="tests.test_custom_agent" name="test_ca_001_navigate_to_agent_create_form" time="17.152" /><testcase classname="tests.test_custom_agent" name="test_ca_002_validate_required_fields_behavior" time="5.630" /><testcase classname="tests.test_custom_agent" name="test_ca_003_1_create_private_agent_successfully" time="18.759" /><testcase classname="tests.test_custom_agent" name="test_ca_003_2_create_organization_agent_successfully" time="19.292" /><testcase classname="tests.test_custom_agent" name="test_ca_004_test_create_with_chat_generates_ai_response" time="13.287"><error message="failed on setup with &quot;selenium.common.exceptions.TimeoutException: Message:&quot;">tests/test_custom_agent.py:71: in create_page
    wait.until(EC.url_contains("builder#form"))
/usr/local/lib/python3.14/site-packages/selenium/webdriver/support/wait.py:105: in until
    raise TimeoutException(message, screen, stacktrace)
E   selenium.common.exceptions.TimeoutException: Message:</error></testcase><testcase classname="tests.test_custom_agent" name="test_ca_005_prevent_duplicate_agent_creation" time="9.586" /><testcase classname="tests.test_custom_agent" name="test_ca_006_display_created_agents_in_explorer" time="2.726" /><testcase classname="tests.test_custom_agent" name="test_ca_007_display_agent_cards_in_my_agents" time="13.874" /><testcase classname="tests.test_custom_agent" name="test_ca_008_update_existing_agent_successfully" time="22.725"><failure message="selenium.common.exceptions.TimeoutException: Message: &#10;Stacktrace:&#10;#0 0xaaaacd614c18 &lt;unknown&gt;&#10;#1 0xaaaacd03e0d0 &lt;unknown&gt;&#10;#2 0xaaaacd086f4c &lt;unknown&gt;&#10;#3 0xaaaacd0c2d3c &lt;unknown&gt;&#10;#4 0xaaaacd07b998 &lt;unknown&gt;&#10;#5 0xaaaacd5df79c &lt;unknown&gt;&#10;#6 0xaaaacd5e282c &lt;unknown&gt;&#10;#7 0xaaaacd5e2408 &lt;unknown&gt;&#10;#8 0xaaaacd5ca620 &lt;unknown&gt;&#10;#9 0xaaaacd5e2eac &lt;unknown&gt;&#10;#10 0xaaaacd5b493c &lt;unknown&gt;&#10;#11 0xaaaacd601abc &lt;unknown&gt;&#10;#12 0xaaaacd601cc8 &lt;unknown&gt;&#10;#13 0xaaaacd61397c &lt;unknown&gt;&#10;#14 0xffff8e67202c &lt;unknown&gt;&#10;#15 0xffff8e6dbf18 &lt;unknown&gt;">tests/test_custom_agent.py:395: in test_ca_008_update_existing_agent_successfully
    name_field = create_agent_page.get_element("name")
src/pages/base_page.py:23: in get_element
    wait.until(EC.visibility_of_element_located(locator))
/usr/local/lib/python3.14/site-packages/selenium/webdriver/support/wait.py:105: in until
    raise TimeoutException(message, screen, stacktrace)
E   selenium.common.exceptions.TimeoutException: Message: 
E   Stacktrace:
E   #0 0xaaaacd614c18 &lt;unknown&gt;
E   #1 0xaaaacd03e0d0 &lt;unknown&gt;
E   #2 0xaaaacd086f4c &lt;unknown&gt;
E   #3 0xaaaacd0c2d3c &lt;unknown&gt;
E   #4 0xaaaacd07b998 &lt;unknown&gt;
E   #5 0xaaaacd5df79c &lt;unknown&gt;
E   #6 0xaaaacd5e282c &lt;unknown&gt;
E   #7 0xaaaacd5e2408 &lt;unknown&gt;
E   #8 0xaaaacd5ca620 &lt;unknown&gt;
E   #9 0xaaaacd5e2eac &lt;unknown&gt;
E   #10 0xaaaacd5b493c &lt;unknown&gt;
E   #11 0xaaaacd601abc &lt;unknown&gt;
E   #12 0xaaaacd601cc8 &lt;unknown&gt;
E   #13 0xaaaacd61397c &lt;unknown&gt;
E   #14 0xffff8e67202c &lt;unknown&gt;
E   #15 0xffff8e6dbf18 &lt;unknown&gt;</failure></testcase><testcase classname="tests.test_custom_agent" name="test_ca_009__publish_draft_agent_successfully" time="19.371" /><testcase classname="tests.test_custom_agent" name="test_ca_010_autosave_draft_agent_persists_changes" time="18.799" /><testcase classname="tests.test_custom_agent" name="test_ca_011_cancel_agent_deletion_modal" time="15.534" /><testcase classname="tests.test_custom_agent" name="test_ca_012_delete_agent_permanently" time="14.414" /><testcase classname="tests.test_custom_agent" name="test_ca_013_prevent_deletion_of_default_agents" time="15.121" /><testcase classname="tests.test_custom_agent" name="test_ca_014_validate_file_upload_and_size_limit" time="3.913" /><testcase classname="tests.test_custom_agent" name="test_ca_015_private_agent_hidden_from_sub_account" time="33.357" /><testcase classname="tests.test_history" name="test_ht_001_start_new_chat" time="27.584"><failure message="selenium.common.exceptions.TimeoutException: Message: &#10;Stacktrace:&#10;#0 0xaaaacd614c18 &lt;unknown&gt;&#10;#1 0xaaaacd03e0d0 &lt;unknown&gt;&#10;#2 0xaaaacd086f4c &lt;unknown&gt;&#10;#3 0xaaaacd0c2d3c &lt;unknown&gt;&#10;#4 0xaaaacd07b998 &lt;unknown&gt;&#10;#5 0xaaaacd5df79c &lt;unknown&gt;&#10;#6 0xaaaacd5e282c &lt;unknown&gt;&#10;#7 0xaaaacd5e2408 &lt;unknown&gt;&#10;#8 0xaaaacd5ca620 &lt;unknown&gt;&#10;#9 0xaaaacd5e2eac &lt;unknown&gt;&#10;#10 0xaaaacd5b493c &lt;unknown&gt;&#10;#11 0xaaaacd601abc &lt;unknown&gt;&#10;#12 0xaaaacd601cc8 &lt;unknown&gt;&#10;#13 0xaaaacd61397c &lt;unknown&gt;&#10;#14 0xffff8e67202c &lt;unknown&gt;&#10;#15 0xffff8e6dbf18 &lt;unknown&gt;">tests/test_history.py:32: in test_ht_001_start_new_chat
    sidebar.click_new_chat()  # 내부에서 clickable 사용
src/pages/history_page.py:116: in click_new_chat
    self.click_safely("new_chat_btn")
src/pages/base_page.py:39: in click_safely
    element = wait.until(EC.presence_of_element_located(locator))
/usr/local/lib/python3.14/site-packages/selenium/webdriver/support/wait.py:105: in until
    raise TimeoutException(message, screen, stacktrace)
E   selenium.common.exceptions.TimeoutException: Message: 
E   Stacktrace:
E   #0 0xaaaacd614c18 &lt;unknown&gt;
E   #1 0xaaaacd03e0d0 &lt;unknown&gt;
E   #2 0xaaaacd086f4c &lt;unknown&gt;
E   #3 0xaaaacd0c2d3c &lt;unknown&gt;
E   #4 0xaaaacd07b998 &lt;unknown&gt;
E   #5 0xaaaacd5df79c &lt;unknown&gt;
E   #6 0xaaaacd5e282c &lt;unknown&gt;
E   #7 0xaaaacd5e2408 &lt;unknown&gt;
E   #8 0xaaaacd5ca620 &lt;unknown&gt;
E   #9 0xaaaacd5e2eac &lt;unknown&gt;
E   #10 0xaaaacd5b493c &lt;unknown&gt;
E   #11 0xaaaacd601abc &lt;unknown&gt;
E   #12 0xaaaacd601cc8 &lt;unknown&gt;
E   #13 0xaaaacd61397c &lt;unknown&gt;
E   #14 0xffff8e67202c &lt;unknown&gt;
E   #15 0xffff8e6dbf18 &lt;unknown&gt;</failure></testcase><testcase classname="tests.test_history" name="test_ht_002_search_history" time="12.746"><failure message="selenium.common.exceptions.TimeoutException: Message: &#10;Stacktrace:&#10;#0 0xaaaacd614c18 &lt;unknown&gt;&#10;#1 0xaaaacd03e0d0 &lt;unknown&gt;&#10;#2 0xaaaacd086f4c &lt;unknown&gt;&#10;#3 0xaaaacd0c2d3c &lt;unknown&gt;&#10;#4 0xaaaacd07b998 &lt;unknown&gt;&#10;#5 0xaaaacd5df79c &lt;unknown&gt;&#10;#6 0xaaaacd5e282c &lt;unknown&gt;&#10;#7 0xaaaacd5e2408 &lt;unknown&gt;&#10;#8 0xaaaacd5ca620 &lt;unknown&gt;&#10;#9 0xaaaacd5e2eac &lt;unknown&gt;&#10;#10 0xaaaacd5b493c &lt;unknown&gt;&#10;#11 0xaaaacd601abc &lt;unknown&gt;&#10;#12 0xaaaacd601cc8 &lt;unknown&gt;&#10;#13 0xaaaacd61397c &lt;unknown&gt;&#10;#14 0xffff8e67202c &lt;unknown&gt;&#10;#15 0xffff8e6dbf18 &lt;unknown&gt;">tests/test_history.py:72: in test_ht_002_search_history
    sidebar.click_new_chat()      # 내부에서 clickable 대기
src/pages/history_page.py:116: in click_new_chat
    self.click_safely("new_chat_btn")
src/pages/base_page.py:39: in click_safely
    element = wait.until(EC.presence_of_element_located(locator))
/usr/local/lib/python3.14/site-packages/selenium/webdriver/support/wait.py:105: in until
    raise TimeoutException(message, screen, stacktrace)
E   selenium.common.exceptions.TimeoutException: Message: 
E   Stacktrace:
E   #0 0xaaaacd614c18 &lt;unknown&gt;
E   #1 0xaaaacd03e0d0 &lt;unknown&gt;
E   #2 0xaaaacd086f4c &lt;unknown&gt;
E   #3 0xaaaacd0c2d3c &lt;unknown&gt;
E   #4 0xaaaacd07b998 &lt;unknown&gt;
E   #5 0xaaaacd5df79c &lt;unknown&gt;
E   #6 0xaaaacd5e282c &lt;unknown&gt;
E   #7 0xaaaacd5e2408 &lt;unknown&gt;
E   #8 0xaaaacd5ca620 &lt;unknown&gt;
E   #9 0xaaaacd5e2eac &lt;unknown&gt;
E   #10 0xaaaacd5b493c &lt;unknown&gt;
E   #11 0xaaaacd601abc &lt;unknown&gt;
E   #12 0xaaaacd601cc8 &lt;unknown&gt;
E   #13 0xaaaacd61397c &lt;unknown&gt;
E   #14 0xffff8e67202c &lt;unknown&gt;
E   #15 0xffff8e6dbf18 &lt;unknown&gt;</failure></testcase><testcase classname="tests.test_history" name="test_ht_003_agent_search" time="3.601" /><testcase classname="tests.test_history" name="test_ht_004_chat_title_fix" time="11.878"><failure message="selenium.common.exceptions.TimeoutException: Message: &#10;Stacktrace:&#10;#0 0xaaaacd614c18 &lt;unknown&gt;&#10;#1 0xaaaacd03e0d0 &lt;unknown&gt;&#10;#2 0xaaaacd086f4c &lt;unknown&gt;&#10;#3 0xaaaacd0c2d3c &lt;unknown&gt;&#10;#4 0xaaaacd07b998 &lt;unknown&gt;&#10;#5 0xaaaacd5df79c &lt;unknown&gt;&#10;#6 0xaaaacd5e282c &lt;unknown&gt;&#10;#7 0xaaaacd5e2408 &lt;unknown&gt;&#10;#8 0xaaaacd5ca620 &lt;unknown&gt;&#10;#9 0xaaaacd5e2eac &lt;unknown&gt;&#10;#10 0xaaaacd5b493c &lt;unknown&gt;&#10;#11 0xaaaacd601abc &lt;unknown&gt;&#10;#12 0xaaaacd601cc8 &lt;unknown&gt;&#10;#13 0xaaaacd61397c &lt;unknown&gt;&#10;#14 0xffff8e67202c &lt;unknown&gt;&#10;#15 0xffff8e6dbf18 &lt;unknown&gt;">tests/test_history.py:123: in test_ht_004_chat_title_fix
    sidebar.click_new_chat()  # clickable() 대기 포함
src/pages/history_page.py:116: in click_new_chat
    self.click_safely("new_chat_btn")
src/pages/base_page.py:39: in click_safely
    element = wait.until(EC.presence_of_element_located(locator))
/usr/local/lib/python3.14/site-packages/selenium/webdriver/support/wait.py:105: in until
    raise TimeoutException(message, screen, stacktrace)
E   selenium.common.exceptions.TimeoutException: Message: 
E   Stacktrace:
E   #0 0xaaaacd614c18 &lt;unknown&gt;
E   #1 0xaaaacd03e0d0 &lt;unknown&gt;
E   #2 0xaaaacd086f4c &lt;unknown&gt;
E   #3 0xaaaacd0c2d3c &lt;unknown&gt;
E   #4 0xaaaacd07b998 &lt;unknown&gt;
E   #5 0xaaaacd5df79c &lt;unknown&gt;
E   #6 0xaaaacd5e282c &lt;unknown&gt;
E   #7 0xaaaacd5e2408 &lt;unknown&gt;
E   #8 0xaaaacd5ca620 &lt;unknown&gt;
E   #9 0xaaaacd5e2eac &lt;unknown&gt;
E   #10 0xaaaacd5b493c &lt;unknown&gt;
E   #11 0xaaaacd601abc &lt;unknown&gt;
E   #12 0xaaaacd601cc8 &lt;unknown&gt;
E   #13 0xaaaacd61397c &lt;unknown&gt;
E   #14 0xffff8e67202c &lt;unknown&gt;
E   #15 0xffff8e6dbf18 &lt;unknown&gt;</failure></testcase><testcase classname="tests.test_history" name="test_ht_005_view_chat_history" time="12.104"><failure message="selenium.common.exceptions.TimeoutException: Message: &#10;Stacktrace:&#10;#0 0xaaaacd614c18 &lt;unknown&gt;&#10;#1 0xaaaacd03e0d0 &lt;unknown&gt;&#10;#2 0xaaaacd086f4c &lt;unknown&gt;&#10;#3 0xaaaacd0c2d3c &lt;unknown&gt;&#10;#4 0xaaaacd07b998 &lt;unknown&gt;&#10;#5 0xaaaacd5df79c &lt;unknown&gt;&#10;#6 0xaaaacd5e282c &lt;unknown&gt;&#10;#7 0xaaaacd5e2408 &lt;unknown&gt;&#10;#8 0xaaaacd5ca620 &lt;unknown&gt;&#10;#9 0xaaaacd5e2eac &lt;unknown&gt;&#10;#10 0xaaaacd5b493c &lt;unknown&gt;&#10;#11 0xaaaacd601abc &lt;unknown&gt;&#10;#12 0xaaaacd601cc8 &lt;unknown&gt;&#10;#13 0xaaaacd61397c &lt;unknown&gt;&#10;#14 0xffff8e67202c &lt;unknown&gt;&#10;#15 0xffff8e6dbf18 &lt;unknown&gt;">tests/test_history.py:203: in test_ht_005_view_chat_history
    sidebar.click_new_chat()
src/pages/history_page.py:116: in click_new_chat
    self.click_safely("new_chat_btn")
src/pages/base_page.py:39: in click_safely
    element = wait.until(EC.presence_of_element_located(locator))
/usr/local/lib/python3.14/site-packages/selenium/webdriver/support/wait.py:105: in until
    raise TimeoutException(message, screen, stacktrace)
E   selenium.common.exceptions.TimeoutException: Message: 
E   Stacktrace:
E   #0 0xaaaacd614c18 &lt;unknown&gt;
E   #1 0xaaaacd03e0d0 &lt;unknown&gt;
E   #2 0xaaaacd086f4c &lt;unknown&gt;
E   #3 0xaaaacd0c2d3c &lt;unknown&gt;
E   #4 0xaaaacd07b998 &lt;unknown&gt;
E   #5 0xaaaacd5df79c &lt;unknown&gt;
E   #6 0xaaaacd5e282c &lt;unknown&gt;
E   #7 0xaaaacd5e2408 &lt;unknown&gt;
E   #8 0xaaaacd5ca620 &lt;unknown&gt;
E   #9 0xaaaacd5e2eac &lt;unknown&gt;
E   #10 0xaaaacd5b493c &lt;unknown&gt;
E   #11 0xaaaacd601abc &lt;unknown&gt;
E   #12 0xaaaacd601cc8 &lt;unknown&gt;
E   #13 0xaaaacd61397c &lt;unknown&gt;
E   #14 0xffff8e67202c &lt;unknown&gt;
E   #15 0xffff8e6dbf18 &lt;unknown&gt;</failure></testcase><testcase classname="tests.test_history" name="test_ht_006_delete_chat" time="12.977"><failure message="selenium.common.exceptions.TimeoutException: Message: &#10;Stacktrace:&#10;#0 0xaaaacd614c18 &lt;unknown&gt;&#10;#1 0xaaaacd03e0d0 &lt;unknown&gt;&#10;#2 0xaaaacd086f4c &lt;unknown&gt;&#10;#3 0xaaaacd0c2d3c &lt;unknown&gt;&#10;#4 0xaaaacd07b998 &lt;unknown&gt;&#10;#5 0xaaaacd5df79c &lt;unknown&gt;&#10;#6 0xaaaacd5e282c &lt;unknown&gt;&#10;#7 0xaaaacd5e2408 &lt;unknown&gt;&#10;#8 0xaaaacd5ca620 &lt;unknown&gt;&#10;#9 0xaaaacd5e2eac &lt;unknown&gt;&#10;#10 0xaaaacd5b493c &lt;unknown&gt;&#10;#11 0xaaaacd601abc &lt;unknown&gt;&#10;#12 0xaaaacd601cc8 &lt;unknown&gt;&#10;#13 0xaaaacd61397c &lt;unknown&gt;&#10;#14 0xffff8e67202c &lt;unknown&gt;&#10;#15 0xffff8e6dbf18 &lt;unknown&gt;">tests/test_history.py:259: in test_ht_006_delete_chat
    sidebar.click_new_chat()
src/pages/history_page.py:116: in click_new_chat
    self.click_safely("new_chat_btn")
src/pages/base_page.py:39: in click_safely
    element = wait.until(EC.presence_of_element_located(locator))
/usr/local/lib/python3.14/site-packages/selenium/webdriver/support/wait.py:105: in until
    raise TimeoutException(message, screen, stacktrace)
E   selenium.common.exceptions.TimeoutException: Message: 
E   Stacktrace:
E   #0 0xaaaacd614c18 &lt;unknown&gt;
E   #1 0xaaaacd03e0d0 &lt;unknown&gt;
E   #2 0xaaaacd086f4c &lt;unknown&gt;
E   #3 0xaaaacd0c2d3c &lt;unknown&gt;
E   #4 0xaaaacd07b998 &lt;unknown&gt;
E   #5 0xaaaacd5df79c &lt;unknown&gt;
E   #6 0xaaaacd5e282c &lt;unknown&gt;
E   #7 0xaaaacd5e2408 &lt;unknown&gt;
E   #8 0xaaaacd5ca620 &lt;unknown&gt;
E   #9 0xaaaacd5e2eac &lt;unknown&gt;
E   #10 0xaaaacd5b493c &lt;unknown&gt;
E   #11 0xaaaacd601abc &lt;unknown&gt;
E   #12 0xaaaacd601cc8 &lt;unknown&gt;
E   #13 0xaaaacd61397c &lt;unknown&gt;
E   #14 0xffff8e67202c &lt;unknown&gt;
E   #15 0xffff8e6dbf18 &lt;unknown&gt;</failure></testcase><testcase classname="tests.test_history" name="test_ht_007_chat_history_ordered_by_time" time="12.845"><failure message="selenium.common.exceptions.TimeoutException: Message: &#10;Stacktrace:&#10;#0 0xaaaacd614c18 &lt;unknown&gt;&#10;#1 0xaaaacd03e0d0 &lt;unknown&gt;&#10;#2 0xaaaacd086f4c &lt;unknown&gt;&#10;#3 0xaaaacd0c2d3c &lt;unknown&gt;&#10;#4 0xaaaacd07b998 &lt;unknown&gt;&#10;#5 0xaaaacd5df79c &lt;unknown&gt;&#10;#6 0xaaaacd5e282c &lt;unknown&gt;&#10;#7 0xaaaacd5e2408 &lt;unknown&gt;&#10;#8 0xaaaacd5ca620 &lt;unknown&gt;&#10;#9 0xaaaacd5e2eac &lt;unknown&gt;&#10;#10 0xaaaacd5b493c &lt;unknown&gt;&#10;#11 0xaaaacd601abc &lt;unknown&gt;&#10;#12 0xaaaacd601cc8 &lt;unknown&gt;&#10;#13 0xaaaacd61397c &lt;unknown&gt;&#10;#14 0xffff8e67202c &lt;unknown&gt;&#10;#15 0xffff8e6dbf18 &lt;unknown&gt;">tests/test_history.py:356: in test_ht_007_chat_history_ordered_by_time
    sidebar.click_new_chat()            # 클릭 시 clickable()로 명시적 대기
src/pages/history_page.py:116: in click_new_chat
    self.click_safely("new_chat_btn")
src/pages/base_page.py:39: in click_safely
    element = wait.until(EC.presence_of_element_located(locator))
/usr/local/lib/python3.14/site-packages/selenium/webdriver/support/wait.py:105: in until
    raise TimeoutException(message, screen, stacktrace)
E   selenium.common.exceptions.TimeoutException: Message: 
E   Stacktrace:
E   #0 0xaaaacd614c18 &lt;unknown&gt;
E   #1 0xaaaacd03e0d0 &lt;unknown&gt;
E   #2 0xaaaacd086f4c &lt;unknown&gt;
E   #3 0xaaaacd0c2d3c &lt;unknown&gt;
E   #4 0xaaaacd07b998 &lt;unknown&gt;
E   #5 0xaaaacd5df79c &lt;unknown&gt;
E   #6 0xaaaacd5e282c &lt;unknown&gt;
E   #7 0xaaaacd5e2408 &lt;unknown&gt;
E   #8 0xaaaacd5ca620 &lt;unknown&gt;
E   #9 0xaaaacd5e2eac &lt;unknown&gt;
E   #10 0xaaaacd5b493c &lt;unknown&gt;
E   #11 0xaaaacd601abc &lt;unknown&gt;
E   #12 0xaaaacd601cc8 &lt;unknown&gt;
E   #13 0xaaaacd61397c &lt;unknown&gt;
E   #14 0xffff8e67202c &lt;unknown&gt;
E   #15 0xffff8e6dbf18 &lt;unknown&gt;</failure></testcase></testsuite></testsuites>