<?xml version='1.1' encoding='UTF-8'?>
<result plugin="junit@1369.v15da_00283f06">
  <suites>
    <suite>
      <file>/var/jenkins_home/workspace/elice_bugshunters/reports/test-results.xml</file>
      <name>pytest</name>
      <duration>216.387</duration>
      <startTime>1763343478783</startTime>
      <properties/>
      <timestamp>2025-11-17T01:37:58.783736+00:00</timestamp>
      <time>216.387</time>
      <nodeId>43</nodeId>
      <enclosingBlocks>
        <string>39</string>
      </enclosingBlocks>
      <enclosingBlockNames>
        <string>Declarative: Post Actions</string>
      </enclosingBlockNames>
      <cases>
        <case>
          <duration>11.093</duration>
          <startTime>1763343478783</startTime>
          <className>tests.test_account</className>
          <testName>test_ac_001_login</testName>
          <skipped>false</skipped>
          <keepTestNames>false</keepTestNames>
          <properties/>
          <failedSince>0</failedSince>
        </case>
        <case>
          <duration>12.056</duration>
          <startTime>1763343489876</startTime>
          <className>tests.test_account</className>
          <testName>test_ac_002_duplicate_email</testName>
          <skipped>false</skipped>
          <keepTestNames>false</keepTestNames>
          <properties/>
          <failedSince>0</failedSince>
        </case>
        <case>
          <duration>15.166</duration>
          <startTime>1763343501932</startTime>
          <className>tests.test_account</className>
          <testName>test_ac_003_negative_login</testName>
          <skipped>false</skipped>
          <keepTestNames>false</keepTestNames>
          <properties/>
          <failedSince>0</failedSince>
        </case>
        <case>
          <duration>36.896</duration>
          <startTime>1763343517098</startTime>
          <className>tests.test_account</className>
          <testName>test_ac_004_positive_login</testName>
          <skipped>false</skipped>
          <keepTestNames>false</keepTestNames>
          <properties/>
          <failedSince>0</failedSince>
        </case>
        <case>
          <duration>9.008</duration>
          <startTime>1763343553994</startTime>
          <className>tests.test_account</className>
          <testName>test_ac_005_login_with_non_email_format</testName>
          <skipped>false</skipped>
          <keepTestNames>false</keepTestNames>
          <properties/>
          <failedSince>0</failedSince>
        </case>
        <case>
          <duration>7.354</duration>
          <startTime>1763343563002</startTime>
          <className>tests.test_account</className>
          <testName>test_ac_006_login_with_spaces</testName>
          <skipped>false</skipped>
          <keepTestNames>false</keepTestNames>
          <properties/>
          <failedSince>0</failedSince>
        </case>
        <case>
          <duration>10.338</duration>
          <startTime>1763343570356</startTime>
          <className>tests.test_account</className>
          <testName>test_ac_007_logout</testName>
          <skipped>false</skipped>
          <keepTestNames>false</keepTestNames>
          <properties/>
          <failedSince>0</failedSince>
        </case>
        <case>
          <duration>32.064</duration>
          <startTime>1763343580694</startTime>
          <className>tests.test_history</className>
          <testName>test_ht_001</testName>
          <skipped>false</skipped>
          <keepTestNames>false</keepTestNames>
          <errorStackTrace>tests/test_history.py:43: in test_ht_001
    sidebar.click_new_chat()
src/pages/ht_chat_sidebar.py:27: in click_new_chat
    self.clickable(SEL_NEW_CHAT_BTN).click()
src/pages/ht_base_page.py:21: in clickable
    return self.wait(sec).until(EC.element_to_be_clickable(locator))
/usr/local/lib/python3.14/site-packages/selenium/webdriver/support/wait.py:105: in until
    raise TimeoutException(message, screen, stacktrace)
E   selenium.common.exceptions.TimeoutException: Message: 
E   Stacktrace:
E   #0 0xaaaaba984c18 &lt;unknown&gt;
E   #1 0xaaaaba3ae0d0 &lt;unknown&gt;
E   #2 0xaaaaba3f6f4c &lt;unknown&gt;
E   #3 0xaaaaba432d3c &lt;unknown&gt;
E   #4 0xaaaaba3eb998 &lt;unknown&gt;
E   #5 0xaaaaba94f79c &lt;unknown&gt;
E   #6 0xaaaaba95282c &lt;unknown&gt;
E   #7 0xaaaaba952408 &lt;unknown&gt;
E   #8 0xaaaaba93a620 &lt;unknown&gt;
E   #9 0xaaaaba952eac &lt;unknown&gt;
E   #10 0xaaaaba92493c &lt;unknown&gt;
E   #11 0xaaaaba971abc &lt;unknown&gt;
E   #12 0xaaaaba971cc8 &lt;unknown&gt;
E   #13 0xaaaaba98397c &lt;unknown&gt;
E   #14 0xffff87ca202c &lt;unknown&gt;
E   #15 0xffff87d0bf18 &lt;unknown&gt;</errorStackTrace>
          <errorDetails>selenium.common.exceptions.TimeoutException: Message: 
Stacktrace:
#0 0xaaaaba984c18 &lt;unknown&gt;
#1 0xaaaaba3ae0d0 &lt;unknown&gt;
#2 0xaaaaba3f6f4c &lt;unknown&gt;
#3 0xaaaaba432d3c &lt;unknown&gt;
#4 0xaaaaba3eb998 &lt;unknown&gt;
#5 0xaaaaba94f79c &lt;unknown&gt;
#6 0xaaaaba95282c &lt;unknown&gt;
#7 0xaaaaba952408 &lt;unknown&gt;
#8 0xaaaaba93a620 &lt;unknown&gt;
#9 0xaaaaba952eac &lt;unknown&gt;
#10 0xaaaaba92493c &lt;unknown&gt;
#11 0xaaaaba971abc &lt;unknown&gt;
#12 0xaaaaba971cc8 &lt;unknown&gt;
#13 0xaaaaba98397c &lt;unknown&gt;
#14 0xffff87ca202c &lt;unknown&gt;
#15 0xffff87d0bf18 &lt;unknown&gt;</errorDetails>
          <properties/>
          <failedSince>7</failedSince>
        </case>
        <case>
          <duration>14.282</duration>
          <startTime>1763343612758</startTime>
          <className>tests.test_history</className>
          <testName>test_ht_002</testName>
          <skipped>false</skipped>
          <keepTestNames>false</keepTestNames>
          <errorStackTrace>tests/test_history.py:76: in test_ht_002
    sidebar.click_new_chat()
src/pages/ht_chat_sidebar.py:27: in click_new_chat
    self.clickable(SEL_NEW_CHAT_BTN).click()
src/pages/ht_base_page.py:21: in clickable
    return self.wait(sec).until(EC.element_to_be_clickable(locator))
/usr/local/lib/python3.14/site-packages/selenium/webdriver/support/wait.py:105: in until
    raise TimeoutException(message, screen, stacktrace)
E   selenium.common.exceptions.TimeoutException: Message: 
E   Stacktrace:
E   #0 0xaaaaba984c18 &lt;unknown&gt;
E   #1 0xaaaaba3ae0d0 &lt;unknown&gt;
E   #2 0xaaaaba3f6f4c &lt;unknown&gt;
E   #3 0xaaaaba432d3c &lt;unknown&gt;
E   #4 0xaaaaba3eb998 &lt;unknown&gt;
E   #5 0xaaaaba94f79c &lt;unknown&gt;
E   #6 0xaaaaba95282c &lt;unknown&gt;
E   #7 0xaaaaba952408 &lt;unknown&gt;
E   #8 0xaaaaba93a620 &lt;unknown&gt;
E   #9 0xaaaaba952eac &lt;unknown&gt;
E   #10 0xaaaaba92493c &lt;unknown&gt;
E   #11 0xaaaaba971abc &lt;unknown&gt;
E   #12 0xaaaaba971cc8 &lt;unknown&gt;
E   #13 0xaaaaba98397c &lt;unknown&gt;
E   #14 0xffff87ca202c &lt;unknown&gt;
E   #15 0xffff87d0bf18 &lt;unknown&gt;</errorStackTrace>
          <errorDetails>selenium.common.exceptions.TimeoutException: Message: 
Stacktrace:
#0 0xaaaaba984c18 &lt;unknown&gt;
#1 0xaaaaba3ae0d0 &lt;unknown&gt;
#2 0xaaaaba3f6f4c &lt;unknown&gt;
#3 0xaaaaba432d3c &lt;unknown&gt;
#4 0xaaaaba3eb998 &lt;unknown&gt;
#5 0xaaaaba94f79c &lt;unknown&gt;
#6 0xaaaaba95282c &lt;unknown&gt;
#7 0xaaaaba952408 &lt;unknown&gt;
#8 0xaaaaba93a620 &lt;unknown&gt;
#9 0xaaaaba952eac &lt;unknown&gt;
#10 0xaaaaba92493c &lt;unknown&gt;
#11 0xaaaaba971abc &lt;unknown&gt;
#12 0xaaaaba971cc8 &lt;unknown&gt;
#13 0xaaaaba98397c &lt;unknown&gt;
#14 0xffff87ca202c &lt;unknown&gt;
#15 0xffff87d0bf18 &lt;unknown&gt;</errorDetails>
          <properties/>
          <failedSince>7</failedSince>
        </case>
        <case>
          <duration>8.142</duration>
          <startTime>1763343627040</startTime>
          <className>tests.test_history</className>
          <testName>test_ht_003</testName>
          <skipped>false</skipped>
          <keepTestNames>false</keepTestNames>
          <properties/>
          <failedSince>0</failedSince>
        </case>
        <case>
          <duration>14.698</duration>
          <startTime>1763343635182</startTime>
          <className>tests.test_history</className>
          <testName>test_ht_004</testName>
          <skipped>false</skipped>
          <keepTestNames>false</keepTestNames>
          <errorStackTrace>tests/test_history.py:125: in test_ht_004
    sidebar.click_new_chat()
src/pages/ht_chat_sidebar.py:27: in click_new_chat
    self.clickable(SEL_NEW_CHAT_BTN).click()
src/pages/ht_base_page.py:21: in clickable
    return self.wait(sec).until(EC.element_to_be_clickable(locator))
/usr/local/lib/python3.14/site-packages/selenium/webdriver/support/wait.py:105: in until
    raise TimeoutException(message, screen, stacktrace)
E   selenium.common.exceptions.TimeoutException: Message: 
E   Stacktrace:
E   #0 0xaaaaba984c18 &lt;unknown&gt;
E   #1 0xaaaaba3ae0d0 &lt;unknown&gt;
E   #2 0xaaaaba3f6f4c &lt;unknown&gt;
E   #3 0xaaaaba432d3c &lt;unknown&gt;
E   #4 0xaaaaba3eb998 &lt;unknown&gt;
E   #5 0xaaaaba94f79c &lt;unknown&gt;
E   #6 0xaaaaba95282c &lt;unknown&gt;
E   #7 0xaaaaba952408 &lt;unknown&gt;
E   #8 0xaaaaba93a620 &lt;unknown&gt;
E   #9 0xaaaaba952eac &lt;unknown&gt;
E   #10 0xaaaaba92493c &lt;unknown&gt;
E   #11 0xaaaaba971abc &lt;unknown&gt;
E   #12 0xaaaaba971cc8 &lt;unknown&gt;
E   #13 0xaaaaba98397c &lt;unknown&gt;
E   #14 0xffff87ca202c &lt;unknown&gt;
E   #15 0xffff87d0bf18 &lt;unknown&gt;</errorStackTrace>
          <errorDetails>selenium.common.exceptions.TimeoutException: Message: 
Stacktrace:
#0 0xaaaaba984c18 &lt;unknown&gt;
#1 0xaaaaba3ae0d0 &lt;unknown&gt;
#2 0xaaaaba3f6f4c &lt;unknown&gt;
#3 0xaaaaba432d3c &lt;unknown&gt;
#4 0xaaaaba3eb998 &lt;unknown&gt;
#5 0xaaaaba94f79c &lt;unknown&gt;
#6 0xaaaaba95282c &lt;unknown&gt;
#7 0xaaaaba952408 &lt;unknown&gt;
#8 0xaaaaba93a620 &lt;unknown&gt;
#9 0xaaaaba952eac &lt;unknown&gt;
#10 0xaaaaba92493c &lt;unknown&gt;
#11 0xaaaaba971abc &lt;unknown&gt;
#12 0xaaaaba971cc8 &lt;unknown&gt;
#13 0xaaaaba98397c &lt;unknown&gt;
#14 0xffff87ca202c &lt;unknown&gt;
#15 0xffff87d0bf18 &lt;unknown&gt;</errorDetails>
          <properties/>
          <failedSince>7</failedSince>
        </case>
        <case>
          <duration>13.601</duration>
          <startTime>1763343649880</startTime>
          <className>tests.test_history</className>
          <testName>test_ht_005</testName>
          <skipped>false</skipped>
          <keepTestNames>false</keepTestNames>
          <errorStackTrace>tests/test_history.py:200: in test_ht_005
    sidebar.click_new_chat()
src/pages/ht_chat_sidebar.py:27: in click_new_chat
    self.clickable(SEL_NEW_CHAT_BTN).click()
src/pages/ht_base_page.py:21: in clickable
    return self.wait(sec).until(EC.element_to_be_clickable(locator))
/usr/local/lib/python3.14/site-packages/selenium/webdriver/support/wait.py:105: in until
    raise TimeoutException(message, screen, stacktrace)
E   selenium.common.exceptions.TimeoutException: Message: 
E   Stacktrace:
E   #0 0xaaaaba984c18 &lt;unknown&gt;
E   #1 0xaaaaba3ae0d0 &lt;unknown&gt;
E   #2 0xaaaaba3f6f4c &lt;unknown&gt;
E   #3 0xaaaaba432d3c &lt;unknown&gt;
E   #4 0xaaaaba3eb998 &lt;unknown&gt;
E   #5 0xaaaaba94f79c &lt;unknown&gt;
E   #6 0xaaaaba95282c &lt;unknown&gt;
E   #7 0xaaaaba952408 &lt;unknown&gt;
E   #8 0xaaaaba93a620 &lt;unknown&gt;
E   #9 0xaaaaba952eac &lt;unknown&gt;
E   #10 0xaaaaba92493c &lt;unknown&gt;
E   #11 0xaaaaba971abc &lt;unknown&gt;
E   #12 0xaaaaba971cc8 &lt;unknown&gt;
E   #13 0xaaaaba98397c &lt;unknown&gt;
E   #14 0xffff87ca202c &lt;unknown&gt;
E   #15 0xffff87d0bf18 &lt;unknown&gt;</errorStackTrace>
          <errorDetails>selenium.common.exceptions.TimeoutException: Message: 
Stacktrace:
#0 0xaaaaba984c18 &lt;unknown&gt;
#1 0xaaaaba3ae0d0 &lt;unknown&gt;
#2 0xaaaaba3f6f4c &lt;unknown&gt;
#3 0xaaaaba432d3c &lt;unknown&gt;
#4 0xaaaaba3eb998 &lt;unknown&gt;
#5 0xaaaaba94f79c &lt;unknown&gt;
#6 0xaaaaba95282c &lt;unknown&gt;
#7 0xaaaaba952408 &lt;unknown&gt;
#8 0xaaaaba93a620 &lt;unknown&gt;
#9 0xaaaaba952eac &lt;unknown&gt;
#10 0xaaaaba92493c &lt;unknown&gt;
#11 0xaaaaba971abc &lt;unknown&gt;
#12 0xaaaaba971cc8 &lt;unknown&gt;
#13 0xaaaaba98397c &lt;unknown&gt;
#14 0xffff87ca202c &lt;unknown&gt;
#15 0xffff87d0bf18 &lt;unknown&gt;</errorDetails>
          <properties/>
          <failedSince>7</failedSince>
        </case>
        <case>
          <duration>14.819</duration>
          <startTime>1763343663481</startTime>
          <className>tests.test_history</className>
          <testName>test_ht_006</testName>
          <skipped>false</skipped>
          <keepTestNames>false</keepTestNames>
          <errorStackTrace>tests/test_history.py:250: in test_ht_006
    sidebar.click_new_chat()
src/pages/ht_chat_sidebar.py:27: in click_new_chat
    self.clickable(SEL_NEW_CHAT_BTN).click()
src/pages/ht_base_page.py:21: in clickable
    return self.wait(sec).until(EC.element_to_be_clickable(locator))
/usr/local/lib/python3.14/site-packages/selenium/webdriver/support/wait.py:105: in until
    raise TimeoutException(message, screen, stacktrace)
E   selenium.common.exceptions.TimeoutException: Message: 
E   Stacktrace:
E   #0 0xaaaaba984c18 &lt;unknown&gt;
E   #1 0xaaaaba3ae0d0 &lt;unknown&gt;
E   #2 0xaaaaba3f6f4c &lt;unknown&gt;
E   #3 0xaaaaba432d3c &lt;unknown&gt;
E   #4 0xaaaaba3eb998 &lt;unknown&gt;
E   #5 0xaaaaba94f79c &lt;unknown&gt;
E   #6 0xaaaaba95282c &lt;unknown&gt;
E   #7 0xaaaaba952408 &lt;unknown&gt;
E   #8 0xaaaaba93a620 &lt;unknown&gt;
E   #9 0xaaaaba952eac &lt;unknown&gt;
E   #10 0xaaaaba92493c &lt;unknown&gt;
E   #11 0xaaaaba971abc &lt;unknown&gt;
E   #12 0xaaaaba971cc8 &lt;unknown&gt;
E   #13 0xaaaaba98397c &lt;unknown&gt;
E   #14 0xffff87ca202c &lt;unknown&gt;
E   #15 0xffff87d0bf18 &lt;unknown&gt;</errorStackTrace>
          <errorDetails>selenium.common.exceptions.TimeoutException: Message: 
Stacktrace:
#0 0xaaaaba984c18 &lt;unknown&gt;
#1 0xaaaaba3ae0d0 &lt;unknown&gt;
#2 0xaaaaba3f6f4c &lt;unknown&gt;
#3 0xaaaaba432d3c &lt;unknown&gt;
#4 0xaaaaba3eb998 &lt;unknown&gt;
#5 0xaaaaba94f79c &lt;unknown&gt;
#6 0xaaaaba95282c &lt;unknown&gt;
#7 0xaaaaba952408 &lt;unknown&gt;
#8 0xaaaaba93a620 &lt;unknown&gt;
#9 0xaaaaba952eac &lt;unknown&gt;
#10 0xaaaaba92493c &lt;unknown&gt;
#11 0xaaaaba971abc &lt;unknown&gt;
#12 0xaaaaba971cc8 &lt;unknown&gt;
#13 0xaaaaba98397c &lt;unknown&gt;
#14 0xffff87ca202c &lt;unknown&gt;
#15 0xffff87d0bf18 &lt;unknown&gt;</errorDetails>
          <properties/>
          <failedSince>7</failedSince>
        </case>
        <case>
          <duration>14.57</duration>
          <startTime>1763343678300</startTime>
          <className>tests.test_history</className>
          <testName>test_ht_007</testName>
          <skipped>false</skipped>
          <keepTestNames>false</keepTestNames>
          <errorStackTrace>tests/test_history.py:306: in test_ht_007
    sidebar.click_new_chat()
src/pages/ht_chat_sidebar.py:27: in click_new_chat
    self.clickable(SEL_NEW_CHAT_BTN).click()
src/pages/ht_base_page.py:21: in clickable
    return self.wait(sec).until(EC.element_to_be_clickable(locator))
/usr/local/lib/python3.14/site-packages/selenium/webdriver/support/wait.py:105: in until
    raise TimeoutException(message, screen, stacktrace)
E   selenium.common.exceptions.TimeoutException: Message: 
E   Stacktrace:
E   #0 0xaaaaba984c18 &lt;unknown&gt;
E   #1 0xaaaaba3ae0d0 &lt;unknown&gt;
E   #2 0xaaaaba3f6f4c &lt;unknown&gt;
E   #3 0xaaaaba432d3c &lt;unknown&gt;
E   #4 0xaaaaba3eb998 &lt;unknown&gt;
E   #5 0xaaaaba94f79c &lt;unknown&gt;
E   #6 0xaaaaba95282c &lt;unknown&gt;
E   #7 0xaaaaba952408 &lt;unknown&gt;
E   #8 0xaaaaba93a620 &lt;unknown&gt;
E   #9 0xaaaaba952eac &lt;unknown&gt;
E   #10 0xaaaaba92493c &lt;unknown&gt;
E   #11 0xaaaaba971abc &lt;unknown&gt;
E   #12 0xaaaaba971cc8 &lt;unknown&gt;
E   #13 0xaaaaba98397c &lt;unknown&gt;
E   #14 0xffff87ca202c &lt;unknown&gt;
E   #15 0xffff87d0bf18 &lt;unknown&gt;</errorStackTrace>
          <errorDetails>selenium.common.exceptions.TimeoutException: Message: 
Stacktrace:
#0 0xaaaaba984c18 &lt;unknown&gt;
#1 0xaaaaba3ae0d0 &lt;unknown&gt;
#2 0xaaaaba3f6f4c &lt;unknown&gt;
#3 0xaaaaba432d3c &lt;unknown&gt;
#4 0xaaaaba3eb998 &lt;unknown&gt;
#5 0xaaaaba94f79c &lt;unknown&gt;
#6 0xaaaaba95282c &lt;unknown&gt;
#7 0xaaaaba952408 &lt;unknown&gt;
#8 0xaaaaba93a620 &lt;unknown&gt;
#9 0xaaaaba952eac &lt;unknown&gt;
#10 0xaaaaba92493c &lt;unknown&gt;
#11 0xaaaaba971abc &lt;unknown&gt;
#12 0xaaaaba971cc8 &lt;unknown&gt;
#13 0xaaaaba98397c &lt;unknown&gt;
#14 0xffff87ca202c &lt;unknown&gt;
#15 0xffff87d0bf18 &lt;unknown&gt;</errorDetails>
          <properties/>
          <failedSince>7</failedSince>
        </case>
      </cases>
    </suite>
  </suites>
  <duration>216.387</duration>
  <skipOldReports>false</skipOldReports>
  <startTime>1763343478783</startTime>
  <stdioRetention>NONE</stdioRetention>
  <keepTestNames>false</keepTestNames>
  <keepProperties>false</keepProperties>
</result>