<?xml version='1.1' encoding='UTF-8'?>
<result plugin="junit@1369.v15da_00283f06">
  <suites>
    <suite>
      <file>/var/jenkins_home/workspace/elice_bugshunters/reports/test-results.xml</file>
      <name>pytest</name>
      <duration>368.844</duration>
      <startTime>1763345983772</startTime>
      <properties/>
      <timestamp>2025-11-17T02:19:43.772618+00:00</timestamp>
      <time>368.844</time>
      <nodeId>43</nodeId>
      <enclosingBlocks>
        <string>39</string>
      </enclosingBlocks>
      <enclosingBlockNames>
        <string>Declarative: Post Actions</string>
      </enclosingBlockNames>
      <cases>
        <case>
          <duration>16.223</duration>
          <startTime>1763345983772</startTime>
          <className>tests.test_account</className>
          <testName>test_ac_001_login</testName>
          <skipped>false</skipped>
          <keepTestNames>false</keepTestNames>
          <errorStackTrace>tests/test_account.py:15: in test_ac_001_login
    login_page.create_acc()
src/pages/login_page.py:100: in create_acc
    WebDriverWait(self.driver, 10).until(
/usr/local/lib/python3.14/site-packages/selenium/webdriver/support/wait.py:105: in until
    raise TimeoutException(message, screen, stacktrace)
E   selenium.common.exceptions.TimeoutException: Message: 
E   Stacktrace:
E   #0 0xaaaac7624c18 &lt;unknown&gt;
E   #1 0xaaaac704e0d0 &lt;unknown&gt;
E   #2 0xaaaac7096f4c &lt;unknown&gt;
E   #3 0xaaaac70d2d3c &lt;unknown&gt;
E   #4 0xaaaac708b998 &lt;unknown&gt;
E   #5 0xaaaac75ef79c &lt;unknown&gt;
E   #6 0xaaaac75f282c &lt;unknown&gt;
E   #7 0xaaaac75f2408 &lt;unknown&gt;
E   #8 0xaaaac75da620 &lt;unknown&gt;
E   #9 0xaaaac75f2eac &lt;unknown&gt;
E   #10 0xaaaac75c493c &lt;unknown&gt;
E   #11 0xaaaac7611abc &lt;unknown&gt;
E   #12 0xaaaac7611cc8 &lt;unknown&gt;
E   #13 0xaaaac762397c &lt;unknown&gt;
E   #14 0xffff9fe6202c &lt;unknown&gt;
E   #15 0xffff9fecbf18 &lt;unknown&gt;</errorStackTrace>
          <errorDetails>selenium.common.exceptions.TimeoutException: Message: 
Stacktrace:
#0 0xaaaac7624c18 &lt;unknown&gt;
#1 0xaaaac704e0d0 &lt;unknown&gt;
#2 0xaaaac7096f4c &lt;unknown&gt;
#3 0xaaaac70d2d3c &lt;unknown&gt;
#4 0xaaaac708b998 &lt;unknown&gt;
#5 0xaaaac75ef79c &lt;unknown&gt;
#6 0xaaaac75f282c &lt;unknown&gt;
#7 0xaaaac75f2408 &lt;unknown&gt;
#8 0xaaaac75da620 &lt;unknown&gt;
#9 0xaaaac75f2eac &lt;unknown&gt;
#10 0xaaaac75c493c &lt;unknown&gt;
#11 0xaaaac7611abc &lt;unknown&gt;
#12 0xaaaac7611cc8 &lt;unknown&gt;
#13 0xaaaac762397c &lt;unknown&gt;
#14 0xffff9fe6202c &lt;unknown&gt;
#15 0xffff9fecbf18 &lt;unknown&gt;</errorDetails>
          <properties/>
          <failedSince>31</failedSince>
        </case>
        <case>
          <duration>26.202</duration>
          <startTime>1763345999995</startTime>
          <className>tests.test_account</className>
          <testName>test_ac_002_duplicate_email</testName>
          <skipped>false</skipped>
          <keepTestNames>false</keepTestNames>
          <properties/>
          <failedSince>0</failedSince>
        </case>
        <case>
          <duration>10.59</duration>
          <startTime>1763346026197</startTime>
          <className>tests.test_account</className>
          <testName>test_ac_003_negative_login</testName>
          <skipped>false</skipped>
          <keepTestNames>false</keepTestNames>
          <properties/>
          <failedSince>0</failedSince>
        </case>
        <case>
          <duration>85.306</duration>
          <startTime>1763346036787</startTime>
          <className>tests.test_account</className>
          <testName>test_ac_004_positive_login</testName>
          <skipped>false</skipped>
          <keepTestNames>false</keepTestNames>
          <errorStackTrace>tests/test_account.py:48: in test_ac_004_positive_login
    assert login_page.is_logged_in(), &quot;로그인에 실패했습니다.&quot;
E   AssertionError: 로그인에 실패했습니다.
E   assert False
E    +  where False = is_logged_in()
E    +    where is_logged_in = &lt;src.pages.login_page.LoginFunction object at 0xffff85b20640&gt;.is_logged_in</errorStackTrace>
          <errorDetails>AssertionError: 로그인에 실패했습니다.
assert False
 +  where False = is_logged_in()
 +    where is_logged_in = &lt;src.pages.login_page.LoginFunction object at 0xffff85b20640&gt;.is_logged_in</errorDetails>
          <properties/>
          <failedSince>31</failedSince>
        </case>
        <case>
          <duration>36.784</duration>
          <startTime>1763346122093</startTime>
          <className>tests.test_account</className>
          <testName>test_ac_005_login_with_non_email_format</testName>
          <skipped>false</skipped>
          <keepTestNames>false</keepTestNames>
          <properties/>
          <failedSince>0</failedSince>
        </case>
        <case>
          <duration>17.827</duration>
          <startTime>1763346158877</startTime>
          <className>tests.test_account</className>
          <testName>test_ac_006_login_with_spaces</testName>
          <skipped>false</skipped>
          <keepTestNames>false</keepTestNames>
          <properties/>
          <failedSince>0</failedSince>
        </case>
        <case>
          <duration>10.693</duration>
          <startTime>1763346176704</startTime>
          <className>tests.test_account</className>
          <testName>test_ac_007_logout</testName>
          <skipped>false</skipped>
          <keepTestNames>false</keepTestNames>
          <properties/>
          <failedSince>0</failedSince>
        </case>
        <case>
          <duration>49.305</duration>
          <startTime>1763346187397</startTime>
          <className>tests.test_history</className>
          <testName>test_ht_001</testName>
          <skipped>false</skipped>
          <keepTestNames>false</keepTestNames>
          <errorStackTrace>tests/test_history.py:43: in test_ht_001
    sidebar.click_new_chat()
src/pages/ht_chat_sidebar.py:27: in click_new_chat
    self.clickable(SEL_NEW_CHAT_BTN).click()
src/pages/ht_base_page.py:21: in clickable
    return self.wait(sec).until(EC.element_to_be_clickable(locator))
/usr/local/lib/python3.14/site-packages/selenium/webdriver/support/wait.py:105: in until
    raise TimeoutException(message, screen, stacktrace)
E   selenium.common.exceptions.TimeoutException: Message: 
E   Stacktrace:
E   #0 0xaaaac7624c18 &lt;unknown&gt;
E   #1 0xaaaac704e0d0 &lt;unknown&gt;
E   #2 0xaaaac7096f4c &lt;unknown&gt;
E   #3 0xaaaac70d2d3c &lt;unknown&gt;
E   #4 0xaaaac708b998 &lt;unknown&gt;
E   #5 0xaaaac75ef79c &lt;unknown&gt;
E   #6 0xaaaac75f282c &lt;unknown&gt;
E   #7 0xaaaac75f2408 &lt;unknown&gt;
E   #8 0xaaaac75da620 &lt;unknown&gt;
E   #9 0xaaaac75f2eac &lt;unknown&gt;
E   #10 0xaaaac75c493c &lt;unknown&gt;
E   #11 0xaaaac7611abc &lt;unknown&gt;
E   #12 0xaaaac7611cc8 &lt;unknown&gt;
E   #13 0xaaaac762397c &lt;unknown&gt;
E   #14 0xffff9fe6202c &lt;unknown&gt;
E   #15 0xffff9fecbf18 &lt;unknown&gt;</errorStackTrace>
          <errorDetails>selenium.common.exceptions.TimeoutException: Message: 
Stacktrace:
#0 0xaaaac7624c18 &lt;unknown&gt;
#1 0xaaaac704e0d0 &lt;unknown&gt;
#2 0xaaaac7096f4c &lt;unknown&gt;
#3 0xaaaac70d2d3c &lt;unknown&gt;
#4 0xaaaac708b998 &lt;unknown&gt;
#5 0xaaaac75ef79c &lt;unknown&gt;
#6 0xaaaac75f282c &lt;unknown&gt;
#7 0xaaaac75f2408 &lt;unknown&gt;
#8 0xaaaac75da620 &lt;unknown&gt;
#9 0xaaaac75f2eac &lt;unknown&gt;
#10 0xaaaac75c493c &lt;unknown&gt;
#11 0xaaaac7611abc &lt;unknown&gt;
#12 0xaaaac7611cc8 &lt;unknown&gt;
#13 0xaaaac762397c &lt;unknown&gt;
#14 0xffff9fe6202c &lt;unknown&gt;
#15 0xffff9fecbf18 &lt;unknown&gt;</errorDetails>
          <properties/>
          <failedSince>7</failedSince>
        </case>
        <case>
          <duration>17.789</duration>
          <startTime>1763346236702</startTime>
          <className>tests.test_history</className>
          <testName>test_ht_002</testName>
          <skipped>false</skipped>
          <keepTestNames>false</keepTestNames>
          <errorStackTrace>tests/test_history.py:76: in test_ht_002
    sidebar.click_new_chat()
src/pages/ht_chat_sidebar.py:27: in click_new_chat
    self.clickable(SEL_NEW_CHAT_BTN).click()
src/pages/ht_base_page.py:21: in clickable
    return self.wait(sec).until(EC.element_to_be_clickable(locator))
/usr/local/lib/python3.14/site-packages/selenium/webdriver/support/wait.py:105: in until
    raise TimeoutException(message, screen, stacktrace)
E   selenium.common.exceptions.TimeoutException: Message: 
E   Stacktrace:
E   #0 0xaaaac7624c18 &lt;unknown&gt;
E   #1 0xaaaac704e0d0 &lt;unknown&gt;
E   #2 0xaaaac7096f4c &lt;unknown&gt;
E   #3 0xaaaac70d2d3c &lt;unknown&gt;
E   #4 0xaaaac708b998 &lt;unknown&gt;
E   #5 0xaaaac75ef79c &lt;unknown&gt;
E   #6 0xaaaac75f282c &lt;unknown&gt;
E   #7 0xaaaac75f2408 &lt;unknown&gt;
E   #8 0xaaaac75da620 &lt;unknown&gt;
E   #9 0xaaaac75f2eac &lt;unknown&gt;
E   #10 0xaaaac75c493c &lt;unknown&gt;
E   #11 0xaaaac7611abc &lt;unknown&gt;
E   #12 0xaaaac7611cc8 &lt;unknown&gt;
E   #13 0xaaaac762397c &lt;unknown&gt;
E   #14 0xffff9fe6202c &lt;unknown&gt;
E   #15 0xffff9fecbf18 &lt;unknown&gt;</errorStackTrace>
          <errorDetails>selenium.common.exceptions.TimeoutException: Message: 
Stacktrace:
#0 0xaaaac7624c18 &lt;unknown&gt;
#1 0xaaaac704e0d0 &lt;unknown&gt;
#2 0xaaaac7096f4c &lt;unknown&gt;
#3 0xaaaac70d2d3c &lt;unknown&gt;
#4 0xaaaac708b998 &lt;unknown&gt;
#5 0xaaaac75ef79c &lt;unknown&gt;
#6 0xaaaac75f282c &lt;unknown&gt;
#7 0xaaaac75f2408 &lt;unknown&gt;
#8 0xaaaac75da620 &lt;unknown&gt;
#9 0xaaaac75f2eac &lt;unknown&gt;
#10 0xaaaac75c493c &lt;unknown&gt;
#11 0xaaaac7611abc &lt;unknown&gt;
#12 0xaaaac7611cc8 &lt;unknown&gt;
#13 0xaaaac762397c &lt;unknown&gt;
#14 0xffff9fe6202c &lt;unknown&gt;
#15 0xffff9fecbf18 &lt;unknown&gt;</errorDetails>
          <properties/>
          <failedSince>7</failedSince>
        </case>
        <case>
          <duration>26.205</duration>
          <startTime>1763346254491</startTime>
          <className>tests.test_history</className>
          <testName>test_ht_003</testName>
          <skipped>false</skipped>
          <keepTestNames>false</keepTestNames>
          <properties/>
          <failedSince>0</failedSince>
        </case>
        <case>
          <duration>15.364</duration>
          <startTime>1763346280696</startTime>
          <className>tests.test_history</className>
          <testName>test_ht_004</testName>
          <skipped>false</skipped>
          <keepTestNames>false</keepTestNames>
          <errorStackTrace>tests/test_history.py:125: in test_ht_004
    sidebar.click_new_chat()
src/pages/ht_chat_sidebar.py:27: in click_new_chat
    self.clickable(SEL_NEW_CHAT_BTN).click()
src/pages/ht_base_page.py:21: in clickable
    return self.wait(sec).until(EC.element_to_be_clickable(locator))
/usr/local/lib/python3.14/site-packages/selenium/webdriver/support/wait.py:105: in until
    raise TimeoutException(message, screen, stacktrace)
E   selenium.common.exceptions.TimeoutException: Message: 
E   Stacktrace:
E   #0 0xaaaac7624c18 &lt;unknown&gt;
E   #1 0xaaaac704e0d0 &lt;unknown&gt;
E   #2 0xaaaac7096f4c &lt;unknown&gt;
E   #3 0xaaaac70d2d3c &lt;unknown&gt;
E   #4 0xaaaac708b998 &lt;unknown&gt;
E   #5 0xaaaac75ef79c &lt;unknown&gt;
E   #6 0xaaaac75f282c &lt;unknown&gt;
E   #7 0xaaaac75f2408 &lt;unknown&gt;
E   #8 0xaaaac75da620 &lt;unknown&gt;
E   #9 0xaaaac75f2eac &lt;unknown&gt;
E   #10 0xaaaac75c493c &lt;unknown&gt;
E   #11 0xaaaac7611abc &lt;unknown&gt;
E   #12 0xaaaac7611cc8 &lt;unknown&gt;
E   #13 0xaaaac762397c &lt;unknown&gt;
E   #14 0xffff9fe6202c &lt;unknown&gt;
E   #15 0xffff9fecbf18 &lt;unknown&gt;</errorStackTrace>
          <errorDetails>selenium.common.exceptions.TimeoutException: Message: 
Stacktrace:
#0 0xaaaac7624c18 &lt;unknown&gt;
#1 0xaaaac704e0d0 &lt;unknown&gt;
#2 0xaaaac7096f4c &lt;unknown&gt;
#3 0xaaaac70d2d3c &lt;unknown&gt;
#4 0xaaaac708b998 &lt;unknown&gt;
#5 0xaaaac75ef79c &lt;unknown&gt;
#6 0xaaaac75f282c &lt;unknown&gt;
#7 0xaaaac75f2408 &lt;unknown&gt;
#8 0xaaaac75da620 &lt;unknown&gt;
#9 0xaaaac75f2eac &lt;unknown&gt;
#10 0xaaaac75c493c &lt;unknown&gt;
#11 0xaaaac7611abc &lt;unknown&gt;
#12 0xaaaac7611cc8 &lt;unknown&gt;
#13 0xaaaac762397c &lt;unknown&gt;
#14 0xffff9fe6202c &lt;unknown&gt;
#15 0xffff9fecbf18 &lt;unknown&gt;</errorDetails>
          <properties/>
          <failedSince>7</failedSince>
        </case>
        <case>
          <duration>16.812</duration>
          <startTime>1763346296060</startTime>
          <className>tests.test_history</className>
          <testName>test_ht_005</testName>
          <skipped>false</skipped>
          <keepTestNames>false</keepTestNames>
          <errorStackTrace>tests/test_history.py:200: in test_ht_005
    sidebar.click_new_chat()
src/pages/ht_chat_sidebar.py:27: in click_new_chat
    self.clickable(SEL_NEW_CHAT_BTN).click()
src/pages/ht_base_page.py:21: in clickable
    return self.wait(sec).until(EC.element_to_be_clickable(locator))
/usr/local/lib/python3.14/site-packages/selenium/webdriver/support/wait.py:105: in until
    raise TimeoutException(message, screen, stacktrace)
E   selenium.common.exceptions.TimeoutException: Message: 
E   Stacktrace:
E   #0 0xaaaac7624c18 &lt;unknown&gt;
E   #1 0xaaaac704e0d0 &lt;unknown&gt;
E   #2 0xaaaac7096f4c &lt;unknown&gt;
E   #3 0xaaaac70d2d3c &lt;unknown&gt;
E   #4 0xaaaac708b998 &lt;unknown&gt;
E   #5 0xaaaac75ef79c &lt;unknown&gt;
E   #6 0xaaaac75f282c &lt;unknown&gt;
E   #7 0xaaaac75f2408 &lt;unknown&gt;
E   #8 0xaaaac75da620 &lt;unknown&gt;
E   #9 0xaaaac75f2eac &lt;unknown&gt;
E   #10 0xaaaac75c493c &lt;unknown&gt;
E   #11 0xaaaac7611abc &lt;unknown&gt;
E   #12 0xaaaac7611cc8 &lt;unknown&gt;
E   #13 0xaaaac762397c &lt;unknown&gt;
E   #14 0xffff9fe6202c &lt;unknown&gt;
E   #15 0xffff9fecbf18 &lt;unknown&gt;</errorStackTrace>
          <errorDetails>selenium.common.exceptions.TimeoutException: Message: 
Stacktrace:
#0 0xaaaac7624c18 &lt;unknown&gt;
#1 0xaaaac704e0d0 &lt;unknown&gt;
#2 0xaaaac7096f4c &lt;unknown&gt;
#3 0xaaaac70d2d3c &lt;unknown&gt;
#4 0xaaaac708b998 &lt;unknown&gt;
#5 0xaaaac75ef79c &lt;unknown&gt;
#6 0xaaaac75f282c &lt;unknown&gt;
#7 0xaaaac75f2408 &lt;unknown&gt;
#8 0xaaaac75da620 &lt;unknown&gt;
#9 0xaaaac75f2eac &lt;unknown&gt;
#10 0xaaaac75c493c &lt;unknown&gt;
#11 0xaaaac7611abc &lt;unknown&gt;
#12 0xaaaac7611cc8 &lt;unknown&gt;
#13 0xaaaac762397c &lt;unknown&gt;
#14 0xffff9fe6202c &lt;unknown&gt;
#15 0xffff9fecbf18 &lt;unknown&gt;</errorDetails>
          <properties/>
          <failedSince>7</failedSince>
        </case>
        <case>
          <duration>17.481</duration>
          <startTime>1763346312872</startTime>
          <className>tests.test_history</className>
          <testName>test_ht_006</testName>
          <skipped>false</skipped>
          <keepTestNames>false</keepTestNames>
          <errorStackTrace>tests/test_history.py:250: in test_ht_006
    sidebar.click_new_chat()
src/pages/ht_chat_sidebar.py:27: in click_new_chat
    self.clickable(SEL_NEW_CHAT_BTN).click()
src/pages/ht_base_page.py:21: in clickable
    return self.wait(sec).until(EC.element_to_be_clickable(locator))
/usr/local/lib/python3.14/site-packages/selenium/webdriver/support/wait.py:105: in until
    raise TimeoutException(message, screen, stacktrace)
E   selenium.common.exceptions.TimeoutException: Message: 
E   Stacktrace:
E   #0 0xaaaac7624c18 &lt;unknown&gt;
E   #1 0xaaaac704e0d0 &lt;unknown&gt;
E   #2 0xaaaac7096f4c &lt;unknown&gt;
E   #3 0xaaaac70d2d3c &lt;unknown&gt;
E   #4 0xaaaac708b998 &lt;unknown&gt;
E   #5 0xaaaac75ef79c &lt;unknown&gt;
E   #6 0xaaaac75f282c &lt;unknown&gt;
E   #7 0xaaaac75f2408 &lt;unknown&gt;
E   #8 0xaaaac75da620 &lt;unknown&gt;
E   #9 0xaaaac75f2eac &lt;unknown&gt;
E   #10 0xaaaac75c493c &lt;unknown&gt;
E   #11 0xaaaac7611abc &lt;unknown&gt;
E   #12 0xaaaac7611cc8 &lt;unknown&gt;
E   #13 0xaaaac762397c &lt;unknown&gt;
E   #14 0xffff9fe6202c &lt;unknown&gt;
E   #15 0xffff9fecbf18 &lt;unknown&gt;</errorStackTrace>
          <errorDetails>selenium.common.exceptions.TimeoutException: Message: 
Stacktrace:
#0 0xaaaac7624c18 &lt;unknown&gt;
#1 0xaaaac704e0d0 &lt;unknown&gt;
#2 0xaaaac7096f4c &lt;unknown&gt;
#3 0xaaaac70d2d3c &lt;unknown&gt;
#4 0xaaaac708b998 &lt;unknown&gt;
#5 0xaaaac75ef79c &lt;unknown&gt;
#6 0xaaaac75f282c &lt;unknown&gt;
#7 0xaaaac75f2408 &lt;unknown&gt;
#8 0xaaaac75da620 &lt;unknown&gt;
#9 0xaaaac75f2eac &lt;unknown&gt;
#10 0xaaaac75c493c &lt;unknown&gt;
#11 0xaaaac7611abc &lt;unknown&gt;
#12 0xaaaac7611cc8 &lt;unknown&gt;
#13 0xaaaac762397c &lt;unknown&gt;
#14 0xffff9fe6202c &lt;unknown&gt;
#15 0xffff9fecbf18 &lt;unknown&gt;</errorDetails>
          <properties/>
          <failedSince>7</failedSince>
        </case>
        <case>
          <duration>16.624</duration>
          <startTime>1763346330353</startTime>
          <className>tests.test_history</className>
          <testName>test_ht_007</testName>
          <skipped>false</skipped>
          <keepTestNames>false</keepTestNames>
          <errorStackTrace>tests/test_history.py:306: in test_ht_007
    sidebar.click_new_chat()
src/pages/ht_chat_sidebar.py:27: in click_new_chat
    self.clickable(SEL_NEW_CHAT_BTN).click()
src/pages/ht_base_page.py:21: in clickable
    return self.wait(sec).until(EC.element_to_be_clickable(locator))
/usr/local/lib/python3.14/site-packages/selenium/webdriver/support/wait.py:105: in until
    raise TimeoutException(message, screen, stacktrace)
E   selenium.common.exceptions.TimeoutException: Message: 
E   Stacktrace:
E   #0 0xaaaac7624c18 &lt;unknown&gt;
E   #1 0xaaaac704e0d0 &lt;unknown&gt;
E   #2 0xaaaac7096f4c &lt;unknown&gt;
E   #3 0xaaaac70d2d3c &lt;unknown&gt;
E   #4 0xaaaac708b998 &lt;unknown&gt;
E   #5 0xaaaac75ef79c &lt;unknown&gt;
E   #6 0xaaaac75f282c &lt;unknown&gt;
E   #7 0xaaaac75f2408 &lt;unknown&gt;
E   #8 0xaaaac75da620 &lt;unknown&gt;
E   #9 0xaaaac75f2eac &lt;unknown&gt;
E   #10 0xaaaac75c493c &lt;unknown&gt;
E   #11 0xaaaac7611abc &lt;unknown&gt;
E   #12 0xaaaac7611cc8 &lt;unknown&gt;
E   #13 0xaaaac762397c &lt;unknown&gt;
E   #14 0xffff9fe6202c &lt;unknown&gt;
E   #15 0xffff9fecbf18 &lt;unknown&gt;</errorStackTrace>
          <errorDetails>selenium.common.exceptions.TimeoutException: Message: 
Stacktrace:
#0 0xaaaac7624c18 &lt;unknown&gt;
#1 0xaaaac704e0d0 &lt;unknown&gt;
#2 0xaaaac7096f4c &lt;unknown&gt;
#3 0xaaaac70d2d3c &lt;unknown&gt;
#4 0xaaaac708b998 &lt;unknown&gt;
#5 0xaaaac75ef79c &lt;unknown&gt;
#6 0xaaaac75f282c &lt;unknown&gt;
#7 0xaaaac75f2408 &lt;unknown&gt;
#8 0xaaaac75da620 &lt;unknown&gt;
#9 0xaaaac75f2eac &lt;unknown&gt;
#10 0xaaaac75c493c &lt;unknown&gt;
#11 0xaaaac7611abc &lt;unknown&gt;
#12 0xaaaac7611cc8 &lt;unknown&gt;
#13 0xaaaac762397c &lt;unknown&gt;
#14 0xffff9fe6202c &lt;unknown&gt;
#15 0xffff9fecbf18 &lt;unknown&gt;</errorDetails>
          <properties/>
          <failedSince>7</failedSince>
        </case>
      </cases>
    </suite>
  </suites>
  <duration>368.844</duration>
  <skipOldReports>false</skipOldReports>
  <startTime>1763345983772</startTime>
  <stdioRetention>NONE</stdioRetention>
  <keepTestNames>false</keepTestNames>
  <keepProperties>false</keepProperties>
</result>