<?xml version='1.1' encoding='UTF-8'?>
<result plugin="junit@1369.v15da_00283f06">
  <suites>
    <suite>
      <file>/var/jenkins_home/workspace/elice_bugshunters/reports/test-results.xml</file>
      <name>pytest</name>
      <duration>171.485</duration>
      <startTime>1763301807185</startTime>
      <properties/>
      <timestamp>2025-11-16T14:03:27.185794+00:00</timestamp>
      <time>171.485</time>
      <nodeId>43</nodeId>
      <enclosingBlocks>
        <string>39</string>
      </enclosingBlocks>
      <enclosingBlockNames>
        <string>Declarative: Post Actions</string>
      </enclosingBlockNames>
      <cases>
        <case>
          <duration>6.713</duration>
          <startTime>1763301807185</startTime>
          <className>tests.test_account</className>
          <testName>test_ac_001_login</testName>
          <skipped>false</skipped>
          <keepTestNames>false</keepTestNames>
          <properties/>
          <failedSince>0</failedSince>
        </case>
        <case>
          <duration>5.347</duration>
          <startTime>1763301813898</startTime>
          <className>tests.test_account</className>
          <testName>test_ac_002_duplicate_email</testName>
          <skipped>false</skipped>
          <keepTestNames>false</keepTestNames>
          <properties/>
          <failedSince>0</failedSince>
        </case>
        <case>
          <duration>9.918</duration>
          <startTime>1763301819245</startTime>
          <className>tests.test_account</className>
          <testName>test_ac_003_negative_login</testName>
          <skipped>false</skipped>
          <keepTestNames>false</keepTestNames>
          <properties/>
          <failedSince>0</failedSince>
        </case>
        <case>
          <duration>19.645</duration>
          <startTime>1763301829163</startTime>
          <className>tests.test_account</className>
          <testName>test_ac_004_positive_login</testName>
          <skipped>false</skipped>
          <keepTestNames>false</keepTestNames>
          <properties/>
          <failedSince>0</failedSince>
        </case>
        <case>
          <duration>6.921</duration>
          <startTime>1763301848808</startTime>
          <className>tests.test_account</className>
          <testName>test_ac_005_login_with_non_email_format</testName>
          <skipped>false</skipped>
          <keepTestNames>false</keepTestNames>
          <properties/>
          <failedSince>0</failedSince>
        </case>
        <case>
          <duration>6.923</duration>
          <startTime>1763301855729</startTime>
          <className>tests.test_account</className>
          <testName>test_ac_006_login_with_spaces</testName>
          <skipped>false</skipped>
          <keepTestNames>false</keepTestNames>
          <properties/>
          <failedSince>0</failedSince>
        </case>
        <case>
          <duration>10.088</duration>
          <startTime>1763301862652</startTime>
          <className>tests.test_account</className>
          <testName>test_ac_007_logout</testName>
          <skipped>false</skipped>
          <keepTestNames>false</keepTestNames>
          <properties/>
          <failedSince>0</failedSince>
        </case>
        <case>
          <duration>30.031</duration>
          <startTime>1763301872740</startTime>
          <className>tests.test_history</className>
          <testName>test_ht_001</testName>
          <skipped>false</skipped>
          <keepTestNames>false</keepTestNames>
          <errorStackTrace>tests/test_history.py:43: in test_ht_001
    sidebar.click_new_chat()
src/pages/ht_chat_sidebar.py:27: in click_new_chat
    self.clickable(SEL_NEW_CHAT_BTN).click()
src/pages/ht_base_page.py:21: in clickable
    return self.wait(sec).until(EC.element_to_be_clickable(locator))
/usr/local/lib/python3.14/site-packages/selenium/webdriver/support/wait.py:105: in until
    raise TimeoutException(message, screen, stacktrace)
E   selenium.common.exceptions.TimeoutException: Message: 
E   Stacktrace:
E   #0 0xaaaae65c4c18 &lt;unknown&gt;
E   #1 0xaaaae5fee0d0 &lt;unknown&gt;
E   #2 0xaaaae6036f4c &lt;unknown&gt;
E   #3 0xaaaae6072d3c &lt;unknown&gt;
E   #4 0xaaaae602b998 &lt;unknown&gt;
E   #5 0xaaaae658f79c &lt;unknown&gt;
E   #6 0xaaaae659282c &lt;unknown&gt;
E   #7 0xaaaae6592408 &lt;unknown&gt;
E   #8 0xaaaae657a620 &lt;unknown&gt;
E   #9 0xaaaae6592eac &lt;unknown&gt;
E   #10 0xaaaae656493c &lt;unknown&gt;
E   #11 0xaaaae65b1abc &lt;unknown&gt;
E   #12 0xaaaae65b1cc8 &lt;unknown&gt;
E   #13 0xaaaae65c397c &lt;unknown&gt;
E   #14 0xffff92a8202c &lt;unknown&gt;
E   #15 0xffff92aebf18 &lt;unknown&gt;</errorStackTrace>
          <errorDetails>selenium.common.exceptions.TimeoutException: Message: 
Stacktrace:
#0 0xaaaae65c4c18 &lt;unknown&gt;
#1 0xaaaae5fee0d0 &lt;unknown&gt;
#2 0xaaaae6036f4c &lt;unknown&gt;
#3 0xaaaae6072d3c &lt;unknown&gt;
#4 0xaaaae602b998 &lt;unknown&gt;
#5 0xaaaae658f79c &lt;unknown&gt;
#6 0xaaaae659282c &lt;unknown&gt;
#7 0xaaaae6592408 &lt;unknown&gt;
#8 0xaaaae657a620 &lt;unknown&gt;
#9 0xaaaae6592eac &lt;unknown&gt;
#10 0xaaaae656493c &lt;unknown&gt;
#11 0xaaaae65b1abc &lt;unknown&gt;
#12 0xaaaae65b1cc8 &lt;unknown&gt;
#13 0xaaaae65c397c &lt;unknown&gt;
#14 0xffff92a8202c &lt;unknown&gt;
#15 0xffff92aebf18 &lt;unknown&gt;</errorDetails>
          <properties/>
          <failedSince>7</failedSince>
        </case>
        <case>
          <duration>13.6</duration>
          <startTime>1763301902771</startTime>
          <className>tests.test_history</className>
          <testName>test_ht_002</testName>
          <skipped>false</skipped>
          <keepTestNames>false</keepTestNames>
          <errorStackTrace>tests/test_history.py:76: in test_ht_002
    sidebar.click_new_chat()
src/pages/ht_chat_sidebar.py:27: in click_new_chat
    self.clickable(SEL_NEW_CHAT_BTN).click()
src/pages/ht_base_page.py:21: in clickable
    return self.wait(sec).until(EC.element_to_be_clickable(locator))
/usr/local/lib/python3.14/site-packages/selenium/webdriver/support/wait.py:105: in until
    raise TimeoutException(message, screen, stacktrace)
E   selenium.common.exceptions.TimeoutException: Message: 
E   Stacktrace:
E   #0 0xaaaae65c4c18 &lt;unknown&gt;
E   #1 0xaaaae5fee0d0 &lt;unknown&gt;
E   #2 0xaaaae6036f4c &lt;unknown&gt;
E   #3 0xaaaae6072d3c &lt;unknown&gt;
E   #4 0xaaaae602b998 &lt;unknown&gt;
E   #5 0xaaaae658f79c &lt;unknown&gt;
E   #6 0xaaaae659282c &lt;unknown&gt;
E   #7 0xaaaae6592408 &lt;unknown&gt;
E   #8 0xaaaae657a620 &lt;unknown&gt;
E   #9 0xaaaae6592eac &lt;unknown&gt;
E   #10 0xaaaae656493c &lt;unknown&gt;
E   #11 0xaaaae65b1abc &lt;unknown&gt;
E   #12 0xaaaae65b1cc8 &lt;unknown&gt;
E   #13 0xaaaae65c397c &lt;unknown&gt;
E   #14 0xffff92a8202c &lt;unknown&gt;
E   #15 0xffff92aebf18 &lt;unknown&gt;</errorStackTrace>
          <errorDetails>selenium.common.exceptions.TimeoutException: Message: 
Stacktrace:
#0 0xaaaae65c4c18 &lt;unknown&gt;
#1 0xaaaae5fee0d0 &lt;unknown&gt;
#2 0xaaaae6036f4c &lt;unknown&gt;
#3 0xaaaae6072d3c &lt;unknown&gt;
#4 0xaaaae602b998 &lt;unknown&gt;
#5 0xaaaae658f79c &lt;unknown&gt;
#6 0xaaaae659282c &lt;unknown&gt;
#7 0xaaaae6592408 &lt;unknown&gt;
#8 0xaaaae657a620 &lt;unknown&gt;
#9 0xaaaae6592eac &lt;unknown&gt;
#10 0xaaaae656493c &lt;unknown&gt;
#11 0xaaaae65b1abc &lt;unknown&gt;
#12 0xaaaae65b1cc8 &lt;unknown&gt;
#13 0xaaaae65c397c &lt;unknown&gt;
#14 0xffff92a8202c &lt;unknown&gt;
#15 0xffff92aebf18 &lt;unknown&gt;</errorDetails>
          <properties/>
          <failedSince>7</failedSince>
        </case>
        <case>
          <duration>8.399</duration>
          <startTime>1763301916371</startTime>
          <className>tests.test_history</className>
          <testName>test_ht_003</testName>
          <skipped>false</skipped>
          <keepTestNames>false</keepTestNames>
          <properties/>
          <failedSince>0</failedSince>
        </case>
        <case>
          <duration>13.395</duration>
          <startTime>1763301924770</startTime>
          <className>tests.test_history</className>
          <testName>test_ht_004</testName>
          <skipped>false</skipped>
          <keepTestNames>false</keepTestNames>
          <errorStackTrace>tests/test_history.py:125: in test_ht_004
    sidebar.click_new_chat()
src/pages/ht_chat_sidebar.py:27: in click_new_chat
    self.clickable(SEL_NEW_CHAT_BTN).click()
src/pages/ht_base_page.py:21: in clickable
    return self.wait(sec).until(EC.element_to_be_clickable(locator))
/usr/local/lib/python3.14/site-packages/selenium/webdriver/support/wait.py:105: in until
    raise TimeoutException(message, screen, stacktrace)
E   selenium.common.exceptions.TimeoutException: Message: 
E   Stacktrace:
E   #0 0xaaaae65c4c18 &lt;unknown&gt;
E   #1 0xaaaae5fee0d0 &lt;unknown&gt;
E   #2 0xaaaae6036f4c &lt;unknown&gt;
E   #3 0xaaaae6072d3c &lt;unknown&gt;
E   #4 0xaaaae602b998 &lt;unknown&gt;
E   #5 0xaaaae658f79c &lt;unknown&gt;
E   #6 0xaaaae659282c &lt;unknown&gt;
E   #7 0xaaaae6592408 &lt;unknown&gt;
E   #8 0xaaaae657a620 &lt;unknown&gt;
E   #9 0xaaaae6592eac &lt;unknown&gt;
E   #10 0xaaaae656493c &lt;unknown&gt;
E   #11 0xaaaae65b1abc &lt;unknown&gt;
E   #12 0xaaaae65b1cc8 &lt;unknown&gt;
E   #13 0xaaaae65c397c &lt;unknown&gt;
E   #14 0xffff92a8202c &lt;unknown&gt;
E   #15 0xffff92aebf18 &lt;unknown&gt;</errorStackTrace>
          <errorDetails>selenium.common.exceptions.TimeoutException: Message: 
Stacktrace:
#0 0xaaaae65c4c18 &lt;unknown&gt;
#1 0xaaaae5fee0d0 &lt;unknown&gt;
#2 0xaaaae6036f4c &lt;unknown&gt;
#3 0xaaaae6072d3c &lt;unknown&gt;
#4 0xaaaae602b998 &lt;unknown&gt;
#5 0xaaaae658f79c &lt;unknown&gt;
#6 0xaaaae659282c &lt;unknown&gt;
#7 0xaaaae6592408 &lt;unknown&gt;
#8 0xaaaae657a620 &lt;unknown&gt;
#9 0xaaaae6592eac &lt;unknown&gt;
#10 0xaaaae656493c &lt;unknown&gt;
#11 0xaaaae65b1abc &lt;unknown&gt;
#12 0xaaaae65b1cc8 &lt;unknown&gt;
#13 0xaaaae65c397c &lt;unknown&gt;
#14 0xffff92a8202c &lt;unknown&gt;
#15 0xffff92aebf18 &lt;unknown&gt;</errorDetails>
          <properties/>
          <failedSince>7</failedSince>
        </case>
        <case>
          <duration>14.015</duration>
          <startTime>1763301938165</startTime>
          <className>tests.test_history</className>
          <testName>test_ht_005</testName>
          <skipped>false</skipped>
          <keepTestNames>false</keepTestNames>
          <errorStackTrace>tests/test_history.py:200: in test_ht_005
    sidebar.click_new_chat()
src/pages/ht_chat_sidebar.py:27: in click_new_chat
    self.clickable(SEL_NEW_CHAT_BTN).click()
src/pages/ht_base_page.py:21: in clickable
    return self.wait(sec).until(EC.element_to_be_clickable(locator))
/usr/local/lib/python3.14/site-packages/selenium/webdriver/support/wait.py:105: in until
    raise TimeoutException(message, screen, stacktrace)
E   selenium.common.exceptions.TimeoutException: Message: 
E   Stacktrace:
E   #0 0xaaaae65c4c18 &lt;unknown&gt;
E   #1 0xaaaae5fee0d0 &lt;unknown&gt;
E   #2 0xaaaae6036f4c &lt;unknown&gt;
E   #3 0xaaaae6072d3c &lt;unknown&gt;
E   #4 0xaaaae602b998 &lt;unknown&gt;
E   #5 0xaaaae658f79c &lt;unknown&gt;
E   #6 0xaaaae659282c &lt;unknown&gt;
E   #7 0xaaaae6592408 &lt;unknown&gt;
E   #8 0xaaaae657a620 &lt;unknown&gt;
E   #9 0xaaaae6592eac &lt;unknown&gt;
E   #10 0xaaaae656493c &lt;unknown&gt;
E   #11 0xaaaae65b1abc &lt;unknown&gt;
E   #12 0xaaaae65b1cc8 &lt;unknown&gt;
E   #13 0xaaaae65c397c &lt;unknown&gt;
E   #14 0xffff92a8202c &lt;unknown&gt;
E   #15 0xffff92aebf18 &lt;unknown&gt;</errorStackTrace>
          <errorDetails>selenium.common.exceptions.TimeoutException: Message: 
Stacktrace:
#0 0xaaaae65c4c18 &lt;unknown&gt;
#1 0xaaaae5fee0d0 &lt;unknown&gt;
#2 0xaaaae6036f4c &lt;unknown&gt;
#3 0xaaaae6072d3c &lt;unknown&gt;
#4 0xaaaae602b998 &lt;unknown&gt;
#5 0xaaaae658f79c &lt;unknown&gt;
#6 0xaaaae659282c &lt;unknown&gt;
#7 0xaaaae6592408 &lt;unknown&gt;
#8 0xaaaae657a620 &lt;unknown&gt;
#9 0xaaaae6592eac &lt;unknown&gt;
#10 0xaaaae656493c &lt;unknown&gt;
#11 0xaaaae65b1abc &lt;unknown&gt;
#12 0xaaaae65b1cc8 &lt;unknown&gt;
#13 0xaaaae65c397c &lt;unknown&gt;
#14 0xffff92a8202c &lt;unknown&gt;
#15 0xffff92aebf18 &lt;unknown&gt;</errorDetails>
          <properties/>
          <failedSince>7</failedSince>
        </case>
        <case>
          <duration>12.75</duration>
          <startTime>1763301952180</startTime>
          <className>tests.test_history</className>
          <testName>test_ht_006</testName>
          <skipped>false</skipped>
          <keepTestNames>false</keepTestNames>
          <errorStackTrace>tests/test_history.py:250: in test_ht_006
    sidebar.click_new_chat()
src/pages/ht_chat_sidebar.py:27: in click_new_chat
    self.clickable(SEL_NEW_CHAT_BTN).click()
src/pages/ht_base_page.py:21: in clickable
    return self.wait(sec).until(EC.element_to_be_clickable(locator))
/usr/local/lib/python3.14/site-packages/selenium/webdriver/support/wait.py:105: in until
    raise TimeoutException(message, screen, stacktrace)
E   selenium.common.exceptions.TimeoutException: Message: 
E   Stacktrace:
E   #0 0xaaaae65c4c18 &lt;unknown&gt;
E   #1 0xaaaae5fee0d0 &lt;unknown&gt;
E   #2 0xaaaae6036f4c &lt;unknown&gt;
E   #3 0xaaaae6072d3c &lt;unknown&gt;
E   #4 0xaaaae602b998 &lt;unknown&gt;
E   #5 0xaaaae658f79c &lt;unknown&gt;
E   #6 0xaaaae659282c &lt;unknown&gt;
E   #7 0xaaaae6592408 &lt;unknown&gt;
E   #8 0xaaaae657a620 &lt;unknown&gt;
E   #9 0xaaaae6592eac &lt;unknown&gt;
E   #10 0xaaaae656493c &lt;unknown&gt;
E   #11 0xaaaae65b1abc &lt;unknown&gt;
E   #12 0xaaaae65b1cc8 &lt;unknown&gt;
E   #13 0xaaaae65c397c &lt;unknown&gt;
E   #14 0xffff92a8202c &lt;unknown&gt;
E   #15 0xffff92aebf18 &lt;unknown&gt;</errorStackTrace>
          <errorDetails>selenium.common.exceptions.TimeoutException: Message: 
Stacktrace:
#0 0xaaaae65c4c18 &lt;unknown&gt;
#1 0xaaaae5fee0d0 &lt;unknown&gt;
#2 0xaaaae6036f4c &lt;unknown&gt;
#3 0xaaaae6072d3c &lt;unknown&gt;
#4 0xaaaae602b998 &lt;unknown&gt;
#5 0xaaaae658f79c &lt;unknown&gt;
#6 0xaaaae659282c &lt;unknown&gt;
#7 0xaaaae6592408 &lt;unknown&gt;
#8 0xaaaae657a620 &lt;unknown&gt;
#9 0xaaaae6592eac &lt;unknown&gt;
#10 0xaaaae656493c &lt;unknown&gt;
#11 0xaaaae65b1abc &lt;unknown&gt;
#12 0xaaaae65b1cc8 &lt;unknown&gt;
#13 0xaaaae65c397c &lt;unknown&gt;
#14 0xffff92a8202c &lt;unknown&gt;
#15 0xffff92aebf18 &lt;unknown&gt;</errorDetails>
          <properties/>
          <failedSince>7</failedSince>
        </case>
        <case>
          <duration>13.141</duration>
          <startTime>1763301964930</startTime>
          <className>tests.test_history</className>
          <testName>test_ht_007</testName>
          <skipped>false</skipped>
          <keepTestNames>false</keepTestNames>
          <errorStackTrace>tests/test_history.py:306: in test_ht_007
    sidebar.click_new_chat()
src/pages/ht_chat_sidebar.py:27: in click_new_chat
    self.clickable(SEL_NEW_CHAT_BTN).click()
src/pages/ht_base_page.py:21: in clickable
    return self.wait(sec).until(EC.element_to_be_clickable(locator))
/usr/local/lib/python3.14/site-packages/selenium/webdriver/support/wait.py:105: in until
    raise TimeoutException(message, screen, stacktrace)
E   selenium.common.exceptions.TimeoutException: Message: 
E   Stacktrace:
E   #0 0xaaaae65c4c18 &lt;unknown&gt;
E   #1 0xaaaae5fee0d0 &lt;unknown&gt;
E   #2 0xaaaae6036f4c &lt;unknown&gt;
E   #3 0xaaaae6072d3c &lt;unknown&gt;
E   #4 0xaaaae602b998 &lt;unknown&gt;
E   #5 0xaaaae658f79c &lt;unknown&gt;
E   #6 0xaaaae659282c &lt;unknown&gt;
E   #7 0xaaaae6592408 &lt;unknown&gt;
E   #8 0xaaaae657a620 &lt;unknown&gt;
E   #9 0xaaaae6592eac &lt;unknown&gt;
E   #10 0xaaaae656493c &lt;unknown&gt;
E   #11 0xaaaae65b1abc &lt;unknown&gt;
E   #12 0xaaaae65b1cc8 &lt;unknown&gt;
E   #13 0xaaaae65c397c &lt;unknown&gt;
E   #14 0xffff92a8202c &lt;unknown&gt;
E   #15 0xffff92aebf18 &lt;unknown&gt;</errorStackTrace>
          <errorDetails>selenium.common.exceptions.TimeoutException: Message: 
Stacktrace:
#0 0xaaaae65c4c18 &lt;unknown&gt;
#1 0xaaaae5fee0d0 &lt;unknown&gt;
#2 0xaaaae6036f4c &lt;unknown&gt;
#3 0xaaaae6072d3c &lt;unknown&gt;
#4 0xaaaae602b998 &lt;unknown&gt;
#5 0xaaaae658f79c &lt;unknown&gt;
#6 0xaaaae659282c &lt;unknown&gt;
#7 0xaaaae6592408 &lt;unknown&gt;
#8 0xaaaae657a620 &lt;unknown&gt;
#9 0xaaaae6592eac &lt;unknown&gt;
#10 0xaaaae656493c &lt;unknown&gt;
#11 0xaaaae65b1abc &lt;unknown&gt;
#12 0xaaaae65b1cc8 &lt;unknown&gt;
#13 0xaaaae65c397c &lt;unknown&gt;
#14 0xffff92a8202c &lt;unknown&gt;
#15 0xffff92aebf18 &lt;unknown&gt;</errorDetails>
          <properties/>
          <failedSince>7</failedSince>
        </case>
      </cases>
    </suite>
  </suites>
  <duration>171.485</duration>
  <skipOldReports>false</skipOldReports>
  <startTime>1763301807185</startTime>
  <stdioRetention>NONE</stdioRetention>
  <keepTestNames>false</keepTestNames>
  <keepProperties>false</keepProperties>
</result>