<?xml version='1.1' encoding='UTF-8'?>
<result plugin="junit@1369.v15da_00283f06">
  <suites>
    <suite>
      <file>/var/jenkins_home/workspace/elice_bugshunters/reports/test-results.xml</file>
      <name>pytest</name>
      <duration>170.259</duration>
      <startTime>1763302752354</startTime>
      <properties/>
      <timestamp>2025-11-16T14:19:12.354646+00:00</timestamp>
      <time>170.259</time>
      <nodeId>43</nodeId>
      <enclosingBlocks>
        <string>39</string>
      </enclosingBlocks>
      <enclosingBlockNames>
        <string>Declarative: Post Actions</string>
      </enclosingBlockNames>
      <cases>
        <case>
          <duration>6.174</duration>
          <startTime>1763302752354</startTime>
          <className>tests.test_account</className>
          <testName>test_ac_001_login</testName>
          <skipped>false</skipped>
          <keepTestNames>false</keepTestNames>
          <properties/>
          <failedSince>0</failedSince>
        </case>
        <case>
          <duration>3.295</duration>
          <startTime>1763302758528</startTime>
          <className>tests.test_account</className>
          <testName>test_ac_002_duplicate_email</testName>
          <skipped>false</skipped>
          <keepTestNames>false</keepTestNames>
          <properties/>
          <failedSince>0</failedSince>
        </case>
        <case>
          <duration>9.979</duration>
          <startTime>1763302761823</startTime>
          <className>tests.test_account</className>
          <testName>test_ac_003_negative_login</testName>
          <skipped>false</skipped>
          <keepTestNames>false</keepTestNames>
          <properties/>
          <failedSince>0</failedSince>
        </case>
        <case>
          <duration>20.695</duration>
          <startTime>1763302771802</startTime>
          <className>tests.test_account</className>
          <testName>test_ac_004_positive_login</testName>
          <skipped>false</skipped>
          <keepTestNames>false</keepTestNames>
          <properties/>
          <failedSince>0</failedSince>
        </case>
        <case>
          <duration>7.056</duration>
          <startTime>1763302792497</startTime>
          <className>tests.test_account</className>
          <testName>test_ac_005_login_with_non_email_format</testName>
          <skipped>false</skipped>
          <keepTestNames>false</keepTestNames>
          <properties/>
          <failedSince>0</failedSince>
        </case>
        <case>
          <duration>7.043</duration>
          <startTime>1763302799553</startTime>
          <className>tests.test_account</className>
          <testName>test_ac_006_login_with_spaces</testName>
          <skipped>false</skipped>
          <keepTestNames>false</keepTestNames>
          <properties/>
          <failedSince>0</failedSince>
        </case>
        <case>
          <duration>10.047</duration>
          <startTime>1763302806596</startTime>
          <className>tests.test_account</className>
          <testName>test_ac_007_logout</testName>
          <skipped>false</skipped>
          <keepTestNames>false</keepTestNames>
          <properties/>
          <failedSince>0</failedSince>
        </case>
        <case>
          <duration>30.378</duration>
          <startTime>1763302816643</startTime>
          <className>tests.test_history</className>
          <testName>test_ht_001</testName>
          <skipped>false</skipped>
          <keepTestNames>false</keepTestNames>
          <errorStackTrace>tests/test_history.py:43: in test_ht_001
    sidebar.click_new_chat()
src/pages/ht_chat_sidebar.py:27: in click_new_chat
    self.clickable(SEL_NEW_CHAT_BTN).click()
src/pages/ht_base_page.py:21: in clickable
    return self.wait(sec).until(EC.element_to_be_clickable(locator))
/usr/local/lib/python3.14/site-packages/selenium/webdriver/support/wait.py:105: in until
    raise TimeoutException(message, screen, stacktrace)
E   selenium.common.exceptions.TimeoutException: Message: 
E   Stacktrace:
E   #0 0xaaaabe7e4c18 &lt;unknown&gt;
E   #1 0xaaaabe20e0d0 &lt;unknown&gt;
E   #2 0xaaaabe256f4c &lt;unknown&gt;
E   #3 0xaaaabe292d3c &lt;unknown&gt;
E   #4 0xaaaabe24b998 &lt;unknown&gt;
E   #5 0xaaaabe7af79c &lt;unknown&gt;
E   #6 0xaaaabe7b282c &lt;unknown&gt;
E   #7 0xaaaabe7b2408 &lt;unknown&gt;
E   #8 0xaaaabe79a620 &lt;unknown&gt;
E   #9 0xaaaabe7b2eac &lt;unknown&gt;
E   #10 0xaaaabe78493c &lt;unknown&gt;
E   #11 0xaaaabe7d1abc &lt;unknown&gt;
E   #12 0xaaaabe7d1cc8 &lt;unknown&gt;
E   #13 0xaaaabe7e397c &lt;unknown&gt;
E   #14 0xffffb22a202c &lt;unknown&gt;
E   #15 0xffffb230bf18 &lt;unknown&gt;</errorStackTrace>
          <errorDetails>selenium.common.exceptions.TimeoutException: Message: 
Stacktrace:
#0 0xaaaabe7e4c18 &lt;unknown&gt;
#1 0xaaaabe20e0d0 &lt;unknown&gt;
#2 0xaaaabe256f4c &lt;unknown&gt;
#3 0xaaaabe292d3c &lt;unknown&gt;
#4 0xaaaabe24b998 &lt;unknown&gt;
#5 0xaaaabe7af79c &lt;unknown&gt;
#6 0xaaaabe7b282c &lt;unknown&gt;
#7 0xaaaabe7b2408 &lt;unknown&gt;
#8 0xaaaabe79a620 &lt;unknown&gt;
#9 0xaaaabe7b2eac &lt;unknown&gt;
#10 0xaaaabe78493c &lt;unknown&gt;
#11 0xaaaabe7d1abc &lt;unknown&gt;
#12 0xaaaabe7d1cc8 &lt;unknown&gt;
#13 0xaaaabe7e397c &lt;unknown&gt;
#14 0xffffb22a202c &lt;unknown&gt;
#15 0xffffb230bf18 &lt;unknown&gt;</errorDetails>
          <properties/>
          <failedSince>7</failedSince>
        </case>
        <case>
          <duration>12.962</duration>
          <startTime>1763302847021</startTime>
          <className>tests.test_history</className>
          <testName>test_ht_002</testName>
          <skipped>false</skipped>
          <keepTestNames>false</keepTestNames>
          <errorStackTrace>tests/test_history.py:76: in test_ht_002
    sidebar.click_new_chat()
src/pages/ht_chat_sidebar.py:27: in click_new_chat
    self.clickable(SEL_NEW_CHAT_BTN).click()
src/pages/ht_base_page.py:21: in clickable
    return self.wait(sec).until(EC.element_to_be_clickable(locator))
/usr/local/lib/python3.14/site-packages/selenium/webdriver/support/wait.py:105: in until
    raise TimeoutException(message, screen, stacktrace)
E   selenium.common.exceptions.TimeoutException: Message: 
E   Stacktrace:
E   #0 0xaaaabe7e4c18 &lt;unknown&gt;
E   #1 0xaaaabe20e0d0 &lt;unknown&gt;
E   #2 0xaaaabe256f4c &lt;unknown&gt;
E   #3 0xaaaabe292d3c &lt;unknown&gt;
E   #4 0xaaaabe24b998 &lt;unknown&gt;
E   #5 0xaaaabe7af79c &lt;unknown&gt;
E   #6 0xaaaabe7b282c &lt;unknown&gt;
E   #7 0xaaaabe7b2408 &lt;unknown&gt;
E   #8 0xaaaabe79a620 &lt;unknown&gt;
E   #9 0xaaaabe7b2eac &lt;unknown&gt;
E   #10 0xaaaabe78493c &lt;unknown&gt;
E   #11 0xaaaabe7d1abc &lt;unknown&gt;
E   #12 0xaaaabe7d1cc8 &lt;unknown&gt;
E   #13 0xaaaabe7e397c &lt;unknown&gt;
E   #14 0xffffb22a202c &lt;unknown&gt;
E   #15 0xffffb230bf18 &lt;unknown&gt;</errorStackTrace>
          <errorDetails>selenium.common.exceptions.TimeoutException: Message: 
Stacktrace:
#0 0xaaaabe7e4c18 &lt;unknown&gt;
#1 0xaaaabe20e0d0 &lt;unknown&gt;
#2 0xaaaabe256f4c &lt;unknown&gt;
#3 0xaaaabe292d3c &lt;unknown&gt;
#4 0xaaaabe24b998 &lt;unknown&gt;
#5 0xaaaabe7af79c &lt;unknown&gt;
#6 0xaaaabe7b282c &lt;unknown&gt;
#7 0xaaaabe7b2408 &lt;unknown&gt;
#8 0xaaaabe79a620 &lt;unknown&gt;
#9 0xaaaabe7b2eac &lt;unknown&gt;
#10 0xaaaabe78493c &lt;unknown&gt;
#11 0xaaaabe7d1abc &lt;unknown&gt;
#12 0xaaaabe7d1cc8 &lt;unknown&gt;
#13 0xaaaabe7e397c &lt;unknown&gt;
#14 0xffffb22a202c &lt;unknown&gt;
#15 0xffffb230bf18 &lt;unknown&gt;</errorDetails>
          <properties/>
          <failedSince>7</failedSince>
        </case>
        <case>
          <duration>7.492</duration>
          <startTime>1763302859983</startTime>
          <className>tests.test_history</className>
          <testName>test_ht_003</testName>
          <skipped>false</skipped>
          <keepTestNames>false</keepTestNames>
          <properties/>
          <failedSince>0</failedSince>
        </case>
        <case>
          <duration>14.23</duration>
          <startTime>1763302867475</startTime>
          <className>tests.test_history</className>
          <testName>test_ht_004</testName>
          <skipped>false</skipped>
          <keepTestNames>false</keepTestNames>
          <errorStackTrace>tests/test_history.py:125: in test_ht_004
    sidebar.click_new_chat()
src/pages/ht_chat_sidebar.py:27: in click_new_chat
    self.clickable(SEL_NEW_CHAT_BTN).click()
src/pages/ht_base_page.py:21: in clickable
    return self.wait(sec).until(EC.element_to_be_clickable(locator))
/usr/local/lib/python3.14/site-packages/selenium/webdriver/support/wait.py:105: in until
    raise TimeoutException(message, screen, stacktrace)
E   selenium.common.exceptions.TimeoutException: Message: 
E   Stacktrace:
E   #0 0xaaaabe7e4c18 &lt;unknown&gt;
E   #1 0xaaaabe20e0d0 &lt;unknown&gt;
E   #2 0xaaaabe256f4c &lt;unknown&gt;
E   #3 0xaaaabe292d3c &lt;unknown&gt;
E   #4 0xaaaabe24b998 &lt;unknown&gt;
E   #5 0xaaaabe7af79c &lt;unknown&gt;
E   #6 0xaaaabe7b282c &lt;unknown&gt;
E   #7 0xaaaabe7b2408 &lt;unknown&gt;
E   #8 0xaaaabe79a620 &lt;unknown&gt;
E   #9 0xaaaabe7b2eac &lt;unknown&gt;
E   #10 0xaaaabe78493c &lt;unknown&gt;
E   #11 0xaaaabe7d1abc &lt;unknown&gt;
E   #12 0xaaaabe7d1cc8 &lt;unknown&gt;
E   #13 0xaaaabe7e397c &lt;unknown&gt;
E   #14 0xffffb22a202c &lt;unknown&gt;
E   #15 0xffffb230bf18 &lt;unknown&gt;</errorStackTrace>
          <errorDetails>selenium.common.exceptions.TimeoutException: Message: 
Stacktrace:
#0 0xaaaabe7e4c18 &lt;unknown&gt;
#1 0xaaaabe20e0d0 &lt;unknown&gt;
#2 0xaaaabe256f4c &lt;unknown&gt;
#3 0xaaaabe292d3c &lt;unknown&gt;
#4 0xaaaabe24b998 &lt;unknown&gt;
#5 0xaaaabe7af79c &lt;unknown&gt;
#6 0xaaaabe7b282c &lt;unknown&gt;
#7 0xaaaabe7b2408 &lt;unknown&gt;
#8 0xaaaabe79a620 &lt;unknown&gt;
#9 0xaaaabe7b2eac &lt;unknown&gt;
#10 0xaaaabe78493c &lt;unknown&gt;
#11 0xaaaabe7d1abc &lt;unknown&gt;
#12 0xaaaabe7d1cc8 &lt;unknown&gt;
#13 0xaaaabe7e397c &lt;unknown&gt;
#14 0xffffb22a202c &lt;unknown&gt;
#15 0xffffb230bf18 &lt;unknown&gt;</errorDetails>
          <properties/>
          <failedSince>7</failedSince>
        </case>
        <case>
          <duration>13.366</duration>
          <startTime>1763302881705</startTime>
          <className>tests.test_history</className>
          <testName>test_ht_005</testName>
          <skipped>false</skipped>
          <keepTestNames>false</keepTestNames>
          <errorStackTrace>tests/test_history.py:200: in test_ht_005
    sidebar.click_new_chat()
src/pages/ht_chat_sidebar.py:27: in click_new_chat
    self.clickable(SEL_NEW_CHAT_BTN).click()
src/pages/ht_base_page.py:21: in clickable
    return self.wait(sec).until(EC.element_to_be_clickable(locator))
/usr/local/lib/python3.14/site-packages/selenium/webdriver/support/wait.py:105: in until
    raise TimeoutException(message, screen, stacktrace)
E   selenium.common.exceptions.TimeoutException: Message: 
E   Stacktrace:
E   #0 0xaaaabe7e4c18 &lt;unknown&gt;
E   #1 0xaaaabe20e0d0 &lt;unknown&gt;
E   #2 0xaaaabe256f4c &lt;unknown&gt;
E   #3 0xaaaabe292d3c &lt;unknown&gt;
E   #4 0xaaaabe24b998 &lt;unknown&gt;
E   #5 0xaaaabe7af79c &lt;unknown&gt;
E   #6 0xaaaabe7b282c &lt;unknown&gt;
E   #7 0xaaaabe7b2408 &lt;unknown&gt;
E   #8 0xaaaabe79a620 &lt;unknown&gt;
E   #9 0xaaaabe7b2eac &lt;unknown&gt;
E   #10 0xaaaabe78493c &lt;unknown&gt;
E   #11 0xaaaabe7d1abc &lt;unknown&gt;
E   #12 0xaaaabe7d1cc8 &lt;unknown&gt;
E   #13 0xaaaabe7e397c &lt;unknown&gt;
E   #14 0xffffb22a202c &lt;unknown&gt;
E   #15 0xffffb230bf18 &lt;unknown&gt;</errorStackTrace>
          <errorDetails>selenium.common.exceptions.TimeoutException: Message: 
Stacktrace:
#0 0xaaaabe7e4c18 &lt;unknown&gt;
#1 0xaaaabe20e0d0 &lt;unknown&gt;
#2 0xaaaabe256f4c &lt;unknown&gt;
#3 0xaaaabe292d3c &lt;unknown&gt;
#4 0xaaaabe24b998 &lt;unknown&gt;
#5 0xaaaabe7af79c &lt;unknown&gt;
#6 0xaaaabe7b282c &lt;unknown&gt;
#7 0xaaaabe7b2408 &lt;unknown&gt;
#8 0xaaaabe79a620 &lt;unknown&gt;
#9 0xaaaabe7b2eac &lt;unknown&gt;
#10 0xaaaabe78493c &lt;unknown&gt;
#11 0xaaaabe7d1abc &lt;unknown&gt;
#12 0xaaaabe7d1cc8 &lt;unknown&gt;
#13 0xaaaabe7e397c &lt;unknown&gt;
#14 0xffffb22a202c &lt;unknown&gt;
#15 0xffffb230bf18 &lt;unknown&gt;</errorDetails>
          <properties/>
          <failedSince>7</failedSince>
        </case>
        <case>
          <duration>13.547</duration>
          <startTime>1763302895071</startTime>
          <className>tests.test_history</className>
          <testName>test_ht_006</testName>
          <skipped>false</skipped>
          <keepTestNames>false</keepTestNames>
          <errorStackTrace>tests/test_history.py:250: in test_ht_006
    sidebar.click_new_chat()
src/pages/ht_chat_sidebar.py:27: in click_new_chat
    self.clickable(SEL_NEW_CHAT_BTN).click()
src/pages/ht_base_page.py:21: in clickable
    return self.wait(sec).until(EC.element_to_be_clickable(locator))
/usr/local/lib/python3.14/site-packages/selenium/webdriver/support/wait.py:105: in until
    raise TimeoutException(message, screen, stacktrace)
E   selenium.common.exceptions.TimeoutException: Message: 
E   Stacktrace:
E   #0 0xaaaabe7e4c18 &lt;unknown&gt;
E   #1 0xaaaabe20e0d0 &lt;unknown&gt;
E   #2 0xaaaabe256f4c &lt;unknown&gt;
E   #3 0xaaaabe292d3c &lt;unknown&gt;
E   #4 0xaaaabe24b998 &lt;unknown&gt;
E   #5 0xaaaabe7af79c &lt;unknown&gt;
E   #6 0xaaaabe7b282c &lt;unknown&gt;
E   #7 0xaaaabe7b2408 &lt;unknown&gt;
E   #8 0xaaaabe79a620 &lt;unknown&gt;
E   #9 0xaaaabe7b2eac &lt;unknown&gt;
E   #10 0xaaaabe78493c &lt;unknown&gt;
E   #11 0xaaaabe7d1abc &lt;unknown&gt;
E   #12 0xaaaabe7d1cc8 &lt;unknown&gt;
E   #13 0xaaaabe7e397c &lt;unknown&gt;
E   #14 0xffffb22a202c &lt;unknown&gt;
E   #15 0xffffb230bf18 &lt;unknown&gt;</errorStackTrace>
          <errorDetails>selenium.common.exceptions.TimeoutException: Message: 
Stacktrace:
#0 0xaaaabe7e4c18 &lt;unknown&gt;
#1 0xaaaabe20e0d0 &lt;unknown&gt;
#2 0xaaaabe256f4c &lt;unknown&gt;
#3 0xaaaabe292d3c &lt;unknown&gt;
#4 0xaaaabe24b998 &lt;unknown&gt;
#5 0xaaaabe7af79c &lt;unknown&gt;
#6 0xaaaabe7b282c &lt;unknown&gt;
#7 0xaaaabe7b2408 &lt;unknown&gt;
#8 0xaaaabe79a620 &lt;unknown&gt;
#9 0xaaaabe7b2eac &lt;unknown&gt;
#10 0xaaaabe78493c &lt;unknown&gt;
#11 0xaaaabe7d1abc &lt;unknown&gt;
#12 0xaaaabe7d1cc8 &lt;unknown&gt;
#13 0xaaaabe7e397c &lt;unknown&gt;
#14 0xffffb22a202c &lt;unknown&gt;
#15 0xffffb230bf18 &lt;unknown&gt;</errorDetails>
          <properties/>
          <failedSince>7</failedSince>
        </case>
        <case>
          <duration>13.416</duration>
          <startTime>1763302908618</startTime>
          <className>tests.test_history</className>
          <testName>test_ht_007</testName>
          <skipped>false</skipped>
          <keepTestNames>false</keepTestNames>
          <errorStackTrace>tests/test_history.py:306: in test_ht_007
    sidebar.click_new_chat()
src/pages/ht_chat_sidebar.py:27: in click_new_chat
    self.clickable(SEL_NEW_CHAT_BTN).click()
src/pages/ht_base_page.py:21: in clickable
    return self.wait(sec).until(EC.element_to_be_clickable(locator))
/usr/local/lib/python3.14/site-packages/selenium/webdriver/support/wait.py:105: in until
    raise TimeoutException(message, screen, stacktrace)
E   selenium.common.exceptions.TimeoutException: Message: 
E   Stacktrace:
E   #0 0xaaaabe7e4c18 &lt;unknown&gt;
E   #1 0xaaaabe20e0d0 &lt;unknown&gt;
E   #2 0xaaaabe256f4c &lt;unknown&gt;
E   #3 0xaaaabe292d3c &lt;unknown&gt;
E   #4 0xaaaabe24b998 &lt;unknown&gt;
E   #5 0xaaaabe7af79c &lt;unknown&gt;
E   #6 0xaaaabe7b282c &lt;unknown&gt;
E   #7 0xaaaabe7b2408 &lt;unknown&gt;
E   #8 0xaaaabe79a620 &lt;unknown&gt;
E   #9 0xaaaabe7b2eac &lt;unknown&gt;
E   #10 0xaaaabe78493c &lt;unknown&gt;
E   #11 0xaaaabe7d1abc &lt;unknown&gt;
E   #12 0xaaaabe7d1cc8 &lt;unknown&gt;
E   #13 0xaaaabe7e397c &lt;unknown&gt;
E   #14 0xffffb22a202c &lt;unknown&gt;
E   #15 0xffffb230bf18 &lt;unknown&gt;</errorStackTrace>
          <errorDetails>selenium.common.exceptions.TimeoutException: Message: 
Stacktrace:
#0 0xaaaabe7e4c18 &lt;unknown&gt;
#1 0xaaaabe20e0d0 &lt;unknown&gt;
#2 0xaaaabe256f4c &lt;unknown&gt;
#3 0xaaaabe292d3c &lt;unknown&gt;
#4 0xaaaabe24b998 &lt;unknown&gt;
#5 0xaaaabe7af79c &lt;unknown&gt;
#6 0xaaaabe7b282c &lt;unknown&gt;
#7 0xaaaabe7b2408 &lt;unknown&gt;
#8 0xaaaabe79a620 &lt;unknown&gt;
#9 0xaaaabe7b2eac &lt;unknown&gt;
#10 0xaaaabe78493c &lt;unknown&gt;
#11 0xaaaabe7d1abc &lt;unknown&gt;
#12 0xaaaabe7d1cc8 &lt;unknown&gt;
#13 0xaaaabe7e397c &lt;unknown&gt;
#14 0xffffb22a202c &lt;unknown&gt;
#15 0xffffb230bf18 &lt;unknown&gt;</errorDetails>
          <properties/>
          <failedSince>7</failedSince>
        </case>
      </cases>
    </suite>
  </suites>
  <duration>170.259</duration>
  <skipOldReports>false</skipOldReports>
  <startTime>1763302752354</startTime>
  <stdioRetention>NONE</stdioRetention>
  <keepTestNames>false</keepTestNames>
  <keepProperties>false</keepProperties>
</result>