<?xml version='1.1' encoding='UTF-8'?>
<result plugin="junit@1369.v15da_00283f06">
  <suites>
    <suite>
      <file>/var/jenkins_home/workspace/elice_bugshunters/reports/test-results.xml</file>
      <name>pytest</name>
      <duration>166.811</duration>
      <startTime>1763296619736</startTime>
      <properties/>
      <timestamp>2025-11-16T12:36:59.736715+00:00</timestamp>
      <time>166.811</time>
      <nodeId>43</nodeId>
      <enclosingBlocks>
        <string>39</string>
      </enclosingBlocks>
      <enclosingBlockNames>
        <string>Declarative: Post Actions</string>
      </enclosingBlockNames>
      <cases>
        <case>
          <duration>4.889</duration>
          <startTime>1763296619736</startTime>
          <className>tests.test_account</className>
          <testName>test_ac_001_login</testName>
          <skipped>false</skipped>
          <keepTestNames>false</keepTestNames>
          <properties/>
          <failedSince>0</failedSince>
        </case>
        <case>
          <duration>2.728</duration>
          <startTime>1763296624625</startTime>
          <className>tests.test_account</className>
          <testName>test_ac_002_duplicate_email</testName>
          <skipped>false</skipped>
          <keepTestNames>false</keepTestNames>
          <properties/>
          <failedSince>0</failedSince>
        </case>
        <case>
          <duration>9.859</duration>
          <startTime>1763296627353</startTime>
          <className>tests.test_account</className>
          <testName>test_ac_003_negative_login</testName>
          <skipped>false</skipped>
          <keepTestNames>false</keepTestNames>
          <properties/>
          <failedSince>0</failedSince>
        </case>
        <case>
          <duration>19.774</duration>
          <startTime>1763296637212</startTime>
          <className>tests.test_account</className>
          <testName>test_ac_004_positive_login</testName>
          <skipped>false</skipped>
          <keepTestNames>false</keepTestNames>
          <properties/>
          <failedSince>0</failedSince>
        </case>
        <case>
          <duration>6.927</duration>
          <startTime>1763296656986</startTime>
          <className>tests.test_account</className>
          <testName>test_ac_005_login_with_non_email_format</testName>
          <skipped>false</skipped>
          <keepTestNames>false</keepTestNames>
          <properties/>
          <failedSince>0</failedSince>
        </case>
        <case>
          <duration>6.817</duration>
          <startTime>1763296663913</startTime>
          <className>tests.test_account</className>
          <testName>test_ac_006_login_with_spaces</testName>
          <skipped>false</skipped>
          <keepTestNames>false</keepTestNames>
          <properties/>
          <failedSince>0</failedSince>
        </case>
        <case>
          <duration>10.079</duration>
          <startTime>1763296670730</startTime>
          <className>tests.test_account</className>
          <testName>test_ac_007_logout</testName>
          <skipped>false</skipped>
          <keepTestNames>false</keepTestNames>
          <properties/>
          <failedSince>0</failedSince>
        </case>
        <case>
          <duration>29.329</duration>
          <startTime>1763296680809</startTime>
          <className>tests.test_history</className>
          <testName>test_ht_001</testName>
          <skipped>false</skipped>
          <keepTestNames>false</keepTestNames>
          <errorStackTrace>tests/test_history.py:43: in test_ht_001
    sidebar.click_new_chat()
src/pages/ht_chat_sidebar.py:27: in click_new_chat
    self.clickable(SEL_NEW_CHAT_BTN).click()
src/pages/ht_base_page.py:21: in clickable
    return self.wait(sec).until(EC.element_to_be_clickable(locator))
/usr/local/lib/python3.14/site-packages/selenium/webdriver/support/wait.py:105: in until
    raise TimeoutException(message, screen, stacktrace)
E   selenium.common.exceptions.TimeoutException: Message: 
E   Stacktrace:
E   #0 0xaaaad0e14c18 &lt;unknown&gt;
E   #1 0xaaaad083e0d0 &lt;unknown&gt;
E   #2 0xaaaad0886f4c &lt;unknown&gt;
E   #3 0xaaaad08c2d3c &lt;unknown&gt;
E   #4 0xaaaad087b998 &lt;unknown&gt;
E   #5 0xaaaad0ddf79c &lt;unknown&gt;
E   #6 0xaaaad0de282c &lt;unknown&gt;
E   #7 0xaaaad0de2408 &lt;unknown&gt;
E   #8 0xaaaad0dca620 &lt;unknown&gt;
E   #9 0xaaaad0de2eac &lt;unknown&gt;
E   #10 0xaaaad0db493c &lt;unknown&gt;
E   #11 0xaaaad0e01abc &lt;unknown&gt;
E   #12 0xaaaad0e01cc8 &lt;unknown&gt;
E   #13 0xaaaad0e1397c &lt;unknown&gt;
E   #14 0xffffa433202c &lt;unknown&gt;
E   #15 0xffffa439bf18 &lt;unknown&gt;</errorStackTrace>
          <errorDetails>selenium.common.exceptions.TimeoutException: Message: 
Stacktrace:
#0 0xaaaad0e14c18 &lt;unknown&gt;
#1 0xaaaad083e0d0 &lt;unknown&gt;
#2 0xaaaad0886f4c &lt;unknown&gt;
#3 0xaaaad08c2d3c &lt;unknown&gt;
#4 0xaaaad087b998 &lt;unknown&gt;
#5 0xaaaad0ddf79c &lt;unknown&gt;
#6 0xaaaad0de282c &lt;unknown&gt;
#7 0xaaaad0de2408 &lt;unknown&gt;
#8 0xaaaad0dca620 &lt;unknown&gt;
#9 0xaaaad0de2eac &lt;unknown&gt;
#10 0xaaaad0db493c &lt;unknown&gt;
#11 0xaaaad0e01abc &lt;unknown&gt;
#12 0xaaaad0e01cc8 &lt;unknown&gt;
#13 0xaaaad0e1397c &lt;unknown&gt;
#14 0xffffa433202c &lt;unknown&gt;
#15 0xffffa439bf18 &lt;unknown&gt;</errorDetails>
          <properties/>
          <failedSince>7</failedSince>
        </case>
        <case>
          <duration>13.468</duration>
          <startTime>1763296710138</startTime>
          <className>tests.test_history</className>
          <testName>test_ht_002</testName>
          <skipped>false</skipped>
          <keepTestNames>false</keepTestNames>
          <errorStackTrace>tests/test_history.py:76: in test_ht_002
    sidebar.click_new_chat()
src/pages/ht_chat_sidebar.py:27: in click_new_chat
    self.clickable(SEL_NEW_CHAT_BTN).click()
src/pages/ht_base_page.py:21: in clickable
    return self.wait(sec).until(EC.element_to_be_clickable(locator))
/usr/local/lib/python3.14/site-packages/selenium/webdriver/support/wait.py:105: in until
    raise TimeoutException(message, screen, stacktrace)
E   selenium.common.exceptions.TimeoutException: Message: 
E   Stacktrace:
E   #0 0xaaaad0e14c18 &lt;unknown&gt;
E   #1 0xaaaad083e0d0 &lt;unknown&gt;
E   #2 0xaaaad0886f4c &lt;unknown&gt;
E   #3 0xaaaad08c2d3c &lt;unknown&gt;
E   #4 0xaaaad087b998 &lt;unknown&gt;
E   #5 0xaaaad0ddf79c &lt;unknown&gt;
E   #6 0xaaaad0de282c &lt;unknown&gt;
E   #7 0xaaaad0de2408 &lt;unknown&gt;
E   #8 0xaaaad0dca620 &lt;unknown&gt;
E   #9 0xaaaad0de2eac &lt;unknown&gt;
E   #10 0xaaaad0db493c &lt;unknown&gt;
E   #11 0xaaaad0e01abc &lt;unknown&gt;
E   #12 0xaaaad0e01cc8 &lt;unknown&gt;
E   #13 0xaaaad0e1397c &lt;unknown&gt;
E   #14 0xffffa433202c &lt;unknown&gt;
E   #15 0xffffa439bf18 &lt;unknown&gt;</errorStackTrace>
          <errorDetails>selenium.common.exceptions.TimeoutException: Message: 
Stacktrace:
#0 0xaaaad0e14c18 &lt;unknown&gt;
#1 0xaaaad083e0d0 &lt;unknown&gt;
#2 0xaaaad0886f4c &lt;unknown&gt;
#3 0xaaaad08c2d3c &lt;unknown&gt;
#4 0xaaaad087b998 &lt;unknown&gt;
#5 0xaaaad0ddf79c &lt;unknown&gt;
#6 0xaaaad0de282c &lt;unknown&gt;
#7 0xaaaad0de2408 &lt;unknown&gt;
#8 0xaaaad0dca620 &lt;unknown&gt;
#9 0xaaaad0de2eac &lt;unknown&gt;
#10 0xaaaad0db493c &lt;unknown&gt;
#11 0xaaaad0e01abc &lt;unknown&gt;
#12 0xaaaad0e01cc8 &lt;unknown&gt;
#13 0xaaaad0e1397c &lt;unknown&gt;
#14 0xffffa433202c &lt;unknown&gt;
#15 0xffffa439bf18 &lt;unknown&gt;</errorDetails>
          <properties/>
          <failedSince>7</failedSince>
        </case>
        <case>
          <duration>8.118</duration>
          <startTime>1763296723606</startTime>
          <className>tests.test_history</className>
          <testName>test_ht_003</testName>
          <skipped>false</skipped>
          <keepTestNames>false</keepTestNames>
          <properties/>
          <failedSince>0</failedSince>
        </case>
        <case>
          <duration>13.251</duration>
          <startTime>1763296731724</startTime>
          <className>tests.test_history</className>
          <testName>test_ht_004</testName>
          <skipped>false</skipped>
          <keepTestNames>false</keepTestNames>
          <errorStackTrace>tests/test_history.py:125: in test_ht_004
    sidebar.click_new_chat()
src/pages/ht_chat_sidebar.py:27: in click_new_chat
    self.clickable(SEL_NEW_CHAT_BTN).click()
src/pages/ht_base_page.py:21: in clickable
    return self.wait(sec).until(EC.element_to_be_clickable(locator))
/usr/local/lib/python3.14/site-packages/selenium/webdriver/support/wait.py:105: in until
    raise TimeoutException(message, screen, stacktrace)
E   selenium.common.exceptions.TimeoutException: Message: 
E   Stacktrace:
E   #0 0xaaaad0e14c18 &lt;unknown&gt;
E   #1 0xaaaad083e0d0 &lt;unknown&gt;
E   #2 0xaaaad0886f4c &lt;unknown&gt;
E   #3 0xaaaad08c2d3c &lt;unknown&gt;
E   #4 0xaaaad087b998 &lt;unknown&gt;
E   #5 0xaaaad0ddf79c &lt;unknown&gt;
E   #6 0xaaaad0de282c &lt;unknown&gt;
E   #7 0xaaaad0de2408 &lt;unknown&gt;
E   #8 0xaaaad0dca620 &lt;unknown&gt;
E   #9 0xaaaad0de2eac &lt;unknown&gt;
E   #10 0xaaaad0db493c &lt;unknown&gt;
E   #11 0xaaaad0e01abc &lt;unknown&gt;
E   #12 0xaaaad0e01cc8 &lt;unknown&gt;
E   #13 0xaaaad0e1397c &lt;unknown&gt;
E   #14 0xffffa433202c &lt;unknown&gt;
E   #15 0xffffa439bf18 &lt;unknown&gt;</errorStackTrace>
          <errorDetails>selenium.common.exceptions.TimeoutException: Message: 
Stacktrace:
#0 0xaaaad0e14c18 &lt;unknown&gt;
#1 0xaaaad083e0d0 &lt;unknown&gt;
#2 0xaaaad0886f4c &lt;unknown&gt;
#3 0xaaaad08c2d3c &lt;unknown&gt;
#4 0xaaaad087b998 &lt;unknown&gt;
#5 0xaaaad0ddf79c &lt;unknown&gt;
#6 0xaaaad0de282c &lt;unknown&gt;
#7 0xaaaad0de2408 &lt;unknown&gt;
#8 0xaaaad0dca620 &lt;unknown&gt;
#9 0xaaaad0de2eac &lt;unknown&gt;
#10 0xaaaad0db493c &lt;unknown&gt;
#11 0xaaaad0e01abc &lt;unknown&gt;
#12 0xaaaad0e01cc8 &lt;unknown&gt;
#13 0xaaaad0e1397c &lt;unknown&gt;
#14 0xffffa433202c &lt;unknown&gt;
#15 0xffffa439bf18 &lt;unknown&gt;</errorDetails>
          <properties/>
          <failedSince>7</failedSince>
        </case>
        <case>
          <duration>13.633</duration>
          <startTime>1763296744975</startTime>
          <className>tests.test_history</className>
          <testName>test_ht_005</testName>
          <skipped>false</skipped>
          <keepTestNames>false</keepTestNames>
          <errorStackTrace>tests/test_history.py:200: in test_ht_005
    sidebar.click_new_chat()
src/pages/ht_chat_sidebar.py:27: in click_new_chat
    self.clickable(SEL_NEW_CHAT_BTN).click()
src/pages/ht_base_page.py:21: in clickable
    return self.wait(sec).until(EC.element_to_be_clickable(locator))
/usr/local/lib/python3.14/site-packages/selenium/webdriver/support/wait.py:105: in until
    raise TimeoutException(message, screen, stacktrace)
E   selenium.common.exceptions.TimeoutException: Message: 
E   Stacktrace:
E   #0 0xaaaad0e14c18 &lt;unknown&gt;
E   #1 0xaaaad083e0d0 &lt;unknown&gt;
E   #2 0xaaaad0886f4c &lt;unknown&gt;
E   #3 0xaaaad08c2d3c &lt;unknown&gt;
E   #4 0xaaaad087b998 &lt;unknown&gt;
E   #5 0xaaaad0ddf79c &lt;unknown&gt;
E   #6 0xaaaad0de282c &lt;unknown&gt;
E   #7 0xaaaad0de2408 &lt;unknown&gt;
E   #8 0xaaaad0dca620 &lt;unknown&gt;
E   #9 0xaaaad0de2eac &lt;unknown&gt;
E   #10 0xaaaad0db493c &lt;unknown&gt;
E   #11 0xaaaad0e01abc &lt;unknown&gt;
E   #12 0xaaaad0e01cc8 &lt;unknown&gt;
E   #13 0xaaaad0e1397c &lt;unknown&gt;
E   #14 0xffffa433202c &lt;unknown&gt;
E   #15 0xffffa439bf18 &lt;unknown&gt;</errorStackTrace>
          <errorDetails>selenium.common.exceptions.TimeoutException: Message: 
Stacktrace:
#0 0xaaaad0e14c18 &lt;unknown&gt;
#1 0xaaaad083e0d0 &lt;unknown&gt;
#2 0xaaaad0886f4c &lt;unknown&gt;
#3 0xaaaad08c2d3c &lt;unknown&gt;
#4 0xaaaad087b998 &lt;unknown&gt;
#5 0xaaaad0ddf79c &lt;unknown&gt;
#6 0xaaaad0de282c &lt;unknown&gt;
#7 0xaaaad0de2408 &lt;unknown&gt;
#8 0xaaaad0dca620 &lt;unknown&gt;
#9 0xaaaad0de2eac &lt;unknown&gt;
#10 0xaaaad0db493c &lt;unknown&gt;
#11 0xaaaad0e01abc &lt;unknown&gt;
#12 0xaaaad0e01cc8 &lt;unknown&gt;
#13 0xaaaad0e1397c &lt;unknown&gt;
#14 0xffffa433202c &lt;unknown&gt;
#15 0xffffa439bf18 &lt;unknown&gt;</errorDetails>
          <properties/>
          <failedSince>7</failedSince>
        </case>
        <case>
          <duration>13.577</duration>
          <startTime>1763296758608</startTime>
          <className>tests.test_history</className>
          <testName>test_ht_006</testName>
          <skipped>false</skipped>
          <keepTestNames>false</keepTestNames>
          <errorStackTrace>tests/test_history.py:250: in test_ht_006
    sidebar.click_new_chat()
src/pages/ht_chat_sidebar.py:27: in click_new_chat
    self.clickable(SEL_NEW_CHAT_BTN).click()
src/pages/ht_base_page.py:21: in clickable
    return self.wait(sec).until(EC.element_to_be_clickable(locator))
/usr/local/lib/python3.14/site-packages/selenium/webdriver/support/wait.py:105: in until
    raise TimeoutException(message, screen, stacktrace)
E   selenium.common.exceptions.TimeoutException: Message: 
E   Stacktrace:
E   #0 0xaaaad0e14c18 &lt;unknown&gt;
E   #1 0xaaaad083e0d0 &lt;unknown&gt;
E   #2 0xaaaad0886f4c &lt;unknown&gt;
E   #3 0xaaaad08c2d3c &lt;unknown&gt;
E   #4 0xaaaad087b998 &lt;unknown&gt;
E   #5 0xaaaad0ddf79c &lt;unknown&gt;
E   #6 0xaaaad0de282c &lt;unknown&gt;
E   #7 0xaaaad0de2408 &lt;unknown&gt;
E   #8 0xaaaad0dca620 &lt;unknown&gt;
E   #9 0xaaaad0de2eac &lt;unknown&gt;
E   #10 0xaaaad0db493c &lt;unknown&gt;
E   #11 0xaaaad0e01abc &lt;unknown&gt;
E   #12 0xaaaad0e01cc8 &lt;unknown&gt;
E   #13 0xaaaad0e1397c &lt;unknown&gt;
E   #14 0xffffa433202c &lt;unknown&gt;
E   #15 0xffffa439bf18 &lt;unknown&gt;</errorStackTrace>
          <errorDetails>selenium.common.exceptions.TimeoutException: Message: 
Stacktrace:
#0 0xaaaad0e14c18 &lt;unknown&gt;
#1 0xaaaad083e0d0 &lt;unknown&gt;
#2 0xaaaad0886f4c &lt;unknown&gt;
#3 0xaaaad08c2d3c &lt;unknown&gt;
#4 0xaaaad087b998 &lt;unknown&gt;
#5 0xaaaad0ddf79c &lt;unknown&gt;
#6 0xaaaad0de282c &lt;unknown&gt;
#7 0xaaaad0de2408 &lt;unknown&gt;
#8 0xaaaad0dca620 &lt;unknown&gt;
#9 0xaaaad0de2eac &lt;unknown&gt;
#10 0xaaaad0db493c &lt;unknown&gt;
#11 0xaaaad0e01abc &lt;unknown&gt;
#12 0xaaaad0e01cc8 &lt;unknown&gt;
#13 0xaaaad0e1397c &lt;unknown&gt;
#14 0xffffa433202c &lt;unknown&gt;
#15 0xffffa439bf18 &lt;unknown&gt;</errorDetails>
          <properties/>
          <failedSince>7</failedSince>
        </case>
        <case>
          <duration>13.832</duration>
          <startTime>1763296772185</startTime>
          <className>tests.test_history</className>
          <testName>test_ht_007</testName>
          <skipped>false</skipped>
          <keepTestNames>false</keepTestNames>
          <errorStackTrace>tests/test_history.py:306: in test_ht_007
    sidebar.click_new_chat()
src/pages/ht_chat_sidebar.py:27: in click_new_chat
    self.clickable(SEL_NEW_CHAT_BTN).click()
src/pages/ht_base_page.py:21: in clickable
    return self.wait(sec).until(EC.element_to_be_clickable(locator))
/usr/local/lib/python3.14/site-packages/selenium/webdriver/support/wait.py:105: in until
    raise TimeoutException(message, screen, stacktrace)
E   selenium.common.exceptions.TimeoutException: Message: 
E   Stacktrace:
E   #0 0xaaaad0e14c18 &lt;unknown&gt;
E   #1 0xaaaad083e0d0 &lt;unknown&gt;
E   #2 0xaaaad0886f4c &lt;unknown&gt;
E   #3 0xaaaad08c2d3c &lt;unknown&gt;
E   #4 0xaaaad087b998 &lt;unknown&gt;
E   #5 0xaaaad0ddf79c &lt;unknown&gt;
E   #6 0xaaaad0de282c &lt;unknown&gt;
E   #7 0xaaaad0de2408 &lt;unknown&gt;
E   #8 0xaaaad0dca620 &lt;unknown&gt;
E   #9 0xaaaad0de2eac &lt;unknown&gt;
E   #10 0xaaaad0db493c &lt;unknown&gt;
E   #11 0xaaaad0e01abc &lt;unknown&gt;
E   #12 0xaaaad0e01cc8 &lt;unknown&gt;
E   #13 0xaaaad0e1397c &lt;unknown&gt;
E   #14 0xffffa433202c &lt;unknown&gt;
E   #15 0xffffa439bf18 &lt;unknown&gt;</errorStackTrace>
          <errorDetails>selenium.common.exceptions.TimeoutException: Message: 
Stacktrace:
#0 0xaaaad0e14c18 &lt;unknown&gt;
#1 0xaaaad083e0d0 &lt;unknown&gt;
#2 0xaaaad0886f4c &lt;unknown&gt;
#3 0xaaaad08c2d3c &lt;unknown&gt;
#4 0xaaaad087b998 &lt;unknown&gt;
#5 0xaaaad0ddf79c &lt;unknown&gt;
#6 0xaaaad0de282c &lt;unknown&gt;
#7 0xaaaad0de2408 &lt;unknown&gt;
#8 0xaaaad0dca620 &lt;unknown&gt;
#9 0xaaaad0de2eac &lt;unknown&gt;
#10 0xaaaad0db493c &lt;unknown&gt;
#11 0xaaaad0e01abc &lt;unknown&gt;
#12 0xaaaad0e01cc8 &lt;unknown&gt;
#13 0xaaaad0e1397c &lt;unknown&gt;
#14 0xffffa433202c &lt;unknown&gt;
#15 0xffffa439bf18 &lt;unknown&gt;</errorDetails>
          <properties/>
          <failedSince>7</failedSince>
        </case>
      </cases>
    </suite>
  </suites>
  <duration>166.811</duration>
  <skipOldReports>false</skipOldReports>
  <startTime>1763296619736</startTime>
  <stdioRetention>NONE</stdioRetention>
  <keepTestNames>false</keepTestNames>
  <keepProperties>false</keepProperties>
</result>