<?xml version="1.0" encoding="utf-8"?><testsuites><testsuite name="pytest" errors="0" failures="6" skipped="0" tests="14" time="166.811" timestamp="2025-11-16T12:36:59.736715+00:00" hostname="04b7b7f21278"><testcase classname="tests.test_account" name="test_ac_001_login" time="4.889" /><testcase classname="tests.test_account" name="test_ac_002_duplicate_email" time="2.728" /><testcase classname="tests.test_account" name="test_ac_003_negative_login" time="9.859" /><testcase classname="tests.test_account" name="test_ac_004_positive_login" time="19.774" /><testcase classname="tests.test_account" name="test_ac_005_login_with_non_email_format" time="6.927" /><testcase classname="tests.test_account" name="test_ac_006_login_with_spaces" time="6.817" /><testcase classname="tests.test_account" name="test_ac_007_logout" time="10.079" /><testcase classname="tests.test_history" name="test_ht_001" time="29.329"><failure message="selenium.common.exceptions.TimeoutException: Message: &#10;Stacktrace:&#10;#0 0xaaaad0e14c18 &lt;unknown&gt;&#10;#1 0xaaaad083e0d0 &lt;unknown&gt;&#10;#2 0xaaaad0886f4c &lt;unknown&gt;&#10;#3 0xaaaad08c2d3c &lt;unknown&gt;&#10;#4 0xaaaad087b998 &lt;unknown&gt;&#10;#5 0xaaaad0ddf79c &lt;unknown&gt;&#10;#6 0xaaaad0de282c &lt;unknown&gt;&#10;#7 0xaaaad0de2408 &lt;unknown&gt;&#10;#8 0xaaaad0dca620 &lt;unknown&gt;&#10;#9 0xaaaad0de2eac &lt;unknown&gt;&#10;#10 0xaaaad0db493c &lt;unknown&gt;&#10;#11 0xaaaad0e01abc &lt;unknown&gt;&#10;#12 0xaaaad0e01cc8 &lt;unknown&gt;&#10;#13 0xaaaad0e1397c &lt;unknown&gt;&#10;#14 0xffffa433202c &lt;unknown&gt;&#10;#15 0xffffa439bf18 &lt;unknown&gt;">tests/test_history.py:43: in test_ht_001
    sidebar.click_new_chat()
src/pages/ht_chat_sidebar.py:27: in click_new_chat
    self.clickable(SEL_NEW_CHAT_BTN).click()
src/pages/ht_base_page.py:21: in clickable
    return self.wait(sec).until(EC.element_to_be_clickable(locator))
/usr/local/lib/python3.14/site-packages/selenium/webdriver/support/wait.py:105: in until
    raise TimeoutException(message, screen, stacktrace)
E   selenium.common.exceptions.TimeoutException: Message: 
E   Stacktrace:
E   #0 0xaaaad0e14c18 &lt;unknown&gt;
E   #1 0xaaaad083e0d0 &lt;unknown&gt;
E   #2 0xaaaad0886f4c &lt;unknown&gt;
E   #3 0xaaaad08c2d3c &lt;unknown&gt;
E   #4 0xaaaad087b998 &lt;unknown&gt;
E   #5 0xaaaad0ddf79c &lt;unknown&gt;
E   #6 0xaaaad0de282c &lt;unknown&gt;
E   #7 0xaaaad0de2408 &lt;unknown&gt;
E   #8 0xaaaad0dca620 &lt;unknown&gt;
E   #9 0xaaaad0de2eac &lt;unknown&gt;
E   #10 0xaaaad0db493c &lt;unknown&gt;
E   #11 0xaaaad0e01abc &lt;unknown&gt;
E   #12 0xaaaad0e01cc8 &lt;unknown&gt;
E   #13 0xaaaad0e1397c &lt;unknown&gt;
E   #14 0xffffa433202c &lt;unknown&gt;
E   #15 0xffffa439bf18 &lt;unknown&gt;</failure></testcase><testcase classname="tests.test_history" name="test_ht_002" time="13.468"><failure message="selenium.common.exceptions.TimeoutException: Message: &#10;Stacktrace:&#10;#0 0xaaaad0e14c18 &lt;unknown&gt;&#10;#1 0xaaaad083e0d0 &lt;unknown&gt;&#10;#2 0xaaaad0886f4c &lt;unknown&gt;&#10;#3 0xaaaad08c2d3c &lt;unknown&gt;&#10;#4 0xaaaad087b998 &lt;unknown&gt;&#10;#5 0xaaaad0ddf79c &lt;unknown&gt;&#10;#6 0xaaaad0de282c &lt;unknown&gt;&#10;#7 0xaaaad0de2408 &lt;unknown&gt;&#10;#8 0xaaaad0dca620 &lt;unknown&gt;&#10;#9 0xaaaad0de2eac &lt;unknown&gt;&#10;#10 0xaaaad0db493c &lt;unknown&gt;&#10;#11 0xaaaad0e01abc &lt;unknown&gt;&#10;#12 0xaaaad0e01cc8 &lt;unknown&gt;&#10;#13 0xaaaad0e1397c &lt;unknown&gt;&#10;#14 0xffffa433202c &lt;unknown&gt;&#10;#15 0xffffa439bf18 &lt;unknown&gt;">tests/test_history.py:76: in test_ht_002
    sidebar.click_new_chat()
src/pages/ht_chat_sidebar.py:27: in click_new_chat
    self.clickable(SEL_NEW_CHAT_BTN).click()
src/pages/ht_base_page.py:21: in clickable
    return self.wait(sec).until(EC.element_to_be_clickable(locator))
/usr/local/lib/python3.14/site-packages/selenium/webdriver/support/wait.py:105: in until
    raise TimeoutException(message, screen, stacktrace)
E   selenium.common.exceptions.TimeoutException: Message: 
E   Stacktrace:
E   #0 0xaaaad0e14c18 &lt;unknown&gt;
E   #1 0xaaaad083e0d0 &lt;unknown&gt;
E   #2 0xaaaad0886f4c &lt;unknown&gt;
E   #3 0xaaaad08c2d3c &lt;unknown&gt;
E   #4 0xaaaad087b998 &lt;unknown&gt;
E   #5 0xaaaad0ddf79c &lt;unknown&gt;
E   #6 0xaaaad0de282c &lt;unknown&gt;
E   #7 0xaaaad0de2408 &lt;unknown&gt;
E   #8 0xaaaad0dca620 &lt;unknown&gt;
E   #9 0xaaaad0de2eac &lt;unknown&gt;
E   #10 0xaaaad0db493c &lt;unknown&gt;
E   #11 0xaaaad0e01abc &lt;unknown&gt;
E   #12 0xaaaad0e01cc8 &lt;unknown&gt;
E   #13 0xaaaad0e1397c &lt;unknown&gt;
E   #14 0xffffa433202c &lt;unknown&gt;
E   #15 0xffffa439bf18 &lt;unknown&gt;</failure></testcase><testcase classname="tests.test_history" name="test_ht_003" time="8.118" /><testcase classname="tests.test_history" name="test_ht_004" time="13.251"><failure message="selenium.common.exceptions.TimeoutException: Message: &#10;Stacktrace:&#10;#0 0xaaaad0e14c18 &lt;unknown&gt;&#10;#1 0xaaaad083e0d0 &lt;unknown&gt;&#10;#2 0xaaaad0886f4c &lt;unknown&gt;&#10;#3 0xaaaad08c2d3c &lt;unknown&gt;&#10;#4 0xaaaad087b998 &lt;unknown&gt;&#10;#5 0xaaaad0ddf79c &lt;unknown&gt;&#10;#6 0xaaaad0de282c &lt;unknown&gt;&#10;#7 0xaaaad0de2408 &lt;unknown&gt;&#10;#8 0xaaaad0dca620 &lt;unknown&gt;&#10;#9 0xaaaad0de2eac &lt;unknown&gt;&#10;#10 0xaaaad0db493c &lt;unknown&gt;&#10;#11 0xaaaad0e01abc &lt;unknown&gt;&#10;#12 0xaaaad0e01cc8 &lt;unknown&gt;&#10;#13 0xaaaad0e1397c &lt;unknown&gt;&#10;#14 0xffffa433202c &lt;unknown&gt;&#10;#15 0xffffa439bf18 &lt;unknown&gt;">tests/test_history.py:125: in test_ht_004
    sidebar.click_new_chat()
src/pages/ht_chat_sidebar.py:27: in click_new_chat
    self.clickable(SEL_NEW_CHAT_BTN).click()
src/pages/ht_base_page.py:21: in clickable
    return self.wait(sec).until(EC.element_to_be_clickable(locator))
/usr/local/lib/python3.14/site-packages/selenium/webdriver/support/wait.py:105: in until
    raise TimeoutException(message, screen, stacktrace)
E   selenium.common.exceptions.TimeoutException: Message: 
E   Stacktrace:
E   #0 0xaaaad0e14c18 &lt;unknown&gt;
E   #1 0xaaaad083e0d0 &lt;unknown&gt;
E   #2 0xaaaad0886f4c &lt;unknown&gt;
E   #3 0xaaaad08c2d3c &lt;unknown&gt;
E   #4 0xaaaad087b998 &lt;unknown&gt;
E   #5 0xaaaad0ddf79c &lt;unknown&gt;
E   #6 0xaaaad0de282c &lt;unknown&gt;
E   #7 0xaaaad0de2408 &lt;unknown&gt;
E   #8 0xaaaad0dca620 &lt;unknown&gt;
E   #9 0xaaaad0de2eac &lt;unknown&gt;
E   #10 0xaaaad0db493c &lt;unknown&gt;
E   #11 0xaaaad0e01abc &lt;unknown&gt;
E   #12 0xaaaad0e01cc8 &lt;unknown&gt;
E   #13 0xaaaad0e1397c &lt;unknown&gt;
E   #14 0xffffa433202c &lt;unknown&gt;
E   #15 0xffffa439bf18 &lt;unknown&gt;</failure></testcase><testcase classname="tests.test_history" name="test_ht_005" time="13.633"><failure message="selenium.common.exceptions.TimeoutException: Message: &#10;Stacktrace:&#10;#0 0xaaaad0e14c18 &lt;unknown&gt;&#10;#1 0xaaaad083e0d0 &lt;unknown&gt;&#10;#2 0xaaaad0886f4c &lt;unknown&gt;&#10;#3 0xaaaad08c2d3c &lt;unknown&gt;&#10;#4 0xaaaad087b998 &lt;unknown&gt;&#10;#5 0xaaaad0ddf79c &lt;unknown&gt;&#10;#6 0xaaaad0de282c &lt;unknown&gt;&#10;#7 0xaaaad0de2408 &lt;unknown&gt;&#10;#8 0xaaaad0dca620 &lt;unknown&gt;&#10;#9 0xaaaad0de2eac &lt;unknown&gt;&#10;#10 0xaaaad0db493c &lt;unknown&gt;&#10;#11 0xaaaad0e01abc &lt;unknown&gt;&#10;#12 0xaaaad0e01cc8 &lt;unknown&gt;&#10;#13 0xaaaad0e1397c &lt;unknown&gt;&#10;#14 0xffffa433202c &lt;unknown&gt;&#10;#15 0xffffa439bf18 &lt;unknown&gt;">tests/test_history.py:200: in test_ht_005
    sidebar.click_new_chat()
src/pages/ht_chat_sidebar.py:27: in click_new_chat
    self.clickable(SEL_NEW_CHAT_BTN).click()
src/pages/ht_base_page.py:21: in clickable
    return self.wait(sec).until(EC.element_to_be_clickable(locator))
/usr/local/lib/python3.14/site-packages/selenium/webdriver/support/wait.py:105: in until
    raise TimeoutException(message, screen, stacktrace)
E   selenium.common.exceptions.TimeoutException: Message: 
E   Stacktrace:
E   #0 0xaaaad0e14c18 &lt;unknown&gt;
E   #1 0xaaaad083e0d0 &lt;unknown&gt;
E   #2 0xaaaad0886f4c &lt;unknown&gt;
E   #3 0xaaaad08c2d3c &lt;unknown&gt;
E   #4 0xaaaad087b998 &lt;unknown&gt;
E   #5 0xaaaad0ddf79c &lt;unknown&gt;
E   #6 0xaaaad0de282c &lt;unknown&gt;
E   #7 0xaaaad0de2408 &lt;unknown&gt;
E   #8 0xaaaad0dca620 &lt;unknown&gt;
E   #9 0xaaaad0de2eac &lt;unknown&gt;
E   #10 0xaaaad0db493c &lt;unknown&gt;
E   #11 0xaaaad0e01abc &lt;unknown&gt;
E   #12 0xaaaad0e01cc8 &lt;unknown&gt;
E   #13 0xaaaad0e1397c &lt;unknown&gt;
E   #14 0xffffa433202c &lt;unknown&gt;
E   #15 0xffffa439bf18 &lt;unknown&gt;</failure></testcase><testcase classname="tests.test_history" name="test_ht_006" time="13.577"><failure message="selenium.common.exceptions.TimeoutException: Message: &#10;Stacktrace:&#10;#0 0xaaaad0e14c18 &lt;unknown&gt;&#10;#1 0xaaaad083e0d0 &lt;unknown&gt;&#10;#2 0xaaaad0886f4c &lt;unknown&gt;&#10;#3 0xaaaad08c2d3c &lt;unknown&gt;&#10;#4 0xaaaad087b998 &lt;unknown&gt;&#10;#5 0xaaaad0ddf79c &lt;unknown&gt;&#10;#6 0xaaaad0de282c &lt;unknown&gt;&#10;#7 0xaaaad0de2408 &lt;unknown&gt;&#10;#8 0xaaaad0dca620 &lt;unknown&gt;&#10;#9 0xaaaad0de2eac &lt;unknown&gt;&#10;#10 0xaaaad0db493c &lt;unknown&gt;&#10;#11 0xaaaad0e01abc &lt;unknown&gt;&#10;#12 0xaaaad0e01cc8 &lt;unknown&gt;&#10;#13 0xaaaad0e1397c &lt;unknown&gt;&#10;#14 0xffffa433202c &lt;unknown&gt;&#10;#15 0xffffa439bf18 &lt;unknown&gt;">tests/test_history.py:250: in test_ht_006
    sidebar.click_new_chat()
src/pages/ht_chat_sidebar.py:27: in click_new_chat
    self.clickable(SEL_NEW_CHAT_BTN).click()
src/pages/ht_base_page.py:21: in clickable
    return self.wait(sec).until(EC.element_to_be_clickable(locator))
/usr/local/lib/python3.14/site-packages/selenium/webdriver/support/wait.py:105: in until
    raise TimeoutException(message, screen, stacktrace)
E   selenium.common.exceptions.TimeoutException: Message: 
E   Stacktrace:
E   #0 0xaaaad0e14c18 &lt;unknown&gt;
E   #1 0xaaaad083e0d0 &lt;unknown&gt;
E   #2 0xaaaad0886f4c &lt;unknown&gt;
E   #3 0xaaaad08c2d3c &lt;unknown&gt;
E   #4 0xaaaad087b998 &lt;unknown&gt;
E   #5 0xaaaad0ddf79c &lt;unknown&gt;
E   #6 0xaaaad0de282c &lt;unknown&gt;
E   #7 0xaaaad0de2408 &lt;unknown&gt;
E   #8 0xaaaad0dca620 &lt;unknown&gt;
E   #9 0xaaaad0de2eac &lt;unknown&gt;
E   #10 0xaaaad0db493c &lt;unknown&gt;
E   #11 0xaaaad0e01abc &lt;unknown&gt;
E   #12 0xaaaad0e01cc8 &lt;unknown&gt;
E   #13 0xaaaad0e1397c &lt;unknown&gt;
E   #14 0xffffa433202c &lt;unknown&gt;
E   #15 0xffffa439bf18 &lt;unknown&gt;</failure></testcase><testcase classname="tests.test_history" name="test_ht_007" time="13.832"><failure message="selenium.common.exceptions.TimeoutException: Message: &#10;Stacktrace:&#10;#0 0xaaaad0e14c18 &lt;unknown&gt;&#10;#1 0xaaaad083e0d0 &lt;unknown&gt;&#10;#2 0xaaaad0886f4c &lt;unknown&gt;&#10;#3 0xaaaad08c2d3c &lt;unknown&gt;&#10;#4 0xaaaad087b998 &lt;unknown&gt;&#10;#5 0xaaaad0ddf79c &lt;unknown&gt;&#10;#6 0xaaaad0de282c &lt;unknown&gt;&#10;#7 0xaaaad0de2408 &lt;unknown&gt;&#10;#8 0xaaaad0dca620 &lt;unknown&gt;&#10;#9 0xaaaad0de2eac &lt;unknown&gt;&#10;#10 0xaaaad0db493c &lt;unknown&gt;&#10;#11 0xaaaad0e01abc &lt;unknown&gt;&#10;#12 0xaaaad0e01cc8 &lt;unknown&gt;&#10;#13 0xaaaad0e1397c &lt;unknown&gt;&#10;#14 0xffffa433202c &lt;unknown&gt;&#10;#15 0xffffa439bf18 &lt;unknown&gt;">tests/test_history.py:306: in test_ht_007
    sidebar.click_new_chat()
src/pages/ht_chat_sidebar.py:27: in click_new_chat
    self.clickable(SEL_NEW_CHAT_BTN).click()
src/pages/ht_base_page.py:21: in clickable
    return self.wait(sec).until(EC.element_to_be_clickable(locator))
/usr/local/lib/python3.14/site-packages/selenium/webdriver/support/wait.py:105: in until
    raise TimeoutException(message, screen, stacktrace)
E   selenium.common.exceptions.TimeoutException: Message: 
E   Stacktrace:
E   #0 0xaaaad0e14c18 &lt;unknown&gt;
E   #1 0xaaaad083e0d0 &lt;unknown&gt;
E   #2 0xaaaad0886f4c &lt;unknown&gt;
E   #3 0xaaaad08c2d3c &lt;unknown&gt;
E   #4 0xaaaad087b998 &lt;unknown&gt;
E   #5 0xaaaad0ddf79c &lt;unknown&gt;
E   #6 0xaaaad0de282c &lt;unknown&gt;
E   #7 0xaaaad0de2408 &lt;unknown&gt;
E   #8 0xaaaad0dca620 &lt;unknown&gt;
E   #9 0xaaaad0de2eac &lt;unknown&gt;
E   #10 0xaaaad0db493c &lt;unknown&gt;
E   #11 0xaaaad0e01abc &lt;unknown&gt;
E   #12 0xaaaad0e01cc8 &lt;unknown&gt;
E   #13 0xaaaad0e1397c &lt;unknown&gt;
E   #14 0xffffa433202c &lt;unknown&gt;
E   #15 0xffffa439bf18 &lt;unknown&gt;</failure></testcase></testsuite></testsuites>