<?xml version="1.0" encoding="utf-8"?><testsuites><testsuite name="pytest" errors="0" failures="7" skipped="0" tests="14" time="164.767" timestamp="2025-11-16T16:46:19.721359+00:00" hostname="3aa5ce2c0c03"><testcase classname="tests.test_account" name="test_ac_001_login" time="4.945" /><testcase classname="tests.test_account" name="test_ac_002_duplicate_email" time="2.772" /><testcase classname="tests.test_account" name="test_ac_003_negative_login" time="9.648" /><testcase classname="tests.test_account" name="test_ac_004_positive_login" time="20.073" /><testcase classname="tests.test_account" name="test_ac_005_login_with_non_email_format" time="8.197" /><testcase classname="tests.test_account" name="test_ac_006_login_with_spaces" time="2.404"><failure message="selenium.common.exceptions.StaleElementReferenceException: Message: stale element reference: stale element not found in the current frame&#10;  (Session info: chrome=142.0.7444.162); For documentation on this error, please visit: https://www.selenium.dev/documentation/webdriver/troubleshooting/errors#stale-element-reference-exception&#10;Stacktrace:&#10;#0 0xaaaad28a4c18 &lt;unknown&gt;&#10;#1 0xaaaad22ce0d0 &lt;unknown&gt;&#10;#2 0xaaaad22d48d8 &lt;unknown&gt;&#10;#3 0xaaaad22d6bdc &lt;unknown&gt;&#10;#4 0xaaaad23539f0 &lt;unknown&gt;&#10;#5 0xaaaad2352d3c &lt;unknown&gt;&#10;#6 0xaaaad230b998 &lt;unknown&gt;&#10;#7 0xaaaad286f79c &lt;unknown&gt;&#10;#8 0xaaaad287282c &lt;unknown&gt;&#10;#9 0xaaaad2872408 &lt;unknown&gt;&#10;#10 0xaaaad285a620 &lt;unknown&gt;&#10;#11 0xaaaad2872eac &lt;unknown&gt;&#10;#12 0xaaaad284493c &lt;unknown&gt;&#10;#13 0xaaaad2891abc &lt;unknown&gt;&#10;#14 0xaaaad2891cc8 &lt;unknown&gt;&#10;#15 0xaaaad28a397c &lt;unknown&gt;&#10;#16 0xffffbdd6202c &lt;unknown&gt;&#10;#17 0xffffbddcbf18 &lt;unknown&gt;">tests/test_account.py:66: in test_ac_006_login_with_spaces
    login_page.login(" test@elice.com ", "testelice!@ ")
src/pages/login_page.py:59: in login
    email_input = wait.until(EC.element_to_be_clickable(self.locators["email"]))
/usr/local/lib/python3.14/site-packages/selenium/webdriver/support/wait.py:96: in until
    value = method(self._driver)
/usr/local/lib/python3.14/site-packages/selenium/webdriver/support/expected_conditions.py:364: in _predicate
    element = visibility_of(target)(driver)
/usr/local/lib/python3.14/site-packages/selenium/webdriver/support/expected_conditions.py:173: in _predicate
    return _element_if_visible(element)
/usr/local/lib/python3.14/site-packages/selenium/webdriver/support/expected_conditions.py:179: in _element_if_visible
    return element if element.is_displayed() == visibility else False
/usr/local/lib/python3.14/site-packages/selenium/webdriver/remote/webelement.py:252: in is_displayed
    return self.parent.execute_script(f"/* isDisplayed */return ({isDisplayed_js}).apply(null, arguments);", self)
/usr/local/lib/python3.14/site-packages/selenium/webdriver/remote/webdriver.py:414: in execute_script
    return self.execute(command, {"script": script, "args": converted_args})["value"]
/usr/local/lib/python3.14/site-packages/selenium/webdriver/remote/webdriver.py:354: in execute
    self.error_handler.check_response(response)
/usr/local/lib/python3.14/site-packages/selenium/webdriver/remote/errorhandler.py:229: in check_response
    raise exception_class(message, screen, stacktrace)
E   selenium.common.exceptions.StaleElementReferenceException: Message: stale element reference: stale element not found in the current frame
E     (Session info: chrome=142.0.7444.162); For documentation on this error, please visit: https://www.selenium.dev/documentation/webdriver/troubleshooting/errors#stale-element-reference-exception
E   Stacktrace:
E   #0 0xaaaad28a4c18 &lt;unknown&gt;
E   #1 0xaaaad22ce0d0 &lt;unknown&gt;
E   #2 0xaaaad22d48d8 &lt;unknown&gt;
E   #3 0xaaaad22d6bdc &lt;unknown&gt;
E   #4 0xaaaad23539f0 &lt;unknown&gt;
E   #5 0xaaaad2352d3c &lt;unknown&gt;
E   #6 0xaaaad230b998 &lt;unknown&gt;
E   #7 0xaaaad286f79c &lt;unknown&gt;
E   #8 0xaaaad287282c &lt;unknown&gt;
E   #9 0xaaaad2872408 &lt;unknown&gt;
E   #10 0xaaaad285a620 &lt;unknown&gt;
E   #11 0xaaaad2872eac &lt;unknown&gt;
E   #12 0xaaaad284493c &lt;unknown&gt;
E   #13 0xaaaad2891abc &lt;unknown&gt;
E   #14 0xaaaad2891cc8 &lt;unknown&gt;
E   #15 0xaaaad28a397c &lt;unknown&gt;
E   #16 0xffffbdd6202c &lt;unknown&gt;
E   #17 0xffffbddcbf18 &lt;unknown&gt;</failure></testcase><testcase classname="tests.test_account" name="test_ac_007_logout" time="10.519" /><testcase classname="tests.test_history" name="test_ht_001" time="30.280"><failure message="selenium.common.exceptions.TimeoutException: Message: &#10;Stacktrace:&#10;#0 0xaaaad28a4c18 &lt;unknown&gt;&#10;#1 0xaaaad22ce0d0 &lt;unknown&gt;&#10;#2 0xaaaad2316f4c &lt;unknown&gt;&#10;#3 0xaaaad2352d3c &lt;unknown&gt;&#10;#4 0xaaaad230b998 &lt;unknown&gt;&#10;#5 0xaaaad286f79c &lt;unknown&gt;&#10;#6 0xaaaad287282c &lt;unknown&gt;&#10;#7 0xaaaad2872408 &lt;unknown&gt;&#10;#8 0xaaaad285a620 &lt;unknown&gt;&#10;#9 0xaaaad2872eac &lt;unknown&gt;&#10;#10 0xaaaad284493c &lt;unknown&gt;&#10;#11 0xaaaad2891abc &lt;unknown&gt;&#10;#12 0xaaaad2891cc8 &lt;unknown&gt;&#10;#13 0xaaaad28a397c &lt;unknown&gt;&#10;#14 0xffffbdd6202c &lt;unknown&gt;&#10;#15 0xffffbddcbf18 &lt;unknown&gt;">tests/test_history.py:43: in test_ht_001
    sidebar.click_new_chat()
src/pages/ht_chat_sidebar.py:27: in click_new_chat
    self.clickable(SEL_NEW_CHAT_BTN).click()
src/pages/ht_base_page.py:21: in clickable
    return self.wait(sec).until(EC.element_to_be_clickable(locator))
/usr/local/lib/python3.14/site-packages/selenium/webdriver/support/wait.py:105: in until
    raise TimeoutException(message, screen, stacktrace)
E   selenium.common.exceptions.TimeoutException: Message: 
E   Stacktrace:
E   #0 0xaaaad28a4c18 &lt;unknown&gt;
E   #1 0xaaaad22ce0d0 &lt;unknown&gt;
E   #2 0xaaaad2316f4c &lt;unknown&gt;
E   #3 0xaaaad2352d3c &lt;unknown&gt;
E   #4 0xaaaad230b998 &lt;unknown&gt;
E   #5 0xaaaad286f79c &lt;unknown&gt;
E   #6 0xaaaad287282c &lt;unknown&gt;
E   #7 0xaaaad2872408 &lt;unknown&gt;
E   #8 0xaaaad285a620 &lt;unknown&gt;
E   #9 0xaaaad2872eac &lt;unknown&gt;
E   #10 0xaaaad284493c &lt;unknown&gt;
E   #11 0xaaaad2891abc &lt;unknown&gt;
E   #12 0xaaaad2891cc8 &lt;unknown&gt;
E   #13 0xaaaad28a397c &lt;unknown&gt;
E   #14 0xffffbdd6202c &lt;unknown&gt;
E   #15 0xffffbddcbf18 &lt;unknown&gt;</failure></testcase><testcase classname="tests.test_history" name="test_ht_002" time="13.535"><failure message="selenium.common.exceptions.TimeoutException: Message: &#10;Stacktrace:&#10;#0 0xaaaad28a4c18 &lt;unknown&gt;&#10;#1 0xaaaad22ce0d0 &lt;unknown&gt;&#10;#2 0xaaaad2316f4c &lt;unknown&gt;&#10;#3 0xaaaad2352d3c &lt;unknown&gt;&#10;#4 0xaaaad230b998 &lt;unknown&gt;&#10;#5 0xaaaad286f79c &lt;unknown&gt;&#10;#6 0xaaaad287282c &lt;unknown&gt;&#10;#7 0xaaaad2872408 &lt;unknown&gt;&#10;#8 0xaaaad285a620 &lt;unknown&gt;&#10;#9 0xaaaad2872eac &lt;unknown&gt;&#10;#10 0xaaaad284493c &lt;unknown&gt;&#10;#11 0xaaaad2891abc &lt;unknown&gt;&#10;#12 0xaaaad2891cc8 &lt;unknown&gt;&#10;#13 0xaaaad28a397c &lt;unknown&gt;&#10;#14 0xffffbdd6202c &lt;unknown&gt;&#10;#15 0xffffbddcbf18 &lt;unknown&gt;">tests/test_history.py:76: in test_ht_002
    sidebar.click_new_chat()
src/pages/ht_chat_sidebar.py:27: in click_new_chat
    self.clickable(SEL_NEW_CHAT_BTN).click()
src/pages/ht_base_page.py:21: in clickable
    return self.wait(sec).until(EC.element_to_be_clickable(locator))
/usr/local/lib/python3.14/site-packages/selenium/webdriver/support/wait.py:105: in until
    raise TimeoutException(message, screen, stacktrace)
E   selenium.common.exceptions.TimeoutException: Message: 
E   Stacktrace:
E   #0 0xaaaad28a4c18 &lt;unknown&gt;
E   #1 0xaaaad22ce0d0 &lt;unknown&gt;
E   #2 0xaaaad2316f4c &lt;unknown&gt;
E   #3 0xaaaad2352d3c &lt;unknown&gt;
E   #4 0xaaaad230b998 &lt;unknown&gt;
E   #5 0xaaaad286f79c &lt;unknown&gt;
E   #6 0xaaaad287282c &lt;unknown&gt;
E   #7 0xaaaad2872408 &lt;unknown&gt;
E   #8 0xaaaad285a620 &lt;unknown&gt;
E   #9 0xaaaad2872eac &lt;unknown&gt;
E   #10 0xaaaad284493c &lt;unknown&gt;
E   #11 0xaaaad2891abc &lt;unknown&gt;
E   #12 0xaaaad2891cc8 &lt;unknown&gt;
E   #13 0xaaaad28a397c &lt;unknown&gt;
E   #14 0xffffbdd6202c &lt;unknown&gt;
E   #15 0xffffbddcbf18 &lt;unknown&gt;</failure></testcase><testcase classname="tests.test_history" name="test_ht_003" time="7.945" /><testcase classname="tests.test_history" name="test_ht_004" time="13.200"><failure message="selenium.common.exceptions.TimeoutException: Message: &#10;Stacktrace:&#10;#0 0xaaaad28a4c18 &lt;unknown&gt;&#10;#1 0xaaaad22ce0d0 &lt;unknown&gt;&#10;#2 0xaaaad2316f4c &lt;unknown&gt;&#10;#3 0xaaaad2352d3c &lt;unknown&gt;&#10;#4 0xaaaad230b998 &lt;unknown&gt;&#10;#5 0xaaaad286f79c &lt;unknown&gt;&#10;#6 0xaaaad287282c &lt;unknown&gt;&#10;#7 0xaaaad2872408 &lt;unknown&gt;&#10;#8 0xaaaad285a620 &lt;unknown&gt;&#10;#9 0xaaaad2872eac &lt;unknown&gt;&#10;#10 0xaaaad284493c &lt;unknown&gt;&#10;#11 0xaaaad2891abc &lt;unknown&gt;&#10;#12 0xaaaad2891cc8 &lt;unknown&gt;&#10;#13 0xaaaad28a397c &lt;unknown&gt;&#10;#14 0xffffbdd6202c &lt;unknown&gt;&#10;#15 0xffffbddcbf18 &lt;unknown&gt;">tests/test_history.py:125: in test_ht_004
    sidebar.click_new_chat()
src/pages/ht_chat_sidebar.py:27: in click_new_chat
    self.clickable(SEL_NEW_CHAT_BTN).click()
src/pages/ht_base_page.py:21: in clickable
    return self.wait(sec).until(EC.element_to_be_clickable(locator))
/usr/local/lib/python3.14/site-packages/selenium/webdriver/support/wait.py:105: in until
    raise TimeoutException(message, screen, stacktrace)
E   selenium.common.exceptions.TimeoutException: Message: 
E   Stacktrace:
E   #0 0xaaaad28a4c18 &lt;unknown&gt;
E   #1 0xaaaad22ce0d0 &lt;unknown&gt;
E   #2 0xaaaad2316f4c &lt;unknown&gt;
E   #3 0xaaaad2352d3c &lt;unknown&gt;
E   #4 0xaaaad230b998 &lt;unknown&gt;
E   #5 0xaaaad286f79c &lt;unknown&gt;
E   #6 0xaaaad287282c &lt;unknown&gt;
E   #7 0xaaaad2872408 &lt;unknown&gt;
E   #8 0xaaaad285a620 &lt;unknown&gt;
E   #9 0xaaaad2872eac &lt;unknown&gt;
E   #10 0xaaaad284493c &lt;unknown&gt;
E   #11 0xaaaad2891abc &lt;unknown&gt;
E   #12 0xaaaad2891cc8 &lt;unknown&gt;
E   #13 0xaaaad28a397c &lt;unknown&gt;
E   #14 0xffffbdd6202c &lt;unknown&gt;
E   #15 0xffffbddcbf18 &lt;unknown&gt;</failure></testcase><testcase classname="tests.test_history" name="test_ht_005" time="13.674"><failure message="selenium.common.exceptions.TimeoutException: Message: &#10;Stacktrace:&#10;#0 0xaaaad28a4c18 &lt;unknown&gt;&#10;#1 0xaaaad22ce0d0 &lt;unknown&gt;&#10;#2 0xaaaad2316f4c &lt;unknown&gt;&#10;#3 0xaaaad2352d3c &lt;unknown&gt;&#10;#4 0xaaaad230b998 &lt;unknown&gt;&#10;#5 0xaaaad286f79c &lt;unknown&gt;&#10;#6 0xaaaad287282c &lt;unknown&gt;&#10;#7 0xaaaad2872408 &lt;unknown&gt;&#10;#8 0xaaaad285a620 &lt;unknown&gt;&#10;#9 0xaaaad2872eac &lt;unknown&gt;&#10;#10 0xaaaad284493c &lt;unknown&gt;&#10;#11 0xaaaad2891abc &lt;unknown&gt;&#10;#12 0xaaaad2891cc8 &lt;unknown&gt;&#10;#13 0xaaaad28a397c &lt;unknown&gt;&#10;#14 0xffffbdd6202c &lt;unknown&gt;&#10;#15 0xffffbddcbf18 &lt;unknown&gt;">tests/test_history.py:200: in test_ht_005
    sidebar.click_new_chat()
src/pages/ht_chat_sidebar.py:27: in click_new_chat
    self.clickable(SEL_NEW_CHAT_BTN).click()
src/pages/ht_base_page.py:21: in clickable
    return self.wait(sec).until(EC.element_to_be_clickable(locator))
/usr/local/lib/python3.14/site-packages/selenium/webdriver/support/wait.py:105: in until
    raise TimeoutException(message, screen, stacktrace)
E   selenium.common.exceptions.TimeoutException: Message: 
E   Stacktrace:
E   #0 0xaaaad28a4c18 &lt;unknown&gt;
E   #1 0xaaaad22ce0d0 &lt;unknown&gt;
E   #2 0xaaaad2316f4c &lt;unknown&gt;
E   #3 0xaaaad2352d3c &lt;unknown&gt;
E   #4 0xaaaad230b998 &lt;unknown&gt;
E   #5 0xaaaad286f79c &lt;unknown&gt;
E   #6 0xaaaad287282c &lt;unknown&gt;
E   #7 0xaaaad2872408 &lt;unknown&gt;
E   #8 0xaaaad285a620 &lt;unknown&gt;
E   #9 0xaaaad2872eac &lt;unknown&gt;
E   #10 0xaaaad284493c &lt;unknown&gt;
E   #11 0xaaaad2891abc &lt;unknown&gt;
E   #12 0xaaaad2891cc8 &lt;unknown&gt;
E   #13 0xaaaad28a397c &lt;unknown&gt;
E   #14 0xffffbdd6202c &lt;unknown&gt;
E   #15 0xffffbddcbf18 &lt;unknown&gt;</failure></testcase><testcase classname="tests.test_history" name="test_ht_006" time="13.454"><failure message="selenium.common.exceptions.TimeoutException: Message: &#10;Stacktrace:&#10;#0 0xaaaad28a4c18 &lt;unknown&gt;&#10;#1 0xaaaad22ce0d0 &lt;unknown&gt;&#10;#2 0xaaaad2316f4c &lt;unknown&gt;&#10;#3 0xaaaad2352d3c &lt;unknown&gt;&#10;#4 0xaaaad230b998 &lt;unknown&gt;&#10;#5 0xaaaad286f79c &lt;unknown&gt;&#10;#6 0xaaaad287282c &lt;unknown&gt;&#10;#7 0xaaaad2872408 &lt;unknown&gt;&#10;#8 0xaaaad285a620 &lt;unknown&gt;&#10;#9 0xaaaad2872eac &lt;unknown&gt;&#10;#10 0xaaaad284493c &lt;unknown&gt;&#10;#11 0xaaaad2891abc &lt;unknown&gt;&#10;#12 0xaaaad2891cc8 &lt;unknown&gt;&#10;#13 0xaaaad28a397c &lt;unknown&gt;&#10;#14 0xffffbdd6202c &lt;unknown&gt;&#10;#15 0xffffbddcbf18 &lt;unknown&gt;">tests/test_history.py:250: in test_ht_006
    sidebar.click_new_chat()
src/pages/ht_chat_sidebar.py:27: in click_new_chat
    self.clickable(SEL_NEW_CHAT_BTN).click()
src/pages/ht_base_page.py:21: in clickable
    return self.wait(sec).until(EC.element_to_be_clickable(locator))
/usr/local/lib/python3.14/site-packages/selenium/webdriver/support/wait.py:105: in until
    raise TimeoutException(message, screen, stacktrace)
E   selenium.common.exceptions.TimeoutException: Message: 
E   Stacktrace:
E   #0 0xaaaad28a4c18 &lt;unknown&gt;
E   #1 0xaaaad22ce0d0 &lt;unknown&gt;
E   #2 0xaaaad2316f4c &lt;unknown&gt;
E   #3 0xaaaad2352d3c &lt;unknown&gt;
E   #4 0xaaaad230b998 &lt;unknown&gt;
E   #5 0xaaaad286f79c &lt;unknown&gt;
E   #6 0xaaaad287282c &lt;unknown&gt;
E   #7 0xaaaad2872408 &lt;unknown&gt;
E   #8 0xaaaad285a620 &lt;unknown&gt;
E   #9 0xaaaad2872eac &lt;unknown&gt;
E   #10 0xaaaad284493c &lt;unknown&gt;
E   #11 0xaaaad2891abc &lt;unknown&gt;
E   #12 0xaaaad2891cc8 &lt;unknown&gt;
E   #13 0xaaaad28a397c &lt;unknown&gt;
E   #14 0xffffbdd6202c &lt;unknown&gt;
E   #15 0xffffbddcbf18 &lt;unknown&gt;</failure></testcase><testcase classname="tests.test_history" name="test_ht_007" time="13.569"><failure message="selenium.common.exceptions.TimeoutException: Message: &#10;Stacktrace:&#10;#0 0xaaaad28a4c18 &lt;unknown&gt;&#10;#1 0xaaaad22ce0d0 &lt;unknown&gt;&#10;#2 0xaaaad2316f4c &lt;unknown&gt;&#10;#3 0xaaaad2352d3c &lt;unknown&gt;&#10;#4 0xaaaad230b998 &lt;unknown&gt;&#10;#5 0xaaaad286f79c &lt;unknown&gt;&#10;#6 0xaaaad287282c &lt;unknown&gt;&#10;#7 0xaaaad2872408 &lt;unknown&gt;&#10;#8 0xaaaad285a620 &lt;unknown&gt;&#10;#9 0xaaaad2872eac &lt;unknown&gt;&#10;#10 0xaaaad284493c &lt;unknown&gt;&#10;#11 0xaaaad2891abc &lt;unknown&gt;&#10;#12 0xaaaad2891cc8 &lt;unknown&gt;&#10;#13 0xaaaad28a397c &lt;unknown&gt;&#10;#14 0xffffbdd6202c &lt;unknown&gt;&#10;#15 0xffffbddcbf18 &lt;unknown&gt;">tests/test_history.py:306: in test_ht_007
    sidebar.click_new_chat()
src/pages/ht_chat_sidebar.py:27: in click_new_chat
    self.clickable(SEL_NEW_CHAT_BTN).click()
src/pages/ht_base_page.py:21: in clickable
    return self.wait(sec).until(EC.element_to_be_clickable(locator))
/usr/local/lib/python3.14/site-packages/selenium/webdriver/support/wait.py:105: in until
    raise TimeoutException(message, screen, stacktrace)
E   selenium.common.exceptions.TimeoutException: Message: 
E   Stacktrace:
E   #0 0xaaaad28a4c18 &lt;unknown&gt;
E   #1 0xaaaad22ce0d0 &lt;unknown&gt;
E   #2 0xaaaad2316f4c &lt;unknown&gt;
E   #3 0xaaaad2352d3c &lt;unknown&gt;
E   #4 0xaaaad230b998 &lt;unknown&gt;
E   #5 0xaaaad286f79c &lt;unknown&gt;
E   #6 0xaaaad287282c &lt;unknown&gt;
E   #7 0xaaaad2872408 &lt;unknown&gt;
E   #8 0xaaaad285a620 &lt;unknown&gt;
E   #9 0xaaaad2872eac &lt;unknown&gt;
E   #10 0xaaaad284493c &lt;unknown&gt;
E   #11 0xaaaad2891abc &lt;unknown&gt;
E   #12 0xaaaad2891cc8 &lt;unknown&gt;
E   #13 0xaaaad28a397c &lt;unknown&gt;
E   #14 0xffffbdd6202c &lt;unknown&gt;
E   #15 0xffffbddcbf18 &lt;unknown&gt;</failure></testcase></testsuite></testsuites>