Started by user [8mha:////4DMmmTtLGhUK59wiuKBMvgtYfae2i1qnBe9IBygOhKHfAAAAlx+LCAAAAAAAAP9b85aBtbiIQTGjNKU4P08vOT+vOD8nVc83PyU1x6OyILUoJzMv2y+/JJUBAhiZGBgqihhk0NSjKDWzXb3RdlLBUSYGJk8GtpzUvPSSDB8G5tKinBIGIZ+sxLJE/ZzEvHT94JKizLx0a6BxUmjGOUNodHsLgAzWEgZu/dLi1CL9xJTczDwAj6GcLcAAAAA=[0madmin
Obtained Jenkinsfile from git https://github.com/minojj/Elice-BugsHunters
[8mha:////4JiUONDpX6mnxzbh2ckWD0vow1ujYToaZTz/XpbFBZ0BAAAAoh+LCAAAAAAAAP9tjTEOwjAQBM8BClpKHuFItIiK1krDC0x8GCfWnbEdkooX8TX+gCESFVvtrLSa5wtWKcKBo5UdUu8otU4GP9jS5Mixv3geZcdn2TIl9igbHBs2eJyx4YwwR1SwULBGaj0nRzbDRnX6rmuvydanHMu2V1A5c4MHCFXMWcf8hSnC9jqYxPTz/BXAFEIGsfuclm8zQVqFvQAAAA==[0m[Pipeline] Start of Pipeline
[8mha:////4JAWBaWN5A+IaghUk2ErGCVn4smBn77WoQMSeMj+qu2RAAAApR+LCAAAAAAAAP9tjTEOwjAUQ3+KOrAycohUghExsUZZOEFIQkgb/d8mKe3EibgadyBQiQlLlmxL1nu+oE4RjhQdby12HpP2vA+jK4lPFLtroIm3dOGaMFGwXNpJkrGnpUrKFhaxClYC1hZ1oOTRZdiIVt1VExS65pxj2Q4CKm8GeAAThZxVzN8yR9jeRpMIf5y/AJj7DGxXvP/86jduZBmjwAAAAA==[0m[Pipeline] node
Running on [8mha:////4H+Mk+uxEe8JNk+ag44oNW1lR9xS2NjxbIH/7BglI+0RAAAAoR+LCAAAAAAAAP9b85aBtbiIQTGjNKU4P08vOT+vOD8nVc83PyU1x6OyILUoJzMv2y+/JJUBAhiZGBgqihhk0NSjKDWzXb3RdlLBUSYGJk8GtpzUvPSSDB8G5tKinBIGIZ+sxLJE/ZzEvHT94JKizLx0a6BxUmjGOUNodHsLgAz2EgZR/eT83ILSktQifY2k0sycEt3MPE19AHHxbH3KAAAA[0mJenkins in /var/jenkins_home/workspace/elice_bugshunters
[8mha:////4Lx794VVAi1HkyQ8bhqR7eiMykfW/eIlU3ctbz7K67DZAAAApR+LCAAAAAAAAP9tjTEOwjAUQ3+KOrAycoh0gA0xsUZZOEFIQkgb/d8mKe3EibgadyBQiQlLlmxL1nu+oE4RjhQdby12HpP2vA+jK4lPFLtroIm3dOGaMFGwXNpJkrGnpUrKFhaxClYC1hZ1oOTRZdiIVt1VExS65pxj2Q4CKm8GeAAThZxVzN8yR9jeRpMIf5y/AJj7DGxXvP/86jfoP95RwAAAAA==[0m[Pipeline] {
[8mha:////4Miim9rcdN0xXTBNHRVr/t0KEAIoJAOMwB+QjxC4NOJCAAAApR+LCAAAAAAAAP9tjTEOwjAUQ3+KOrAycoh0gQkxsUZZOEFIQkgb/d8mKe3EibgadyBQiQlLlmxL1nu+oE4RjhQdby12HpP2vA+jK4lPFLtroIm3dOGaMFGwXNpJkrGnpUrKFhaxClYC1hZ1oOTRZdiIVt1VExS65pxj2Q4CKm8GeAAThZxVzN8yR9jeRpMIf5y/AJj7DGxXvP/86jc09154wAAAAA==[0m[Pipeline] stage
[8mha:////4Hmr3vNEFHhWSKucSKAFhc/F7pA0ofCRv1VPbdY6Pr3aAAAApR+LCAAAAAAAAP9tjTEOwjAUQ3+KOrAycoh0ggUxsUZZOEFIQkgb/d8mKe3EibgadyBQiQlLlmxL1nu+oE4RjhQdby12HpP2vA+jK4lPFLtroIm3dOGaMFGwXNpJkrGnpUrKFhaxClYC1hZ1oOTRZdiIVt1VExS65pxj2Q4CKm8GeAAThZxVzN8yR9jeRpMIf5y/AJj7DGxXvP/86jek7ggRwAAAAA==[0m[Pipeline] { (Declarative: Checkout SCM)
[8mha:////4MHTgvkg+fueZsc6zDH4loe4BXlAIc54pymeEmHnGB0wAAAAoh+LCAAAAAAAAP9tjTEOAiEURD9rLGwtPQTbaWGsbAmNJ0AWEZb8zwLrbuWJvJp3kLiJlZNMMm+a93rDOic4UbLcG+wdZu14DKOti0+U+lugiXu6ck2YKRguzSSpM+cFJRUDS1gDKwEbgzpQdmgLbIVXD9UGhba9lFS/o4DGdQM8gYlqLiqVL8wJdvexy4Q/z18BzLEA29ce4gfg7KmOvAAAAA==[0m[Pipeline] checkout
The recommended git tool is: git
No credentials specified
 > git rev-parse --resolve-git-dir /var/jenkins_home/workspace/elice_bugshunters/.git # timeout=10
Fetching changes from the remote Git repository
 > git config remote.origin.url https://github.com/minojj/Elice-BugsHunters # timeout=10
Fetching upstream changes from https://github.com/minojj/Elice-BugsHunters
 > git --version # timeout=10
 > git --version # 'git version 2.47.3'
 > git fetch --tags --force --progress -- https://github.com/minojj/Elice-BugsHunters +refs/heads/*:refs/remotes/origin/* # timeout=10
 > git rev-parse refs/remotes/origin/feature_AC^{commit} # timeout=10
Checking out Revision 5db2708c7d4839b3c4f8ee97649855526b42e7f7 (refs/remotes/origin/feature_AC)
 > git config core.sparsecheckout # timeout=10
 > git checkout -f 5db2708c7d4839b3c4f8ee97649855526b42e7f7 # timeout=10
Commit message: "Update report_failed_tests_to_jira.py"
 > git rev-list --no-walk dccc1ec7ab9f06eaefa6f918068223c096527805 # timeout=10
[8mha:////4PZJj928vnC8o/ql3k/nca4iwp7fW77aWu4eqWoOCYN/AAAAoh+LCAAAAAAAAP9tjTEOAiEURD9rLGwtPQTbGRNjZUtoPAGyiLDkfxZYdytP5NW8g8RNrJxkknnTvNcb1jnBiZLl3mDvMGvHYxhtXXyi1N8CTdzTlWvCTMFwaSZJnTkvKKkYWMIaWAnYGNSBskNbYCu8eqg2KLTtpaT6HQU0rhvgCUxUc1GpfGFOsLuPXSb8ef4KYI6xADvU7j9Dg2gqvAAAAA==[0m[Pipeline] }
[8mha:////4ENqqrBlExrAMkobxJSCpIPBr615OpPIRsVZIKMfDkRyAAAAoh+LCAAAAAAAAP9tjTEOAiEURD9rLGwtPQRbWRhjZUtoPAGyiLDkfxZYdytP5NW8g8RNrJxkknnTvNcb1jnBiZLl3mDvMGvHYxhtXXyi1N8CTdzTlWvCTMFwaSZJnTkvKKkYWMIaWAnYGNSBskNbYCu8eqg2KLTtpaT6HQU0rhvgCUxUc1GpfGFOsLuPXSb8ef4KYI6xADvU7j9J+wGOvAAAAA==[0m[Pipeline] // stage
[8mha:////4Pef7RKJzSXKnCmDrYBKpAS4REVx270wFEQqpIRQLzu+AAAAph+LCAAAAAAAAP9tjTEOwjAQBM9BKWgpeYQDEh2iorXc8AITG+PEugv2haTiRXyNPxCIRMVWOyut5vmCMic4UPKycdgGzHWQXez91ORAqb1EGmRDZ1kTZopOajdosu44oyZ2MEcUsFCwdFhHygE9w0o15m6qaNBXJ07TtldQBHuDBwg1mdkk/sKYYH3tbSb8ef4KYOwYxI6h2G4+x/INtuQqUcEAAAA=[0m[Pipeline] withEnv
[8mha:////4Fk4rLYmaG3vh01oLn8qwt92amHWoRkh5q69CZav7lwTAAAApR+LCAAAAAAAAP9tjTEOwjAUQ3+DOrAycoiUzoiJNerCCUITQtLo/zZJSSdOxNW4Ay2VmPBg2Zas93pDGQOcKBjuNHYWY2t570czJ54pdDdPmTu68pYwkte80bkhpc9rbShpWFUw2AjYamw9RYsmwU44+ZCVl2iqSwrzdhTArBrgCYWYyUmG9C1TgP19VJHwx/kLgKlPwOrDYvXyLD8BobDcwgAAAA==[0m[Pipeline] {
[8mha:////4C/fnrrmZ7PRUSfy1wkA2y/eSqofJ0hIJbTfxu4uxIMcAAAAph+LCAAAAAAAAP9tjTEOwjAUQ3+LOrAycohUZUVMrFEWThCaEJJG/7dJSjpxIq7GHWipxIQHy7ZkvdcbqhjgRMEwp7GzGFvLej+aObFMobt5yszRlbWEkbxmQmdBSp/XKihpWFWUsOGw1dh6ihZNgh138iFrL9HUlxTm7cihtGqAJxR8JicZ0rdMAfb3UUXCH+cvAKY+Qdk0ix2WZ/UBbwyqm8IAAAA=[0m[Pipeline] withEnv
[8mha:////4IYpdTi0vcFbTPhsRNT6VN2SDVRKtaAZuQOUVnZFiZxxAAAAph+LCAAAAAAAAP9tjTEOwjAUQ3+LOrAycohUwIiYukZZOEFoQkgb/V9+UtqJE3E17kBLJSY8WLYl673eUESGE7ETjcXWY6y96ELvpiQG4vYaaBANXURNGClYoeygyNhqqYqShUVZDisJa4t1oOjRJdjIRj90GTS68px42o4Scm/u8IRMTuSkOX3LyLC99SYS/jh/ATB2CfLdfrbD/Cw+y7kUycIAAAA=[0m[Pipeline] {
[8mha:////4M0iamKMO0fDuMfcq6FeuTIYTg5djYJorl2fXP1ST5OHAAAApx+LCAAAAAAAAP9tjTEOwjAUQ3+LOrAycohUCDbE1DXKwglCE0La6P/yk9JOnIircQdaKjHhwbItWe/1hiIynIidaCy2HmPtRRd6NyUxELfXQINo6CJqwkjBCmUHRcZWS1WULCzKclhJWFusA0WPLsFGNvqhy6DRlefE03aUkHtzhydkciInzelbRobtrTeR8Mf5C4CxS5Dv9rMd5mfxAbNWnxXCAAAA[0m[Pipeline] stage
[8mha:////4IrTBy6XfDpNFJeCMq1JALEZmXOT0Ca2RcM5H4SF+HDtAAAApx+LCAAAAAAAAP9tjTEOwjAUQ3+LOrAycohUSDAhpq5RFk4QmhDSRv+Xn5R24kRcjTvQUokJD5ZtyXqvNxSR4UTsRGOx9RhrL7rQuymJgbi9BhpEQxdRE0YKVig7KDK2WqqiZGFRlsNKwtpiHSh6dAk2stEPXQaNrjwnnrajhNybOzwhkxM5aU7fMjJsb72JhD/OXwCMXYJ8t5/tMD+LD5WQ+PfCAAAA[0m[Pipeline] { (Checkout)
[8mha:////4PP4VDyOf8z4bogktarOMuRyGOogTOI/p5jKI2IIoIg7AAAApB+LCAAAAAAAAP9tjTEOwjAQBC9BFLSUPOIiCmgQVVrLDS8wsTFOrDtjOyQVL+Jr/IFAJCq2WO1sM88XLFOEI0eLraHOUWocBt/baeHAsbt4HrDlMzZMib1BaQbJ2tQzSs4G5hQlLASsDDWekyObYS1adVeVV2SrU47TdxBQOn2DBxRiMmcV8xfGCJtrrxPTz/NXAGPIUG53n9qHN7LjSKW+AAAA[0m[Pipeline] deleteDir
[8mha:////4EKKoJBmeEJxr9TD4vsd7WRxtgj/2E9hMrOt4m4+xHVyAAAApR+LCAAAAAAAAP9tjTEOwjAQBC9BFLSUPOIiCkSBqNJabniBiY1xYt0Z2yGpeBFf4w8EIlGxxWpnm3m+YJkiHDlabA11jlLjMPjeTgsHjt3F84Atn7FhSuwNSjNI1qaeUXI2MKcoYSFgZajxnBzZDGvRqruqvCJbnXKcvoOA0ukbPKAQkzmrmL8wRthce52Yfp6/AhhDhnK7+9Q+vAHz0lO8vgAAAA==[0m[Pipeline] checkout
The recommended git tool is: git
No credentials specified
Cloning the remote Git repository
Cloning repository https://github.com/minojj/Elice-BugsHunters
 > git init /var/jenkins_home/workspace/elice_bugshunters # timeout=10
Fetching upstream changes from https://github.com/minojj/Elice-BugsHunters
 > git --version # timeout=10
 > git --version # 'git version 2.47.3'
 > git fetch --tags --force --progress -- https://github.com/minojj/Elice-BugsHunters +refs/heads/*:refs/remotes/origin/* # timeout=10
 > git config remote.origin.url https://github.com/minojj/Elice-BugsHunters # timeout=10
 > git config --add remote.origin.fetch +refs/heads/*:refs/remotes/origin/* # timeout=10
Avoid second fetch
 > git rev-parse refs/remotes/origin/feature_AC^{commit} # timeout=10
Checking out Revision 5db2708c7d4839b3c4f8ee97649855526b42e7f7 (refs/remotes/origin/feature_AC)
 > git config core.sparsecheckout # timeout=10
 > git checkout -f 5db2708c7d4839b3c4f8ee97649855526b42e7f7 # timeout=10
Commit message: "Update report_failed_tests_to_jira.py"
[8mha:////4HWIVPtaervbUpBS/Nvj0y43nkK2oZmIL9prZXlWM6tvAAAApR+LCAAAAAAAAP9tjTEOwjAQBC9BFLSUPOIiCiQkRJXWcsMLTGyME+vO2A5JxYv4Gn8gEImKLVY728zzBcsU4cjRYmuoc5Qah8H3dlo4cOwungds+YwNU2JvUJpBsjb1jJKzgTlFCQsBK0ON5+TIZliLVt1V5RXZ6pTj9B0ElE7f4AGFmMxZxfyFMcLm2uvE9PP8FcAYQoZyu//U7g1b0dOKvgAAAA==[0m[Pipeline] }
[8mha:////4CFjI+NDjll/Vyaae+43vOw2UXHb/pAQie+a1wjNBHouAAAApR+LCAAAAAAAAP9tjTEOwjAQBC9BFLSUPOIiJBqEqNJabniBiY1xYt0Z2yGpeBFf4w8EIlGxxWpnm3m+YJkiHDlabA11jlLjMPjeTgsHjt3F84Atn7FhSuwNSjNI1qaeUXI2MKcoYSFgZajxnBzZDGvRqruqvCJbnXKcvoOA0ukbPKAQkzmrmL8wRthce52Yfp6/AhhDyFBu95/avQFoMog2vgAAAA==[0m[Pipeline] // stage
[8mha:////4N9KjZeMfWUImm1lZJqweE5zHb5Qwif2DfblZrp9xUufAAAApx+LCAAAAAAAAP9tjT0OwjAUg1+LOrAycoiUnxF1Yo26cILQhJA0eq8kKenEibgadyBQiQkPlm3J+p4vqIKHhrxmVmFvMHSGDW7UObFEvr84SszSmXWEgZxirUotSXWca0tRwayihAWHpcLOUTCoI6y4FXdRO4G6PkWftwOH0sgbPKDgmRyFj98yeVhfRxkIf5y/AJiGCOV2n223+TyrNzgO5r/CAAAA[0m[Pipeline] stage
[8mha:////4GPzXeG7lMkpmGh+arwFPsENwnj95tCsamk/DmL97hmjAAAAph+LCAAAAAAAAP9tjTEOwjAUQ3+LOrAycogUWBFT1ygLJwhNCGmj/8tPSjtxIq7GHWipxIQHy7ZkvdcbishwInaisdh6jLUXXejdlMRA3F4DDaKhi6gJIwUrlB0UGVstVVGysCjLYSVhbbEOFD26BBvZ6Icug0ZXnhNP21FC7s0dnpDJiZw0p28ZGba33kTCH+cvAMYuQX7Yzbafn8UHbGnGmsIAAAA=[0m[Pipeline] { (Build Docker Image)
[8mha:////4IOLh1TOKc0QFGdGZ01bjT9PylbnA022haOKQ6SjlZZjAAAAph+LCAAAAAAAAP9tjTEOwjAUQ3+DOrAycohUdEVMrFEXThCaEJJG/7dJSjpxIq7GHWipxIQHy7ZkvdcbyhjgRMFwp7GzGFvLez+aOfFMobt5ytzRlbeEkbzmjc4NKX1ea0NJw6qCwUbAVmPrKVo0CXbCyYesvERTXVKYt6MAZtUATyjETE4ypG+ZAuzvo4qEP85fAEx9AlYfFquXZ/kBAsTc3cIAAAA=[0m[Pipeline] script
[8mha:////4ImnYqxHhdzsSXv5wdjBaFZm5scNAVqYX0B6Z/3WM0tDAAAAph+LCAAAAAAAAP9tjTEOwjAUQ3+LOrAycohUKiNiYo2ycILQhJA0+r9NUtKJE3E17kBLJSY8WLYl673eUMUAJwqGOY2dxdha1vvRzIllCt3NU2aOrqwljOQ1EzoLUvq8VkFJw6qihA2HrcbWU7RoEuy4kw9Ze4mmvqQwb0cOpVUDPKHgMznJkL5lCrC/jyoS/jh/ATD1CcqmWeywPKsPpnFij8IAAAA=[0m[Pipeline] {
[8mha:////4FguT/cW2qcR4n61AEbjZcmANykXF95E2z8t3bRARswRAAAApB+LCAAAAAAAAP9tjTEOwjAQBC9BFLSUPOIiAR2iSmu54QUmNsaJdWdsh6TiRXyNPxCIRMUWq51t5vmCZYpw5GixNdQ5So3D4Hs7LRw4dhfPA7Z8xoYpsTcozSBZm3pGydnAnKKEhYCVocZzcmQzrEWr7qryimx1ynH6DgJKp2/wgEJM5qxi/sIYYXPtdWL6ef4KYAwZyu3uU/vwBrANZ3i+AAAA[0m[Pipeline] sh
+ set -eux
+ echo ðŸ³ Docker ì´ë¯¸ì§€ ë¹Œë“œ ì‹œìž‘
ðŸ³ Docker ì´ë¯¸ì§€ ë¹Œë“œ ì‹œìž‘
+ docker builder prune -f
DEPRECATED: The legacy builder is deprecated and will be removed in a future release.
            Install the buildx component to build images with BuildKit:
            https://docs.docker.com/go/buildx/

Total reclaimed space: 0B
+ docker build -t elice-bugshunters:27 -f Dockerfile .
DEPRECATED: The legacy builder is deprecated and will be removed in a future release.
            Install the buildx component to build images with BuildKit:
            https://docs.docker.com/go/buildx/

Sending build context to Docker daemon  17.58MB
Step 1/11 : FROM python:3.14-slim-bookworm
 ---> e8ea0e4fc6f1
Step 2/11 : ENV PYTHONDONTWRITEBYTECODE=1     PYTHONUNBUFFERED=1
 ---> Running in 33d071468c5e
 ---> Removed intermediate container 33d071468c5e
 ---> 49a40e2d75f5
Step 3/11 : RUN set -eux;     apt-get update;     DEBIAN_FRONTEND=noninteractive apt-get install -y --no-install-recommends       chromium chromium-driver fonts-liberation tzdata ca-certificates curl git;     rm -rf /var/lib/apt/lists/*
 ---> Running in 557950aaa0fb
[91m+ apt-get update
[0mGet:1 http://deb.debian.org/debian bookworm InRelease [151 kB]
Get:2 http://deb.debian.org/debian bookworm-updates InRelease [55.4 kB]
Get:3 http://deb.debian.org/debian-security bookworm-security InRelease [48.0 kB]
Get:4 http://deb.debian.org/debian bookworm/main arm64 Packages [8693 kB]
Get:5 http://deb.debian.org/debian bookworm-updates/main arm64 Packages [6936 B]
Get:6 http://deb.debian.org/debian-security bookworm-security/main arm64 Packages [283 kB]
Fetched 9237 kB in 2s (4258 kB/s)
Reading package lists...
[91m+ DEBIAN_FRONTEND=noninteractive apt-get install -y --no-install-recommends chromium chromium-driver fonts-liberation tzdata ca-certificates curl git
[0mReading package lists...
Building dependency tree...
Reading state information...
tzdata is already the newest version (2025b-0+deb12u2).
ca-certificates is already the newest version (20230311+deb12u1).
The following additional packages will be installed:
  adwaita-icon-theme at-spi2-common chromium-common dbus dbus-bin dbus-daemon
  dbus-session-bus-common dbus-system-bus-common dbus-user-session
  dconf-gsettings-backend dconf-service dmsetup fontconfig fontconfig-config
  git-man gtk-update-icon-cache hicolor-icon-theme libapparmor1 libargon2-1
  libasound2 libasound2-data libasyncns0 libatk-bridge2.0-0 libatk1.0-0
  libatspi2.0-0 libavahi-client3 libavahi-common-data libavahi-common3
  libbrotli1 libbsd0 libcairo-gobject2 libcairo2 libcolord2 libcryptsetup12
  libcups2 libcurl3-gnutls libcurl4 libdatrie1 libdav1d6 libdbus-1-3 libdconf1
  libdeflate0 libdevmapper1.02.1 libdouble-conversion3 libdrm-amdgpu1
  libdrm-common libdrm-nouveau2 libdrm-radeon1 libdrm2 libedit2 libelf1
  libepoxy0 liberror-perl libexpat1 libfdisk1 libflac12 libfontconfig1
  libfontenc1 libfreetype6 libfribidi0 libgbm1 libgdbm-compat4
  libgdk-pixbuf-2.0-0 libgdk-pixbuf2.0-common libgl1 libgl1-mesa-dri
  libglapi-mesa libglib2.0-0 libglvnd0 libglx-mesa0 libglx0 libgraphite2-3
  libgssapi-krb5-2 libgtk-3-0 libgtk-3-common libharfbuzz-subset0
  libharfbuzz0b libice6 libicu72 libip4tc2 libjbig0 libjpeg62-turbo libjson-c5
  libk5crypto3 libkeyutils1 libkmod2 libkrb5-3 libkrb5support0 liblcms2-2
  libldap-2.5-0 liblerc4 libllvm15 libminizip1 libmp3lame0 libmpg123-0
  libnghttp2-14 libnspr4 libnss3 libogg0 libopenh264-7 libopenjp2-7 libopus0
  libpam-systemd libpango-1.0-0 libpangocairo-1.0-0 libpangoft2-1.0-0
  libperl5.36 libpixman-1-0 libpng16-16 libproc2-0 libpsl5 libpulse0 librtmp1
  libsasl2-2 libsasl2-modules-db libsensors-config libsensors5 libsm6
  libsndfile1 libssh2-1 libsystemd-shared libthai-data libthai0 libtiff6
  libvorbis0a libvorbisenc2 libwayland-client0 libwayland-cursor0
  libwayland-egl1 libwayland-server0 libwebp7 libx11-6 libx11-data libx11-xcb1
  libxau6 libxaw7 libxcb-dri2-0 libxcb-dri3-0 libxcb-glx0 libxcb-present0
  libxcb-randr0 libxcb-render0 libxcb-shape0 libxcb-shm0 libxcb-sync1
  libxcb-xfixes0 libxcb1 libxcomposite1 libxcursor1 libxdamage1 libxdmcp6
  libxext6 libxfixes3 libxft2 libxi6 libxinerama1 libxkbcommon0 libxkbfile1
  libxml2 libxmu6 libxmuu1 libxnvctrl0 libxpm4 libxrandr2 libxrender1
  libxshmfence1 libxslt1.1 libxt6 libxtst6 libxv1 libxxf86dga1 libxxf86vm1
  libz3-4 perl perl-modules-5.36 procps shared-mime-info systemd systemd-sysv
  x11-common x11-utils xdg-utils xkb-data
Suggested packages:
  chromium-l10n chromium-shell gettext-base git-daemon-run
  | git-daemon-sysvinit git-doc git-email git-gui gitk gitweb git-cvs
  git-mediawiki git-svn libasound2-plugins alsa-utils colord cups-common
  low-memory-monitor krb5-doc krb5-user gvfs liblcms2-utils opus-tools
  sensible-utils pulseaudio lm-sensors perl-doc libterm-readline-gnu-perl
  | libterm-readline-perl-perl make libtap-harness-archive-perl
  systemd-container systemd-homed systemd-userdbd systemd-boot
  systemd-resolved libfido2-1 libqrencode4 libtss2-esys-3.0.2-0 libtss2-mu0
  libtss2-rc0 polkitd | policykit-1 mesa-utils
Recommended packages:
  librsvg2-common chromium-sandbox upower udev notification-daemon
  system-config-printer patch less ssh-client alsa-ucm-conf alsa-topology-conf
  at-spi2-core libgdk-pixbuf2.0-bin libglib2.0-data xdg-user-dirs libgtk-3-bin
  krb5-locales libldap-common publicsuffix libsasl2-modules psmisc
  systemd-timesyncd | time-daemon libnss-systemd libfile-mimeinfo-perl
  libnet-dbus-perl libx11-protocol-perl x11-xserver-utils
The following NEW packages will be installed:
  adwaita-icon-theme at-spi2-common chromium chromium-common chromium-driver
  curl dbus dbus-bin dbus-daemon dbus-session-bus-common
  dbus-system-bus-common dbus-user-session dconf-gsettings-backend
  dconf-service dmsetup fontconfig fontconfig-config fonts-liberation git
  git-man gtk-update-icon-cache hicolor-icon-theme libapparmor1 libargon2-1
  libasound2 libasound2-data libasyncns0 libatk-bridge2.0-0 libatk1.0-0
  libatspi2.0-0 libavahi-client3 libavahi-common-data libavahi-common3
  libbrotli1 libbsd0 libcairo-gobject2 libcairo2 libcolord2 libcryptsetup12
  libcups2 libcurl3-gnutls libcurl4 libdatrie1 libdav1d6 libdbus-1-3 libdconf1
  libdeflate0 libdevmapper1.02.1 libdouble-conversion3 libdrm-amdgpu1
  libdrm-common libdrm-nouveau2 libdrm-radeon1 libdrm2 libedit2 libelf1
  libepoxy0 liberror-perl libexpat1 libfdisk1 libflac12 libfontconfig1
  libfontenc1 libfreetype6 libfribidi0 libgbm1 libgdbm-compat4
  libgdk-pixbuf-2.0-0 libgdk-pixbuf2.0-common libgl1 libgl1-mesa-dri
  libglapi-mesa libglib2.0-0 libglvnd0 libglx-mesa0 libglx0 libgraphite2-3
  libgssapi-krb5-2 libgtk-3-0 libgtk-3-common libharfbuzz-subset0
  libharfbuzz0b libice6 libicu72 libip4tc2 libjbig0 libjpeg62-turbo libjson-c5
  libk5crypto3 libkeyutils1 libkmod2 libkrb5-3 libkrb5support0 liblcms2-2
  libldap-2.5-0 liblerc4 libllvm15 libminizip1 libmp3lame0 libmpg123-0
  libnghttp2-14 libnspr4 libnss3 libogg0 libopenh264-7 libopenjp2-7 libopus0
  libpam-systemd libpango-1.0-0 libpangocairo-1.0-0 libpangoft2-1.0-0
  libperl5.36 libpixman-1-0 libpng16-16 libproc2-0 libpsl5 libpulse0 librtmp1
  libsasl2-2 libsasl2-modules-db libsensors-config libsensors5 libsm6
  libsndfile1 libssh2-1 libsystemd-shared libthai-data libthai0 libtiff6
  libvorbis0a libvorbisenc2 libwayland-client0 libwayland-cursor0
  libwayland-egl1 libwayland-server0 libwebp7 libx11-6 libx11-data libx11-xcb1
  libxau6 libxaw7 libxcb-dri2-0 libxcb-dri3-0 libxcb-glx0 libxcb-present0
  libxcb-randr0 libxcb-render0 libxcb-shape0 libxcb-shm0 libxcb-sync1
  libxcb-xfixes0 libxcb1 libxcomposite1 libxcursor1 libxdamage1 libxdmcp6
  libxext6 libxfixes3 libxft2 libxi6 libxinerama1 libxkbcommon0 libxkbfile1
  libxml2 libxmu6 libxmuu1 libxnvctrl0 libxpm4 libxrandr2 libxrender1
  libxshmfence1 libxslt1.1 libxt6 libxtst6 libxv1 libxxf86dga1 libxxf86vm1
  libz3-4 perl perl-modules-5.36 procps shared-mime-info systemd systemd-sysv
  x11-common x11-utils xdg-utils xkb-data
0 upgraded, 188 newly installed, 0 to remove and 0 not upgraded.
Need to get 199 MB of archives.
After this operation, 812 MB of additional disk space will be used.
Get:1 http://deb.debian.org/debian bookworm/main arm64 libargon2-1 arm64 0~20171227-0.3+deb12u1 [18.7 kB]
Get:2 http://deb.debian.org/debian bookworm/main arm64 dmsetup arm64 2:1.02.185-2 [75.2 kB]
Get:3 http://deb.debian.org/debian bookworm/main arm64 libdevmapper1.02.1 arm64 2:1.02.185-2 [115 kB]
Get:4 http://deb.debian.org/debian bookworm/main arm64 libjson-c5 arm64 0.16-2 [42.9 kB]
Get:5 http://deb.debian.org/debian bookworm/main arm64 libcryptsetup12 arm64 2:2.6.1-4~deb12u2 [205 kB]
Get:6 http://deb.debian.org/debian bookworm/main arm64 libfdisk1 arm64 2.38.1-5+deb12u3 [182 kB]
Get:7 http://deb.debian.org/debian bookworm/main arm64 libkmod2 arm64 30+20221128-1 [54.4 kB]
Get:8 http://deb.debian.org/debian bookworm/main arm64 libapparmor1 arm64 3.0.8-3 [40.3 kB]
Get:9 http://deb.debian.org/debian bookworm/main arm64 libip4tc2 arm64 1.8.9-2 [18.5 kB]
Get:10 http://deb.debian.org/debian bookworm/main arm64 libsystemd-shared arm64 252.39-1~deb12u1 [1507 kB]
Get:11 http://deb.debian.org/debian bookworm/main arm64 systemd arm64 252.39-1~deb12u1 [2837 kB]
Get:12 http://deb.debian.org/debian bookworm/main arm64 systemd-sysv arm64 252.39-1~deb12u1 [42.6 kB]
Get:13 http://deb.debian.org/debian bookworm/main arm64 libdbus-1-3 arm64 1.14.10-1~deb12u1 [193 kB]
Get:14 http://deb.debian.org/debian bookworm/main arm64 dbus-bin arm64 1.14.10-1~deb12u1 [104 kB]
Get:15 http://deb.debian.org/debian bookworm/main arm64 dbus-session-bus-common all 1.14.10-1~deb12u1 [78.2 kB]
Get:16 http://deb.debian.org/debian bookworm/main arm64 libexpat1 arm64 2.5.0-1+deb12u2 [86.3 kB]
Get:17 http://deb.debian.org/debian bookworm/main arm64 dbus-daemon arm64 1.14.10-1~deb12u1 [176 kB]
Get:18 http://deb.debian.org/debian bookworm/main arm64 dbus-system-bus-common all 1.14.10-1~deb12u1 [79.3 kB]
Get:19 http://deb.debian.org/debian bookworm/main arm64 dbus arm64 1.14.10-1~deb12u1 [96.2 kB]
Get:20 http://deb.debian.org/debian bookworm/main arm64 perl-modules-5.36 all 5.36.0-7+deb12u3 [2815 kB]
Get:21 http://deb.debian.org/debian bookworm/main arm64 libgdbm-compat4 arm64 1.23-3 [48.0 kB]
Get:22 http://deb.debian.org/debian bookworm/main arm64 libperl5.36 arm64 5.36.0-7+deb12u3 [4009 kB]
Get:23 http://deb.debian.org/debian bookworm/main arm64 perl arm64 5.36.0-7+deb12u3 [239 kB]
Get:24 http://deb.debian.org/debian bookworm/main arm64 libproc2-0 arm64 2:4.0.2-3 [60.1 kB]
Get:25 http://deb.debian.org/debian bookworm/main arm64 procps arm64 2:4.0.2-3 [698 kB]
Get:26 http://deb.debian.org/debian bookworm/main arm64 libpam-systemd arm64 252.39-1~deb12u1 [209 kB]
Get:27 http://deb.debian.org/debian bookworm/main arm64 hicolor-icon-theme all 0.17-2 [11.4 kB]
Get:28 http://deb.debian.org/debian bookworm/main arm64 libgdk-pixbuf2.0-common all 2.42.10+dfsg-1+deb12u2 [306 kB]
Get:29 http://deb.debian.org/debian bookworm/main arm64 libglib2.0-0 arm64 2.74.6-2+deb12u7 [1316 kB]
Get:30 http://deb.debian.org/debian bookworm/main arm64 libicu72 arm64 72.1-3+deb12u1 [9202 kB]
Get:31 http://deb.debian.org/debian bookworm/main arm64 libxml2 arm64 2.9.14+dfsg-1.3~deb12u4 [620 kB]
Get:32 http://deb.debian.org/debian bookworm/main arm64 shared-mime-info arm64 2.2-1 [727 kB]
Get:33 http://deb.debian.org/debian bookworm/main arm64 libjpeg62-turbo arm64 1:2.1.5-2 [171 kB]
Get:34 http://deb.debian.org/debian bookworm/main arm64 libpng16-16 arm64 1.6.39-2 [269 kB]
Get:35 http://deb.debian.org/debian bookworm/main arm64 libdeflate0 arm64 1.14-1 [54.3 kB]
Get:36 http://deb.debian.org/debian bookworm/main arm64 libjbig0 arm64 2.1-6.1 [30.0 kB]
Get:37 http://deb.debian.org/debian bookworm/main arm64 liblerc4 arm64 4.0.0+ds-2 [138 kB]
Get:38 http://deb.debian.org/debian bookworm/main arm64 libwebp7 arm64 1.2.4-0.2+deb12u1 [260 kB]
Get:39 http://deb.debian.org/debian-security bookworm-security/main arm64 libtiff6 arm64 4.5.0-6+deb12u3 [301 kB]
Get:40 http://deb.debian.org/debian bookworm/main arm64 libgdk-pixbuf-2.0-0 arm64 2.42.10+dfsg-1+deb12u2 [130 kB]
Get:41 http://deb.debian.org/debian bookworm/main arm64 gtk-update-icon-cache arm64 3.24.38-2~deb12u3 [43.6 kB]
Get:42 http://deb.debian.org/debian bookworm/main arm64 adwaita-icon-theme all 43-1 [5124 kB]
Get:43 http://deb.debian.org/debian bookworm/main arm64 at-spi2-common all 2.46.0-5 [162 kB]
Get:44 http://deb.debian.org/debian bookworm/main arm64 libasound2-data all 1.2.8-1 [20.5 kB]
Get:45 http://deb.debian.org/debian bookworm/main arm64 libasound2 arm64 1.2.8-1+b1 [327 kB]
Get:46 http://deb.debian.org/debian bookworm/main arm64 libatk1.0-0 arm64 2.46.0-5 [47.4 kB]
Get:47 http://deb.debian.org/debian bookworm/main arm64 libxau6 arm64 1:1.0.9-1 [19.7 kB]
Get:48 http://deb.debian.org/debian bookworm/main arm64 libbsd0 arm64 0.11.7-2 [115 kB]
Get:49 http://deb.debian.org/debian bookworm/main arm64 libxdmcp6 arm64 1:1.1.2-3 [25.4 kB]
Get:50 http://deb.debian.org/debian bookworm/main arm64 libxcb1 arm64 1.15-1 [143 kB]
Get:51 http://deb.debian.org/debian bookworm/main arm64 libx11-data all 2:1.8.4-2+deb12u2 [292 kB]
Get:52 http://deb.debian.org/debian bookworm/main arm64 libx11-6 arm64 2:1.8.4-2+deb12u2 [735 kB]
Get:53 http://deb.debian.org/debian bookworm/main arm64 libxext6 arm64 2:1.3.4-1+b1 [51.7 kB]
Get:54 http://deb.debian.org/debian bookworm/main arm64 libxi6 arm64 2:1.8-1+b1 [82.3 kB]
Get:55 http://deb.debian.org/debian bookworm/main arm64 libatspi2.0-0 arm64 2.46.0-5 [71.0 kB]
Get:56 http://deb.debian.org/debian bookworm/main arm64 libatk-bridge2.0-0 arm64 2.46.0-5 [61.4 kB]
Get:57 http://deb.debian.org/debian bookworm/main arm64 libbrotli1 arm64 1.0.9-2+b6 [269 kB]
Get:58 http://deb.debian.org/debian bookworm/main arm64 libfreetype6 arm64 2.12.1+dfsg-5+deb12u4 [368 kB]
Get:59 http://deb.debian.org/debian bookworm/main arm64 fonts-liberation all 1:1.07.4-11 [828 kB]
Get:60 http://deb.debian.org/debian bookworm/main arm64 fontconfig-config arm64 2.14.1-4 [315 kB]
Get:61 http://deb.debian.org/debian bookworm/main arm64 libfontconfig1 arm64 2.14.1-4 [381 kB]
Get:62 http://deb.debian.org/debian bookworm/main arm64 libpixman-1-0 arm64 0.42.2-1 [470 kB]
Get:63 http://deb.debian.org/debian bookworm/main arm64 libxcb-render0 arm64 1.15-1 [115 kB]
Get:64 http://deb.debian.org/debian bookworm/main arm64 libxcb-shm0 arm64 1.15-1 [106 kB]
Get:65 http://deb.debian.org/debian bookworm/main arm64 libxrender1 arm64 1:0.9.10-1.1 [32.0 kB]
Get:66 http://deb.debian.org/debian bookworm/main arm64 libcairo2 arm64 1.16.0-7 [527 kB]
Get:67 http://deb.debian.org/debian bookworm/main arm64 libavahi-common-data arm64 0.8-10+deb12u1 [107 kB]
Get:68 http://deb.debian.org/debian bookworm/main arm64 libavahi-common3 arm64 0.8-10+deb12u1 [41.2 kB]
Get:69 http://deb.debian.org/debian bookworm/main arm64 libavahi-client3 arm64 0.8-10+deb12u1 [44.3 kB]
Get:70 http://deb.debian.org/debian bookworm/main arm64 libkrb5support0 arm64 1.20.1-2+deb12u4 [32.5 kB]
Get:71 http://deb.debian.org/debian bookworm/main arm64 libk5crypto3 arm64 1.20.1-2+deb12u4 [80.2 kB]
Get:72 http://deb.debian.org/debian bookworm/main arm64 libkeyutils1 arm64 1.6.3-2 [8844 B]
Get:73 http://deb.debian.org/debian bookworm/main arm64 libkrb5-3 arm64 1.20.1-2+deb12u4 [314 kB]
Get:74 http://deb.debian.org/debian bookworm/main arm64 libgssapi-krb5-2 arm64 1.20.1-2+deb12u4 [124 kB]
Get:75 http://deb.debian.org/debian-security bookworm-security/main arm64 libcups2 arm64 2.4.2-3+deb12u9 [230 kB]
Get:76 http://deb.debian.org/debian bookworm/main arm64 libdav1d6 arm64 1.0.0-2+deb12u1 [275 kB]
Get:77 http://deb.debian.org/debian bookworm/main arm64 libdouble-conversion3 arm64 3.2.1-1 [37.6 kB]
Get:78 http://deb.debian.org/debian bookworm/main arm64 libogg0 arm64 1.3.5-3 [23.0 kB]
Get:79 http://deb.debian.org/debian bookworm/main arm64 libflac12 arm64 1.4.2+ds-2 [161 kB]
Get:80 http://deb.debian.org/debian bookworm/main arm64 libdrm-common all 2.4.114-1 [7112 B]
Get:81 http://deb.debian.org/debian bookworm/main arm64 libdrm2 arm64 2.4.114-1+b1 [36.7 kB]
Get:82 http://deb.debian.org/debian bookworm/main arm64 libwayland-server0 arm64 1.21.0-1 [34.9 kB]
Get:83 http://deb.debian.org/debian bookworm/main arm64 libgbm1 arm64 22.3.6-1+deb12u1 [37.0 kB]
Get:84 http://deb.debian.org/debian bookworm/main arm64 libgraphite2-3 arm64 1.3.14-1 [75.6 kB]
Get:85 http://deb.debian.org/debian bookworm/main arm64 libharfbuzz0b arm64 6.0.0+dfsg-3 [1914 kB]
Get:86 http://deb.debian.org/debian bookworm/main arm64 libharfbuzz-subset0 arm64 6.0.0+dfsg-3 [1902 kB]
Get:87 http://deb.debian.org/debian bookworm/main arm64 liblcms2-2 arm64 2.14-2 [143 kB]
Get:88 http://deb.debian.org/debian bookworm/main arm64 libminizip1 arm64 1.1-8+deb12u1 [19.8 kB]
Get:89 http://deb.debian.org/debian bookworm/main arm64 libnspr4 arm64 2:4.35-1 [105 kB]
Get:90 http://deb.debian.org/debian bookworm/main arm64 libnss3 arm64 2:3.87.1-1+deb12u1 [1218 kB]
Get:91 http://deb.debian.org/debian bookworm/main arm64 libopenh264-7 arm64 2.3.1+dfsg-3+deb12u2 [332 kB]
Get:92 http://deb.debian.org/debian bookworm/main arm64 libopenjp2-7 arm64 2.5.0-2+deb12u2 [176 kB]
Get:93 http://deb.debian.org/debian bookworm/main arm64 libopus0 arm64 1.3.1-3 [176 kB]
Get:94 http://deb.debian.org/debian bookworm/main arm64 fontconfig arm64 2.14.1-4 [449 kB]
Get:95 http://deb.debian.org/debian bookworm/main arm64 libfribidi0 arm64 1.0.8-2.1 [64.9 kB]
Get:96 http://deb.debian.org/debian bookworm/main arm64 libthai-data all 0.1.29-1 [176 kB]
Get:97 http://deb.debian.org/debian bookworm/main arm64 libdatrie1 arm64 0.2.13-2+b1 [42.6 kB]
Get:98 http://deb.debian.org/debian bookworm/main arm64 libthai0 arm64 0.1.29-1 [56.2 kB]
Get:99 http://deb.debian.org/debian bookworm/main arm64 libpango-1.0-0 arm64 1.50.12+ds-1 [200 kB]
Get:100 http://deb.debian.org/debian bookworm/main arm64 libasyncns0 arm64 0.8-6+b3 [12.5 kB]
Get:101 http://deb.debian.org/debian bookworm/main arm64 libmp3lame0 arm64 3.100-6 [357 kB]
Get:102 http://deb.debian.org/debian bookworm/main arm64 libmpg123-0 arm64 1.31.2-1+deb12u1 [141 kB]
Get:103 http://deb.debian.org/debian bookworm/main arm64 libvorbis0a arm64 1.3.7-1 [86.2 kB]
Get:104 http://deb.debian.org/debian bookworm/main arm64 libvorbisenc2 arm64 1.3.7-1 [80.4 kB]
Get:105 http://deb.debian.org/debian bookworm/main arm64 libsndfile1 arm64 1.2.0-1+deb12u1 [183 kB]
Get:106 http://deb.debian.org/debian bookworm/main arm64 libx11-xcb1 arm64 2:1.8.4-2+deb12u2 [192 kB]
Get:107 http://deb.debian.org/debian bookworm/main arm64 libpulse0 arm64 16.1+dfsg1-2+b1 [231 kB]
Get:108 http://deb.debian.org/debian bookworm/main arm64 libxcomposite1 arm64 1:0.4.5-1 [16.6 kB]
Get:109 http://deb.debian.org/debian bookworm/main arm64 libxdamage1 arm64 1:1.1.6-1 [15.2 kB]
Get:110 http://deb.debian.org/debian bookworm/main arm64 libxfixes3 arm64 1:6.0.0-2 [22.9 kB]
Get:111 http://deb.debian.org/debian bookworm/main arm64 xkb-data all 2.35.1-1 [764 kB]
Get:112 http://deb.debian.org/debian bookworm/main arm64 libxkbcommon0 arm64 1.5.0-1 [100 kB]
Get:113 http://deb.debian.org/debian bookworm/main arm64 libxnvctrl0 arm64 525.85.05-3~deb12u1 [13.4 kB]
Get:114 http://deb.debian.org/debian bookworm/main arm64 libxrandr2 arm64 2:1.5.2-2+b1 [38.4 kB]
Get:115 http://deb.debian.org/debian-security bookworm-security/main arm64 libxslt1.1 arm64 1.1.35-1+deb12u3 [221 kB]
Get:116 http://deb.debian.org/debian bookworm/main arm64 libcairo-gobject2 arm64 1.16.0-7 [112 kB]
Get:117 http://deb.debian.org/debian bookworm/main arm64 libcolord2 arm64 1.4.6-2.2 [126 kB]
Get:118 http://deb.debian.org/debian bookworm/main arm64 libepoxy0 arm64 1.5.10-1 [198 kB]
Get:119 http://deb.debian.org/debian bookworm/main arm64 libpangoft2-1.0-0 arm64 1.50.12+ds-1 [44.5 kB]
Get:120 http://deb.debian.org/debian bookworm/main arm64 libpangocairo-1.0-0 arm64 1.50.12+ds-1 [32.0 kB]
Get:121 http://deb.debian.org/debian bookworm/main arm64 libwayland-client0 arm64 1.21.0-1 [27.6 kB]
Get:122 http://deb.debian.org/debian bookworm/main arm64 libwayland-cursor0 arm64 1.21.0-1 [14.1 kB]
Get:123 http://deb.debian.org/debian bookworm/main arm64 libwayland-egl1 arm64 1.21.0-1 [8696 B]
Get:124 http://deb.debian.org/debian bookworm/main arm64 libxcursor1 arm64 1:1.2.1-1 [40.2 kB]
Get:125 http://deb.debian.org/debian bookworm/main arm64 libxinerama1 arm64 2:1.1.4-3 [17.8 kB]
Get:126 http://deb.debian.org/debian bookworm/main arm64 dbus-user-session arm64 1.14.10-1~deb12u1 [78.1 kB]
Get:127 http://deb.debian.org/debian bookworm/main arm64 libdconf1 arm64 0.40.0-4 [39.2 kB]
Get:128 http://deb.debian.org/debian bookworm/main arm64 dconf-service arm64 0.40.0-4 [30.0 kB]
Get:129 http://deb.debian.org/debian bookworm/main arm64 dconf-gsettings-backend arm64 0.40.0-4 [26.3 kB]
Get:130 http://deb.debian.org/debian bookworm/main arm64 libgtk-3-common all 3.24.38-2~deb12u3 [3895 kB]
Get:131 http://deb.debian.org/debian bookworm/main arm64 libgtk-3-0 arm64 3.24.38-2~deb12u3 [2620 kB]
Get:132 http://deb.debian.org/debian bookworm/main arm64 libfontenc1 arm64 1:1.1.4-1 [23.6 kB]
Get:133 http://deb.debian.org/debian bookworm/main arm64 libglvnd0 arm64 1.6.0-1 [41.4 kB]
Get:134 http://deb.debian.org/debian bookworm/main arm64 libglapi-mesa arm64 22.3.6-1+deb12u1 [44.7 kB]
Get:135 http://deb.debian.org/debian bookworm/main arm64 libxcb-dri2-0 arm64 1.15-1 [107 kB]
Get:136 http://deb.debian.org/debian bookworm/main arm64 libxcb-dri3-0 arm64 1.15-1 [107 kB]
Get:137 http://deb.debian.org/debian bookworm/main arm64 libxcb-glx0 arm64 1.15-1 [123 kB]
Get:138 http://deb.debian.org/debian bookworm/main arm64 libxcb-present0 arm64 1.15-1 [106 kB]
Get:139 http://deb.debian.org/debian bookworm/main arm64 libxcb-randr0 arm64 1.15-1 [117 kB]
Get:140 http://deb.debian.org/debian bookworm/main arm64 libxcb-sync1 arm64 1.15-1 [109 kB]
Get:141 http://deb.debian.org/debian bookworm/main arm64 libxcb-xfixes0 arm64 1.15-1 [110 kB]
Get:142 http://deb.debian.org/debian bookworm/main arm64 libxshmfence1 arm64 1.3-1 [8712 B]
Get:143 http://deb.debian.org/debian bookworm/main arm64 libxxf86vm1 arm64 1:1.1.4-1+b2 [20.1 kB]
Get:144 http://deb.debian.org/debian bookworm/main arm64 libdrm-amdgpu1 arm64 2.4.114-1+b1 [20.4 kB]
Get:145 http://deb.debian.org/debian bookworm/main arm64 libdrm-nouveau2 arm64 2.4.114-1+b1 [18.4 kB]
Get:146 http://deb.debian.org/debian bookworm/main arm64 libdrm-radeon1 arm64 2.4.114-1+b1 [20.9 kB]
Get:147 http://deb.debian.org/debian bookworm/main arm64 libelf1 arm64 0.188-2.1 [173 kB]
Get:148 http://deb.debian.org/debian bookworm/main arm64 libedit2 arm64 3.1-20221030-2 [88.1 kB]
Get:149 http://deb.debian.org/debian bookworm/main arm64 libz3-4 arm64 4.8.12-3.1 [6282 kB]
Get:150 http://deb.debian.org/debian bookworm/main arm64 libllvm15 arm64 1:15.0.6-4+b1 [20.7 MB]
Get:151 http://deb.debian.org/debian bookworm/main arm64 libsensors-config all 1:3.6.0-7.1 [14.3 kB]
Get:152 http://deb.debian.org/debian bookworm/main arm64 libsensors5 arm64 1:3.6.0-7.1 [33.3 kB]
Get:153 http://deb.debian.org/debian bookworm/main arm64 libgl1-mesa-dri arm64 22.3.6-1+deb12u1 [6278 kB]
Get:154 http://deb.debian.org/debian bookworm/main arm64 libglx-mesa0 arm64 22.3.6-1+deb12u1 [146 kB]
Get:155 http://deb.debian.org/debian bookworm/main arm64 libglx0 arm64 1.6.0-1 [30.8 kB]
Get:156 http://deb.debian.org/debian bookworm/main arm64 libgl1 arm64 1.6.0-1 [90.2 kB]
Get:157 http://deb.debian.org/debian bookworm/main arm64 x11-common all 1:7.7+23 [252 kB]
Get:158 http://deb.debian.org/debian bookworm/main arm64 libice6 arm64 2:1.0.10-1 [55.6 kB]
Get:159 http://deb.debian.org/debian bookworm/main arm64 libsm6 arm64 2:1.2.3-1 [34.0 kB]
Get:160 http://deb.debian.org/debian bookworm/main arm64 libxt6 arm64 1:1.2.1-1.1 [172 kB]
Get:161 http://deb.debian.org/debian bookworm/main arm64 libxmu6 arm64 2:1.1.3-3 [57.2 kB]
Get:162 http://deb.debian.org/debian bookworm/main arm64 libxpm4 arm64 1:3.5.12-1.1+deb12u1 [45.4 kB]
Get:163 http://deb.debian.org/debian bookworm/main arm64 libxaw7 arm64 2:1.0.14-1 [184 kB]
Get:164 http://deb.debian.org/debian bookworm/main arm64 libxcb-shape0 arm64 1.15-1 [106 kB]
Get:165 http://deb.debian.org/debian bookworm/main arm64 libxft2 arm64 2.3.6-1 [58.7 kB]
Get:166 http://deb.debian.org/debian bookworm/main arm64 libxkbfile1 arm64 1:1.1.0-1 [71.5 kB]
Get:167 http://deb.debian.org/debian bookworm/main arm64 libxmuu1 arm64 2:1.1.3-3 [24.0 kB]
Get:168 http://deb.debian.org/debian bookworm/main arm64 libxtst6 arm64 2:1.2.3-1.1 [27.8 kB]
Get:169 http://deb.debian.org/debian bookworm/main arm64 libxv1 arm64 2:1.0.11-1.1 [24.5 kB]
Get:170 http://deb.debian.org/debian bookworm/main arm64 libxxf86dga1 arm64 2:1.1.5-1 [21.8 kB]
Get:171 http://deb.debian.org/debian bookworm/main arm64 x11-utils arm64 7.7+5 [196 kB]
Get:172 http://deb.debian.org/debian bookworm/main arm64 xdg-utils all 1.1.3-4.1 [75.5 kB]
Get:173 http://deb.debian.org/debian-security bookworm-security/main arm64 chromium-common arm64 142.0.7444.162-1~deb12u1 [27.6 MB]
Get:174 http://deb.debian.org/debian-security bookworm-security/main arm64 chromium arm64 142.0.7444.162-1~deb12u1 [61.5 MB]
Get:175 http://deb.debian.org/debian-security bookworm-security/main arm64 chromium-driver arm64 142.0.7444.162-1~deb12u1 [6384 kB]
Get:176 http://deb.debian.org/debian bookworm/main arm64 libsasl2-modules-db arm64 2.1.28+dfsg-10 [20.8 kB]
Get:177 http://deb.debian.org/debian bookworm/main arm64 libsasl2-2 arm64 2.1.28+dfsg-10 [58.0 kB]
Get:178 http://deb.debian.org/debian bookworm/main arm64 libldap-2.5-0 arm64 2.5.13+dfsg-5 [171 kB]
Get:179 http://deb.debian.org/debian bookworm/main arm64 libnghttp2-14 arm64 1.52.0-1+deb12u2 [68.6 kB]
Get:180 http://deb.debian.org/debian bookworm/main arm64 libpsl5 arm64 0.21.2-1 [58.6 kB]
Get:181 http://deb.debian.org/debian bookworm/main arm64 librtmp1 arm64 2.4+20151223.gitfa8646d.1-2+b2 [59.4 kB]
Get:182 http://deb.debian.org/debian bookworm/main arm64 libssh2-1 arm64 1.10.0-3+b1 [172 kB]
Get:183 http://deb.debian.org/debian bookworm/main arm64 libcurl4 arm64 7.88.1-10+deb12u14 [367 kB]
Get:184 http://deb.debian.org/debian bookworm/main arm64 curl arm64 7.88.1-10+deb12u14 [309 kB]
Get:185 http://deb.debian.org/debian bookworm/main arm64 libcurl3-gnutls arm64 7.88.1-10+deb12u14 [362 kB]
Get:186 http://deb.debian.org/debian bookworm/main arm64 liberror-perl all 0.17029-2 [29.0 kB]
Get:187 http://deb.debian.org/debian bookworm/main arm64 git-man all 1:2.39.5-0+deb12u2 [2053 kB]
Get:188 http://deb.debian.org/debian bookworm/main arm64 git arm64 1:2.39.5-0+deb12u2 [7148 kB]
[91mdebconf: delaying package configuration, since apt-utils is not installed
[0mFetched 199 MB in 19s (10.2 MB/s)
Selecting previously unselected package libargon2-1:arm64.
(Reading database ... (Reading database ... 5%(Reading database ... 10%(Reading database ... 15%(Reading database ... 20%(Reading database ... 25%(Reading database ... 30%(Reading database ... 35%(Reading database ... 40%(Reading database ... 45%(Reading database ... 50%(Reading database ... 55%(Reading database ... 60%(Reading database ... 65%(Reading database ... 70%(Reading database ... 75%(Reading database ... 80%(Reading database ... 85%(Reading database ... 90%(Reading database ... 95%(Reading database ... 100%(Reading database ... 6632 files and directories currently installed.)
Preparing to unpack .../00-libargon2-1_0~20171227-0.3+deb12u1_arm64.deb ...
Unpacking libargon2-1:arm64 (0~20171227-0.3+deb12u1) ...
Selecting previously unselected package dmsetup.
Preparing to unpack .../01-dmsetup_2%3a1.02.185-2_arm64.deb ...
Unpacking dmsetup (2:1.02.185-2) ...
Selecting previously unselected package libdevmapper1.02.1:arm64.
Preparing to unpack .../02-libdevmapper1.02.1_2%3a1.02.185-2_arm64.deb ...
Unpacking libdevmapper1.02.1:arm64 (2:1.02.185-2) ...
Selecting previously unselected package libjson-c5:arm64.
Preparing to unpack .../03-libjson-c5_0.16-2_arm64.deb ...
Unpacking libjson-c5:arm64 (0.16-2) ...
Selecting previously unselected package libcryptsetup12:arm64.
Preparing to unpack .../04-libcryptsetup12_2%3a2.6.1-4~deb12u2_arm64.deb ...
Unpacking libcryptsetup12:arm64 (2:2.6.1-4~deb12u2) ...
Selecting previously unselected package libfdisk1:arm64.
Preparing to unpack .../05-libfdisk1_2.38.1-5+deb12u3_arm64.deb ...
Unpacking libfdisk1:arm64 (2.38.1-5+deb12u3) ...
Selecting previously unselected package libkmod2:arm64.
Preparing to unpack .../06-libkmod2_30+20221128-1_arm64.deb ...
Unpacking libkmod2:arm64 (30+20221128-1) ...
Selecting previously unselected package libapparmor1:arm64.
Preparing to unpack .../07-libapparmor1_3.0.8-3_arm64.deb ...
Unpacking libapparmor1:arm64 (3.0.8-3) ...
Selecting previously unselected package libip4tc2:arm64.
Preparing to unpack .../08-libip4tc2_1.8.9-2_arm64.deb ...
Unpacking libip4tc2:arm64 (1.8.9-2) ...
Selecting previously unselected package libsystemd-shared:arm64.
Preparing to unpack .../09-libsystemd-shared_252.39-1~deb12u1_arm64.deb ...
Unpacking libsystemd-shared:arm64 (252.39-1~deb12u1) ...
Selecting previously unselected package systemd.
Preparing to unpack .../10-systemd_252.39-1~deb12u1_arm64.deb ...
Unpacking systemd (252.39-1~deb12u1) ...
Setting up libargon2-1:arm64 (0~20171227-0.3+deb12u1) ...
Setting up libjson-c5:arm64 (0.16-2) ...
Setting up libfdisk1:arm64 (2.38.1-5+deb12u3) ...
Setting up libkmod2:arm64 (30+20221128-1) ...
Setting up libapparmor1:arm64 (3.0.8-3) ...
Setting up libip4tc2:arm64 (1.8.9-2) ...
Setting up libsystemd-shared:arm64 (252.39-1~deb12u1) ...
Setting up libdevmapper1.02.1:arm64 (2:1.02.185-2) ...
Setting up libcryptsetup12:arm64 (2:2.6.1-4~deb12u2) ...
Setting up systemd (252.39-1~deb12u1) ...
Created symlink /etc/systemd/system/getty.target.wants/getty@tty1.service â†’ /lib/systemd/system/getty@.service.
Created symlink /etc/systemd/system/multi-user.target.wants/remote-fs.target â†’ /lib/systemd/system/remote-fs.target.
Created symlink /etc/systemd/system/sysinit.target.wants/systemd-pstore.service â†’ /lib/systemd/system/systemd-pstore.service.
Initializing machine ID from random generator.
Creating group 'systemd-journal' with GID 999.
Creating group 'systemd-network' with GID 998.
Creating user 'systemd-network' (systemd Network Management) with UID 998 and GID 998.
Setting up dmsetup (2:1.02.185-2) ...
Selecting previously unselected package systemd-sysv.
(Reading database ... (Reading database ... 5%(Reading database ... 10%(Reading database ... 15%(Reading database ... 20%(Reading database ... 25%(Reading database ... 30%(Reading database ... 35%(Reading database ... 40%(Reading database ... 45%(Reading database ... 50%(Reading database ... 55%(Reading database ... 60%(Reading database ... 65%(Reading database ... 70%(Reading database ... 75%(Reading database ... 80%(Reading database ... 85%(Reading database ... 90%(Reading database ... 95%(Reading database ... 100%(Reading database ... 7555 files and directories currently installed.)
Preparing to unpack .../000-systemd-sysv_252.39-1~deb12u1_arm64.deb ...
Unpacking systemd-sysv (252.39-1~deb12u1) ...
Selecting previously unselected package libdbus-1-3:arm64.
Preparing to unpack .../001-libdbus-1-3_1.14.10-1~deb12u1_arm64.deb ...
Unpacking libdbus-1-3:arm64 (1.14.10-1~deb12u1) ...
Selecting previously unselected package dbus-bin.
Preparing to unpack .../002-dbus-bin_1.14.10-1~deb12u1_arm64.deb ...
Unpacking dbus-bin (1.14.10-1~deb12u1) ...
Selecting previously unselected package dbus-session-bus-common.
Preparing to unpack .../003-dbus-session-bus-common_1.14.10-1~deb12u1_all.deb ...
Unpacking dbus-session-bus-common (1.14.10-1~deb12u1) ...
Selecting previously unselected package libexpat1:arm64.
Preparing to unpack .../004-libexpat1_2.5.0-1+deb12u2_arm64.deb ...
Unpacking libexpat1:arm64 (2.5.0-1+deb12u2) ...
Selecting previously unselected package dbus-daemon.
Preparing to unpack .../005-dbus-daemon_1.14.10-1~deb12u1_arm64.deb ...
Unpacking dbus-daemon (1.14.10-1~deb12u1) ...
Selecting previously unselected package dbus-system-bus-common.
Preparing to unpack .../006-dbus-system-bus-common_1.14.10-1~deb12u1_all.deb ...
Unpacking dbus-system-bus-common (1.14.10-1~deb12u1) ...
Selecting previously unselected package dbus.
Preparing to unpack .../007-dbus_1.14.10-1~deb12u1_arm64.deb ...
Unpacking dbus (1.14.10-1~deb12u1) ...
Selecting previously unselected package perl-modules-5.36.
Preparing to unpack .../008-perl-modules-5.36_5.36.0-7+deb12u3_all.deb ...
Unpacking perl-modules-5.36 (5.36.0-7+deb12u3) ...
Selecting previously unselected package libgdbm-compat4:arm64.
Preparing to unpack .../009-libgdbm-compat4_1.23-3_arm64.deb ...
Unpacking libgdbm-compat4:arm64 (1.23-3) ...
Selecting previously unselected package libperl5.36:arm64.
Preparing to unpack .../010-libperl5.36_5.36.0-7+deb12u3_arm64.deb ...
Unpacking libperl5.36:arm64 (5.36.0-7+deb12u3) ...
Selecting previously unselected package perl.
Preparing to unpack .../011-perl_5.36.0-7+deb12u3_arm64.deb ...
Unpacking perl (5.36.0-7+deb12u3) ...
Selecting previously unselected package libproc2-0:arm64.
Preparing to unpack .../012-libproc2-0_2%3a4.0.2-3_arm64.deb ...
Unpacking libproc2-0:arm64 (2:4.0.2-3) ...
Selecting previously unselected package procps.
Preparing to unpack .../013-procps_2%3a4.0.2-3_arm64.deb ...
Unpacking procps (2:4.0.2-3) ...
Selecting previously unselected package libpam-systemd:arm64.
Preparing to unpack .../014-libpam-systemd_252.39-1~deb12u1_arm64.deb ...
Unpacking libpam-systemd:arm64 (252.39-1~deb12u1) ...
Selecting previously unselected package hicolor-icon-theme.
Preparing to unpack .../015-hicolor-icon-theme_0.17-2_all.deb ...
Unpacking hicolor-icon-theme (0.17-2) ...
Selecting previously unselected package libgdk-pixbuf2.0-common.
Preparing to unpack .../016-libgdk-pixbuf2.0-common_2.42.10+dfsg-1+deb12u2_all.deb ...
Unpacking libgdk-pixbuf2.0-common (2.42.10+dfsg-1+deb12u2) ...
Selecting previously unselected package libglib2.0-0:arm64.
Preparing to unpack .../017-libglib2.0-0_2.74.6-2+deb12u7_arm64.deb ...
Unpacking libglib2.0-0:arm64 (2.74.6-2+deb12u7) ...
Selecting previously unselected package libicu72:arm64.
Preparing to unpack .../018-libicu72_72.1-3+deb12u1_arm64.deb ...
Unpacking libicu72:arm64 (72.1-3+deb12u1) ...
Selecting previously unselected package libxml2:arm64.
Preparing to unpack .../019-libxml2_2.9.14+dfsg-1.3~deb12u4_arm64.deb ...
Unpacking libxml2:arm64 (2.9.14+dfsg-1.3~deb12u4) ...
Selecting previously unselected package shared-mime-info.
Preparing to unpack .../020-shared-mime-info_2.2-1_arm64.deb ...
Unpacking shared-mime-info (2.2-1) ...
Selecting previously unselected package libjpeg62-turbo:arm64.
Preparing to unpack .../021-libjpeg62-turbo_1%3a2.1.5-2_arm64.deb ...
Unpacking libjpeg62-turbo:arm64 (1:2.1.5-2) ...
Selecting previously unselected package libpng16-16:arm64.
Preparing to unpack .../022-libpng16-16_1.6.39-2_arm64.deb ...
Unpacking libpng16-16:arm64 (1.6.39-2) ...
Selecting previously unselected package libdeflate0:arm64.
Preparing to unpack .../023-libdeflate0_1.14-1_arm64.deb ...
Unpacking libdeflate0:arm64 (1.14-1) ...
Selecting previously unselected package libjbig0:arm64.
Preparing to unpack .../024-libjbig0_2.1-6.1_arm64.deb ...
Unpacking libjbig0:arm64 (2.1-6.1) ...
Selecting previously unselected package liblerc4:arm64.
Preparing to unpack .../025-liblerc4_4.0.0+ds-2_arm64.deb ...
Unpacking liblerc4:arm64 (4.0.0+ds-2) ...
Selecting previously unselected package libwebp7:arm64.
Preparing to unpack .../026-libwebp7_1.2.4-0.2+deb12u1_arm64.deb ...
Unpacking libwebp7:arm64 (1.2.4-0.2+deb12u1) ...
Selecting previously unselected package libtiff6:arm64.
Preparing to unpack .../027-libtiff6_4.5.0-6+deb12u3_arm64.deb ...
Unpacking libtiff6:arm64 (4.5.0-6+deb12u3) ...
Selecting previously unselected package libgdk-pixbuf-2.0-0:arm64.
Preparing to unpack .../028-libgdk-pixbuf-2.0-0_2.42.10+dfsg-1+deb12u2_arm64.deb ...
Unpacking libgdk-pixbuf-2.0-0:arm64 (2.42.10+dfsg-1+deb12u2) ...
Selecting previously unselected package gtk-update-icon-cache.
Preparing to unpack .../029-gtk-update-icon-cache_3.24.38-2~deb12u3_arm64.deb ...
Unpacking gtk-update-icon-cache (3.24.38-2~deb12u3) ...
Selecting previously unselected package adwaita-icon-theme.
Preparing to unpack .../030-adwaita-icon-theme_43-1_all.deb ...
Unpacking adwaita-icon-theme (43-1) ...
Selecting previously unselected package at-spi2-common.
Preparing to unpack .../031-at-spi2-common_2.46.0-5_all.deb ...
Unpacking at-spi2-common (2.46.0-5) ...
Selecting previously unselected package libasound2-data.
Preparing to unpack .../032-libasound2-data_1.2.8-1_all.deb ...
Unpacking libasound2-data (1.2.8-1) ...
Selecting previously unselected package libasound2:arm64.
Preparing to unpack .../033-libasound2_1.2.8-1+b1_arm64.deb ...
Unpacking libasound2:arm64 (1.2.8-1+b1) ...
Selecting previously unselected package libatk1.0-0:arm64.
Preparing to unpack .../034-libatk1.0-0_2.46.0-5_arm64.deb ...
Unpacking libatk1.0-0:arm64 (2.46.0-5) ...
Selecting previously unselected package libxau6:arm64.
Preparing to unpack .../035-libxau6_1%3a1.0.9-1_arm64.deb ...
Unpacking libxau6:arm64 (1:1.0.9-1) ...
Selecting previously unselected package libbsd0:arm64.
Preparing to unpack .../036-libbsd0_0.11.7-2_arm64.deb ...
Unpacking libbsd0:arm64 (0.11.7-2) ...
Selecting previously unselected package libxdmcp6:arm64.
Preparing to unpack .../037-libxdmcp6_1%3a1.1.2-3_arm64.deb ...
Unpacking libxdmcp6:arm64 (1:1.1.2-3) ...
Selecting previously unselected package libxcb1:arm64.
Preparing to unpack .../038-libxcb1_1.15-1_arm64.deb ...
Unpacking libxcb1:arm64 (1.15-1) ...
Selecting previously unselected package libx11-data.
Preparing to unpack .../039-libx11-data_2%3a1.8.4-2+deb12u2_all.deb ...
Unpacking libx11-data (2:1.8.4-2+deb12u2) ...
Selecting previously unselected package libx11-6:arm64.
Preparing to unpack .../040-libx11-6_2%3a1.8.4-2+deb12u2_arm64.deb ...
Unpacking libx11-6:arm64 (2:1.8.4-2+deb12u2) ...
Selecting previously unselected package libxext6:arm64.
Preparing to unpack .../041-libxext6_2%3a1.3.4-1+b1_arm64.deb ...
Unpacking libxext6:arm64 (2:1.3.4-1+b1) ...
Selecting previously unselected package libxi6:arm64.
Preparing to unpack .../042-libxi6_2%3a1.8-1+b1_arm64.deb ...
Unpacking libxi6:arm64 (2:1.8-1+b1) ...
Selecting previously unselected package libatspi2.0-0:arm64.
Preparing to unpack .../043-libatspi2.0-0_2.46.0-5_arm64.deb ...
Unpacking libatspi2.0-0:arm64 (2.46.0-5) ...
Selecting previously unselected package libatk-bridge2.0-0:arm64.
Preparing to unpack .../044-libatk-bridge2.0-0_2.46.0-5_arm64.deb ...
Unpacking libatk-bridge2.0-0:arm64 (2.46.0-5) ...
Selecting previously unselected package libbrotli1:arm64.
Preparing to unpack .../045-libbrotli1_1.0.9-2+b6_arm64.deb ...
Unpacking libbrotli1:arm64 (1.0.9-2+b6) ...
Selecting previously unselected package libfreetype6:arm64.
Preparing to unpack .../046-libfreetype6_2.12.1+dfsg-5+deb12u4_arm64.deb ...
Unpacking libfreetype6:arm64 (2.12.1+dfsg-5+deb12u4) ...
Selecting previously unselected package fonts-liberation.
Preparing to unpack .../047-fonts-liberation_1%3a1.07.4-11_all.deb ...
Unpacking fonts-liberation (1:1.07.4-11) ...
Selecting previously unselected package fontconfig-config.
Preparing to unpack .../048-fontconfig-config_2.14.1-4_arm64.deb ...
Unpacking fontconfig-config (2.14.1-4) ...
Selecting previously unselected package libfontconfig1:arm64.
Preparing to unpack .../049-libfontconfig1_2.14.1-4_arm64.deb ...
Unpacking libfontconfig1:arm64 (2.14.1-4) ...
Selecting previously unselected package libpixman-1-0:arm64.
Preparing to unpack .../050-libpixman-1-0_0.42.2-1_arm64.deb ...
Unpacking libpixman-1-0:arm64 (0.42.2-1) ...
Selecting previously unselected package libxcb-render0:arm64.
Preparing to unpack .../051-libxcb-render0_1.15-1_arm64.deb ...
Unpacking libxcb-render0:arm64 (1.15-1) ...
Selecting previously unselected package libxcb-shm0:arm64.
Preparing to unpack .../052-libxcb-shm0_1.15-1_arm64.deb ...
Unpacking libxcb-shm0:arm64 (1.15-1) ...
Selecting previously unselected package libxrender1:arm64.
Preparing to unpack .../053-libxrender1_1%3a0.9.10-1.1_arm64.deb ...
Unpacking libxrender1:arm64 (1:0.9.10-1.1) ...
Selecting previously unselected package libcairo2:arm64.
Preparing to unpack .../054-libcairo2_1.16.0-7_arm64.deb ...
Unpacking libcairo2:arm64 (1.16.0-7) ...
Selecting previously unselected package libavahi-common-data:arm64.
Preparing to unpack .../055-libavahi-common-data_0.8-10+deb12u1_arm64.deb ...
Unpacking libavahi-common-data:arm64 (0.8-10+deb12u1) ...
Selecting previously unselected package libavahi-common3:arm64.
Preparing to unpack .../056-libavahi-common3_0.8-10+deb12u1_arm64.deb ...
Unpacking libavahi-common3:arm64 (0.8-10+deb12u1) ...
Selecting previously unselected package libavahi-client3:arm64.
Preparing to unpack .../057-libavahi-client3_0.8-10+deb12u1_arm64.deb ...
Unpacking libavahi-client3:arm64 (0.8-10+deb12u1) ...
Selecting previously unselected package libkrb5support0:arm64.
Preparing to unpack .../058-libkrb5support0_1.20.1-2+deb12u4_arm64.deb ...
Unpacking libkrb5support0:arm64 (1.20.1-2+deb12u4) ...
Selecting previously unselected package libk5crypto3:arm64.
Preparing to unpack .../059-libk5crypto3_1.20.1-2+deb12u4_arm64.deb ...
Unpacking libk5crypto3:arm64 (1.20.1-2+deb12u4) ...
Selecting previously unselected package libkeyutils1:arm64.
Preparing to unpack .../060-libkeyutils1_1.6.3-2_arm64.deb ...
Unpacking libkeyutils1:arm64 (1.6.3-2) ...
Selecting previously unselected package libkrb5-3:arm64.
Preparing to unpack .../061-libkrb5-3_1.20.1-2+deb12u4_arm64.deb ...
Unpacking libkrb5-3:arm64 (1.20.1-2+deb12u4) ...
Selecting previously unselected package libgssapi-krb5-2:arm64.
Preparing to unpack .../062-libgssapi-krb5-2_1.20.1-2+deb12u4_arm64.deb ...
Unpacking libgssapi-krb5-2:arm64 (1.20.1-2+deb12u4) ...
Selecting previously unselected package libcups2:arm64.
Preparing to unpack .../063-libcups2_2.4.2-3+deb12u9_arm64.deb ...
Unpacking libcups2:arm64 (2.4.2-3+deb12u9) ...
Selecting previously unselected package libdav1d6:arm64.
Preparing to unpack .../064-libdav1d6_1.0.0-2+deb12u1_arm64.deb ...
Unpacking libdav1d6:arm64 (1.0.0-2+deb12u1) ...
Selecting previously unselected package libdouble-conversion3:arm64.
Preparing to unpack .../065-libdouble-conversion3_3.2.1-1_arm64.deb ...
Unpacking libdouble-conversion3:arm64 (3.2.1-1) ...
Selecting previously unselected package libogg0:arm64.
Preparing to unpack .../066-libogg0_1.3.5-3_arm64.deb ...
Unpacking libogg0:arm64 (1.3.5-3) ...
Selecting previously unselected package libflac12:arm64.
Preparing to unpack .../067-libflac12_1.4.2+ds-2_arm64.deb ...
Unpacking libflac12:arm64 (1.4.2+ds-2) ...
Selecting previously unselected package libdrm-common.
Preparing to unpack .../068-libdrm-common_2.4.114-1_all.deb ...
Unpacking libdrm-common (2.4.114-1) ...
Selecting previously unselected package libdrm2:arm64.
Preparing to unpack .../069-libdrm2_2.4.114-1+b1_arm64.deb ...
Unpacking libdrm2:arm64 (2.4.114-1+b1) ...
Selecting previously unselected package libwayland-server0:arm64.
Preparing to unpack .../070-libwayland-server0_1.21.0-1_arm64.deb ...
Unpacking libwayland-server0:arm64 (1.21.0-1) ...
Selecting previously unselected package libgbm1:arm64.
Preparing to unpack .../071-libgbm1_22.3.6-1+deb12u1_arm64.deb ...
Unpacking libgbm1:arm64 (22.3.6-1+deb12u1) ...
Selecting previously unselected package libgraphite2-3:arm64.
Preparing to unpack .../072-libgraphite2-3_1.3.14-1_arm64.deb ...
Unpacking libgraphite2-3:arm64 (1.3.14-1) ...
Selecting previously unselected package libharfbuzz0b:arm64.
Preparing to unpack .../073-libharfbuzz0b_6.0.0+dfsg-3_arm64.deb ...
Unpacking libharfbuzz0b:arm64 (6.0.0+dfsg-3) ...
Selecting previously unselected package libharfbuzz-subset0:arm64.
Preparing to unpack .../074-libharfbuzz-subset0_6.0.0+dfsg-3_arm64.deb ...
Unpacking libharfbuzz-subset0:arm64 (6.0.0+dfsg-3) ...
Selecting previously unselected package liblcms2-2:arm64.
Preparing to unpack .../075-liblcms2-2_2.14-2_arm64.deb ...
Unpacking liblcms2-2:arm64 (2.14-2) ...
Selecting previously unselected package libminizip1:arm64.
Preparing to unpack .../076-libminizip1_1.1-8+deb12u1_arm64.deb ...
Unpacking libminizip1:arm64 (1.1-8+deb12u1) ...
Selecting previously unselected package libnspr4:arm64.
Preparing to unpack .../077-libnspr4_2%3a4.35-1_arm64.deb ...
Unpacking libnspr4:arm64 (2:4.35-1) ...
Selecting previously unselected package libnss3:arm64.
Preparing to unpack .../078-libnss3_2%3a3.87.1-1+deb12u1_arm64.deb ...
Unpacking libnss3:arm64 (2:3.87.1-1+deb12u1) ...
Selecting previously unselected package libopenh264-7:arm64.
Preparing to unpack .../079-libopenh264-7_2.3.1+dfsg-3+deb12u2_arm64.deb ...
Unpacking libopenh264-7:arm64 (2.3.1+dfsg-3+deb12u2) ...
Selecting previously unselected package libopenjp2-7:arm64.
Preparing to unpack .../080-libopenjp2-7_2.5.0-2+deb12u2_arm64.deb ...
Unpacking libopenjp2-7:arm64 (2.5.0-2+deb12u2) ...
Selecting previously unselected package libopus0:arm64.
Preparing to unpack .../081-libopus0_1.3.1-3_arm64.deb ...
Unpacking libopus0:arm64 (1.3.1-3) ...
Selecting previously unselected package fontconfig.
Preparing to unpack .../082-fontconfig_2.14.1-4_arm64.deb ...
Unpacking fontconfig (2.14.1-4) ...
Selecting previously unselected package libfribidi0:arm64.
Preparing to unpack .../083-libfribidi0_1.0.8-2.1_arm64.deb ...
Unpacking libfribidi0:arm64 (1.0.8-2.1) ...
Selecting previously unselected package libthai-data.
Preparing to unpack .../084-libthai-data_0.1.29-1_all.deb ...
Unpacking libthai-data (0.1.29-1) ...
Selecting previously unselected package libdatrie1:arm64.
Preparing to unpack .../085-libdatrie1_0.2.13-2+b1_arm64.deb ...
Unpacking libdatrie1:arm64 (0.2.13-2+b1) ...
Selecting previously unselected package libthai0:arm64.
Preparing to unpack .../086-libthai0_0.1.29-1_arm64.deb ...
Unpacking libthai0:arm64 (0.1.29-1) ...
Selecting previously unselected package libpango-1.0-0:arm64.
Preparing to unpack .../087-libpango-1.0-0_1.50.12+ds-1_arm64.deb ...
Unpacking libpango-1.0-0:arm64 (1.50.12+ds-1) ...
Selecting previously unselected package libasyncns0:arm64.
Preparing to unpack .../088-libasyncns0_0.8-6+b3_arm64.deb ...
Unpacking libasyncns0:arm64 (0.8-6+b3) ...
Selecting previously unselected package libmp3lame0:arm64.
Preparing to unpack .../089-libmp3lame0_3.100-6_arm64.deb ...
Unpacking libmp3lame0:arm64 (3.100-6) ...
Selecting previously unselected package libmpg123-0:arm64.
Preparing to unpack .../090-libmpg123-0_1.31.2-1+deb12u1_arm64.deb ...
Unpacking libmpg123-0:arm64 (1.31.2-1+deb12u1) ...
Selecting previously unselected package libvorbis0a:arm64.
Preparing to unpack .../091-libvorbis0a_1.3.7-1_arm64.deb ...
Unpacking libvorbis0a:arm64 (1.3.7-1) ...
Selecting previously unselected package libvorbisenc2:arm64.
Preparing to unpack .../092-libvorbisenc2_1.3.7-1_arm64.deb ...
Unpacking libvorbisenc2:arm64 (1.3.7-1) ...
Selecting previously unselected package libsndfile1:arm64.
Preparing to unpack .../093-libsndfile1_1.2.0-1+deb12u1_arm64.deb ...
Unpacking libsndfile1:arm64 (1.2.0-1+deb12u1) ...
Selecting previously unselected package libx11-xcb1:arm64.
Preparing to unpack .../094-libx11-xcb1_2%3a1.8.4-2+deb12u2_arm64.deb ...
Unpacking libx11-xcb1:arm64 (2:1.8.4-2+deb12u2) ...
Selecting previously unselected package libpulse0:arm64.
Preparing to unpack .../095-libpulse0_16.1+dfsg1-2+b1_arm64.deb ...
Unpacking libpulse0:arm64 (16.1+dfsg1-2+b1) ...
Selecting previously unselected package libxcomposite1:arm64.
Preparing to unpack .../096-libxcomposite1_1%3a0.4.5-1_arm64.deb ...
Unpacking libxcomposite1:arm64 (1:0.4.5-1) ...
Selecting previously unselected package libxdamage1:arm64.
Preparing to unpack .../097-libxdamage1_1%3a1.1.6-1_arm64.deb ...
Unpacking libxdamage1:arm64 (1:1.1.6-1) ...
Selecting previously unselected package libxfixes3:arm64.
Preparing to unpack .../098-libxfixes3_1%3a6.0.0-2_arm64.deb ...
Unpacking libxfixes3:arm64 (1:6.0.0-2) ...
Selecting previously unselected package xkb-data.
Preparing to unpack .../099-xkb-data_2.35.1-1_all.deb ...
Unpacking xkb-data (2.35.1-1) ...
Selecting previously unselected package libxkbcommon0:arm64.
Preparing to unpack .../100-libxkbcommon0_1.5.0-1_arm64.deb ...
Unpacking libxkbcommon0:arm64 (1.5.0-1) ...
Selecting previously unselected package libxnvctrl0:arm64.
Preparing to unpack .../101-libxnvctrl0_525.85.05-3~deb12u1_arm64.deb ...
Unpacking libxnvctrl0:arm64 (525.85.05-3~deb12u1) ...
Selecting previously unselected package libxrandr2:arm64.
Preparing to unpack .../102-libxrandr2_2%3a1.5.2-2+b1_arm64.deb ...
Unpacking libxrandr2:arm64 (2:1.5.2-2+b1) ...
Selecting previously unselected package libxslt1.1:arm64.
Preparing to unpack .../103-libxslt1.1_1.1.35-1+deb12u3_arm64.deb ...
Unpacking libxslt1.1:arm64 (1.1.35-1+deb12u3) ...
Selecting previously unselected package libcairo-gobject2:arm64.
Preparing to unpack .../104-libcairo-gobject2_1.16.0-7_arm64.deb ...
Unpacking libcairo-gobject2:arm64 (1.16.0-7) ...
Selecting previously unselected package libcolord2:arm64.
Preparing to unpack .../105-libcolord2_1.4.6-2.2_arm64.deb ...
Unpacking libcolord2:arm64 (1.4.6-2.2) ...
Selecting previously unselected package libepoxy0:arm64.
Preparing to unpack .../106-libepoxy0_1.5.10-1_arm64.deb ...
Unpacking libepoxy0:arm64 (1.5.10-1) ...
Selecting previously unselected package libpangoft2-1.0-0:arm64.
Preparing to unpack .../107-libpangoft2-1.0-0_1.50.12+ds-1_arm64.deb ...
Unpacking libpangoft2-1.0-0:arm64 (1.50.12+ds-1) ...
Selecting previously unselected package libpangocairo-1.0-0:arm64.
Preparing to unpack .../108-libpangocairo-1.0-0_1.50.12+ds-1_arm64.deb ...
Unpacking libpangocairo-1.0-0:arm64 (1.50.12+ds-1) ...
Selecting previously unselected package libwayland-client0:arm64.
Preparing to unpack .../109-libwayland-client0_1.21.0-1_arm64.deb ...
Unpacking libwayland-client0:arm64 (1.21.0-1) ...
Selecting previously unselected package libwayland-cursor0:arm64.
Preparing to unpack .../110-libwayland-cursor0_1.21.0-1_arm64.deb ...
Unpacking libwayland-cursor0:arm64 (1.21.0-1) ...
Selecting previously unselected package libwayland-egl1:arm64.
Preparing to unpack .../111-libwayland-egl1_1.21.0-1_arm64.deb ...
Unpacking libwayland-egl1:arm64 (1.21.0-1) ...
Selecting previously unselected package libxcursor1:arm64.
Preparing to unpack .../112-libxcursor1_1%3a1.2.1-1_arm64.deb ...
Unpacking libxcursor1:arm64 (1:1.2.1-1) ...
Selecting previously unselected package libxinerama1:arm64.
Preparing to unpack .../113-libxinerama1_2%3a1.1.4-3_arm64.deb ...
Unpacking libxinerama1:arm64 (2:1.1.4-3) ...
Selecting previously unselected package dbus-user-session.
Preparing to unpack .../114-dbus-user-session_1.14.10-1~deb12u1_arm64.deb ...
Unpacking dbus-user-session (1.14.10-1~deb12u1) ...
Selecting previously unselected package libdconf1:arm64.
Preparing to unpack .../115-libdconf1_0.40.0-4_arm64.deb ...
Unpacking libdconf1:arm64 (0.40.0-4) ...
Selecting previously unselected package dconf-service.
Preparing to unpack .../116-dconf-service_0.40.0-4_arm64.deb ...
Unpacking dconf-service (0.40.0-4) ...
Selecting previously unselected package dconf-gsettings-backend:arm64.
Preparing to unpack .../117-dconf-gsettings-backend_0.40.0-4_arm64.deb ...
Unpacking dconf-gsettings-backend:arm64 (0.40.0-4) ...
Selecting previously unselected package libgtk-3-common.
Preparing to unpack .../118-libgtk-3-common_3.24.38-2~deb12u3_all.deb ...
Unpacking libgtk-3-common (3.24.38-2~deb12u3) ...
Selecting previously unselected package libgtk-3-0:arm64.
Preparing to unpack .../119-libgtk-3-0_3.24.38-2~deb12u3_arm64.deb ...
Unpacking libgtk-3-0:arm64 (3.24.38-2~deb12u3) ...
Selecting previously unselected package libfontenc1:arm64.
Preparing to unpack .../120-libfontenc1_1%3a1.1.4-1_arm64.deb ...
Unpacking libfontenc1:arm64 (1:1.1.4-1) ...
Selecting previously unselected package libglvnd0:arm64.
Preparing to unpack .../121-libglvnd0_1.6.0-1_arm64.deb ...
Unpacking libglvnd0:arm64 (1.6.0-1) ...
Selecting previously unselected package libglapi-mesa:arm64.
Preparing to unpack .../122-libglapi-mesa_22.3.6-1+deb12u1_arm64.deb ...
Unpacking libglapi-mesa:arm64 (22.3.6-1+deb12u1) ...
Selecting previously unselected package libxcb-dri2-0:arm64.
Preparing to unpack .../123-libxcb-dri2-0_1.15-1_arm64.deb ...
Unpacking libxcb-dri2-0:arm64 (1.15-1) ...
Selecting previously unselected package libxcb-dri3-0:arm64.
Preparing to unpack .../124-libxcb-dri3-0_1.15-1_arm64.deb ...
Unpacking libxcb-dri3-0:arm64 (1.15-1) ...
Selecting previously unselected package libxcb-glx0:arm64.
Preparing to unpack .../125-libxcb-glx0_1.15-1_arm64.deb ...
Unpacking libxcb-glx0:arm64 (1.15-1) ...
Selecting previously unselected package libxcb-present0:arm64.
Preparing to unpack .../126-libxcb-present0_1.15-1_arm64.deb ...
Unpacking libxcb-present0:arm64 (1.15-1) ...
Selecting previously unselected package libxcb-randr0:arm64.
Preparing to unpack .../127-libxcb-randr0_1.15-1_arm64.deb ...
Unpacking libxcb-randr0:arm64 (1.15-1) ...
Selecting previously unselected package libxcb-sync1:arm64.
Preparing to unpack .../128-libxcb-sync1_1.15-1_arm64.deb ...
Unpacking libxcb-sync1:arm64 (1.15-1) ...
Selecting previously unselected package libxcb-xfixes0:arm64.
Preparing to unpack .../129-libxcb-xfixes0_1.15-1_arm64.deb ...
Unpacking libxcb-xfixes0:arm64 (1.15-1) ...
Selecting previously unselected package libxshmfence1:arm64.
Preparing to unpack .../130-libxshmfence1_1.3-1_arm64.deb ...
Unpacking libxshmfence1:arm64 (1.3-1) ...
Selecting previously unselected package libxxf86vm1:arm64.
Preparing to unpack .../131-libxxf86vm1_1%3a1.1.4-1+b2_arm64.deb ...
Unpacking libxxf86vm1:arm64 (1:1.1.4-1+b2) ...
Selecting previously unselected package libdrm-amdgpu1:arm64.
Preparing to unpack .../132-libdrm-amdgpu1_2.4.114-1+b1_arm64.deb ...
Unpacking libdrm-amdgpu1:arm64 (2.4.114-1+b1) ...
Selecting previously unselected package libdrm-nouveau2:arm64.
Preparing to unpack .../133-libdrm-nouveau2_2.4.114-1+b1_arm64.deb ...
Unpacking libdrm-nouveau2:arm64 (2.4.114-1+b1) ...
Selecting previously unselected package libdrm-radeon1:arm64.
Preparing to unpack .../134-libdrm-radeon1_2.4.114-1+b1_arm64.deb ...
Unpacking libdrm-radeon1:arm64 (2.4.114-1+b1) ...
Selecting previously unselected package libelf1:arm64.
Preparing to unpack .../135-libelf1_0.188-2.1_arm64.deb ...
Unpacking libelf1:arm64 (0.188-2.1) ...
Selecting previously unselected package libedit2:arm64.
Preparing to unpack .../136-libedit2_3.1-20221030-2_arm64.deb ...
Unpacking libedit2:arm64 (3.1-20221030-2) ...
Selecting previously unselected package libz3-4:arm64.
Preparing to unpack .../137-libz3-4_4.8.12-3.1_arm64.deb ...
Unpacking libz3-4:arm64 (4.8.12-3.1) ...
Selecting previously unselected package libllvm15:arm64.
Preparing to unpack .../138-libllvm15_1%3a15.0.6-4+b1_arm64.deb ...
Unpacking libllvm15:arm64 (1:15.0.6-4+b1) ...
Selecting previously unselected package libsensors-config.
Preparing to unpack .../139-libsensors-config_1%3a3.6.0-7.1_all.deb ...
Unpacking libsensors-config (1:3.6.0-7.1) ...
Selecting previously unselected package libsensors5:arm64.
Preparing to unpack .../140-libsensors5_1%3a3.6.0-7.1_arm64.deb ...
Unpacking libsensors5:arm64 (1:3.6.0-7.1) ...
Selecting previously unselected package libgl1-mesa-dri:arm64.
Preparing to unpack .../141-libgl1-mesa-dri_22.3.6-1+deb12u1_arm64.deb ...
Unpacking libgl1-mesa-dri:arm64 (22.3.6-1+deb12u1) ...
Selecting previously unselected package libglx-mesa0:arm64.
Preparing to unpack .../142-libglx-mesa0_22.3.6-1+deb12u1_arm64.deb ...
Unpacking libglx-mesa0:arm64 (22.3.6-1+deb12u1) ...
Selecting previously unselected package libglx0:arm64.
Preparing to unpack .../143-libglx0_1.6.0-1_arm64.deb ...
Unpacking libglx0:arm64 (1.6.0-1) ...
Selecting previously unselected package libgl1:arm64.
Preparing to unpack .../144-libgl1_1.6.0-1_arm64.deb ...
Unpacking libgl1:arm64 (1.6.0-1) ...
Selecting previously unselected package x11-common.
Preparing to unpack .../145-x11-common_1%3a7.7+23_all.deb ...
Unpacking x11-common (1:7.7+23) ...
Selecting previously unselected package libice6:arm64.
Preparing to unpack .../146-libice6_2%3a1.0.10-1_arm64.deb ...
Unpacking libice6:arm64 (2:1.0.10-1) ...
Selecting previously unselected package libsm6:arm64.
Preparing to unpack .../147-libsm6_2%3a1.2.3-1_arm64.deb ...
Unpacking libsm6:arm64 (2:1.2.3-1) ...
Selecting previously unselected package libxt6:arm64.
Preparing to unpack .../148-libxt6_1%3a1.2.1-1.1_arm64.deb ...
Unpacking libxt6:arm64 (1:1.2.1-1.1) ...
Selecting previously unselected package libxmu6:arm64.
Preparing to unpack .../149-libxmu6_2%3a1.1.3-3_arm64.deb ...
Unpacking libxmu6:arm64 (2:1.1.3-3) ...
Selecting previously unselected package libxpm4:arm64.
Preparing to unpack .../150-libxpm4_1%3a3.5.12-1.1+deb12u1_arm64.deb ...
Unpacking libxpm4:arm64 (1:3.5.12-1.1+deb12u1) ...
Selecting previously unselected package libxaw7:arm64.
Preparing to unpack .../151-libxaw7_2%3a1.0.14-1_arm64.deb ...
Unpacking libxaw7:arm64 (2:1.0.14-1) ...
Selecting previously unselected package libxcb-shape0:arm64.
Preparing to unpack .../152-libxcb-shape0_1.15-1_arm64.deb ...
Unpacking libxcb-shape0:arm64 (1.15-1) ...
Selecting previously unselected package libxft2:arm64.
Preparing to unpack .../153-libxft2_2.3.6-1_arm64.deb ...
Unpacking libxft2:arm64 (2.3.6-1) ...
Selecting previously unselected package libxkbfile1:arm64.
Preparing to unpack .../154-libxkbfile1_1%3a1.1.0-1_arm64.deb ...
Unpacking libxkbfile1:arm64 (1:1.1.0-1) ...
Selecting previously unselected package libxmuu1:arm64.
Preparing to unpack .../155-libxmuu1_2%3a1.1.3-3_arm64.deb ...
Unpacking libxmuu1:arm64 (2:1.1.3-3) ...
Selecting previously unselected package libxtst6:arm64.
Preparing to unpack .../156-libxtst6_2%3a1.2.3-1.1_arm64.deb ...
Unpacking libxtst6:arm64 (2:1.2.3-1.1) ...
Selecting previously unselected package libxv1:arm64.
Preparing to unpack .../157-libxv1_2%3a1.0.11-1.1_arm64.deb ...
Unpacking libxv1:arm64 (2:1.0.11-1.1) ...
Selecting previously unselected package libxxf86dga1:arm64.
Preparing to unpack .../158-libxxf86dga1_2%3a1.1.5-1_arm64.deb ...
Unpacking libxxf86dga1:arm64 (2:1.1.5-1) ...
Selecting previously unselected package x11-utils.
Preparing to unpack .../159-x11-utils_7.7+5_arm64.deb ...
Unpacking x11-utils (7.7+5) ...
Selecting previously unselected package xdg-utils.
Preparing to unpack .../160-xdg-utils_1.1.3-4.1_all.deb ...
Unpacking xdg-utils (1.1.3-4.1) ...
Selecting previously unselected package chromium-common.
Preparing to unpack .../161-chromium-common_142.0.7444.162-1~deb12u1_arm64.deb ...
Unpacking chromium-common (142.0.7444.162-1~deb12u1) ...
Selecting previously unselected package chromium.
Preparing to unpack .../162-chromium_142.0.7444.162-1~deb12u1_arm64.deb ...
Unpacking chromium (142.0.7444.162-1~deb12u1) ...
Selecting previously unselected package chromium-driver.
Preparing to unpack .../163-chromium-driver_142.0.7444.162-1~deb12u1_arm64.deb ...
Unpacking chromium-driver (142.0.7444.162-1~deb12u1) ...
Selecting previously unselected package libsasl2-modules-db:arm64.
Preparing to unpack .../164-libsasl2-modules-db_2.1.28+dfsg-10_arm64.deb ...
Unpacking libsasl2-modules-db:arm64 (2.1.28+dfsg-10) ...
Selecting previously unselected package libsasl2-2:arm64.
Preparing to unpack .../165-libsasl2-2_2.1.28+dfsg-10_arm64.deb ...
Unpacking libsasl2-2:arm64 (2.1.28+dfsg-10) ...
Selecting previously unselected package libldap-2.5-0:arm64.
Preparing to unpack .../166-libldap-2.5-0_2.5.13+dfsg-5_arm64.deb ...
Unpacking libldap-2.5-0:arm64 (2.5.13+dfsg-5) ...
Selecting previously unselected package libnghttp2-14:arm64.
Preparing to unpack .../167-libnghttp2-14_1.52.0-1+deb12u2_arm64.deb ...
Unpacking libnghttp2-14:arm64 (1.52.0-1+deb12u2) ...
Selecting previously unselected package libpsl5:arm64.
Preparing to unpack .../168-libpsl5_0.21.2-1_arm64.deb ...
Unpacking libpsl5:arm64 (0.21.2-1) ...
Selecting previously unselected package librtmp1:arm64.
Preparing to unpack .../169-librtmp1_2.4+20151223.gitfa8646d.1-2+b2_arm64.deb ...
Unpacking librtmp1:arm64 (2.4+20151223.gitfa8646d.1-2+b2) ...
Selecting previously unselected package libssh2-1:arm64.
Preparing to unpack .../170-libssh2-1_1.10.0-3+b1_arm64.deb ...
Unpacking libssh2-1:arm64 (1.10.0-3+b1) ...
Selecting previously unselected package libcurl4:arm64.
Preparing to unpack .../171-libcurl4_7.88.1-10+deb12u14_arm64.deb ...
Unpacking libcurl4:arm64 (7.88.1-10+deb12u14) ...
Selecting previously unselected package curl.
Preparing to unpack .../172-curl_7.88.1-10+deb12u14_arm64.deb ...
Unpacking curl (7.88.1-10+deb12u14) ...
Selecting previously unselected package libcurl3-gnutls:arm64.
Preparing to unpack .../173-libcurl3-gnutls_7.88.1-10+deb12u14_arm64.deb ...
Unpacking libcurl3-gnutls:arm64 (7.88.1-10+deb12u14) ...
Selecting previously unselected package liberror-perl.
Preparing to unpack .../174-liberror-perl_0.17029-2_all.deb ...
Unpacking liberror-perl (0.17029-2) ...
Selecting previously unselected package git-man.
Preparing to unpack .../175-git-man_1%3a2.39.5-0+deb12u2_all.deb ...
Unpacking git-man (1:2.39.5-0+deb12u2) ...
Selecting previously unselected package git.
Preparing to unpack .../176-git_1%3a2.39.5-0+deb12u2_arm64.deb ...
Unpacking git (1:2.39.5-0+deb12u2) ...
Setting up libexpat1:arm64 (2.5.0-1+deb12u2) ...
Setting up libgraphite2-3:arm64 (1.3.14-1) ...
Setting up liblcms2-2:arm64 (2.14-2) ...
Setting up libpixman-1-0:arm64 (0.42.2-1) ...
Setting up libwayland-server0:arm64 (1.21.0-1) ...
Setting up systemd-sysv (252.39-1~deb12u1) ...
Setting up libxau6:arm64 (1:1.0.9-1) ...
Setting up libdouble-conversion3:arm64 (3.2.1-1) ...
Setting up libkeyutils1:arm64 (1.6.3-2) ...
Setting up libpsl5:arm64 (0.21.2-1) ...
Setting up libicu72:arm64 (72.1-3+deb12u1) ...
Setting up libmpg123-0:arm64 (1.31.2-1+deb12u1) ...
Setting up libogg0:arm64 (1.3.5-3) ...
Setting up liblerc4:arm64 (4.0.0+ds-2) ...
Setting up hicolor-icon-theme (0.17-2) ...
Setting up libdatrie1:arm64 (0.2.13-2+b1) ...
Setting up libminizip1:arm64 (1.1-8+deb12u1) ...
Setting up libglib2.0-0:arm64 (2.74.6-2+deb12u7) ...
Setting up libglvnd0:arm64 (1.6.0-1) ...
Setting up libbrotli1:arm64 (1.0.9-2+b6) ...
Setting up libgdk-pixbuf2.0-common (2.42.10+dfsg-1+deb12u2) ...
Setting up x11-common (1:7.7+23) ...
invoke-rc.d: could not determine current runlevel
invoke-rc.d: policy-rc.d denied execution of restart.
Setting up libsensors-config (1:3.6.0-7.1) ...
Setting up libnghttp2-14:arm64 (1.52.0-1+deb12u2) ...
Setting up libdeflate0:arm64 (1.14-1) ...
Setting up xkb-data (2.35.1-1) ...
Setting up libjbig0:arm64 (2.1-6.1) ...
Setting up libcolord2:arm64 (1.4.6-2.2) ...
Setting up libkrb5support0:arm64 (1.20.1-2+deb12u4) ...
Setting up libsasl2-modules-db:arm64 (2.1.28+dfsg-10) ...
Setting up libdconf1:arm64 (0.40.0-4) ...
Setting up libasound2-data (1.2.8-1) ...
Setting up libfontenc1:arm64 (1:1.1.4-1) ...
Setting up perl-modules-5.36 (5.36.0-7+deb12u3) ...
Setting up libz3-4:arm64 (4.8.12-3.1) ...
Setting up libflac12:arm64 (1.4.2+ds-2) ...
Setting up libjpeg62-turbo:arm64 (1:2.1.5-2) ...
Setting up libx11-data (2:1.8.4-2+deb12u2) ...
Setting up libepoxy0:arm64 (1.5.10-1) ...
Setting up libnspr4:arm64 (2:4.35-1) ...
Setting up librtmp1:arm64 (2.4+20151223.gitfa8646d.1-2+b2) ...
Setting up libavahi-common-data:arm64 (0.8-10+deb12u1) ...
Setting up libdbus-1-3:arm64 (1.14.10-1~deb12u1) ...
Setting up libfribidi0:arm64 (1.0.8-2.1) ...
Setting up libopus0:arm64 (1.3.1-3) ...
Setting up libproc2-0:arm64 (2:4.0.2-3) ...
Setting up libpng16-16:arm64 (1.6.39-2) ...
Setting up libvorbis0a:arm64 (1.3.7-1) ...
Setting up libgdbm-compat4:arm64 (1.23-3) ...
Setting up libsensors5:arm64 (1:3.6.0-7.1) ...
Setting up libk5crypto3:arm64 (1.20.1-2+deb12u4) ...
Setting up libdav1d6:arm64 (1.0.0-2+deb12u1) ...
Setting up libglapi-mesa:arm64 (22.3.6-1+deb12u1) ...
Setting up libsasl2-2:arm64 (2.1.28+dfsg-10) ...
Setting up libopenh264-7:arm64 (2.3.1+dfsg-3+deb12u2) ...
Setting up libwebp7:arm64 (1.2.4-0.2+deb12u1) ...
Setting up libasyncns0:arm64 (0.8-6+b3) ...
Setting up libxshmfence1:arm64 (1.3-1) ...
Setting up at-spi2-common (2.46.0-5) ...
Setting up libtiff6:arm64 (4.5.0-6+deb12u3) ...
Setting up dbus-session-bus-common (1.14.10-1~deb12u1) ...
Setting up procps (2:4.0.2-3) ...
Setting up libasound2:arm64 (1.2.8-1+b1) ...
Setting up fonts-liberation (1:1.07.4-11) ...
Setting up libopenjp2-7:arm64 (2.5.0-2+deb12u2) ...
Setting up git-man (1:2.39.5-0+deb12u2) ...
Setting up libthai-data (0.1.29-1) ...
Setting up libssh2-1:arm64 (1.10.0-3+b1) ...
Setting up libatk1.0-0:arm64 (2.46.0-5) ...
Setting up libkrb5-3:arm64 (1.20.1-2+deb12u4) ...
Setting up libwayland-egl1:arm64 (1.21.0-1) ...
Setting up dbus-system-bus-common (1.14.10-1~deb12u1) ...
Setting up libbsd0:arm64 (0.11.7-2) ...
Setting up libdrm-common (2.4.114-1) ...
Setting up libelf1:arm64 (0.188-2.1) ...
Setting up libxml2:arm64 (2.9.14+dfsg-1.3~deb12u4) ...
Setting up xdg-utils (1.1.3-4.1) ...
update-alternatives: using /usr/bin/xdg-open to provide /usr/bin/open (open) in auto mode
update-alternatives: warning: skip creation of /usr/share/man/man1/open.1.gz because associated file /usr/share/man/man1/xdg-open.1.gz (of link group open) doesn't exist
Setting up libperl5.36:arm64 (5.36.0-7+deb12u3) ...
Setting up dbus-bin (1.14.10-1~deb12u1) ...
Setting up libmp3lame0:arm64 (3.100-6) ...
Setting up libvorbisenc2:arm64 (1.3.7-1) ...
Setting up libxkbcommon0:arm64 (1.5.0-1) ...
Setting up libwayland-client0:arm64 (1.21.0-1) ...
Setting up libice6:arm64 (2:1.0.10-1) ...
Setting up libxdmcp6:arm64 (1:1.1.2-3) ...
Setting up libxcb1:arm64 (1.15-1) ...
Setting up libxcb-xfixes0:arm64 (1.15-1) ...
Setting up libxcb-render0:arm64 (1.15-1) ...
Setting up fontconfig-config (2.14.1-4) ...
Setting up libxcb-glx0:arm64 (1.15-1) ...
Setting up libedit2:arm64 (3.1-20221030-2) ...
Setting up libxcb-shape0:arm64 (1.15-1) ...
Setting up libavahi-common3:arm64 (0.8-10+deb12u1) ...
Setting up libnss3:arm64 (2:3.87.1-1+deb12u1) ...
Setting up libxcb-shm0:arm64 (1.15-1) ...
Setting up dbus-daemon (1.14.10-1~deb12u1) ...
Setting up libldap-2.5-0:arm64 (2.5.13+dfsg-5) ...
Setting up libxcb-present0:arm64 (1.15-1) ...
Setting up libthai0:arm64 (0.1.29-1) ...
Setting up perl (5.36.0-7+deb12u3) ...
Setting up libfreetype6:arm64 (2.12.1+dfsg-5+deb12u4) ...
Setting up libxcb-sync1:arm64 (1.15-1) ...
Setting up dbus (1.14.10-1~deb12u1) ...
invoke-rc.d: could not determine current runlevel
invoke-rc.d: policy-rc.d denied execution of start.
Setting up shared-mime-info (2.2-1) ...
Setting up libgssapi-krb5-2:arm64 (1.20.1-2+deb12u4) ...
Setting up libxcb-dri2-0:arm64 (1.15-1) ...
Setting up libdrm2:arm64 (2.4.114-1+b1) ...
Setting up libwayland-cursor0:arm64 (1.21.0-1) ...
Setting up libxcb-randr0:arm64 (1.15-1) ...
Setting up libllvm15:arm64 (1:15.0.6-4+b1) ...
Setting up libxslt1.1:arm64 (1.1.35-1+deb12u3) ...
Setting up libpam-systemd:arm64 (252.39-1~deb12u1) ...
Setting up libcurl4:arm64 (7.88.1-10+deb12u14) ...
Setting up libx11-6:arm64 (2:1.8.4-2+deb12u2) ...
Setting up libharfbuzz0b:arm64 (6.0.0+dfsg-3) ...
Setting up libgdk-pixbuf-2.0-0:arm64 (2.42.10+dfsg-1+deb12u2) ...
Setting up curl (7.88.1-10+deb12u14) ...
Setting up libfontconfig1:arm64 (2.14.1-4) ...
Setting up libsndfile1:arm64 (1.2.0-1+deb12u1) ...
Setting up libxkbfile1:arm64 (1:1.1.0-1) ...
Setting up libxcomposite1:arm64 (1:0.4.5-1) ...
Setting up libsm6:arm64 (2:1.2.3-1) ...
Setting up libavahi-client3:arm64 (0.8-10+deb12u1) ...
Setting up libxmuu1:arm64 (2:1.1.3-3) ...
Setting up libdrm-amdgpu1:arm64 (2.4.114-1+b1) ...
Setting up libxcb-dri3-0:arm64 (1.15-1) ...
Setting up gtk-update-icon-cache (3.24.38-2~deb12u3) ...
Setting up libx11-xcb1:arm64 (2:1.8.4-2+deb12u2) ...
Setting up fontconfig (2.14.1-4) ...
Regenerating fonts cache... done.
Setting up libdrm-nouveau2:arm64 (2.4.114-1+b1) ...
Setting up libxdamage1:arm64 (1:1.1.6-1) ...
Setting up libxpm4:arm64 (1:3.5.12-1.1+deb12u1) ...
Setting up libxrender1:arm64 (1:0.9.10-1.1) ...
Setting up libgbm1:arm64 (22.3.6-1+deb12u1) ...
Setting up libpulse0:arm64 (16.1+dfsg1-2+b1) ...
Setting up libdrm-radeon1:arm64 (2.4.114-1+b1) ...
Setting up libpango-1.0-0:arm64 (1.50.12+ds-1) ...
Setting up libgl1-mesa-dri:arm64 (22.3.6-1+deb12u1) ...
Setting up libxext6:arm64 (2:1.3.4-1+b1) ...
Setting up libcurl3-gnutls:arm64 (7.88.1-10+deb12u14) ...
Setting up libcairo2:arm64 (1.16.0-7) ...
Setting up libxxf86vm1:arm64 (1:1.1.4-1+b2) ...
Setting up libxnvctrl0:arm64 (525.85.05-3~deb12u1) ...
Setting up liberror-perl (0.17029-2) ...
Setting up dbus-user-session (1.14.10-1~deb12u1) ...
Setting up adwaita-icon-theme (43-1) ...
update-alternatives: using /usr/share/icons/Adwaita/cursor.theme to provide /usr/share/icons/default/index.theme (x-cursor-theme) in auto mode
Setting up libxfixes3:arm64 (1:6.0.0-2) ...
Setting up libxinerama1:arm64 (2:1.1.4-3) ...
Setting up libxv1:arm64 (2:1.0.11-1.1) ...
Setting up libxrandr2:arm64 (2:1.5.2-2+b1) ...
Setting up git (1:2.39.5-0+deb12u2) ...
Setting up libxt6:arm64 (1:1.2.1-1.1) ...
Setting up libcups2:arm64 (2.4.2-3+deb12u9) ...
Setting up libharfbuzz-subset0:arm64 (6.0.0+dfsg-3) ...
Setting up libcairo-gobject2:arm64 (1.16.0-7) ...
Setting up libpangoft2-1.0-0:arm64 (1.50.12+ds-1) ...
Setting up libpangocairo-1.0-0:arm64 (1.50.12+ds-1) ...
Setting up libxft2:arm64 (2.3.6-1) ...
Setting up libxmu6:arm64 (2:1.1.3-3) ...
Setting up libglx-mesa0:arm64 (22.3.6-1+deb12u1) ...
Setting up libxi6:arm64 (2:1.8-1+b1) ...
Setting up libglx0:arm64 (1.6.0-1) ...
Setting up libxtst6:arm64 (2:1.2.3-1.1) ...
Setting up libxcursor1:arm64 (1:1.2.1-1) ...
Setting up libxxf86dga1:arm64 (2:1.1.5-1) ...
Setting up dconf-service (0.40.0-4) ...
Setting up libxaw7:arm64 (2:1.0.14-1) ...
Setting up libatspi2.0-0:arm64 (2.46.0-5) ...
Setting up libatk-bridge2.0-0:arm64 (2.46.0-5) ...
Setting up libgl1:arm64 (1.6.0-1) ...
Setting up x11-utils (7.7+5) ...
Setting up chromium-common (142.0.7444.162-1~deb12u1) ...
Setting up dconf-gsettings-backend:arm64 (0.40.0-4) ...
Setting up libgtk-3-common (3.24.38-2~deb12u3) ...
Setting up libgtk-3-0:arm64 (3.24.38-2~deb12u3) ...
Setting up chromium (142.0.7444.162-1~deb12u1) ...
update-alternatives: using /usr/bin/chromium to provide /usr/bin/x-www-browser (x-www-browser) in auto mode
update-alternatives: using /usr/bin/chromium to provide /usr/bin/gnome-www-browser (gnome-www-browser) in auto mode
Setting up chromium-driver (142.0.7444.162-1~deb12u1) ...
Processing triggers for libc-bin (2.36-9+deb12u13) ...
[91m+ rm -rf /var/lib/apt/lists/auxfiles /var/lib/apt/lists/deb.debian.org_debian-security_dists_bookworm-security_InRelease /var/lib/apt/lists/deb.debian.org_debian-security_dists_bookworm-security_main_binary-arm64_Packages.lz4 /var/lib/apt/lists/deb.debian.org_debian_dists_bookworm-updates_InRelease /var/lib/apt/lists/deb.debian.org_debian_dists_bookworm-updates_main_binary-arm64_Packages.lz4 /var/lib/apt/lists/deb.debian.org_debian_dists_bookworm_InRelease /var/lib/apt/lists/deb.debian.org_debian_dists_bookworm_main_binary-arm64_Packages.lz4 /var/lib/apt/lists/lock /var/lib/apt/lists/partial
[0m ---> Removed intermediate container 557950aaa0fb
 ---> a402024ea666
Step 4/11 : ENV CHROME_BIN=/usr/bin/chromium
 ---> Running in 0841dbf079e4
 ---> Removed intermediate container 0841dbf079e4
 ---> 32c93a344314
Step 5/11 : ENV CHROMEDRIVER=/usr/bin/chromedriver
 ---> Running in 4a33cb0e667b
 ---> Removed intermediate container 4a33cb0e667b
 ---> 2b4b0bb0a271
Step 6/11 : WORKDIR /app
 ---> Running in 6057efe24268
 ---> Removed intermediate container 6057efe24268
 ---> 758211bdd824
Step 7/11 : COPY requirements.txt .
 ---> 0e9402912de9
Step 8/11 : RUN python -m pip install --upgrade pip && pip install -r requirements.txt
 ---> Running in f45cee6f3ba3
Requirement already satisfied: pip in /usr/local/lib/python3.14/site-packages (25.2)
Collecting pip
  Downloading pip-25.3-py3-none-any.whl.metadata (4.7 kB)
Downloading pip-25.3-py3-none-any.whl (1.8 MB)
   â”â”â”â”â”â”â”â”â”â”â”â”â”â”â”â”â”â”â”â”â”â”â”â”â”â”â”â”â”â”â”â”â”â”â”â”â”â”â”â” 1.8/1.8 MB 9.1 MB/s  0:00:00
Installing collected packages: pip
  Attempting uninstall: pip
    Found existing installation: pip 25.2
    Uninstalling pip-25.2:
      Successfully uninstalled pip-25.2
Successfully installed pip-25.3
[91mWARNING: Running pip as the 'root' user can result in broken permissions and conflicting behaviour with the system package manager, possibly rendering your system unusable. It is recommended to use a virtual environment instead: https://pip.pypa.io/warnings/venv. Use the --root-user-action option if you know what you are doing and want to suppress this warning.
[0mCollecting selenium==4.25.0 (from -r requirements.txt (line 2))
  Downloading selenium-4.25.0-py3-none-any.whl.metadata (7.1 kB)
Collecting webdriver-manager==4.0.2 (from -r requirements.txt (line 3))
  Downloading webdriver_manager-4.0.2-py2.py3-none-any.whl.metadata (12 kB)
Collecting pytest==8.3.3 (from -r requirements.txt (line 11))
  Downloading pytest-8.3.3-py3-none-any.whl.metadata (7.5 kB)
Collecting pytest-html==4.1.1 (from -r requirements.txt (line 12))
  Downloading pytest_html-4.1.1-py3-none-any.whl.metadata (3.9 kB)
Collecting pytest-cov==6.0.0 (from -r requirements.txt (line 13))
  Downloading pytest_cov-6.0.0-py3-none-any.whl.metadata (27 kB)
Collecting pytest-xdist==3.6.1 (from -r requirements.txt (line 14))
  Downloading pytest_xdist-3.6.1-py3-none-any.whl.metadata (4.3 kB)
Collecting junit-xml==1.9 (from -r requirements.txt (line 15))
  Downloading junit_xml-1.9-py2.py3-none-any.whl.metadata (3.2 kB)
Collecting faker==30.8.2 (from -r requirements.txt (line 18))
  Downloading Faker-30.8.2-py3-none-any.whl.metadata (15 kB)
Collecting requests==2.32.3 (from -r requirements.txt (line 19))
  Downloading requests-2.32.3-py3-none-any.whl.metadata (4.6 kB)
Collecting python-dotenv==1.0.1 (from -r requirements.txt (line 20))
  Downloading python_dotenv-1.0.1-py3-none-any.whl.metadata (23 kB)
Collecting selenium-wire==5.1.0 (from -r requirements.txt (line 23))
  Downloading selenium_wire-5.1.0-py3-none-any.whl.metadata (49 kB)
Collecting jira==3.8.0 (from -r requirements.txt (line 26))
  Downloading jira-3.8.0-py3-none-any.whl.metadata (9.1 kB)
Collecting urllib3<3,>=1.26 (from urllib3[socks]<3,>=1.26->selenium==4.25.0->-r requirements.txt (line 2))
  Downloading urllib3-2.5.0-py3-none-any.whl.metadata (6.5 kB)
Collecting trio~=0.17 (from selenium==4.25.0->-r requirements.txt (line 2))
  Downloading trio-0.32.0-py3-none-any.whl.metadata (8.5 kB)
Collecting trio-websocket~=0.9 (from selenium==4.25.0->-r requirements.txt (line 2))
  Downloading trio_websocket-0.12.2-py3-none-any.whl.metadata (5.1 kB)
Collecting certifi>=2021.10.8 (from selenium==4.25.0->-r requirements.txt (line 2))
  Downloading certifi-2025.11.12-py3-none-any.whl.metadata (2.5 kB)
Collecting typing_extensions~=4.9 (from selenium==4.25.0->-r requirements.txt (line 2))
  Downloading typing_extensions-4.15.0-py3-none-any.whl.metadata (3.3 kB)
Collecting websocket-client~=1.8 (from selenium==4.25.0->-r requirements.txt (line 2))
  Downloading websocket_client-1.9.0-py3-none-any.whl.metadata (8.3 kB)
Collecting packaging (from webdriver-manager==4.0.2->-r requirements.txt (line 3))
  Downloading packaging-25.0-py3-none-any.whl.metadata (3.3 kB)
Collecting iniconfig (from pytest==8.3.3->-r requirements.txt (line 11))
  Downloading iniconfig-2.3.0-py3-none-any.whl.metadata (2.5 kB)
Collecting pluggy<2,>=1.5 (from pytest==8.3.3->-r requirements.txt (line 11))
  Downloading pluggy-1.6.0-py3-none-any.whl.metadata (4.8 kB)
Collecting jinja2>=3.0.0 (from pytest-html==4.1.1->-r requirements.txt (line 12))
  Downloading jinja2-3.1.6-py3-none-any.whl.metadata (2.9 kB)
Collecting pytest-metadata>=2.0.0 (from pytest-html==4.1.1->-r requirements.txt (line 12))
  Downloading pytest_metadata-3.1.1-py3-none-any.whl.metadata (8.6 kB)
Collecting coverage>=7.5 (from coverage[toml]>=7.5->pytest-cov==6.0.0->-r requirements.txt (line 13))
  Downloading coverage-7.11.3-cp314-cp314-manylinux2014_aarch64.manylinux_2_17_aarch64.manylinux_2_28_aarch64.whl.metadata (9.1 kB)
Collecting execnet>=2.1 (from pytest-xdist==3.6.1->-r requirements.txt (line 14))
  Downloading execnet-2.1.2-py3-none-any.whl.metadata (2.9 kB)
Collecting six (from junit-xml==1.9->-r requirements.txt (line 15))
  Downloading six-1.17.0-py2.py3-none-any.whl.metadata (1.7 kB)
Collecting python-dateutil>=2.4 (from faker==30.8.2->-r requirements.txt (line 18))
  Downloading python_dateutil-2.9.0.post0-py2.py3-none-any.whl.metadata (8.4 kB)
Collecting charset-normalizer<4,>=2 (from requests==2.32.3->-r requirements.txt (line 19))
  Downloading charset_normalizer-3.4.4-cp314-cp314-manylinux2014_aarch64.manylinux_2_17_aarch64.manylinux_2_28_aarch64.whl.metadata (37 kB)
Collecting idna<4,>=2.5 (from requests==2.32.3->-r requirements.txt (line 19))
  Downloading idna-3.11-py3-none-any.whl.metadata (8.4 kB)
Collecting blinker>=1.4 (from selenium-wire==5.1.0->-r requirements.txt (line 23))
  Downloading blinker-1.9.0-py3-none-any.whl.metadata (1.6 kB)
Collecting brotli>=1.0.9 (from selenium-wire==5.1.0->-r requirements.txt (line 23))
  Downloading brotli-1.2.0-cp314-cp314-manylinux2014_aarch64.manylinux_2_17_aarch64.manylinux_2_28_aarch64.whl.metadata (6.1 kB)
Collecting kaitaistruct>=0.7 (from selenium-wire==5.1.0->-r requirements.txt (line 23))
  Downloading kaitaistruct-0.11-py2.py3-none-any.whl.metadata (2.9 kB)
Collecting pyasn1>=0.3.1 (from selenium-wire==5.1.0->-r requirements.txt (line 23))
  Downloading pyasn1-0.6.1-py3-none-any.whl.metadata (8.4 kB)
Collecting pyOpenSSL>=22.0.0 (from selenium-wire==5.1.0->-r requirements.txt (line 23))
  Downloading pyopenssl-25.3.0-py3-none-any.whl.metadata (17 kB)
Collecting pyparsing>=2.4.2 (from selenium-wire==5.1.0->-r requirements.txt (line 23))
  Downloading pyparsing-3.2.5-py3-none-any.whl.metadata (5.0 kB)
Collecting pysocks>=1.7.1 (from selenium-wire==5.1.0->-r requirements.txt (line 23))
  Downloading PySocks-1.7.1-py3-none-any.whl.metadata (13 kB)
Collecting wsproto>=0.14 (from selenium-wire==5.1.0->-r requirements.txt (line 23))
  Downloading wsproto-1.3.1-py3-none-any.whl.metadata (5.2 kB)
Collecting zstandard>=0.14.1 (from selenium-wire==5.1.0->-r requirements.txt (line 23))
  Downloading zstandard-0.25.0-cp314-cp314-manylinux2014_aarch64.manylinux_2_17_aarch64.manylinux_2_28_aarch64.whl.metadata (3.3 kB)
Collecting h2>=4.0 (from selenium-wire==5.1.0->-r requirements.txt (line 23))
  Downloading h2-4.3.0-py3-none-any.whl.metadata (5.1 kB)
Collecting hyperframe>=6.0 (from selenium-wire==5.1.0->-r requirements.txt (line 23))
  Downloading hyperframe-6.1.0-py3-none-any.whl.metadata (4.3 kB)
Collecting defusedxml (from jira==3.8.0->-r requirements.txt (line 26))
  Downloading defusedxml-0.7.1-py2.py3-none-any.whl.metadata (32 kB)
Collecting Pillow>=2.1.0 (from jira==3.8.0->-r requirements.txt (line 26))
  Downloading pillow-12.0.0-cp314-cp314-manylinux_2_27_aarch64.manylinux_2_28_aarch64.whl.metadata (8.8 kB)
Collecting requests-oauthlib>=1.1.0 (from jira==3.8.0->-r requirements.txt (line 26))
  Downloading requests_oauthlib-2.0.0-py2.py3-none-any.whl.metadata (11 kB)
Collecting requests-toolbelt (from jira==3.8.0->-r requirements.txt (line 26))
  Downloading requests_toolbelt-1.0.0-py2.py3-none-any.whl.metadata (14 kB)
Collecting attrs>=23.2.0 (from trio~=0.17->selenium==4.25.0->-r requirements.txt (line 2))
  Downloading attrs-25.4.0-py3-none-any.whl.metadata (10 kB)
Collecting sortedcontainers (from trio~=0.17->selenium==4.25.0->-r requirements.txt (line 2))
  Downloading sortedcontainers-2.4.0-py2.py3-none-any.whl.metadata (10 kB)
Collecting outcome (from trio~=0.17->selenium==4.25.0->-r requirements.txt (line 2))
  Downloading outcome-1.3.0.post0-py2.py3-none-any.whl.metadata (2.6 kB)
Collecting sniffio>=1.3.0 (from trio~=0.17->selenium==4.25.0->-r requirements.txt (line 2))
  Downloading sniffio-1.3.1-py3-none-any.whl.metadata (3.9 kB)
Collecting hpack<5,>=4.1 (from h2>=4.0->selenium-wire==5.1.0->-r requirements.txt (line 23))
  Downloading hpack-4.1.0-py3-none-any.whl.metadata (4.6 kB)
Collecting MarkupSafe>=2.0 (from jinja2>=3.0.0->pytest-html==4.1.1->-r requirements.txt (line 12))
  Downloading markupsafe-3.0.3-cp314-cp314-manylinux2014_aarch64.manylinux_2_17_aarch64.manylinux_2_28_aarch64.whl.metadata (2.7 kB)
Collecting cryptography<47,>=45.0.7 (from pyOpenSSL>=22.0.0->selenium-wire==5.1.0->-r requirements.txt (line 23))
  Downloading cryptography-46.0.3-cp311-abi3-manylinux_2_34_aarch64.whl.metadata (5.7 kB)
Collecting cffi>=2.0.0 (from cryptography<47,>=45.0.7->pyOpenSSL>=22.0.0->selenium-wire==5.1.0->-r requirements.txt (line 23))
  Downloading cffi-2.0.0-cp314-cp314-manylinux2014_aarch64.manylinux_2_17_aarch64.whl.metadata (2.6 kB)
Collecting pycparser (from cffi>=2.0.0->cryptography<47,>=45.0.7->pyOpenSSL>=22.0.0->selenium-wire==5.1.0->-r requirements.txt (line 23))
  Downloading pycparser-2.23-py3-none-any.whl.metadata (993 bytes)
Collecting oauthlib>=3.0.0 (from requests-oauthlib>=1.1.0->jira==3.8.0->-r requirements.txt (line 26))
  Downloading oauthlib-3.3.1-py3-none-any.whl.metadata (7.9 kB)
Collecting h11<1,>=0.16.0 (from wsproto>=0.14->selenium-wire==5.1.0->-r requirements.txt (line 23))
  Downloading h11-0.16.0-py3-none-any.whl.metadata (8.3 kB)
Downloading selenium-4.25.0-py3-none-any.whl (9.7 MB)
   â”â”â”â”â”â”â”â”â”â”â”â”â”â”â”â”â”â”â”â”â”â”â”â”â”â”â”â”â”â”â”â”â”â”â”â”â”â”â”â” 9.7/9.7 MB 10.7 MB/s  0:00:00
Downloading webdriver_manager-4.0.2-py2.py3-none-any.whl (27 kB)
Downloading pytest-8.3.3-py3-none-any.whl (342 kB)
Downloading pytest_html-4.1.1-py3-none-any.whl (23 kB)
Downloading pytest_cov-6.0.0-py3-none-any.whl (22 kB)
Downloading pytest_xdist-3.6.1-py3-none-any.whl (46 kB)
Downloading junit_xml-1.9-py2.py3-none-any.whl (7.1 kB)
Downloading Faker-30.8.2-py3-none-any.whl (1.8 MB)
   â”â”â”â”â”â”â”â”â”â”â”â”â”â”â”â”â”â”â”â”â”â”â”â”â”â”â”â”â”â”â”â”â”â”â”â”â”â”â”â” 1.8/1.8 MB 10.8 MB/s  0:00:00
Downloading requests-2.32.3-py3-none-any.whl (64 kB)
Downloading python_dotenv-1.0.1-py3-none-any.whl (19 kB)
Downloading selenium_wire-5.1.0-py3-none-any.whl (239 kB)
Downloading jira-3.8.0-py3-none-any.whl (77 kB)
Downloading charset_normalizer-3.4.4-cp314-cp314-manylinux2014_aarch64.manylinux_2_17_aarch64.manylinux_2_28_aarch64.whl (147 kB)
Downloading idna-3.11-py3-none-any.whl (71 kB)
Downloading pluggy-1.6.0-py3-none-any.whl (20 kB)
Downloading trio-0.32.0-py3-none-any.whl (512 kB)
Downloading trio_websocket-0.12.2-py3-none-any.whl (21 kB)
Downloading typing_extensions-4.15.0-py3-none-any.whl (44 kB)
Downloading urllib3-2.5.0-py3-none-any.whl (129 kB)
Downloading PySocks-1.7.1-py3-none-any.whl (16 kB)
Downloading websocket_client-1.9.0-py3-none-any.whl (82 kB)
Downloading attrs-25.4.0-py3-none-any.whl (67 kB)
Downloading blinker-1.9.0-py3-none-any.whl (8.5 kB)
Downloading brotli-1.2.0-cp314-cp314-manylinux2014_aarch64.manylinux_2_17_aarch64.manylinux_2_28_aarch64.whl (1.5 MB)
   â”â”â”â”â”â”â”â”â”â”â”â”â”â”â”â”â”â”â”â”â”â”â”â”â”â”â”â”â”â”â”â”â”â”â”â”â”â”â”â” 1.5/1.5 MB 12.1 MB/s  0:00:00
Downloading certifi-2025.11.12-py3-none-any.whl (159 kB)
Downloading coverage-7.11.3-cp314-cp314-manylinux2014_aarch64.manylinux_2_17_aarch64.manylinux_2_28_aarch64.whl (251 kB)
Downloading execnet-2.1.2-py3-none-any.whl (40 kB)
Downloading h2-4.3.0-py3-none-any.whl (61 kB)
Downloading hpack-4.1.0-py3-none-any.whl (34 kB)
Downloading hyperframe-6.1.0-py3-none-any.whl (13 kB)
Downloading jinja2-3.1.6-py3-none-any.whl (134 kB)
Downloading kaitaistruct-0.11-py2.py3-none-any.whl (11 kB)
Downloading markupsafe-3.0.3-cp314-cp314-manylinux2014_aarch64.manylinux_2_17_aarch64.manylinux_2_28_aarch64.whl (24 kB)
Downloading outcome-1.3.0.post0-py2.py3-none-any.whl (10 kB)
Downloading pillow-12.0.0-cp314-cp314-manylinux_2_27_aarch64.manylinux_2_28_aarch64.whl (6.3 MB)
   â”â”â”â”â”â”â”â”â”â”â”â”â”â”â”â”â”â”â”â”â”â”â”â”â”â”â”â”â”â”â”â”â”â”â”â”â”â”â”â” 6.3/6.3 MB 10.4 MB/s  0:00:00
Downloading pyasn1-0.6.1-py3-none-any.whl (83 kB)
Downloading pyopenssl-25.3.0-py3-none-any.whl (57 kB)
Downloading cryptography-46.0.3-cp311-abi3-manylinux_2_34_aarch64.whl (4.3 MB)
   â”â”â”â”â”â”â”â”â”â”â”â”â”â”â”â”â”â”â”â”â”â”â”â”â”â”â”â”â”â”â”â”â”â”â”â”â”â”â”â” 4.3/4.3 MB 10.3 MB/s  0:00:00
Downloading cffi-2.0.0-cp314-cp314-manylinux2014_aarch64.manylinux_2_17_aarch64.whl (220 kB)
Downloading pyparsing-3.2.5-py3-none-any.whl (113 kB)
Downloading pytest_metadata-3.1.1-py3-none-any.whl (11 kB)
Downloading python_dateutil-2.9.0.post0-py2.py3-none-any.whl (229 kB)
Downloading requests_oauthlib-2.0.0-py2.py3-none-any.whl (24 kB)
Downloading oauthlib-3.3.1-py3-none-any.whl (160 kB)
Downloading six-1.17.0-py2.py3-none-any.whl (11 kB)
Downloading sniffio-1.3.1-py3-none-any.whl (10 kB)
Downloading wsproto-1.3.1-py3-none-any.whl (24 kB)
Downloading h11-0.16.0-py3-none-any.whl (37 kB)
Downloading zstandard-0.25.0-cp314-cp314-manylinux2014_aarch64.manylinux_2_17_aarch64.manylinux_2_28_aarch64.whl (5.1 MB)
   â”â”â”â”â”â”â”â”â”â”â”â”â”â”â”â”â”â”â”â”â”â”â”â”â”â”â”â”â”â”â”â”â”â”â”â”â”â”â”â” 5.1/5.1 MB 11.1 MB/s  0:00:00
Downloading defusedxml-0.7.1-py2.py3-none-any.whl (25 kB)
Downloading iniconfig-2.3.0-py3-none-any.whl (7.5 kB)
Downloading packaging-25.0-py3-none-any.whl (66 kB)
Downloading pycparser-2.23-py3-none-any.whl (118 kB)
Downloading requests_toolbelt-1.0.0-py2.py3-none-any.whl (54 kB)
Downloading sortedcontainers-2.4.0-py2.py3-none-any.whl (29 kB)
Installing collected packages: sortedcontainers, brotli, zstandard, websocket-client, urllib3, typing_extensions, sniffio, six, python-dotenv, pysocks, pyparsing, pycparser, pyasn1, pluggy, Pillow, packaging, oauthlib, MarkupSafe, kaitaistruct, iniconfig, idna, hyperframe, hpack, h11, execnet, defusedxml, coverage, charset-normalizer, certifi, blinker, attrs, wsproto, requests, python-dateutil, pytest, outcome, junit-xml, jinja2, h2, cffi, webdriver-manager, trio, requests-toolbelt, requests-oauthlib, pytest-xdist, pytest-metadata, pytest-cov, faker, cryptography, trio-websocket, pytest-html, pyOpenSSL, jira, selenium, selenium-wire

Successfully installed MarkupSafe-3.0.3 Pillow-12.0.0 attrs-25.4.0 blinker-1.9.0 brotli-1.2.0 certifi-2025.11.12 cffi-2.0.0 charset-normalizer-3.4.4 coverage-7.11.3 cryptography-46.0.3 defusedxml-0.7.1 execnet-2.1.2 faker-30.8.2 h11-0.16.0 h2-4.3.0 hpack-4.1.0 hyperframe-6.1.0 idna-3.11 iniconfig-2.3.0 jinja2-3.1.6 jira-3.8.0 junit-xml-1.9 kaitaistruct-0.11 oauthlib-3.3.1 outcome-1.3.0.post0 packaging-25.0 pluggy-1.6.0 pyOpenSSL-25.3.0 pyasn1-0.6.1 pycparser-2.23 pyparsing-3.2.5 pysocks-1.7.1 pytest-8.3.3 pytest-cov-6.0.0 pytest-html-4.1.1 pytest-metadata-3.1.1 pytest-xdist-3.6.1 python-dateutil-2.9.0.post0 python-dotenv-1.0.1 requests-2.32.3 requests-oauthlib-2.0.0 requests-toolbelt-1.0.0 selenium-4.25.0 selenium-wire-5.1.0 six-1.17.0 sniffio-1.3.1 sortedcontainers-2.4.0 trio-0.32.0 trio-websocket-0.12.2 typing_extensions-4.15.0 urllib3-2.5.0 webdriver-manager-4.0.2 websocket-client-1.9.0 wsproto-1.3.1 zstandard-0.25.0
[91mWARNING: Running pip as the 'root' user can result in broken permissions and conflicting behaviour with the system package manager, possibly rendering your system unusable. It is recommended to use a virtual environment instead: https://pip.pypa.io/warnings/venv. Use the --root-user-action option if you know what you are doing and want to suppress this warning.
[0m ---> Removed intermediate container f45cee6f3ba3
 ---> 1acd86802f8c
Step 9/11 : COPY . .
 ---> 6eb235dd09a3
Step 10/11 : ENTRYPOINT ["pytest"]
 ---> Running in 863298a03273
 ---> Removed intermediate container 863298a03273
 ---> 3d01751c794c
Step 11/11 : CMD ["tests","-v","--maxfail=1","--tb=short"]
 ---> Running in 4861d9562ec2
 ---> Removed intermediate container 4861d9562ec2
 ---> 475daab62c05
Successfully built 475daab62c05
Successfully tagged elice-bugshunters:27
+ docker tag elice-bugshunters:27 elice-bugshunters:latest
+ docker+ head images

REPOSITORY                                 TAG                  IMAGE ID       CREATED             SIZE
elice-bugshunters                          27                   475daab62c05   1 second ago        1.6GB
elice-bugshunters                          latest               475daab62c05   1 second ago        1.6GB
elice-bugshunters                          26                   3c328f7247cc   10 minutes ago      1.6GB
elice-bugshunters                          25                   8cc527837182   22 minutes ago      1.6GB
elice-bugshunters                          24                   bd1a5652e991   45 minutes ago      1.6GB
elice-bugshunters                          23                   2f0ebbf61531   58 minutes ago      1.6GB
elice-bugshunters-jenkins                  latest               16dcbeb413d7   About an hour ago   990MB
bugtest                                    latest               740b78251487   2 days ago          1.55GB
730e776033a0afb93f18258d87a0e0f08a50c482   latest               ad5fefc1f150   3 days ago          1.52GB
[8mha:////4B1t/tjlCz8RgrQHb2qyzpsrb0Us2nhdl4AT+yfeRiBKAAAApB+LCAAAAAAAAP9tjTEOwjAQBC9BFLSUPOIigagQVVrLDS8wsTFOrDtjOyQVL+Jr/IFAJCq2WO1sM88XLFOEI0eLraHOUWocBt/baeHAsbt4HrDlMzZMib1BaQbJ2tQzSs4G5hQlLASsDDWekyObYS1adVeVV2SrU47TdxBQOn2DBxRiMmcV8xfGCJtrrxPTz/NXAGMIGcrt/lO7N+4u68W+AAAA[0m[Pipeline] }
[8mha:////4K6Mc387cvucuuTOZgvy9WqNTebCPei++m7jjGFYPRdVAAAApB+LCAAAAAAAAP9tjTESwiAURH/iWNhaeggyk8LGsbJlaDwBJogQ5n8CRFJ5Iq/mHUQzY+UWO/u2ec8XrGOAIwXNrMLBYOwM827SZbFMYbg6yszShXWEkZxiQmVBvTotKCgpWFLVsOKwUdg5igZ1gi238i4bJ1E35xTKd+BQm36EB1S8mJMM6QtzgN1t6iPhz/NXALP3Cep2/6n2DdZseDS+AAAA[0m[Pipeline] // script
[8mha:////4NyDMylDD+c7myCFUQU0R+G/F5w+CJSZYeX2l+6WJD5pAAAApB+LCAAAAAAAAP9tjTEOwjAQBC9BFLSUPOIiaCgQVVrLDS8wsTFOrDtjOyQVL+Jr/IFAJCq2WO1sM88XLFOEI0eLraHOUWocBt/baeHAsbt4HrDlMzZMib1BaQbJ2tQzSs4G5hQlLASsDDWekyObYS1adVeVV2SrU47TdxBQOn2DBxRiMmcV8xfGCJtrrxPTz/NXAGMIGcrd/lPbN8nuLWa+AAAA[0m[Pipeline] }
[8mha:////4HPKZxR3i+inTVIPpOhH+v/MEzqUgDfOXfj1pl3nB6JSAAAApB+LCAAAAAAAAP9tjTEOwjAQBC9BFLSUPOKCqJAQVVrLDS8wsTFOrDtjOyQVL+Jr/IFAJCq2WO1sM88XLFOEI0eLraHOUWocBt/baeHAsbt4HrDlMzZMib1BaQbJ2tQzSs4G5hQlLASsDDWekyObYS1adVeVV2SrU47TdxBQOn2DBxRiMmcV8xfGCJtrrxPTz/NXAGMIGcrd/lPbN4psfOC+AAAA[0m[Pipeline] // stage
[8mha:////4EeF2eK8uVsh6xh0Q6Iwmc4Gp29mgXzbn4qB90IVi4ddAAAAqB+LCAAAAAAAAP9tjTEOwjAUQ3+LOrAycohUwIRQJ9aoCycITQhJo/9LkpJOnIircQcClZjwYNmWrPd8QRU8NOQ1swp7g6EzbHCjzokl8v3FUWKWzqwjDOQUa1VqSarjXFuKCmYVJSw4LBV2joJBHWHFrbiL2gnU9Sn6vB04lEbe4AEFz+QofPyWycP6OspA+OP8BcA0RCg3u2zb/edZvQHwX+mYwgAAAA==[0m[Pipeline] stage
[8mha:////4DI07NaKdQs4IFpb9b/Q+pFaGlmY3M1PqUT8upXQfJeSAAAAqB+LCAAAAAAAAP9tjTEOwjAUQ3+LOrAycogUwYRQJ9aoCycITQhJo/9LkpJOnIircQcClZjwYNmWrPd8QRU8NOQ1swp7g6EzbHCjzokl8v3FUWKWzqwjDOQUa1VqSarjXFuKCmYVJSw4LBV2joJBHWHFrbiL2gnU9Sn6vB04lEbe4AEFz+QofPyWycP6OspA+OP8BcA0RCi3+2y7zedZvQH4j6CMwgAAAA==[0m[Pipeline] { (Run Tests in Container)
[8mha:////4I1CSmndluE2G2VlC804l/bjFlleMHm+DOUFdkpch3ZwAAAAph+LCAAAAAAAAP9tjTEOwjAUQ3+LOrAycogUxIiYukZZOEFoQkgb/V9+UtqJE3E17kBLJSY8WLYl673eUESGE7ETjcXWY6y96ELvpiQG4vYaaBANXURNGClYoeygyNhqqYqShUVZDisJa4t1oOjRJdjIRj90GTS68px42o4Scm/u8IRMTuSkOX3LyLC99SYS/jh/ATB2CfLDbrb9/Cw+ty4Up8IAAAA=[0m[Pipeline] withCredentials
Masking supported pattern matches of $MAIN_PASSWORD or $SUB_PASSWORD
[8mha:////4Lx6HEUYd1PWLQtU3WyAqBhKi1BZEV/mv7+P61PfWPN7AAAAph+LCAAAAAAAAP9tjTEOwjAUQ3+LOrAycohUwIiYukZZOEFoQkgb/V9+UtqJE3E17kBLJSY8WLYl673eUESGE7ETjcXWY6y96ELvpiQG4vYaaBANXURNGClYoeygyNhqqYqShUVZDisJa4t1oOjRJdjIRj90GTS68px42o4Scm/u8IRMTuSkOX3LyLC99SYS/jh/ATB2CfLDbrb9/Cw+2YMO4MIAAAA=[0m[Pipeline] {
[8mha:////4KNf/JsjGHrvIQrrRgMRJBLzXmtwNYvm8uOC1+33hionAAAAox+LCAAAAAAAAP9tjTEOwjAQBC9BFLSUPOIikRJR0VppeIFJjLFj3Tm2g1PxIr7GHwhEomKL1c4283zBOgY4ctBoFfWGYmvQu1HPCzOH/uo4o+ULtkyRncJG5YY7dVqw4aRgSVHCSsBGUes4GtIJtsLKu6ycJF2dU5i/g4DSdAM8oBCzOcmQvjAF2N3GLjL9PH8FMPkEZb3/VO3favo5XL4AAAA=[0m[Pipeline] sh
+ set -eux
+ echo âž¡ PWD:
âž¡ PWD:
+ pwd
/var/jenkins_home/workspace/elice_bugshunters
+ echo âž¡ WORKSPACE:
âž¡ WORKSPACE:
+ echo /var/jenkins_home/workspace/elice_bugshunters
/var/jenkins_home/workspace/elice_bugshunters
+ REPORT_DIR=reports
+ SCREENSHOT_DIR=screenshots
+ echo ðŸ§¹ ê¸°ì¡´ ë¦¬í¬íŠ¸/ìŠ¤í¬ë¦°ìƒ· ì •ë¦¬
ðŸ§¹ ê¸°ì¡´ ë¦¬í¬íŠ¸/ìŠ¤í¬ë¦°ìƒ· ì •ë¦¬
+ rm -rf reports screenshots
+ mkdir -p reports screenshots
+ echo ðŸ³ í…ŒìŠ¤íŠ¸ ì»¨í…Œì´ë„ˆ ì‹¤í–‰ (Jenkins ë³¼ë¥¨ ê³µìœ )
ðŸ³ í…ŒìŠ¤íŠ¸ ì»¨í…Œì´ë„ˆ ì‹¤í–‰ (Jenkins ë³¼ë¥¨ ê³µìœ )
+ docker run --rm --volumes-from elice-jenkins -w /var/jenkins_home/workspace/elice_bugshunters --shm-size=2g -e HEADLESS=true -e WDM_SKIP=1 -e CHROME_BIN=/usr/bin/chromium -e CHROMEDRIVER=/usr/bin/chromedriver -e MAIN_EMAIL=team3@elice.com -e MAIN_PASSWORD=**** -e SUB_EMAIL=team3a@elice.com -e SUB_PASSWORD=**** elice-bugshunters:latest tests -v --junitxml=reports/test-results.xml --html=reports/report.html --self-contained-html --tb=short
============================= test session starts ==============================
platform linux -- Python 3.14.0, pytest-8.3.3, pluggy-1.6.0 -- /usr/local/bin/python
cachedir: .pytest_cache
metadata: {'Python': '3.14.0', 'Platform': 'Linux-6.10.14-linuxkit-aarch64-with-glibc2.36', 'Packages': {'pytest': '8.3.3', 'pluggy': '1.6.0'}, 'Plugins': {'xdist': '3.6.1', 'cov': '6.0.0', 'Faker': '30.8.2', 'html': '4.1.1', 'metadata': '3.1.1'}}
rootdir: /var/jenkins_home/workspace/elice_bugshunters
configfile: pytest.ini
plugins: xdist-3.6.1, cov-6.0.0, Faker-30.8.2, html-4.1.1, metadata-3.1.1
collecting ... collected 14 items

tests/test_account.py::test_ac_001_login PASSED                          [  7%]
tests/test_account.py::test_ac_002_duplicate_email PASSED                [ 14%]
tests/test_account.py::test_ac_003_negative_login PASSED                 [ 21%]
tests/test_account.py::test_ac_004_positive_login PASSED                 [ 28%]
tests/test_account.py::test_ac_005_login_with_non_email_format PASSED    [ 35%]
tests/test_account.py::test_ac_006_login_with_spaces FAILED              [ 42%]
tests/test_account.py::test_ac_007_logout PASSED                         [ 50%]
tests/test_history.py::test_ht_001 FAILED                                [ 57%]
tests/test_history.py::test_ht_002 FAILED                                [ 64%]
tests/test_history.py::test_ht_003 PASSED                                [ 71%]
tests/test_history.py::test_ht_004 FAILED                                [ 78%]
tests/test_history.py::test_ht_005 FAILED                                [ 85%]
tests/test_history.py::test_ht_006 FAILED                                [ 92%]
tests/test_history.py::test_ht_007 FAILED                                [100%]

=================================== FAILURES ===================================
________________________ test_ac_006_login_with_spaces _________________________
tests/test_account.py:66: in test_ac_006_login_with_spaces
    login_page.login(" test@elice.com ", "testelice!@ ")
src/pages/login_page.py:59: in login
    email_input = wait.until(EC.element_to_be_clickable(self.locators["email"]))
/usr/local/lib/python3.14/site-packages/selenium/webdriver/support/wait.py:96: in until
    value = method(self._driver)
/usr/local/lib/python3.14/site-packages/selenium/webdriver/support/expected_conditions.py:364: in _predicate
    element = visibility_of(target)(driver)
/usr/local/lib/python3.14/site-packages/selenium/webdriver/support/expected_conditions.py:173: in _predicate
    return _element_if_visible(element)
/usr/local/lib/python3.14/site-packages/selenium/webdriver/support/expected_conditions.py:179: in _element_if_visible
    return element if element.is_displayed() == visibility else False
/usr/local/lib/python3.14/site-packages/selenium/webdriver/remote/webelement.py:252: in is_displayed
    return self.parent.execute_script(f"/* isDisplayed */return ({isDisplayed_js}).apply(null, arguments);", self)
/usr/local/lib/python3.14/site-packages/selenium/webdriver/remote/webdriver.py:414: in execute_script
    return self.execute(command, {"script": script, "args": converted_args})["value"]
/usr/local/lib/python3.14/site-packages/selenium/webdriver/remote/webdriver.py:354: in execute
    self.error_handler.check_response(response)
/usr/local/lib/python3.14/site-packages/selenium/webdriver/remote/errorhandler.py:229: in check_response
    raise exception_class(message, screen, stacktrace)
E   selenium.common.exceptions.StaleElementReferenceException: Message: stale element reference: stale element not found in the current frame
E     (Session info: chrome=142.0.7444.162); For documentation on this error, please visit: https://www.selenium.dev/documentation/webdriver/troubleshooting/errors#stale-element-reference-exception
E   Stacktrace:
E   #0 0xaaaad28a4c18 <unknown>
E   #1 0xaaaad22ce0d0 <unknown>
E   #2 0xaaaad22d48d8 <unknown>
E   #3 0xaaaad22d6bdc <unknown>
E   #4 0xaaaad23539f0 <unknown>
E   #5 0xaaaad2352d3c <unknown>
E   #6 0xaaaad230b998 <unknown>
E   #7 0xaaaad286f79c <unknown>
E   #8 0xaaaad287282c <unknown>
E   #9 0xaaaad2872408 <unknown>
E   #10 0xaaaad285a620 <unknown>
E   #11 0xaaaad2872eac <unknown>
E   #12 0xaaaad284493c <unknown>
E   #13 0xaaaad2891abc <unknown>
E   #14 0xaaaad2891cc8 <unknown>
E   #15 0xaaaad28a397c <unknown>
E   #16 0xffffbdd6202c <unknown>
E   #17 0xffffbddcbf18 <unknown>
----------------------------- Captured stdout call -----------------------------

=== test_ac_006_login_with_spaces í…ŒìŠ¤íŠ¸ ì‹œìž‘ ===
_________________________________ test_ht_001 __________________________________
tests/test_history.py:43: in test_ht_001
    sidebar.click_new_chat()
src/pages/ht_chat_sidebar.py:27: in click_new_chat
    self.clickable(SEL_NEW_CHAT_BTN).click()
src/pages/ht_base_page.py:21: in clickable
    return self.wait(sec).until(EC.element_to_be_clickable(locator))
/usr/local/lib/python3.14/site-packages/selenium/webdriver/support/wait.py:105: in until
    raise TimeoutException(message, screen, stacktrace)
E   selenium.common.exceptions.TimeoutException: Message: 
E   Stacktrace:
E   #0 0xaaaad28a4c18 <unknown>
E   #1 0xaaaad22ce0d0 <unknown>
E   #2 0xaaaad2316f4c <unknown>
E   #3 0xaaaad2352d3c <unknown>
E   #4 0xaaaad230b998 <unknown>
E   #5 0xaaaad286f79c <unknown>
E   #6 0xaaaad287282c <unknown>
E   #7 0xaaaad2872408 <unknown>
E   #8 0xaaaad285a620 <unknown>
E   #9 0xaaaad2872eac <unknown>
E   #10 0xaaaad284493c <unknown>
E   #11 0xaaaad2891abc <unknown>
E   #12 0xaaaad2891cc8 <unknown>
E   #13 0xaaaad28a397c <unknown>
E   #14 0xffffbdd6202c <unknown>
E   #15 0xffffbddcbf18 <unknown>
_________________________________ test_ht_002 __________________________________
tests/test_history.py:76: in test_ht_002
    sidebar.click_new_chat()
src/pages/ht_chat_sidebar.py:27: in click_new_chat
    self.clickable(SEL_NEW_CHAT_BTN).click()
src/pages/ht_base_page.py:21: in clickable
    return self.wait(sec).until(EC.element_to_be_clickable(locator))
/usr/local/lib/python3.14/site-packages/selenium/webdriver/support/wait.py:105: in until
    raise TimeoutException(message, screen, stacktrace)
E   selenium.common.exceptions.TimeoutException: Message: 
E   Stacktrace:
E   #0 0xaaaad28a4c18 <unknown>
E   #1 0xaaaad22ce0d0 <unknown>
E   #2 0xaaaad2316f4c <unknown>
E   #3 0xaaaad2352d3c <unknown>
E   #4 0xaaaad230b998 <unknown>
E   #5 0xaaaad286f79c <unknown>
E   #6 0xaaaad287282c <unknown>
E   #7 0xaaaad2872408 <unknown>
E   #8 0xaaaad285a620 <unknown>
E   #9 0xaaaad2872eac <unknown>
E   #10 0xaaaad284493c <unknown>
E   #11 0xaaaad2891abc <unknown>
E   #12 0xaaaad2891cc8 <unknown>
E   #13 0xaaaad28a397c <unknown>
E   #14 0xffffbdd6202c <unknown>
E   #15 0xffffbddcbf18 <unknown>
_________________________________ test_ht_004 __________________________________
tests/test_history.py:125: in test_ht_004
    sidebar.click_new_chat()
src/pages/ht_chat_sidebar.py:27: in click_new_chat
    self.clickable(SEL_NEW_CHAT_BTN).click()
src/pages/ht_base_page.py:21: in clickable
    return self.wait(sec).until(EC.element_to_be_clickable(locator))
/usr/local/lib/python3.14/site-packages/selenium/webdriver/support/wait.py:105: in until
    raise TimeoutException(message, screen, stacktrace)
E   selenium.common.exceptions.TimeoutException: Message: 
E   Stacktrace:
E   #0 0xaaaad28a4c18 <unknown>
E   #1 0xaaaad22ce0d0 <unknown>
E   #2 0xaaaad2316f4c <unknown>
E   #3 0xaaaad2352d3c <unknown>
E   #4 0xaaaad230b998 <unknown>
E   #5 0xaaaad286f79c <unknown>
E   #6 0xaaaad287282c <unknown>
E   #7 0xaaaad2872408 <unknown>
E   #8 0xaaaad285a620 <unknown>
E   #9 0xaaaad2872eac <unknown>
E   #10 0xaaaad284493c <unknown>
E   #11 0xaaaad2891abc <unknown>
E   #12 0xaaaad2891cc8 <unknown>
E   #13 0xaaaad28a397c <unknown>
E   #14 0xffffbdd6202c <unknown>
E   #15 0xffffbddcbf18 <unknown>
_________________________________ test_ht_005 __________________________________
tests/test_history.py:200: in test_ht_005
    sidebar.click_new_chat()
src/pages/ht_chat_sidebar.py:27: in click_new_chat
    self.clickable(SEL_NEW_CHAT_BTN).click()
src/pages/ht_base_page.py:21: in clickable
    return self.wait(sec).until(EC.element_to_be_clickable(locator))
/usr/local/lib/python3.14/site-packages/selenium/webdriver/support/wait.py:105: in until
    raise TimeoutException(message, screen, stacktrace)
E   selenium.common.exceptions.TimeoutException: Message: 
E   Stacktrace:
E   #0 0xaaaad28a4c18 <unknown>
E   #1 0xaaaad22ce0d0 <unknown>
E   #2 0xaaaad2316f4c <unknown>
E   #3 0xaaaad2352d3c <unknown>
E   #4 0xaaaad230b998 <unknown>
E   #5 0xaaaad286f79c <unknown>
E   #6 0xaaaad287282c <unknown>
E   #7 0xaaaad2872408 <unknown>
E   #8 0xaaaad285a620 <unknown>
E   #9 0xaaaad2872eac <unknown>
E   #10 0xaaaad284493c <unknown>
E   #11 0xaaaad2891abc <unknown>
E   #12 0xaaaad2891cc8 <unknown>
E   #13 0xaaaad28a397c <unknown>
E   #14 0xffffbdd6202c <unknown>
E   #15 0xffffbddcbf18 <unknown>
_________________________________ test_ht_006 __________________________________
tests/test_history.py:250: in test_ht_006
    sidebar.click_new_chat()
src/pages/ht_chat_sidebar.py:27: in click_new_chat
    self.clickable(SEL_NEW_CHAT_BTN).click()
src/pages/ht_base_page.py:21: in clickable
    return self.wait(sec).until(EC.element_to_be_clickable(locator))
/usr/local/lib/python3.14/site-packages/selenium/webdriver/support/wait.py:105: in until
    raise TimeoutException(message, screen, stacktrace)
E   selenium.common.exceptions.TimeoutException: Message: 
E   Stacktrace:
E   #0 0xaaaad28a4c18 <unknown>
E   #1 0xaaaad22ce0d0 <unknown>
E   #2 0xaaaad2316f4c <unknown>
E   #3 0xaaaad2352d3c <unknown>
E   #4 0xaaaad230b998 <unknown>
E   #5 0xaaaad286f79c <unknown>
E   #6 0xaaaad287282c <unknown>
E   #7 0xaaaad2872408 <unknown>
E   #8 0xaaaad285a620 <unknown>
E   #9 0xaaaad2872eac <unknown>
E   #10 0xaaaad284493c <unknown>
E   #11 0xaaaad2891abc <unknown>
E   #12 0xaaaad2891cc8 <unknown>
E   #13 0xaaaad28a397c <unknown>
E   #14 0xffffbdd6202c <unknown>
E   #15 0xffffbddcbf18 <unknown>
_________________________________ test_ht_007 __________________________________
tests/test_history.py:306: in test_ht_007
    sidebar.click_new_chat()
src/pages/ht_chat_sidebar.py:27: in click_new_chat
    self.clickable(SEL_NEW_CHAT_BTN).click()
src/pages/ht_base_page.py:21: in clickable
    return self.wait(sec).until(EC.element_to_be_clickable(locator))
/usr/local/lib/python3.14/site-packages/selenium/webdriver/support/wait.py:105: in until
    raise TimeoutException(message, screen, stacktrace)
E   selenium.common.exceptions.TimeoutException: Message: 
E   Stacktrace:
E   #0 0xaaaad28a4c18 <unknown>
E   #1 0xaaaad22ce0d0 <unknown>
E   #2 0xaaaad2316f4c <unknown>
E   #3 0xaaaad2352d3c <unknown>
E   #4 0xaaaad230b998 <unknown>
E   #5 0xaaaad286f79c <unknown>
E   #6 0xaaaad287282c <unknown>
E   #7 0xaaaad2872408 <unknown>
E   #8 0xaaaad285a620 <unknown>
E   #9 0xaaaad2872eac <unknown>
E   #10 0xaaaad284493c <unknown>
E   #11 0xaaaad2891abc <unknown>
E   #12 0xaaaad2891cc8 <unknown>
E   #13 0xaaaad28a397c <unknown>
E   #14 0xffffbdd6202c <unknown>
E   #15 0xffffbddcbf18 <unknown>
- generated xml file: /var/jenkins_home/workspace/elice_bugshunters/reports/test-results.xml -
- Generated html report: file:///var/jenkins_home/workspace/elice_bugshunters/reports/report.html -
=========================== short test summary info ============================
FAILED tests/test_account.py::test_ac_006_login_with_spaces - selenium.common.exceptions.StaleElementReferenceException: Message: stale element reference: stale element not found in the current frame
  (Session info: chrome=142.0.7444.162); For documentation on this error, please visit: https://www.selenium.dev/documentation/webdriver/troubleshooting/errors#stale-element-reference-exception
Stacktrace:
#0 0xaaaad28a4c18 <unknown>
#1 0xaaaad22ce0d0 <unknown>
#2 0xaaaad22d48d8 <unknown>
#3 0xaaaad22d6bdc <unknown>
#4 0xaaaad23539f0 <unknown>
#5 0xaaaad2352d3c <unknown>
#6 0xaaaad230b998 <unknown>
#7 0xaaaad286f79c <unknown>
#8 0xaaaad287282c <unknown>
#9 0xaaaad2872408 <unknown>
#10 0xaaaad285a620 <unknown>
#11 0xaaaad2872eac <unknown>
#12 0xaaaad284493c <unknown>
#13 0xaaaad2891abc <unknown>
#14 0xaaaad2891cc8 <unknown>
#15 0xaaaad28a397c <unknown>
#16 0xffffbdd6202c <unknown>
#17 0xffffbddcbf18 <unknown>
FAILED tests/test_history.py::test_ht_001 - selenium.common.exceptions.TimeoutException: Message: 
Stacktrace:
#0 0xaaaad28a4c18 <unknown>
#1 0xaaaad22ce0d0 <unknown>
#2 0xaaaad2316f4c <unknown>
#3 0xaaaad2352d3c <unknown>
#4 0xaaaad230b998 <unknown>
#5 0xaaaad286f79c <unknown>
#6 0xaaaad287282c <unknown>
#7 0xaaaad2872408 <unknown>
#8 0xaaaad285a620 <unknown>
#9 0xaaaad2872eac <unknown>
#10 0xaaaad284493c <unknown>
#11 0xaaaad2891abc <unknown>
#12 0xaaaad2891cc8 <unknown>
#13 0xaaaad28a397c <unknown>
#14 0xffffbdd6202c <unknown>
#15 0xffffbddcbf18 <unknown>
FAILED tests/test_history.py::test_ht_002 - selenium.common.exceptions.TimeoutException: Message: 
Stacktrace:
#0 0xaaaad28a4c18 <unknown>
#1 0xaaaad22ce0d0 <unknown>
#2 0xaaaad2316f4c <unknown>
#3 0xaaaad2352d3c <unknown>
#4 0xaaaad230b998 <unknown>
#5 0xaaaad286f79c <unknown>
#6 0xaaaad287282c <unknown>
#7 0xaaaad2872408 <unknown>
#8 0xaaaad285a620 <unknown>
#9 0xaaaad2872eac <unknown>
#10 0xaaaad284493c <unknown>
#11 0xaaaad2891abc <unknown>
#12 0xaaaad2891cc8 <unknown>
#13 0xaaaad28a397c <unknown>
#14 0xffffbdd6202c <unknown>
#15 0xffffbddcbf18 <unknown>
FAILED tests/test_history.py::test_ht_004 - selenium.common.exceptions.TimeoutException: Message: 
Stacktrace:
#0 0xaaaad28a4c18 <unknown>
#1 0xaaaad22ce0d0 <unknown>
#2 0xaaaad2316f4c <unknown>
#3 0xaaaad2352d3c <unknown>
#4 0xaaaad230b998 <unknown>
#5 0xaaaad286f79c <unknown>
#6 0xaaaad287282c <unknown>
#7 0xaaaad2872408 <unknown>
#8 0xaaaad285a620 <unknown>
#9 0xaaaad2872eac <unknown>
#10 0xaaaad284493c <unknown>
#11 0xaaaad2891abc <unknown>
#12 0xaaaad2891cc8 <unknown>
#13 0xaaaad28a397c <unknown>
#14 0xffffbdd6202c <unknown>
#15 0xffffbddcbf18 <unknown>
FAILED tests/test_history.py::test_ht_005 - selenium.common.exceptions.TimeoutException: Message: 
Stacktrace:
#0 0xaaaad28a4c18 <unknown>
#1 0xaaaad22ce0d0 <unknown>
#2 0xaaaad2316f4c <unknown>
#3 0xaaaad2352d3c <unknown>
#4 0xaaaad230b998 <unknown>
#5 0xaaaad286f79c <unknown>
#6 0xaaaad287282c <unknown>
#7 0xaaaad2872408 <unknown>
#8 0xaaaad285a620 <unknown>
#9 0xaaaad2872eac <unknown>
#10 0xaaaad284493c <unknown>
#11 0xaaaad2891abc <unknown>
#12 0xaaaad2891cc8 <unknown>
#13 0xaaaad28a397c <unknown>
#14 0xffffbdd6202c <unknown>
#15 0xffffbddcbf18 <unknown>
FAILED tests/test_history.py::test_ht_006 - selenium.common.exceptions.TimeoutException: Message: 
Stacktrace:
#0 0xaaaad28a4c18 <unknown>
#1 0xaaaad22ce0d0 <unknown>
#2 0xaaaad2316f4c <unknown>
#3 0xaaaad2352d3c <unknown>
#4 0xaaaad230b998 <unknown>
#5 0xaaaad286f79c <unknown>
#6 0xaaaad287282c <unknown>
#7 0xaaaad2872408 <unknown>
#8 0xaaaad285a620 <unknown>
#9 0xaaaad2872eac <unknown>
#10 0xaaaad284493c <unknown>
#11 0xaaaad2891abc <unknown>
#12 0xaaaad2891cc8 <unknown>
#13 0xaaaad28a397c <unknown>
#14 0xffffbdd6202c <unknown>
#15 0xffffbddcbf18 <unknown>
FAILED tests/test_history.py::test_ht_007 - selenium.common.exceptions.TimeoutException: Message: 
Stacktrace:
#0 0xaaaad28a4c18 <unknown>
#1 0xaaaad22ce0d0 <unknown>
#2 0xaaaad2316f4c <unknown>
#3 0xaaaad2352d3c <unknown>
#4 0xaaaad230b998 <unknown>
#5 0xaaaad286f79c <unknown>
#6 0xaaaad287282c <unknown>
#7 0xaaaad2872408 <unknown>
#8 0xaaaad285a620 <unknown>
#9 0xaaaad2872eac <unknown>
#10 0xaaaad284493c <unknown>
#11 0xaaaad2891abc <unknown>
#12 0xaaaad2891cc8 <unknown>
#13 0xaaaad28a397c <unknown>
#14 0xffffbdd6202c <unknown>
#15 0xffffbddcbf18 <unknown>
=================== 7 failed, 7 passed in 164.80s (0:02:44) ====================
[8mha:////4EjTxzkpRTMELLH/pAikkMH3xXc7D28HWY4SmQWd/ZJxAAAApB+LCAAAAAAAAP9tjTEOwjAQBC9BFLSUPOIiAR2iSmu54QUmNsaJdWdsh6TiRXyNPxCIRMUWq51t5vmCZYpw5GixNdQ5So3D4Hs7LRw4dhfPA7Z8xoYpsTcozSBZm3pGydnAnKKEhYCVocZzcmQzrEWr7qryimx1ynH6DgJKp2/wgEJM5qxi/sIYYXPtdWL6ef4KYAwhQ7nbf2r7Bij33Ma+AAAA[0m[Pipeline] }
[8mha:////4Aj1dBhWVGeiq63UqKwSa/wL+llNQ9zGqsgXRGdVYisiAAAApB+LCAAAAAAAAP9tjTEOwjAQBC9BFLSUPOIihKgQVVrLDS8wsTFOrDtjOyQVL+Jr/IFAJCq2WO1sM88XLFOEI0eLraHOUWocBt/baeHAsbt4HrDlMzZMib1BaQbJ2tQzSs4G5hQlLASsDDWekyObYS1adVeVV2SrU47TdxBQOn2DBxRiMmcV8xfGCJtrrxPTz/NXAGMIGcrd/lPbNzd1iZS+AAAA[0m[Pipeline] // withCredentials
[8mha:////4EopcgRYbhIWPVehUFYWCD1HfvTXKh+Cq2XRi1rCxi5TAAAApR+LCAAAAAAAAP9tjTEOwjAQBC9BFLSUPOKChESDqNJabniBiY1xYt0Z2yGpeBFf4w8EIlGxxWpnm3m+YJkiHDlabA11jlLjMPjeTgsHjt3F84Atn7FhSuwNSjNI1qaeUXI2MKcoYSFgZajxnBzZDGvRqruqvCJbnXKcvoOA0ukbPKAQkzmrmL8wRthce52Yfp6/AhhDyFDu9p/avgEPNxplvgAAAA==[0m[Pipeline] }
[8mha:////4COKj5UZc+NAico2V667m68eNh9yIaQ7dkAIRd2opUp9AAAAph+LCAAAAAAAAP9tjTEOwjAQBC9BFLSUPOIiQYEQSkVrueEFJjHGiXUXbAen4kV8jT9gEYmKLVY728zrDcvgoWZvsNPUWwqNxcGNJi9M7Pur44QdX7BhCuw0Sp0kt/o0o+SoYU5RwkLASlPjOFgyEdaiUw9VOUWmOkefv6OA0rZ3eEIhsjkqH78wedjcxjYw/Tx/BTANQ4Ryt8+1PXwAT22Bzr4AAAA=[0m[Pipeline] // stage
[8mha:////4MgK9s7QQZVyTpwyb1hArQKU74a9KunqMuL4aI8cXgEOAAAAqB+LCAAAAAAAAP9tjTEOwjAUQ3+LOrAycohUqAsSYuoaZeEEIQkhbfR/SVLaiRNxNe5AoBITHizbkvWeL6higCMFyzqDvcOoHBv8aHNiE4X+4mliHZ2ZIozkDRNmEqRNu1RBycCiooQVh7VB5Sk6tAk2vJN3WXuJtj6lkLcDh9LpGzyg4JmcZEjfMgfYXkcdCX+cvwCYhwTlrsnW7D/P6g3hh8L1wgAAAA==[0m[Pipeline] stage
[8mha:////4GUgXk884Y8JdorE+SbWQfkTdkmie6ZDXdTjMQPUwr47AAAApx+LCAAAAAAAAP9tjTEOwjAUQ3+LOrAycoh0YAEhpq5RFk4QmhDSRv+Xn5R24kRcjTvQUokJD5ZtyXqvNxSR4UTsRGOx9RhrL7rQuymJgbi9BhpEQxdRE0YKVig7KDK2WqqiZGFRlsNKwtpiHSh6dAk2stEPXQaNrjwnnrajhNybOzwhkxM5aU7fMjJsb72JhD/OXwCMXYJ8t5/tMD+LD59NhPHCAAAA[0m[Pipeline] { (Declarative: Post Actions)
[8mha:////4KtBijFg1igLVyWxfIgtxSX4rwT0e32gp758pDKOR1fVAAAAqB+LCAAAAAAAAP9tjTEOwjAUQ3+LOrAycogUCRaEOrFGXThBaEJIGv1fkpR04kRcjTsQqMSEB8u2ZL3nC6rgoSGvmVXYGwydYYMbdU4ske8vjhKzdGYdYSCnWKtSS1Id59pSVDCrKGHBYamwcxQM6ggrbsVd1E6grk/R5+3AoTTyBg8oeCZH4eO3TB7W11EGwh/nLwCmIUK53WfbbT7P6g0Z/aLSwgAAAA==[0m[Pipeline] script
[8mha:////4KpK5Tnv9S3Br+cHjCBnp75FVb8ofGsO7lrGw3J/CMwXAAAApx+LCAAAAAAAAP9tjTEOwjAUQ3+LOrAycogUJDbE1DXKwglCE0La6P/yk9JOnIircQdaKjHhwbItWe/1hiIynIidaCy2HmPtRRd6NyUxELfXQINo6CJqwkjBCmUHRcZWS1WULCzKclhJWFusA0WPLsFGNvqhy6DRlefE03aUkHtzhydkciInzelbRobtrTeR8Mf5C4CxS5AfdrPt52fxAbb5KxbCAAAA[0m[Pipeline] {
[8mha:////4DDrQ1Uf44da5AfOAiKWMUTTgn6+wA2WXhjxpG2zKqzgAAAApB+LCAAAAAAAAP9tjTEOwjAQBC9BFLSUPOIiEB2iSmu54QUmNsaJdWdsh6TiRXyNPxCIRMUWq51t5vmCZYpw5GixNdQ5So3D4Hs7LRw4dhfPA7Z8xoYpsTcozSBZm3pGydnAnKKEhYCVocZzcmQzrEWr7qryimx1ynH6DgJKp2/wgEJM5qxi/sIYYXPtdWL6ef4KYAwZyv32U7vwBirOQHu+AAAA[0m[Pipeline] echo
ðŸ“¦ JUnit ë¦¬í¬íŠ¸ ìˆ˜ì§‘ ì‹œë„
[8mha:////4LA6SCLYSk08yr4FJG+srSxWTa64RCS3OKXs8Q9m0O4bAAAApB+LCAAAAAAAAP9tjTEOwjAQBC9BFLSUPOIiBB2iSmu54QUmNsaJdWdsh6TiRXyNPxCIRMUWq51t5vmCZYpw5GixNdQ5So3D4Hs7LRw4dhfPA7Z8xoYpsTcozSBZm3pGydnAnKKEhYCVocZzcmQzrEWr7qryimx1ynH6DgJKp2/wgEJM5qxi/sIYYXPtdWL6ef4KYAwZyv32U7vwBmv/W2K+AAAA[0m[Pipeline] junit
Recording test results
[Checks API] No suitable checks publisher found.
[8mha:////4FonPUpOijs2926ZzivH3tb3+8rrzzHoFVJNDi71Md+8AAAApB+LCAAAAAAAAP9tjTEOwjAQBC9BFLSUPOIipHSIitZKwwtMYowd686xHZyKF/E1/kAgEhVbrHa2mecL1jHAkYNGq6g3FFuD3o16Xpg59FfHGS1fsGWK7BQ2KjfcqdOCDScFS4oSVgI2ilrH0ZBOsBVW3mXlJOnqnML8HQSUphvgAYWYzUmG9IUpwO42dpHp5/krgMknKOv9p2r/BqxpGi2+AAAA[0m[Pipeline] echo
ðŸ“Š HTML ë¦¬í¬íŠ¸ ê²Œì‹œ ì‹œë„
[8mha:////4EDf8ZhbRjSO7IOCf63pPN1gN4XiAjydVM2p3mqMGEYqAAAApB+LCAAAAAAAAP9tjTEOwjAQBC9BFLSUPOIiJKgQVVrLDS8wsTFOrDtjOyQVL+Jr/IFAJCq2WO1sM88XLFOEI0eLraHOUWocBt/baeHAsbt4HrDlMzZMib1BaQbJ2tQzSs4G5hQlLASsDDWekyObYS1adVeVV2SrU47TdxBQOn2DBxRiMmcV8xfGCJtrrxPTz/NXAGPIUO62n9qHN+1YATS+AAAA[0m[Pipeline] publishHTML
[htmlpublisher] Archiving HTML reports...
[htmlpublisher] Archiving at BUILD level /var/jenkins_home/workspace/elice_bugshunters/reports to Pytest_20HTML_20Report
[htmlpublisher] Copying recursive using current thread
[8mha:////4KhBCCp+E+t6ItOp8PkokvL23wKW/ZmNML6FYm/2lQUBAAAApR+LCAAAAAAAAP9tjTEOwjAQBC9BFLSUPOIiJESDqNJabniBiY1xYt0Z2yGpeBFf4w8EIlGxxWpnm3m+YJkiHDlabA11jlLjMPjeTgsHjt3F84Atn7FhSuwNSjNI1qaeUXI2MKcoYSFgZajxnBzZDGvRqruqvCJbnXKcvoOA0ukbPKAQkzmrmL8wRthce52Yfp6/AhhDhnK3/dQ+vAEuCywfvgAAAA==[0m[Pipeline] fileExists
[8mha:////4J1ppHf5p8SMBJiaVf/6N6RVhNO4EMn7I90uggSdPkFnAAAApR+LCAAAAAAAAP9tjTEOwjAQBC9BFLSUPOIiJCQKRJXWcsMLTGyME+vO2A5JxYv4Gn8gEImKLVY728zzBcsU4cjRYmuoc5Qah8H3dlo4cOwungds+YwNU2JvUJpBsjb1jJKzgTlFCQsBK0ON5+TIZliLVt1V5RXZ6pTj9B0ElE7f4AGFmMxZxfyFMcLm2uvE9PP8FcAYMpS77af24Q1vOjcGvgAAAA==[0m[Pipeline] echo
ë¦¬í¬íŠ¸ íŒŒì¼ ì¡´ìž¬: true
[8mha:////4ICZR25VNZkUlr1dhFITFhqv6tSalETQsMDQT3rRzUlGAAAApR+LCAAAAAAAAP9tjTEOwjAQBC9BFLSUPOIiJAokRJXWcsMLTGyME+vO2A5JxYv4Gn8gEImKLVY728zzBcsU4cjRYmuoc5Qah8H3dlo4cOwungds+YwNU2JvUJpBsjb1jJKzgTlFCQsBK0ON5+TIZliLVt1V5RXZ6pTj9B0ElE7f4AGFmMxZxfyFMcLm2uvE9PP8FcAYMpS77af24Q2gJq+BvgAAAA==[0m[Pipeline] archiveArtifacts
Archiving artifacts
Recording fingerprints
[8mha:////4BEuulribuToRR5Ib++uea1D1pI0jjZlXNn8Fn3uSdD+AAAApR+LCAAAAAAAAP9tjTEOwjAQBC9BFLSUPOIiJBqEqNJabniBiY1xYt0Z2yGpeBFf4w8EIlGxxWpnm3m+YJkiHDlabA11jlLjMPjeTgsHjt3F84Atn7FhSuwNSjNI1qaeUXI2MKcoYSFgZajxnBzZDGvRqruqvCJbnXKcvoOA0ukbPKAQkzmrmL8wRthce52Yfp6/AhhDhnK3/dQ+vAHhF7SYvgAAAA==[0m[Pipeline] echo
âœ… ë¦¬í¬íŠ¸/ìŠ¤í¬ë¦°ìƒ· ì•„ì¹´ì´ë¸Œ ì™„ë£Œ
[8mha:////4Ev0yMJAUDIz6HYn6Kc8/P0W7++jx7bK25q3jXX43NsKAAAApR+LCAAAAAAAAP9tjTEOwjAQBC9BFLSUPOICElQoFa3lhheYxBgn1l2wHZyKF/E1/oBFJCq2WO1sM683LIOHmr3BTlNvKTQWBzeavDCx76+OE3Z8wYYpsNModZLc6tOMkqOGOUUJCwErTY3jYMlEWItOPVTlFJnqHH3+jgJK297hCYXI5qh8/MLkYXMb28D08/wVwDREKPe7XIft8AGfxrRIvgAAAA==[0m[Pipeline] echo
ðŸ“Š HTML ë¦¬í¬íŠ¸: http://localhost:8080/job/elice_bugshunters/27/artifact/reports/report.html
[8mha:////4FlPBqDB+XRrVJRhqSTzKRlSNQ1xY9rv8xaz+ADZJ/SPAAAApR+LCAAAAAAAAP9tjTEOwjAQBC9BFLSUPOKiSFAhqrRWGl5gYmOcWHfGdkgqXsTX+AMWkajYYrWzzbzesI4BThwM9poGS7Gz6N1o8sKJw3B1PGHPF+yYIjuNrZ5aVrpZsOWkYUlRwkrARlPnOFoyCbailw9ZOUmmOqeQv6OA0qo7PKEQ2ZxkSF+YA+xuo4pMP89fAczeJygPda59/QHclIkjvgAAAA==[0m[Pipeline] }
[8mha:////4MOzByaiFdEkdaszqutTPDKeidHat8HvbTv7n11zOkqfAAAApR+LCAAAAAAAAP9tjTEOwjAQBC9BFLSUPOKCEFQoFa3lhheYxBgn1l2wHZyKF/E1/oBFJCq2WO1sM683LIOHmr3BTlNvKTQWBzeavDCx76+OE3Z8wYYpsNModZLc6tOMkqOGOUUJCwErTY3jYMlEWItOPVTlFJnqHH3+jgJK297hCYXI5qh8/MLkYXMb28D08/wVwDQMEcrDLtd++wHk1hrSvgAAAA==[0m[Pipeline] // script
[8mha:////4EPhPtIyNGpPsAXmnHM1FsW++sQQwU3iJFI0KVDuUP+TAAAAqB+LCAAAAAAAAP9tjTEOwjAUQ3+LOrAycoh0qBgQYuoadeEEoQkhafR/SVLSiRNxNe5AoBITHizbkvWeL6iChyN5zazCwWDoDRvdpHNiifxwcZSYpTPrCQM5xTqVOpKqXWpHUcGiooQVh7XC3lEwqCNsuBV3UTuBuj5Fn7cDh9LIGzyg4JkchY/fMnvYXicZCH+cvwCYxwhls8+2az7P6g0DhEHywgAAAA==[0m[Pipeline] withCredentials
Masking supported pattern matches of $JIRA_API_TOKEN
[8mha:////4D4IOM1Rvl09wlUiET7L6NqqzcLMB7IuZwBmgbUAlGt+AAAApx+LCAAAAAAAAP9tjTEOwjAUQ3+LOrAycoh0ACbE1DXKwglCE0La6P/yk9JOnIircQdaKjHhwbItWe/1hiIynIidaCy2HmPtRRd6NyUxELfXQINo6CJqwkjBCmUHRcZWS1WULCzKclhJWFusA0WPLsFGNvqhy6DRlefE03aUkHtzhydkciInzelbRobtrTeR8Mf5C4CxS5AfdrPt52fxAd9J1uLCAAAA[0m[Pipeline] {
[8mha:////4NxHhbd+wsPWKnRQP4tEEbHgbgiuY5MvIZUvKwEk6e36AAAAox+LCAAAAAAAAP9tjTEOwjAQBC9BFLSUPOLSkApR0VppeIFJjLFj3Tm2g1PxIr7GHwhEomKL1c4283zBOgY4ctBoFfWGYmvQu1HPCzOH/uo4o+ULtkyRncJG5YY7dVqw4aRgSVHCSsBGUes4GtIJtsLKu6ycJF2dU5i/g4DSdAM8oBCzOcmQvjAF2N3GLjL9PH8FMPkEZb3/VO3f4x1Rq74AAAA=[0m[Pipeline] sh
+ set -eux
+ echo ðŸž JIRA ì´ìŠˆ ìžë™ ë™ê¸°í™” ì‹œìž‘ (Jenkins ì»¨í…Œì´ë„ˆ ë‚´ë¶€ ì‹¤í–‰)
ðŸž JIRA ì´ìŠˆ ìžë™ ë™ê¸°í™” ì‹œìž‘ (Jenkins ì»¨í…Œì´ë„ˆ ë‚´ë¶€ ì‹¤í–‰)
+ pwd
/var/jenkins_home/workspace/elice_bugshunters
+ ls -lah reports
total 68K
drwxr-xr-x  4 root root 128 Nov 16 16:49 .
drwxr-xr-x 21 root root 672 Nov 16 16:49 ..
-rw-r--r--  1 root root 51K Nov 16 16:49 report.html
-rw-r--r--  1 root root 16K Nov 16 16:49 test-results.xml
+ ls -lah tools
total 8.0K
drwxr-xr-x  3 root root   96 Nov 16 16:43 .
drwxr-xr-x 21 root root  672 Nov 16 16:49 ..
-rw-r--r--  1 root root 7.6K Nov 16 16:43 report_failed_tests_to_jira.py
+ export JIRA_URL=https://nwwe.atlassian.net
+ export JIRA_PROJECT=Q31
+ export JIRA_USER=aloe9426@gmail.com
+ export JIRA_API_TOKEN=****
+ export JUNIT_PATH=reports/test-results.xml
+ export JENKINS_JOB_NAME=elice_bugshunters
+ export JENKINS_BUILD_NUMBER=27
+ export JENKINS_BRANCH_NAME=unknown
+ export JENKINS_BUILD_URL=http://localhost:8080/job/elice_bugshunters/27/
+ python3 tools/report_failed_tests_to_jira.py
[INFO] Parsing JUnit file: reports/test-results.xml
[INFO] Found 7 failed tests, 7 passed tests.
[INFO] ðŸš¨ 7ê°œì˜ ì‹¤íŒ¨ í…ŒìŠ¤íŠ¸ ì´ìŠˆ ìƒì„±/ê°±ì‹  ì¤‘...
[WARN] Jira ê²€ìƒ‰ ì‹¤íŒ¨ (410): {"errorMessages":["ìš”ì²­ëœ APIê°€ ì‚­ì œë˜ì—ˆìŠµë‹ˆë‹¤. /rest/api/3/search/jql APIë¡œ ë§ˆì´ê·¸ë ˆì´ì…˜í•˜ì„¸ìš”. ì „ì²´ ë§ˆì´ê·¸ë ˆì´ì…˜ ê°€ì´ë“œë¼ì¸ì€ https://developer.atlassian.com/changelog/#CHANGE-2046ì—ì„œ í™•ì¸í•  ìˆ˜ ìžˆìŠµë‹ˆë‹¤"],"errors":{}}
[INFO] ìƒˆë¡œìš´ ì´ìŠˆ ìƒì„±: [AutoTest] Failed: tests.test_account::test_ac_006_login_with_spaces
[INFO] ðŸ†• Created JIRA issue: Q31-104
[WARN] Jira ê²€ìƒ‰ ì‹¤íŒ¨ (410): {"errorMessages":["ìš”ì²­ëœ APIê°€ ì‚­ì œë˜ì—ˆìŠµë‹ˆë‹¤. /rest/api/3/search/jql APIë¡œ ë§ˆì´ê·¸ë ˆì´ì…˜í•˜ì„¸ìš”. ì „ì²´ ë§ˆì´ê·¸ë ˆì´ì…˜ ê°€ì´ë“œë¼ì¸ì€ https://developer.atlassian.com/changelog/#CHANGE-2046ì—ì„œ í™•ì¸í•  ìˆ˜ ìžˆìŠµë‹ˆë‹¤"],"errors":{}}
[INFO] ìƒˆë¡œìš´ ì´ìŠˆ ìƒì„±: [AutoTest] Failed: tests.test_history::test_ht_001
[INFO] ðŸ†• Created JIRA issue: Q31-105
[WARN] Jira ê²€ìƒ‰ ì‹¤íŒ¨ (410): {"errorMessages":["ìš”ì²­ëœ APIê°€ ì‚­ì œë˜ì—ˆìŠµë‹ˆë‹¤. /rest/api/3/search/jql APIë¡œ ë§ˆì´ê·¸ë ˆì´ì…˜í•˜ì„¸ìš”. ì „ì²´ ë§ˆì´ê·¸ë ˆì´ì…˜ ê°€ì´ë“œë¼ì¸ì€ https://developer.atlassian.com/changelog/#CHANGE-2046ì—ì„œ í™•ì¸í•  ìˆ˜ ìžˆìŠµë‹ˆë‹¤"],"errors":{}}
[INFO] ìƒˆë¡œìš´ ì´ìŠˆ ìƒì„±: [AutoTest] Failed: tests.test_history::test_ht_002
[INFO] ðŸ†• Created JIRA issue: Q31-106
[WARN] Jira ê²€ìƒ‰ ì‹¤íŒ¨ (410): {"errorMessages":["ìš”ì²­ëœ APIê°€ ì‚­ì œë˜ì—ˆìŠµë‹ˆë‹¤. /rest/api/3/search/jql APIë¡œ ë§ˆì´ê·¸ë ˆì´ì…˜í•˜ì„¸ìš”. ì „ì²´ ë§ˆì´ê·¸ë ˆì´ì…˜ ê°€ì´ë“œë¼ì¸ì€ https://developer.atlassian.com/changelog/#CHANGE-2046ì—ì„œ í™•ì¸í•  ìˆ˜ ìžˆìŠµë‹ˆë‹¤"],"errors":{}}
[INFO] ìƒˆë¡œìš´ ì´ìŠˆ ìƒì„±: [AutoTest] Failed: tests.test_history::test_ht_004
[INFO] ðŸ†• Created JIRA issue: Q31-107
[WARN] Jira ê²€ìƒ‰ ì‹¤íŒ¨ (410): {"errorMessages":["ìš”ì²­ëœ APIê°€ ì‚­ì œë˜ì—ˆìŠµë‹ˆë‹¤. /rest/api/3/search/jql APIë¡œ ë§ˆì´ê·¸ë ˆì´ì…˜í•˜ì„¸ìš”. ì „ì²´ ë§ˆì´ê·¸ë ˆì´ì…˜ ê°€ì´ë“œë¼ì¸ì€ https://developer.atlassian.com/changelog/#CHANGE-2046ì—ì„œ í™•ì¸í•  ìˆ˜ ìžˆìŠµë‹ˆë‹¤"],"errors":{}}
[INFO] ìƒˆë¡œìš´ ì´ìŠˆ ìƒì„±: [AutoTest] Failed: tests.test_history::test_ht_005
[INFO] ðŸ†• Created JIRA issue: Q31-108
[WARN] Jira ê²€ìƒ‰ ì‹¤íŒ¨ (410): {"errorMessages":["ìš”ì²­ëœ APIê°€ ì‚­ì œë˜ì—ˆìŠµë‹ˆë‹¤. /rest/api/3/search/jql APIë¡œ ë§ˆì´ê·¸ë ˆì´ì…˜í•˜ì„¸ìš”. ì „ì²´ ë§ˆì´ê·¸ë ˆì´ì…˜ ê°€ì´ë“œë¼ì¸ì€ https://developer.atlassian.com/changelog/#CHANGE-2046ì—ì„œ í™•ì¸í•  ìˆ˜ ìžˆìŠµë‹ˆë‹¤"],"errors":{}}
[INFO] ìƒˆë¡œìš´ ì´ìŠˆ ìƒì„±: [AutoTest] Failed: tests.test_history::test_ht_006
[INFO] ðŸ†• Created JIRA issue: Q31-109
[WARN] Jira ê²€ìƒ‰ ì‹¤íŒ¨ (410): {"errorMessages":["ìš”ì²­ëœ APIê°€ ì‚­ì œë˜ì—ˆìŠµë‹ˆë‹¤. /rest/api/3/search/jql APIë¡œ ë§ˆì´ê·¸ë ˆì´ì…˜í•˜ì„¸ìš”. ì „ì²´ ë§ˆì´ê·¸ë ˆì´ì…˜ ê°€ì´ë“œë¼ì¸ì€ https://developer.atlassian.com/changelog/#CHANGE-2046ì—ì„œ í™•ì¸í•  ìˆ˜ ìžˆìŠµë‹ˆë‹¤"],"errors":{}}
[INFO] ìƒˆë¡œìš´ ì´ìŠˆ ìƒì„±: [AutoTest] Failed: tests.test_history::test_ht_007
[INFO] ðŸ†• Created JIRA issue: Q31-110
[INFO] âœ… 7ê°œì˜ í†µê³¼ í…ŒìŠ¤íŠ¸ ì´ìŠˆ ë‹«ê¸° ì¤‘...
[8mha:////4BitF1wFw/grrZ8S41K9Mkk6lP4oqmHhgEo0C+nNayY7AAAApB+LCAAAAAAAAP9tjTEOwjAQBC9BFLSUPOLSAA2iSmu54QUmNsaJdWdsh6TiRXyNPxCIRMUWq51t5vmCZYpw5GixNdQ5So3D4Hs7LRw4dhfPA7Z8xoYpsTcozSBZm3pGydnAnKKEhYCVocZzcmQzrEWr7qryimx1ynH6DgJKp2/wgEJM5qxi/sIYYXPtdWL6ef4KYAwhQ7nbf2r7Bqph/Ve+AAAA[0m[Pipeline] }
[8mha:////4II1XQIOZhuwi81fg5dwRPvr0aG4AhZLSqlj42bQfQClAAAApR+LCAAAAAAAAP9tjTEOwjAQBC9BFLSUPOJSIESBqNJabniBiY1xYt0Z2yGpeBFf4w8EIlGxxWpnm3m+YJkiHDlabA11jlLjMPjeTgsHjt3F84Atn7FhSuwNSjNI1qaeUXI2MKcoYSFgZajxnBzZDGvRqruqvCJbnXKcvoOA0ukbPKAQkzmrmL8wRthce52Yfp6/AhhDyFDu9p/avgGsJ8UCvgAAAA==[0m[Pipeline] // withCredentials
[8mha:////4KvbvLVPip5HmAsgphxyxFZT3kGlQtft2zacygrooDLiAAAAph+LCAAAAAAAAP9tjTEOwjAQBC9BFLSUPOJSICQQSkVrueEFJjHGiXUXbAen4kV8jT9gEYmKLVY728zrDcvgoWZvsNPUWwqNxcGNJi9M7Pur44QdX7BhCuw0Sp0kt/o0o+SoYU5RwkLASlPjOFgyEdaiUw9VOUWmOkefv6OA0rZ3eEIhsjkqH78wedjcxjYw/Tx/BTANEcrtIdduP3wA6QtHub4AAAA=[0m[Pipeline] sh
+ docker system prune -f
Deleted Images:
untagged: sha256:1acd86802f8cbab6b899295a19f8e7f018f8c3e419256d9b0d9df7514d5d8f4f
deleted: sha256:1acd86802f8cbab6b899295a19f8e7f018f8c3e419256d9b0d9df7514d5d8f4f
untagged: sha256:2b4b0bb0a2714a0399bd72f6ea9383a229c2d1268ef3d11dff98c33b9b6f1a6d
deleted: sha256:2b4b0bb0a2714a0399bd72f6ea9383a229c2d1268ef3d11dff98c33b9b6f1a6d
untagged: sha256:32c93a344314c541ec9c973ea73b654c4bb5d03ba89dd9014a7bafb26cd65f60
deleted: sha256:32c93a344314c541ec9c973ea73b654c4bb5d03ba89dd9014a7bafb26cd65f60
untagged: sha256:6eb235dd09a3d57445c65b1eb765a3a6536a8317649e1ce696b47e3db3605b56
deleted: sha256:6eb235dd09a3d57445c65b1eb765a3a6536a8317649e1ce696b47e3db3605b56
untagged: sha256:0e9402912de9c7800828dfa945118282fc950f4b7ad5ed60d945e3b7b5955748
deleted: sha256:0e9402912de9c7800828dfa945118282fc950f4b7ad5ed60d945e3b7b5955748
untagged: sha256:3d01751c794ce3766a60d6c8f06ac34ae486cb04d237cb32d80850dfc47e91fe
deleted: sha256:3d01751c794ce3766a60d6c8f06ac34ae486cb04d237cb32d80850dfc47e91fe
untagged: sha256:49a40e2d75f5408c240ae92a10bf8f7500f6a28c4e0d15d3dfe6e1e8878a0c01
deleted: sha256:49a40e2d75f5408c240ae92a10bf8f7500f6a28c4e0d15d3dfe6e1e8878a0c01
untagged: sha256:758211bdd824c39be037c1334e42568a45e0ae052ffe90fea4ff41b02eed33d5
deleted: sha256:758211bdd824c39be037c1334e42568a45e0ae052ffe90fea4ff41b02eed33d5
untagged: sha256:a402024ea66671ba472755f486c2205018e6f1f643483f424a30831a2f7e3006
deleted: sha256:a402024ea66671ba472755f486c2205018e6f1f643483f424a30831a2f7e3006

Total reclaimed space: 70.2kB
[8mha:////4NwR5RCzrM74rebB9j8kCKe7vhFDQn2pQvtsomtfPFcMAAAApR+LCAAAAAAAAP9tjTEOwjAQBC9BFLSUPOJSIIoIUaW10vACExvjxLoztkNS8SK+xh+wiETFFqudbeb1hnUMcOJgsNc0WIqdRe9GkxdOHIar4wl7vmDHFNlpbPXUstLNgi0nDUuKElYCNpo6x9GSSbAVvXzIykky1TmF/B0FlFbd4QmFyOYkQ/rCHGB3G1Vk+nn+CmD2PkF5qHPt6w9ECECOvgAAAA==[0m[Pipeline] }
[8mha:////4Dtdt+XAn8TMACFJEo7m2+u1skMx3O26iTPGYi/U1mu8AAAAph+LCAAAAAAAAP9tjTEOwjAQBC9BFLSUPOKChISQUCpayw0vMIkxTqy7YDs4FS/ia/wBi0hUbLHa2WZeb1gGDzV7g52m3lJoLA5uNHlhYt9fHSfs+IINU2CnUeokudWnGSVHDXOKEhYCVpoax8GSibAWnXqoyiky1Tn6/B0FlLa9wxMKkc1R+fiFycPmNraB6ef5K4BpGCKU+22u3eEDh3Og774AAAA=[0m[Pipeline] // stage
[8mha:////4K48YyqsSQPWYtCurKPDLeVVyfC4NHdIXPp/0plrC06oAAAApR+LCAAAAAAAAP9tjTEOwjAQBC9BFLSUPOKiCIkGUaW10vACExvjxLoztkNS8SK+xh+wiETFFqudbeb1hnUMcOJgsNc0WIqdRe9GkxdOHIar4wl7vmDHFNlpbPXUstLNgi0nDUuKElYCNpo6x9GSSbAVvXzIykky1TmF/B0FlFbd4QmFyOYkQ/rCHGB3G1Vk+nn+CmD2PkF5qHPV+w8oGxiBvgAAAA==[0m[Pipeline] }
[8mha:////4MkIDpwFDezQHRW9lgo3gF8Vg9X8Uh8zBshksnSiH2rFAAAApR+LCAAAAAAAAP9tjTEOwjAQBC9BFLSUPMIRKWgQVVorDS8w8WGcWHfGdkgqXsTX+AMWkajYYrWzzbzesI4BThyM6JEGS7GzwrvR5CUmDsPV8SR6voiOKbJD0eLUssZmwZYTwpKihJWEDVLnOFoyCbayVw9VOUWmOqeQv6OE0uo7PKGQ2ZxUSF+YA+xuo45MP89fAczeJygPda59/QEQWYtwvgAAAA==[0m[Pipeline] // withEnv
[8mha:////4GXsFGfHmxmD2o51NqiYYmXr+P6TElwM265zkmnlMNCKAAAApR+LCAAAAAAAAP9tjTEOwjAQBC9BFLSUPOKiCIkGUaW10vACExvjxLoztkNS8SK+xh+wiETFFqudbeb1hnUMcOJgsNc0WIqdRe9GkxdOHIar4wl7vmDHFNlpbPXUstLNgi0nDUuKElYCNpo6x9GSSbAVvXzIykky1TmF/B0FlFbd4QmFyOYkQ/rCHGB3G1Vk+nn+CmD2PkF52Oeq6w8P294ivgAAAA==[0m[Pipeline] }
[8mha:////4BkvETk3fn0kWU8TjB7ZgJ3m3MQnrv9Ga/KIu9qawE56AAAApR+LCAAAAAAAAP9tjTEOwjAQBC9BFLSUPOICEqJBqWgtN7zAJMY4se6C7eBUvIiv8QcsIlGxxWpnm3m9YRk81OwNdpp6S6GxOLjR5IWJfX91nLDjCzZMgZ1GqZPkVp9mlBw1zClKWAhYaWocB0smwlp06qEqp8hU5+jzdxRQ2vYOTyhENkfl4xcmD5vb2Aamn+evAKZhiFAe9rl22w8h29xIvgAAAA==[0m[Pipeline] // withEnv
[8mha:////4ErKDSOJsC6d21aVNuEsJwsFdGRlM3qPTisBxnwtdQNHAAAAox+LCAAAAAAAAP9tjTESgjAQRT84FraWHiI0auNY2WZoPEGEGAOZXUwWofJEXs07yMiMlb/67zXv9cYyRRw5OtVYaj2lyqsu9G56auDYXgMPquGLqpgSB6tKO5Rc29OMJYvFvCzHQmNlqQqcPDnBWjfmYYpgyBVniZM7aOS+vuOJTE9lMVG+MEZsbn2dmH6dvwGMXSfI9ztBtv0ATZSgB70AAAA=[0m[Pipeline] }
[8mha:////4ElOT/iE6Oo1XfyxWCfrkYXAIvZAASHIND85dU+/KNmCAAAAox+LCAAAAAAAAP9tjbEOgjAURS8YB1dHP6IMJizGybVh8Qsq1Fpo3sP2IUx+kb/mP0gkcfJO95zlvN5Yp4gjR6daS52nVHvVh8HNT40cu2vgUbV8UTVT4mBVZceKG3tasGKxWJblWGlsLNWBkycn2OrWPEwRDLniLHF2B43cN3c8kem5LCbKF6aI3W1oEtOv8zeAqe8FeVkKsv0HPntk3r0AAAA=[0m[Pipeline] // node
[8mha:////4HKbrPV8fkjk4mMxd71Mr1SuJDyxtGr1Jmrk38higna3AAAApB+LCAAAAAAAAP9tjTEOwjAQBDdBFLSUPMKRKKBAVLRWGl5gEmOcWHfBvpBUvIiv8QciIlGx1c4083pjmSKOHJ1qLLWeUuVVF3o3PTVwbK+BB9XwRVVMiYNVpR1Kru1pxpLFYl6WY6GxslQFTp6cYK0b8zBFMOSKs8TJHTRyX9/xRKanspgoXxgjNre+Tky/zt8Axq4T5Lu9INt+ABhiA5S9AAAA[0m[Pipeline] End of Pipeline
ERROR: script returned exit code 1
Finished: FAILURE
