<?xml version='1.1' encoding='UTF-8'?>
<result plugin="junit@1369.v15da_00283f06">
  <suites>
    <suite>
      <file>/var/jenkins_home/workspace/elice_bugshunters/reports/test-results.xml</file>
      <name>pytest</name>
      <duration>170.527</duration>
      <startTime>1763297673667</startTime>
      <properties/>
      <timestamp>2025-11-16T12:54:33.667091+00:00</timestamp>
      <time>170.527</time>
      <nodeId>43</nodeId>
      <enclosingBlocks>
        <string>39</string>
      </enclosingBlocks>
      <enclosingBlockNames>
        <string>Declarative: Post Actions</string>
      </enclosingBlockNames>
      <cases>
        <case>
          <duration>7.469</duration>
          <startTime>1763297673667</startTime>
          <className>tests.test_account</className>
          <testName>test_ac_001_login</testName>
          <skipped>false</skipped>
          <keepTestNames>false</keepTestNames>
          <properties/>
          <failedSince>0</failedSince>
        </case>
        <case>
          <duration>4.257</duration>
          <startTime>1763297681136</startTime>
          <className>tests.test_account</className>
          <testName>test_ac_002_duplicate_email</testName>
          <skipped>false</skipped>
          <keepTestNames>false</keepTestNames>
          <properties/>
          <failedSince>0</failedSince>
        </case>
        <case>
          <duration>9.952</duration>
          <startTime>1763297685393</startTime>
          <className>tests.test_account</className>
          <testName>test_ac_003_negative_login</testName>
          <skipped>false</skipped>
          <keepTestNames>false</keepTestNames>
          <properties/>
          <failedSince>0</failedSince>
        </case>
        <case>
          <duration>20.202</duration>
          <startTime>1763297695345</startTime>
          <className>tests.test_account</className>
          <testName>test_ac_004_positive_login</testName>
          <skipped>false</skipped>
          <keepTestNames>false</keepTestNames>
          <properties/>
          <failedSince>0</failedSince>
        </case>
        <case>
          <duration>7.201</duration>
          <startTime>1763297715547</startTime>
          <className>tests.test_account</className>
          <testName>test_ac_005_login_with_non_email_format</testName>
          <skipped>false</skipped>
          <keepTestNames>false</keepTestNames>
          <properties/>
          <failedSince>0</failedSince>
        </case>
        <case>
          <duration>6.985</duration>
          <startTime>1763297722748</startTime>
          <className>tests.test_account</className>
          <testName>test_ac_006_login_with_spaces</testName>
          <skipped>false</skipped>
          <keepTestNames>false</keepTestNames>
          <properties/>
          <failedSince>0</failedSince>
        </case>
        <case>
          <duration>10.561</duration>
          <startTime>1763297729733</startTime>
          <className>tests.test_account</className>
          <testName>test_ac_007_logout</testName>
          <skipped>false</skipped>
          <keepTestNames>false</keepTestNames>
          <properties/>
          <failedSince>0</failedSince>
        </case>
        <case>
          <duration>30.65</duration>
          <startTime>1763297740294</startTime>
          <className>tests.test_history</className>
          <testName>test_ht_001</testName>
          <skipped>false</skipped>
          <keepTestNames>false</keepTestNames>
          <errorStackTrace>tests/test_history.py:43: in test_ht_001
    sidebar.click_new_chat()
src/pages/ht_chat_sidebar.py:27: in click_new_chat
    self.clickable(SEL_NEW_CHAT_BTN).click()
src/pages/ht_base_page.py:21: in clickable
    return self.wait(sec).until(EC.element_to_be_clickable(locator))
/usr/local/lib/python3.14/site-packages/selenium/webdriver/support/wait.py:105: in until
    raise TimeoutException(message, screen, stacktrace)
E   selenium.common.exceptions.TimeoutException: Message: 
E   Stacktrace:
E   #0 0xaaaac2b44c18 &lt;unknown&gt;
E   #1 0xaaaac256e0d0 &lt;unknown&gt;
E   #2 0xaaaac25b6f4c &lt;unknown&gt;
E   #3 0xaaaac25f2d3c &lt;unknown&gt;
E   #4 0xaaaac25ab998 &lt;unknown&gt;
E   #5 0xaaaac2b0f79c &lt;unknown&gt;
E   #6 0xaaaac2b1282c &lt;unknown&gt;
E   #7 0xaaaac2b12408 &lt;unknown&gt;
E   #8 0xaaaac2afa620 &lt;unknown&gt;
E   #9 0xaaaac2b12eac &lt;unknown&gt;
E   #10 0xaaaac2ae493c &lt;unknown&gt;
E   #11 0xaaaac2b31abc &lt;unknown&gt;
E   #12 0xaaaac2b31cc8 &lt;unknown&gt;
E   #13 0xaaaac2b4397c &lt;unknown&gt;
E   #14 0xffff9dc8202c &lt;unknown&gt;
E   #15 0xffff9dcebf18 &lt;unknown&gt;</errorStackTrace>
          <errorDetails>selenium.common.exceptions.TimeoutException: Message: 
Stacktrace:
#0 0xaaaac2b44c18 &lt;unknown&gt;
#1 0xaaaac256e0d0 &lt;unknown&gt;
#2 0xaaaac25b6f4c &lt;unknown&gt;
#3 0xaaaac25f2d3c &lt;unknown&gt;
#4 0xaaaac25ab998 &lt;unknown&gt;
#5 0xaaaac2b0f79c &lt;unknown&gt;
#6 0xaaaac2b1282c &lt;unknown&gt;
#7 0xaaaac2b12408 &lt;unknown&gt;
#8 0xaaaac2afa620 &lt;unknown&gt;
#9 0xaaaac2b12eac &lt;unknown&gt;
#10 0xaaaac2ae493c &lt;unknown&gt;
#11 0xaaaac2b31abc &lt;unknown&gt;
#12 0xaaaac2b31cc8 &lt;unknown&gt;
#13 0xaaaac2b4397c &lt;unknown&gt;
#14 0xffff9dc8202c &lt;unknown&gt;
#15 0xffff9dcebf18 &lt;unknown&gt;</errorDetails>
          <properties/>
          <failedSince>7</failedSince>
        </case>
        <case>
          <duration>12.833</duration>
          <startTime>1763297770944</startTime>
          <className>tests.test_history</className>
          <testName>test_ht_002</testName>
          <skipped>false</skipped>
          <keepTestNames>false</keepTestNames>
          <errorStackTrace>tests/test_history.py:76: in test_ht_002
    sidebar.click_new_chat()
src/pages/ht_chat_sidebar.py:27: in click_new_chat
    self.clickable(SEL_NEW_CHAT_BTN).click()
src/pages/ht_base_page.py:21: in clickable
    return self.wait(sec).until(EC.element_to_be_clickable(locator))
/usr/local/lib/python3.14/site-packages/selenium/webdriver/support/wait.py:105: in until
    raise TimeoutException(message, screen, stacktrace)
E   selenium.common.exceptions.TimeoutException: Message: 
E   Stacktrace:
E   #0 0xaaaac2b44c18 &lt;unknown&gt;
E   #1 0xaaaac256e0d0 &lt;unknown&gt;
E   #2 0xaaaac25b6f4c &lt;unknown&gt;
E   #3 0xaaaac25f2d3c &lt;unknown&gt;
E   #4 0xaaaac25ab998 &lt;unknown&gt;
E   #5 0xaaaac2b0f79c &lt;unknown&gt;
E   #6 0xaaaac2b1282c &lt;unknown&gt;
E   #7 0xaaaac2b12408 &lt;unknown&gt;
E   #8 0xaaaac2afa620 &lt;unknown&gt;
E   #9 0xaaaac2b12eac &lt;unknown&gt;
E   #10 0xaaaac2ae493c &lt;unknown&gt;
E   #11 0xaaaac2b31abc &lt;unknown&gt;
E   #12 0xaaaac2b31cc8 &lt;unknown&gt;
E   #13 0xaaaac2b4397c &lt;unknown&gt;
E   #14 0xffff9dc8202c &lt;unknown&gt;
E   #15 0xffff9dcebf18 &lt;unknown&gt;</errorStackTrace>
          <errorDetails>selenium.common.exceptions.TimeoutException: Message: 
Stacktrace:
#0 0xaaaac2b44c18 &lt;unknown&gt;
#1 0xaaaac256e0d0 &lt;unknown&gt;
#2 0xaaaac25b6f4c &lt;unknown&gt;
#3 0xaaaac25f2d3c &lt;unknown&gt;
#4 0xaaaac25ab998 &lt;unknown&gt;
#5 0xaaaac2b0f79c &lt;unknown&gt;
#6 0xaaaac2b1282c &lt;unknown&gt;
#7 0xaaaac2b12408 &lt;unknown&gt;
#8 0xaaaac2afa620 &lt;unknown&gt;
#9 0xaaaac2b12eac &lt;unknown&gt;
#10 0xaaaac2ae493c &lt;unknown&gt;
#11 0xaaaac2b31abc &lt;unknown&gt;
#12 0xaaaac2b31cc8 &lt;unknown&gt;
#13 0xaaaac2b4397c &lt;unknown&gt;
#14 0xffff9dc8202c &lt;unknown&gt;
#15 0xffff9dcebf18 &lt;unknown&gt;</errorDetails>
          <properties/>
          <failedSince>7</failedSince>
        </case>
        <case>
          <duration>7.93</duration>
          <startTime>1763297783777</startTime>
          <className>tests.test_history</className>
          <testName>test_ht_003</testName>
          <skipped>false</skipped>
          <keepTestNames>false</keepTestNames>
          <properties/>
          <failedSince>0</failedSince>
        </case>
        <case>
          <duration>12.719</duration>
          <startTime>1763297791707</startTime>
          <className>tests.test_history</className>
          <testName>test_ht_004</testName>
          <skipped>false</skipped>
          <keepTestNames>false</keepTestNames>
          <errorStackTrace>tests/test_history.py:125: in test_ht_004
    sidebar.click_new_chat()
src/pages/ht_chat_sidebar.py:27: in click_new_chat
    self.clickable(SEL_NEW_CHAT_BTN).click()
src/pages/ht_base_page.py:21: in clickable
    return self.wait(sec).until(EC.element_to_be_clickable(locator))
/usr/local/lib/python3.14/site-packages/selenium/webdriver/support/wait.py:105: in until
    raise TimeoutException(message, screen, stacktrace)
E   selenium.common.exceptions.TimeoutException: Message: 
E   Stacktrace:
E   #0 0xaaaac2b44c18 &lt;unknown&gt;
E   #1 0xaaaac256e0d0 &lt;unknown&gt;
E   #2 0xaaaac25b6f4c &lt;unknown&gt;
E   #3 0xaaaac25f2d3c &lt;unknown&gt;
E   #4 0xaaaac25ab998 &lt;unknown&gt;
E   #5 0xaaaac2b0f79c &lt;unknown&gt;
E   #6 0xaaaac2b1282c &lt;unknown&gt;
E   #7 0xaaaac2b12408 &lt;unknown&gt;
E   #8 0xaaaac2afa620 &lt;unknown&gt;
E   #9 0xaaaac2b12eac &lt;unknown&gt;
E   #10 0xaaaac2ae493c &lt;unknown&gt;
E   #11 0xaaaac2b31abc &lt;unknown&gt;
E   #12 0xaaaac2b31cc8 &lt;unknown&gt;
E   #13 0xaaaac2b4397c &lt;unknown&gt;
E   #14 0xffff9dc8202c &lt;unknown&gt;
E   #15 0xffff9dcebf18 &lt;unknown&gt;</errorStackTrace>
          <errorDetails>selenium.common.exceptions.TimeoutException: Message: 
Stacktrace:
#0 0xaaaac2b44c18 &lt;unknown&gt;
#1 0xaaaac256e0d0 &lt;unknown&gt;
#2 0xaaaac25b6f4c &lt;unknown&gt;
#3 0xaaaac25f2d3c &lt;unknown&gt;
#4 0xaaaac25ab998 &lt;unknown&gt;
#5 0xaaaac2b0f79c &lt;unknown&gt;
#6 0xaaaac2b1282c &lt;unknown&gt;
#7 0xaaaac2b12408 &lt;unknown&gt;
#8 0xaaaac2afa620 &lt;unknown&gt;
#9 0xaaaac2b12eac &lt;unknown&gt;
#10 0xaaaac2ae493c &lt;unknown&gt;
#11 0xaaaac2b31abc &lt;unknown&gt;
#12 0xaaaac2b31cc8 &lt;unknown&gt;
#13 0xaaaac2b4397c &lt;unknown&gt;
#14 0xffff9dc8202c &lt;unknown&gt;
#15 0xffff9dcebf18 &lt;unknown&gt;</errorDetails>
          <properties/>
          <failedSince>7</failedSince>
        </case>
        <case>
          <duration>12.873</duration>
          <startTime>1763297804426</startTime>
          <className>tests.test_history</className>
          <testName>test_ht_005</testName>
          <skipped>false</skipped>
          <keepTestNames>false</keepTestNames>
          <errorStackTrace>tests/test_history.py:200: in test_ht_005
    sidebar.click_new_chat()
src/pages/ht_chat_sidebar.py:27: in click_new_chat
    self.clickable(SEL_NEW_CHAT_BTN).click()
src/pages/ht_base_page.py:21: in clickable
    return self.wait(sec).until(EC.element_to_be_clickable(locator))
/usr/local/lib/python3.14/site-packages/selenium/webdriver/support/wait.py:105: in until
    raise TimeoutException(message, screen, stacktrace)
E   selenium.common.exceptions.TimeoutException: Message: 
E   Stacktrace:
E   #0 0xaaaac2b44c18 &lt;unknown&gt;
E   #1 0xaaaac256e0d0 &lt;unknown&gt;
E   #2 0xaaaac25b6f4c &lt;unknown&gt;
E   #3 0xaaaac25f2d3c &lt;unknown&gt;
E   #4 0xaaaac25ab998 &lt;unknown&gt;
E   #5 0xaaaac2b0f79c &lt;unknown&gt;
E   #6 0xaaaac2b1282c &lt;unknown&gt;
E   #7 0xaaaac2b12408 &lt;unknown&gt;
E   #8 0xaaaac2afa620 &lt;unknown&gt;
E   #9 0xaaaac2b12eac &lt;unknown&gt;
E   #10 0xaaaac2ae493c &lt;unknown&gt;
E   #11 0xaaaac2b31abc &lt;unknown&gt;
E   #12 0xaaaac2b31cc8 &lt;unknown&gt;
E   #13 0xaaaac2b4397c &lt;unknown&gt;
E   #14 0xffff9dc8202c &lt;unknown&gt;
E   #15 0xffff9dcebf18 &lt;unknown&gt;</errorStackTrace>
          <errorDetails>selenium.common.exceptions.TimeoutException: Message: 
Stacktrace:
#0 0xaaaac2b44c18 &lt;unknown&gt;
#1 0xaaaac256e0d0 &lt;unknown&gt;
#2 0xaaaac25b6f4c &lt;unknown&gt;
#3 0xaaaac25f2d3c &lt;unknown&gt;
#4 0xaaaac25ab998 &lt;unknown&gt;
#5 0xaaaac2b0f79c &lt;unknown&gt;
#6 0xaaaac2b1282c &lt;unknown&gt;
#7 0xaaaac2b12408 &lt;unknown&gt;
#8 0xaaaac2afa620 &lt;unknown&gt;
#9 0xaaaac2b12eac &lt;unknown&gt;
#10 0xaaaac2ae493c &lt;unknown&gt;
#11 0xaaaac2b31abc &lt;unknown&gt;
#12 0xaaaac2b31cc8 &lt;unknown&gt;
#13 0xaaaac2b4397c &lt;unknown&gt;
#14 0xffff9dc8202c &lt;unknown&gt;
#15 0xffff9dcebf18 &lt;unknown&gt;</errorDetails>
          <properties/>
          <failedSince>7</failedSince>
        </case>
        <case>
          <duration>12.898</duration>
          <startTime>1763297817299</startTime>
          <className>tests.test_history</className>
          <testName>test_ht_006</testName>
          <skipped>false</skipped>
          <keepTestNames>false</keepTestNames>
          <errorStackTrace>tests/test_history.py:250: in test_ht_006
    sidebar.click_new_chat()
src/pages/ht_chat_sidebar.py:27: in click_new_chat
    self.clickable(SEL_NEW_CHAT_BTN).click()
src/pages/ht_base_page.py:21: in clickable
    return self.wait(sec).until(EC.element_to_be_clickable(locator))
/usr/local/lib/python3.14/site-packages/selenium/webdriver/support/wait.py:105: in until
    raise TimeoutException(message, screen, stacktrace)
E   selenium.common.exceptions.TimeoutException: Message: 
E   Stacktrace:
E   #0 0xaaaac2b44c18 &lt;unknown&gt;
E   #1 0xaaaac256e0d0 &lt;unknown&gt;
E   #2 0xaaaac25b6f4c &lt;unknown&gt;
E   #3 0xaaaac25f2d3c &lt;unknown&gt;
E   #4 0xaaaac25ab998 &lt;unknown&gt;
E   #5 0xaaaac2b0f79c &lt;unknown&gt;
E   #6 0xaaaac2b1282c &lt;unknown&gt;
E   #7 0xaaaac2b12408 &lt;unknown&gt;
E   #8 0xaaaac2afa620 &lt;unknown&gt;
E   #9 0xaaaac2b12eac &lt;unknown&gt;
E   #10 0xaaaac2ae493c &lt;unknown&gt;
E   #11 0xaaaac2b31abc &lt;unknown&gt;
E   #12 0xaaaac2b31cc8 &lt;unknown&gt;
E   #13 0xaaaac2b4397c &lt;unknown&gt;
E   #14 0xffff9dc8202c &lt;unknown&gt;
E   #15 0xffff9dcebf18 &lt;unknown&gt;</errorStackTrace>
          <errorDetails>selenium.common.exceptions.TimeoutException: Message: 
Stacktrace:
#0 0xaaaac2b44c18 &lt;unknown&gt;
#1 0xaaaac256e0d0 &lt;unknown&gt;
#2 0xaaaac25b6f4c &lt;unknown&gt;
#3 0xaaaac25f2d3c &lt;unknown&gt;
#4 0xaaaac25ab998 &lt;unknown&gt;
#5 0xaaaac2b0f79c &lt;unknown&gt;
#6 0xaaaac2b1282c &lt;unknown&gt;
#7 0xaaaac2b12408 &lt;unknown&gt;
#8 0xaaaac2afa620 &lt;unknown&gt;
#9 0xaaaac2b12eac &lt;unknown&gt;
#10 0xaaaac2ae493c &lt;unknown&gt;
#11 0xaaaac2b31abc &lt;unknown&gt;
#12 0xaaaac2b31cc8 &lt;unknown&gt;
#13 0xaaaac2b4397c &lt;unknown&gt;
#14 0xffff9dc8202c &lt;unknown&gt;
#15 0xffff9dcebf18 &lt;unknown&gt;</errorDetails>
          <properties/>
          <failedSince>7</failedSince>
        </case>
        <case>
          <duration>13.205</duration>
          <startTime>1763297830197</startTime>
          <className>tests.test_history</className>
          <testName>test_ht_007</testName>
          <skipped>false</skipped>
          <keepTestNames>false</keepTestNames>
          <errorStackTrace>tests/test_history.py:306: in test_ht_007
    sidebar.click_new_chat()
src/pages/ht_chat_sidebar.py:27: in click_new_chat
    self.clickable(SEL_NEW_CHAT_BTN).click()
src/pages/ht_base_page.py:21: in clickable
    return self.wait(sec).until(EC.element_to_be_clickable(locator))
/usr/local/lib/python3.14/site-packages/selenium/webdriver/support/wait.py:105: in until
    raise TimeoutException(message, screen, stacktrace)
E   selenium.common.exceptions.TimeoutException: Message: 
E   Stacktrace:
E   #0 0xaaaac2b44c18 &lt;unknown&gt;
E   #1 0xaaaac256e0d0 &lt;unknown&gt;
E   #2 0xaaaac25b6f4c &lt;unknown&gt;
E   #3 0xaaaac25f2d3c &lt;unknown&gt;
E   #4 0xaaaac25ab998 &lt;unknown&gt;
E   #5 0xaaaac2b0f79c &lt;unknown&gt;
E   #6 0xaaaac2b1282c &lt;unknown&gt;
E   #7 0xaaaac2b12408 &lt;unknown&gt;
E   #8 0xaaaac2afa620 &lt;unknown&gt;
E   #9 0xaaaac2b12eac &lt;unknown&gt;
E   #10 0xaaaac2ae493c &lt;unknown&gt;
E   #11 0xaaaac2b31abc &lt;unknown&gt;
E   #12 0xaaaac2b31cc8 &lt;unknown&gt;
E   #13 0xaaaac2b4397c &lt;unknown&gt;
E   #14 0xffff9dc8202c &lt;unknown&gt;
E   #15 0xffff9dcebf18 &lt;unknown&gt;</errorStackTrace>
          <errorDetails>selenium.common.exceptions.TimeoutException: Message: 
Stacktrace:
#0 0xaaaac2b44c18 &lt;unknown&gt;
#1 0xaaaac256e0d0 &lt;unknown&gt;
#2 0xaaaac25b6f4c &lt;unknown&gt;
#3 0xaaaac25f2d3c &lt;unknown&gt;
#4 0xaaaac25ab998 &lt;unknown&gt;
#5 0xaaaac2b0f79c &lt;unknown&gt;
#6 0xaaaac2b1282c &lt;unknown&gt;
#7 0xaaaac2b12408 &lt;unknown&gt;
#8 0xaaaac2afa620 &lt;unknown&gt;
#9 0xaaaac2b12eac &lt;unknown&gt;
#10 0xaaaac2ae493c &lt;unknown&gt;
#11 0xaaaac2b31abc &lt;unknown&gt;
#12 0xaaaac2b31cc8 &lt;unknown&gt;
#13 0xaaaac2b4397c &lt;unknown&gt;
#14 0xffff9dc8202c &lt;unknown&gt;
#15 0xffff9dcebf18 &lt;unknown&gt;</errorDetails>
          <properties/>
          <failedSince>7</failedSince>
        </case>
      </cases>
    </suite>
  </suites>
  <duration>170.527</duration>
  <skipOldReports>false</skipOldReports>
  <startTime>1763297673667</startTime>
  <stdioRetention>NONE</stdioRetention>
  <keepTestNames>false</keepTestNames>
  <keepProperties>false</keepProperties>
</result>