<?xml version="1.0" encoding="utf-8"?><testsuites><testsuite name="pytest" errors="0" failures="0" skipped="0" tests="7" time="65.857" timestamp="2025-11-19T11:43:38.658310+09:00" hostname="DESKTOP-LE9TSPC"><testcase classname="tests.test_chat_base" name="test_cb_001_ai_chat" time="23.966" /><testcase classname="tests.test_chat_base" name="test_cb_002_copy" time="1.857" /><testcase classname="tests.test_chat_base" name="test_cb_003_edit_message" time="6.370" /><testcase classname="tests.test_chat_base" name="test_cb_004_scroll_and_click" time="10.132" /><testcase classname="tests.test_chat_base" name="test_cb_005_make_image" time="12.046" /><testcase classname="tests.test_chat_base" name="test_cb_006_upload_file" time="1.579" /><testcase classname="tests.test_chat_base" name="test_cb_007_make_image" time="7.657" /></testsuite></testsuites>
