<?xml version="1.0" encoding="utf-8"?><testsuites><testsuite name="pytest" errors="0" failures="0" skipped="0" tests="13" time="196.067" timestamp="2025-11-19T11:57:40.780453+09:00" hostname="애지니"><testcase classname="tests.test_chat_expanse" name="test_ce_001_quiz" time="18.006" /><testcase classname="tests.test_chat_expanse" name="test_ce_002_quiz_empty" time="7.299" /><testcase classname="tests.test_chat_expanse" name="test_ce_003_quiz_special_chars" time="3.664" /><testcase classname="tests.test_chat_expanse" name="test_ce_004_quiz_no_type" time="6.895" /><testcase classname="tests.test_chat_expanse" name="test_ce_005_ppt" time="11.196" /><testcase classname="tests.test_chat_expanse" name="test_ce_006_image_text" time="4.758" /><testcase classname="tests.test_chat_expanse" name="test_ce_007_image_file" time="86.548" /><testcase classname="tests.test_chat_expanse" name="test_ce_008_google_search" time="0.585" /><testcase classname="tests.test_chat_expanse" name="test_ce_009_deep_dive" time="21.426" /><testcase classname="tests.test_chat_expanse" name="test_ce_010_file_upload" time="12.034" /><testcase classname="tests.test_chat_expanse" name="test_ce_011_file_upload_expect_failure" time="13.743" /><testcase classname="tests.test_chat_expanse" name="test_ce_012_file_upload_new_chat" time="2.106" /><testcase classname="tests.test_chat_expanse" name="test_ce_013_quiz_empty_new_chat" time="3.615" /></testsuite></testsuites>