<?xml version="1.0" encoding="utf-8"?><testsuites><testsuite name="pytest" errors="0" failures="1" skipped="0" tests="1" time="21.839" timestamp="2025-11-20T02:45:05.188722+09:00" hostname="DESKTOP-C5O80FQ"><testcase classname="tests.test_billing_system" name="test_bu_003_click_usage_history" time="21.774"><failure message="AssertionError: ❌ Usage History 페이지로 이동 실패&#10;assert False&#10; +  where False = is_usage_history_page()&#10; +    where is_usage_history_page = &lt;src.pages.billing_page.UsagePage object at 0x0000024E33D02F90&gt;.is_usage_history_page">tests\test_billing_system.py:59: in test_bu_003_click_usage_history
    assert usage_page.is_usage_history_page(), "❌ Usage History 페이지로 이동 실패"
E   AssertionError: ❌ Usage History 페이지로 이동 실패
E   assert False
E    +  where False = is_usage_history_page()
E    +    where is_usage_history_page = &lt;src.pages.billing_page.UsagePage object at 0x0000024E33D02F90&gt;.is_usage_history_page</failure></testcase></testsuite></testsuites>