<?xml version="1.0" encoding="utf-8"?><testsuites><testsuite name="pytest" errors="0" failures="0" skipped="0" tests="6" time="35.870" timestamp="2025-11-18T17:20:39.394731+09:00" hostname="DESKTOP-C5O80FQ"><testcase classname="tests.test_billing_system" name="test_bu_001_credit_usage_section_exists" time="19.233" /><testcase classname="tests.test_billing_system" name="test_bu_002_danal_card_payment_iframe_appears" time="3.456" /><testcase classname="tests.test_billing_system" name="test_bu_003_click_usage_history" time="3.794" /><testcase classname="tests.test_billing_system" name="test_bu_004_click_ml_api" time="0.728" /><testcase classname="tests.test_billing_system" name="test_bu_005_click_severless_status" time="1.223" /><testcase classname="tests.test_billing_system" name="test_bu_006_click_api_key_manage" time="3.347" /></testsuite></testsuites>