<?xml version="1.0" encoding="utf-8"?><testsuites><testsuite name="pytest" errors="0" failures="0" skipped="0" tests="7" time="66.341" timestamp="2025-11-19T11:54:39.308321+09:00" hostname="DESKTOP-LE9TSPC"><testcase classname="tests.test_chat_base" name="test_cb_001_ai_chat" time="22.297" /><testcase classname="tests.test_chat_base" name="test_cb_002_copy" time="1.668" /><testcase classname="tests.test_chat_base" name="test_cb_003_edit_message" time="4.191" /><testcase classname="tests.test_chat_base" name="test_cb_004_scroll_and_click" time="10.096" /><testcase classname="tests.test_chat_base" name="test_cb_005_make_image" time="12.837" /><testcase classname="tests.test_chat_base" name="test_cb_006_upload_file" time="1.066" /><testcase classname="tests.test_chat_base" name="test_cb_007_make_image" time="10.078" /></testsuite></testsuites>