<?xml version="1.0" encoding="utf-8"?><testsuites><testsuite name="pytest" errors="0" failures="0" skipped="0" tests="7" time="66.676" timestamp="2025-11-18T21:13:07.324106+09:00" hostname="DESKTOP-LE9TSPC"><testcase classname="tests.test_chat_base" name="test_cb_001_ai_chat" time="22.050" /><testcase classname="tests.test_chat_base" name="test_cb_002_copy" time="1.659" /><testcase classname="tests.test_chat_base" name="test_cb_003_edit_message" time="2.998" /><testcase classname="tests.test_chat_base" name="test_cb_004_scroll_and_click" time="10.462" /><testcase classname="tests.test_chat_base" name="test_cb_005_make_image" time="18.353" /><testcase classname="tests.test_chat_base" name="test_cb_006_upload_file" time="1.093" /><testcase classname="tests.test_chat_base" name="test_cb_007_make_image" time="7.849" /></testsuite></testsuites>