<?xml version="1.0" encoding="utf-8"?><testsuites><testsuite name="pytest" errors="0" failures="0" skipped="0" tests="50" time="560.494" timestamp="2025-11-18T10:05:31.239521+09:00" hostname="DESKTOP-C5O80FQ"><testcase classname="tests.test_account" name="test_ac_001_login" time="7.801" /><testcase classname="tests.test_account" name="test_ac_002_duplicate_email" time="1.346" /><testcase classname="tests.test_account" name="test_ac_003_negative_login" time="8.812" /><testcase classname="tests.test_account" name="test_ac_004_positive_login" time="13.930" /><testcase classname="tests.test_account" name="test_ac_005_login_with_non_email_format" time="5.901" /><testcase classname="tests.test_account" name="test_ac_006_login_with_spaces" time="5.846" /><testcase classname="tests.test_account" name="test_ac_007_logout" time="10.092" /><testcase classname="tests.test_chat_base" name="test_cb_001_ai_chat" time="13.568" /><testcase classname="tests.test_chat_base" name="test_cb_002_copy" time="1.575" /><testcase classname="tests.test_chat_base" name="test_cb_003_edit_message" time="3.912" /><testcase classname="tests.test_chat_base" name="test_cb_004_scroll_and_click" time="9.031" /><testcase classname="tests.test_chat_base" name="test_cb_005_make_image" time="15.964" /><testcase classname="tests.test_chat_base" name="test_cb_006_upload_file" time="1.190" /><testcase classname="tests.test_chat_base" name="test_cb_007_make_image" time="17.852" /><testcase classname="tests.test_chat_expanse" name="test_ce_001_quiz" time="14.115" /><testcase classname="tests.test_chat_expanse" name="test_ce_002_quiz_empty" time="6.945" /><testcase classname="tests.test_chat_expanse" name="test_ce_003_quiz_special_chars" time="2.292" /><testcase classname="tests.test_chat_expanse" name="test_ce_004_quiz_no_type" time="6.951" /><testcase classname="tests.test_chat_expanse" name="test_ce_005_ppt" time="8.202" /><testcase classname="tests.test_chat_expanse" name="test_ce_006_image_text" time="1.346" /><testcase classname="tests.test_chat_expanse" name="test_ce_007_image_file" time="74.494" /><testcase classname="tests.test_chat_expanse" name="test_ce_008_google_search" time="0.843" /><testcase classname="tests.test_chat_expanse" name="test_ce_009_deep_dive" time="8.522" /><testcase classname="tests.test_chat_expanse" name="test_ce_010_file_upload" time="10.001" /><testcase classname="tests.test_chat_expanse" name="test_ce_011_file_upload_expect_failure" time="10.899" /><testcase classname="tests.test_chat_expanse" name="test_ce_012_file_upload_new_chat" time="1.848" /><testcase classname="tests.test_chat_expanse" name="test_ce_013_quiz_empty_new_chat" time="3.366" /><testcase classname="tests.test_custom_agent" name="test_ca_001_navigate_to_agent_create_form" time="14.450" /><testcase classname="tests.test_custom_agent" name="test_ca_002_validate_required_fields_behavior" time="2.985" /><testcase classname="tests.test_custom_agent" name="test_ca_003_1_create_private_agent_successfully" time="16.634" /><testcase classname="tests.test_custom_agent" name="test_ca_003_2_create_organization_agent_successfully" time="16.090" /><testcase classname="tests.test_custom_agent" name="test_ca_004_test_create_with_chat_generates_ai_response" time="12.841" /><testcase classname="tests.test_custom_agent" name="test_ca_005_prevent_duplicate_agent_creation" time="6.102" /><testcase classname="tests.test_custom_agent" name="test_ca_006_display_created_agents_in_explorer" time="1.829" /><testcase classname="tests.test_custom_agent" name="test_ca_007_display_agent_cards_in_my_agents" time="12.254" /><testcase classname="tests.test_custom_agent" name="test_ca_008_update_existing_agent_successfully" time="15.592" /><testcase classname="tests.test_custom_agent" name="test_ca_009__publish_draft_agent_successfully" time="16.693" /><testcase classname="tests.test_custom_agent" name="test_ca_010_autosave_draft_agent_persists_changes" time="15.957" /><testcase classname="tests.test_custom_agent" name="test_ca_011_cancel_agent_deletion_modal" time="14.593" /><testcase classname="tests.test_custom_agent" name="test_ca_012_delete_agent_permanently" time="13.948" /><testcase classname="tests.test_custom_agent" name="test_ca_013_prevent_deletion_of_default_agents" time="12.518" /><testcase classname="tests.test_custom_agent" name="test_ca_014_validate_file_upload_and_size_limit" time="2.427" /><testcase classname="tests.test_custom_agent" name="test_ca_015_private_agent_hidden_from_sub_account" time="33.669" /><testcase classname="tests.test_history" name="test_ht_001_start_new_chat" time="18.729" /><testcase classname="tests.test_history" name="test_ht_002_search_history" time="5.488" /><testcase classname="tests.test_history" name="test_ht_003_agent_search" time="2.350" /><testcase classname="tests.test_history" name="test_ht_004_chat_title_fix" time="9.202" /><testcase classname="tests.test_history" name="test_ht_005_view_chat_history" time="18.838" /><testcase classname="tests.test_history" name="test_ht_006_delete_chat" time="9.025" /><testcase classname="tests.test_history" name="test_ht_007_chat_history_ordered_by_time" time="11.665" /></testsuite></testsuites>