<?xml version="1.0" encoding="utf-8"?><testsuites><testsuite name="pytest" errors="0" failures="0" skipped="0" tests="7" time="67.620" timestamp="2025-11-19T10:26:14.813157+09:00" hostname="DESKTOP-LE9TSPC"><testcase classname="tests.test_chat_base" name="test_cb_001_ai_chat" time="22.376" /><testcase classname="tests.test_chat_base" name="test_cb_002_copy" time="1.682" /><testcase classname="tests.test_chat_base" name="test_cb_003_edit_message" time="3.807" /><testcase classname="tests.test_chat_base" name="test_cb_004_scroll_and_click" time="10.147" /><testcase classname="tests.test_chat_base" name="test_cb_005_make_image" time="18.849" /><testcase classname="tests.test_chat_base" name="test_cb_006_upload_file" time="1.604" /><testcase classname="tests.test_chat_base" name="test_cb_007_make_image" time="6.952" /></testsuite></testsuites>