<?xml version="1.0" encoding="utf-8"?><testsuites><testsuite name="pytest" errors="0" failures="7" skipped="0" tests="14" time="165.506" timestamp="2025-11-16T11:27:10.418333+00:00" hostname="8d3aa5463a3f"><testcase classname="tests.test_account" name="test_ac_001_login" time="5.976" /><testcase classname="tests.test_account" name="test_ac_002_duplicate_email" time="2.856" /><testcase classname="tests.test_account" name="test_ac_003_negative_login" time="10.132" /><testcase classname="tests.test_account" name="test_ac_004_positive_login" time="22.133" /><testcase classname="tests.test_account" name="test_ac_005_login_with_non_email_format" time="0.959"><failure message="selenium.common.exceptions.StaleElementReferenceException: Message: stale element reference: stale element not found in the current frame&#10;  (Session info: chrome=142.0.7444.162); For documentation on this error, please visit: https://www.selenium.dev/documentation/webdriver/troubleshooting/errors#stale-element-reference-exception&#10;Stacktrace:&#10;#0 0xaaaaeaa24c18 &lt;unknown&gt;&#10;#1 0xaaaaea44e0d0 &lt;unknown&gt;&#10;#2 0xaaaaea4548d8 &lt;unknown&gt;&#10;#3 0xaaaaea456bdc &lt;unknown&gt;&#10;#4 0xaaaaea4d39f0 &lt;unknown&gt;&#10;#5 0xaaaaea4d2d3c &lt;unknown&gt;&#10;#6 0xaaaaea48b998 &lt;unknown&gt;&#10;#7 0xaaaaea9ef79c &lt;unknown&gt;&#10;#8 0xaaaaea9f282c &lt;unknown&gt;&#10;#9 0xaaaaea9f2408 &lt;unknown&gt;&#10;#10 0xaaaaea9da620 &lt;unknown&gt;&#10;#11 0xaaaaea9f2eac &lt;unknown&gt;&#10;#12 0xaaaaea9c493c &lt;unknown&gt;&#10;#13 0xaaaaeaa11abc &lt;unknown&gt;&#10;#14 0xaaaaeaa11cc8 &lt;unknown&gt;&#10;#15 0xaaaaeaa2397c &lt;unknown&gt;&#10;#16 0xffff847b202c &lt;unknown&gt;&#10;#17 0xffff8481bf18 &lt;unknown&gt;">tests/test_account.py:56: in test_ac_005_login_with_non_email_format
    login_page.login("test_user", "test_password")
src/pages/login_page.py:59: in login
    email_input = wait.until(EC.element_to_be_clickable(self.locators["email"]))
/usr/local/lib/python3.14/site-packages/selenium/webdriver/support/wait.py:96: in until
    value = method(self._driver)
/usr/local/lib/python3.14/site-packages/selenium/webdriver/support/expected_conditions.py:364: in _predicate
    element = visibility_of(target)(driver)
/usr/local/lib/python3.14/site-packages/selenium/webdriver/support/expected_conditions.py:173: in _predicate
    return _element_if_visible(element)
/usr/local/lib/python3.14/site-packages/selenium/webdriver/support/expected_conditions.py:179: in _element_if_visible
    return element if element.is_displayed() == visibility else False
/usr/local/lib/python3.14/site-packages/selenium/webdriver/remote/webelement.py:252: in is_displayed
    return self.parent.execute_script(f"/* isDisplayed */return ({isDisplayed_js}).apply(null, arguments);", self)
/usr/local/lib/python3.14/site-packages/selenium/webdriver/remote/webdriver.py:414: in execute_script
    return self.execute(command, {"script": script, "args": converted_args})["value"]
/usr/local/lib/python3.14/site-packages/selenium/webdriver/remote/webdriver.py:354: in execute
    self.error_handler.check_response(response)
/usr/local/lib/python3.14/site-packages/selenium/webdriver/remote/errorhandler.py:229: in check_response
    raise exception_class(message, screen, stacktrace)
E   selenium.common.exceptions.StaleElementReferenceException: Message: stale element reference: stale element not found in the current frame
E     (Session info: chrome=142.0.7444.162); For documentation on this error, please visit: https://www.selenium.dev/documentation/webdriver/troubleshooting/errors#stale-element-reference-exception
E   Stacktrace:
E   #0 0xaaaaeaa24c18 &lt;unknown&gt;
E   #1 0xaaaaea44e0d0 &lt;unknown&gt;
E   #2 0xaaaaea4548d8 &lt;unknown&gt;
E   #3 0xaaaaea456bdc &lt;unknown&gt;
E   #4 0xaaaaea4d39f0 &lt;unknown&gt;
E   #5 0xaaaaea4d2d3c &lt;unknown&gt;
E   #6 0xaaaaea48b998 &lt;unknown&gt;
E   #7 0xaaaaea9ef79c &lt;unknown&gt;
E   #8 0xaaaaea9f282c &lt;unknown&gt;
E   #9 0xaaaaea9f2408 &lt;unknown&gt;
E   #10 0xaaaaea9da620 &lt;unknown&gt;
E   #11 0xaaaaea9f2eac &lt;unknown&gt;
E   #12 0xaaaaea9c493c &lt;unknown&gt;
E   #13 0xaaaaeaa11abc &lt;unknown&gt;
E   #14 0xaaaaeaa11cc8 &lt;unknown&gt;
E   #15 0xaaaaeaa2397c &lt;unknown&gt;
E   #16 0xffff847b202c &lt;unknown&gt;
E   #17 0xffff8481bf18 &lt;unknown&gt;</failure></testcase><testcase classname="tests.test_account" name="test_ac_006_login_with_spaces" time="6.317" /><testcase classname="tests.test_account" name="test_ac_007_logout" time="10.157" /><testcase classname="tests.test_history" name="test_ht_001" time="30.075"><failure message="selenium.common.exceptions.TimeoutException: Message: &#10;Stacktrace:&#10;#0 0xaaaaeaa24c18 &lt;unknown&gt;&#10;#1 0xaaaaea44e0d0 &lt;unknown&gt;&#10;#2 0xaaaaea496f4c &lt;unknown&gt;&#10;#3 0xaaaaea4d2d3c &lt;unknown&gt;&#10;#4 0xaaaaea48b998 &lt;unknown&gt;&#10;#5 0xaaaaea9ef79c &lt;unknown&gt;&#10;#6 0xaaaaea9f282c &lt;unknown&gt;&#10;#7 0xaaaaea9f2408 &lt;unknown&gt;&#10;#8 0xaaaaea9da620 &lt;unknown&gt;&#10;#9 0xaaaaea9f2eac &lt;unknown&gt;&#10;#10 0xaaaaea9c493c &lt;unknown&gt;&#10;#11 0xaaaaeaa11abc &lt;unknown&gt;&#10;#12 0xaaaaeaa11cc8 &lt;unknown&gt;&#10;#13 0xaaaaeaa2397c &lt;unknown&gt;&#10;#14 0xffff847b202c &lt;unknown&gt;&#10;#15 0xffff8481bf18 &lt;unknown&gt;">tests/test_history.py:43: in test_ht_001
    sidebar.click_new_chat()
src/pages/ht_chat_sidebar.py:27: in click_new_chat
    self.clickable(SEL_NEW_CHAT_BTN).click()
src/pages/ht_base_page.py:21: in clickable
    return self.wait(sec).until(EC.element_to_be_clickable(locator))
/usr/local/lib/python3.14/site-packages/selenium/webdriver/support/wait.py:105: in until
    raise TimeoutException(message, screen, stacktrace)
E   selenium.common.exceptions.TimeoutException: Message: 
E   Stacktrace:
E   #0 0xaaaaeaa24c18 &lt;unknown&gt;
E   #1 0xaaaaea44e0d0 &lt;unknown&gt;
E   #2 0xaaaaea496f4c &lt;unknown&gt;
E   #3 0xaaaaea4d2d3c &lt;unknown&gt;
E   #4 0xaaaaea48b998 &lt;unknown&gt;
E   #5 0xaaaaea9ef79c &lt;unknown&gt;
E   #6 0xaaaaea9f282c &lt;unknown&gt;
E   #7 0xaaaaea9f2408 &lt;unknown&gt;
E   #8 0xaaaaea9da620 &lt;unknown&gt;
E   #9 0xaaaaea9f2eac &lt;unknown&gt;
E   #10 0xaaaaea9c493c &lt;unknown&gt;
E   #11 0xaaaaeaa11abc &lt;unknown&gt;
E   #12 0xaaaaeaa11cc8 &lt;unknown&gt;
E   #13 0xaaaaeaa2397c &lt;unknown&gt;
E   #14 0xffff847b202c &lt;unknown&gt;
E   #15 0xffff8481bf18 &lt;unknown&gt;</failure></testcase><testcase classname="tests.test_history" name="test_ht_002" time="14.179"><failure message="selenium.common.exceptions.TimeoutException: Message: &#10;Stacktrace:&#10;#0 0xaaaaeaa24c18 &lt;unknown&gt;&#10;#1 0xaaaaea44e0d0 &lt;unknown&gt;&#10;#2 0xaaaaea496f4c &lt;unknown&gt;&#10;#3 0xaaaaea4d2d3c &lt;unknown&gt;&#10;#4 0xaaaaea48b998 &lt;unknown&gt;&#10;#5 0xaaaaea9ef79c &lt;unknown&gt;&#10;#6 0xaaaaea9f282c &lt;unknown&gt;&#10;#7 0xaaaaea9f2408 &lt;unknown&gt;&#10;#8 0xaaaaea9da620 &lt;unknown&gt;&#10;#9 0xaaaaea9f2eac &lt;unknown&gt;&#10;#10 0xaaaaea9c493c &lt;unknown&gt;&#10;#11 0xaaaaeaa11abc &lt;unknown&gt;&#10;#12 0xaaaaeaa11cc8 &lt;unknown&gt;&#10;#13 0xaaaaeaa2397c &lt;unknown&gt;&#10;#14 0xffff847b202c &lt;unknown&gt;&#10;#15 0xffff8481bf18 &lt;unknown&gt;">tests/test_history.py:76: in test_ht_002
    sidebar.click_new_chat()
src/pages/ht_chat_sidebar.py:27: in click_new_chat
    self.clickable(SEL_NEW_CHAT_BTN).click()
src/pages/ht_base_page.py:21: in clickable
    return self.wait(sec).until(EC.element_to_be_clickable(locator))
/usr/local/lib/python3.14/site-packages/selenium/webdriver/support/wait.py:105: in until
    raise TimeoutException(message, screen, stacktrace)
E   selenium.common.exceptions.TimeoutException: Message: 
E   Stacktrace:
E   #0 0xaaaaeaa24c18 &lt;unknown&gt;
E   #1 0xaaaaea44e0d0 &lt;unknown&gt;
E   #2 0xaaaaea496f4c &lt;unknown&gt;
E   #3 0xaaaaea4d2d3c &lt;unknown&gt;
E   #4 0xaaaaea48b998 &lt;unknown&gt;
E   #5 0xaaaaea9ef79c &lt;unknown&gt;
E   #6 0xaaaaea9f282c &lt;unknown&gt;
E   #7 0xaaaaea9f2408 &lt;unknown&gt;
E   #8 0xaaaaea9da620 &lt;unknown&gt;
E   #9 0xaaaaea9f2eac &lt;unknown&gt;
E   #10 0xaaaaea9c493c &lt;unknown&gt;
E   #11 0xaaaaeaa11abc &lt;unknown&gt;
E   #12 0xaaaaeaa11cc8 &lt;unknown&gt;
E   #13 0xaaaaeaa2397c &lt;unknown&gt;
E   #14 0xffff847b202c &lt;unknown&gt;
E   #15 0xffff8481bf18 &lt;unknown&gt;</failure></testcase><testcase classname="tests.test_history" name="test_ht_003" time="7.914" /><testcase classname="tests.test_history" name="test_ht_004" time="13.945"><failure message="selenium.common.exceptions.TimeoutException: Message: &#10;Stacktrace:&#10;#0 0xaaaaeaa24c18 &lt;unknown&gt;&#10;#1 0xaaaaea44e0d0 &lt;unknown&gt;&#10;#2 0xaaaaea496f4c &lt;unknown&gt;&#10;#3 0xaaaaea4d2d3c &lt;unknown&gt;&#10;#4 0xaaaaea48b998 &lt;unknown&gt;&#10;#5 0xaaaaea9ef79c &lt;unknown&gt;&#10;#6 0xaaaaea9f282c &lt;unknown&gt;&#10;#7 0xaaaaea9f2408 &lt;unknown&gt;&#10;#8 0xaaaaea9da620 &lt;unknown&gt;&#10;#9 0xaaaaea9f2eac &lt;unknown&gt;&#10;#10 0xaaaaea9c493c &lt;unknown&gt;&#10;#11 0xaaaaeaa11abc &lt;unknown&gt;&#10;#12 0xaaaaeaa11cc8 &lt;unknown&gt;&#10;#13 0xaaaaeaa2397c &lt;unknown&gt;&#10;#14 0xffff847b202c &lt;unknown&gt;&#10;#15 0xffff8481bf18 &lt;unknown&gt;">tests/test_history.py:125: in test_ht_004
    sidebar.click_new_chat()
src/pages/ht_chat_sidebar.py:27: in click_new_chat
    self.clickable(SEL_NEW_CHAT_BTN).click()
src/pages/ht_base_page.py:21: in clickable
    return self.wait(sec).until(EC.element_to_be_clickable(locator))
/usr/local/lib/python3.14/site-packages/selenium/webdriver/support/wait.py:105: in until
    raise TimeoutException(message, screen, stacktrace)
E   selenium.common.exceptions.TimeoutException: Message: 
E   Stacktrace:
E   #0 0xaaaaeaa24c18 &lt;unknown&gt;
E   #1 0xaaaaea44e0d0 &lt;unknown&gt;
E   #2 0xaaaaea496f4c &lt;unknown&gt;
E   #3 0xaaaaea4d2d3c &lt;unknown&gt;
E   #4 0xaaaaea48b998 &lt;unknown&gt;
E   #5 0xaaaaea9ef79c &lt;unknown&gt;
E   #6 0xaaaaea9f282c &lt;unknown&gt;
E   #7 0xaaaaea9f2408 &lt;unknown&gt;
E   #8 0xaaaaea9da620 &lt;unknown&gt;
E   #9 0xaaaaea9f2eac &lt;unknown&gt;
E   #10 0xaaaaea9c493c &lt;unknown&gt;
E   #11 0xaaaaeaa11abc &lt;unknown&gt;
E   #12 0xaaaaeaa11cc8 &lt;unknown&gt;
E   #13 0xaaaaeaa2397c &lt;unknown&gt;
E   #14 0xffff847b202c &lt;unknown&gt;
E   #15 0xffff8481bf18 &lt;unknown&gt;</failure></testcase><testcase classname="tests.test_history" name="test_ht_005" time="13.766"><failure message="selenium.common.exceptions.TimeoutException: Message: &#10;Stacktrace:&#10;#0 0xaaaaeaa24c18 &lt;unknown&gt;&#10;#1 0xaaaaea44e0d0 &lt;unknown&gt;&#10;#2 0xaaaaea496f4c &lt;unknown&gt;&#10;#3 0xaaaaea4d2d3c &lt;unknown&gt;&#10;#4 0xaaaaea48b998 &lt;unknown&gt;&#10;#5 0xaaaaea9ef79c &lt;unknown&gt;&#10;#6 0xaaaaea9f282c &lt;unknown&gt;&#10;#7 0xaaaaea9f2408 &lt;unknown&gt;&#10;#8 0xaaaaea9da620 &lt;unknown&gt;&#10;#9 0xaaaaea9f2eac &lt;unknown&gt;&#10;#10 0xaaaaea9c493c &lt;unknown&gt;&#10;#11 0xaaaaeaa11abc &lt;unknown&gt;&#10;#12 0xaaaaeaa11cc8 &lt;unknown&gt;&#10;#13 0xaaaaeaa2397c &lt;unknown&gt;&#10;#14 0xffff847b202c &lt;unknown&gt;&#10;#15 0xffff8481bf18 &lt;unknown&gt;">tests/test_history.py:200: in test_ht_005
    sidebar.click_new_chat()
src/pages/ht_chat_sidebar.py:27: in click_new_chat
    self.clickable(SEL_NEW_CHAT_BTN).click()
src/pages/ht_base_page.py:21: in clickable
    return self.wait(sec).until(EC.element_to_be_clickable(locator))
/usr/local/lib/python3.14/site-packages/selenium/webdriver/support/wait.py:105: in until
    raise TimeoutException(message, screen, stacktrace)
E   selenium.common.exceptions.TimeoutException: Message: 
E   Stacktrace:
E   #0 0xaaaaeaa24c18 &lt;unknown&gt;
E   #1 0xaaaaea44e0d0 &lt;unknown&gt;
E   #2 0xaaaaea496f4c &lt;unknown&gt;
E   #3 0xaaaaea4d2d3c &lt;unknown&gt;
E   #4 0xaaaaea48b998 &lt;unknown&gt;
E   #5 0xaaaaea9ef79c &lt;unknown&gt;
E   #6 0xaaaaea9f282c &lt;unknown&gt;
E   #7 0xaaaaea9f2408 &lt;unknown&gt;
E   #8 0xaaaaea9da620 &lt;unknown&gt;
E   #9 0xaaaaea9f2eac &lt;unknown&gt;
E   #10 0xaaaaea9c493c &lt;unknown&gt;
E   #11 0xaaaaeaa11abc &lt;unknown&gt;
E   #12 0xaaaaeaa11cc8 &lt;unknown&gt;
E   #13 0xaaaaeaa2397c &lt;unknown&gt;
E   #14 0xffff847b202c &lt;unknown&gt;
E   #15 0xffff8481bf18 &lt;unknown&gt;</failure></testcase><testcase classname="tests.test_history" name="test_ht_006" time="13.381"><failure message="selenium.common.exceptions.TimeoutException: Message: &#10;Stacktrace:&#10;#0 0xaaaaeaa24c18 &lt;unknown&gt;&#10;#1 0xaaaaea44e0d0 &lt;unknown&gt;&#10;#2 0xaaaaea496f4c &lt;unknown&gt;&#10;#3 0xaaaaea4d2d3c &lt;unknown&gt;&#10;#4 0xaaaaea48b998 &lt;unknown&gt;&#10;#5 0xaaaaea9ef79c &lt;unknown&gt;&#10;#6 0xaaaaea9f282c &lt;unknown&gt;&#10;#7 0xaaaaea9f2408 &lt;unknown&gt;&#10;#8 0xaaaaea9da620 &lt;unknown&gt;&#10;#9 0xaaaaea9f2eac &lt;unknown&gt;&#10;#10 0xaaaaea9c493c &lt;unknown&gt;&#10;#11 0xaaaaeaa11abc &lt;unknown&gt;&#10;#12 0xaaaaeaa11cc8 &lt;unknown&gt;&#10;#13 0xaaaaeaa2397c &lt;unknown&gt;&#10;#14 0xffff847b202c &lt;unknown&gt;&#10;#15 0xffff8481bf18 &lt;unknown&gt;">tests/test_history.py:250: in test_ht_006
    sidebar.click_new_chat()
src/pages/ht_chat_sidebar.py:27: in click_new_chat
    self.clickable(SEL_NEW_CHAT_BTN).click()
src/pages/ht_base_page.py:21: in clickable
    return self.wait(sec).until(EC.element_to_be_clickable(locator))
/usr/local/lib/python3.14/site-packages/selenium/webdriver/support/wait.py:105: in until
    raise TimeoutException(message, screen, stacktrace)
E   selenium.common.exceptions.TimeoutException: Message: 
E   Stacktrace:
E   #0 0xaaaaeaa24c18 &lt;unknown&gt;
E   #1 0xaaaaea44e0d0 &lt;unknown&gt;
E   #2 0xaaaaea496f4c &lt;unknown&gt;
E   #3 0xaaaaea4d2d3c &lt;unknown&gt;
E   #4 0xaaaaea48b998 &lt;unknown&gt;
E   #5 0xaaaaea9ef79c &lt;unknown&gt;
E   #6 0xaaaaea9f282c &lt;unknown&gt;
E   #7 0xaaaaea9f2408 &lt;unknown&gt;
E   #8 0xaaaaea9da620 &lt;unknown&gt;
E   #9 0xaaaaea9f2eac &lt;unknown&gt;
E   #10 0xaaaaea9c493c &lt;unknown&gt;
E   #11 0xaaaaeaa11abc &lt;unknown&gt;
E   #12 0xaaaaeaa11cc8 &lt;unknown&gt;
E   #13 0xaaaaeaa2397c &lt;unknown&gt;
E   #14 0xffff847b202c &lt;unknown&gt;
E   #15 0xffff8481bf18 &lt;unknown&gt;</failure></testcase><testcase classname="tests.test_history" name="test_ht_007" time="13.108"><failure message="selenium.common.exceptions.TimeoutException: Message: &#10;Stacktrace:&#10;#0 0xaaaaeaa24c18 &lt;unknown&gt;&#10;#1 0xaaaaea44e0d0 &lt;unknown&gt;&#10;#2 0xaaaaea496f4c &lt;unknown&gt;&#10;#3 0xaaaaea4d2d3c &lt;unknown&gt;&#10;#4 0xaaaaea48b998 &lt;unknown&gt;&#10;#5 0xaaaaea9ef79c &lt;unknown&gt;&#10;#6 0xaaaaea9f282c &lt;unknown&gt;&#10;#7 0xaaaaea9f2408 &lt;unknown&gt;&#10;#8 0xaaaaea9da620 &lt;unknown&gt;&#10;#9 0xaaaaea9f2eac &lt;unknown&gt;&#10;#10 0xaaaaea9c493c &lt;unknown&gt;&#10;#11 0xaaaaeaa11abc &lt;unknown&gt;&#10;#12 0xaaaaeaa11cc8 &lt;unknown&gt;&#10;#13 0xaaaaeaa2397c &lt;unknown&gt;&#10;#14 0xffff847b202c &lt;unknown&gt;&#10;#15 0xffff8481bf18 &lt;unknown&gt;">tests/test_history.py:306: in test_ht_007
    sidebar.click_new_chat()
src/pages/ht_chat_sidebar.py:27: in click_new_chat
    self.clickable(SEL_NEW_CHAT_BTN).click()
src/pages/ht_base_page.py:21: in clickable
    return self.wait(sec).until(EC.element_to_be_clickable(locator))
/usr/local/lib/python3.14/site-packages/selenium/webdriver/support/wait.py:105: in until
    raise TimeoutException(message, screen, stacktrace)
E   selenium.common.exceptions.TimeoutException: Message: 
E   Stacktrace:
E   #0 0xaaaaeaa24c18 &lt;unknown&gt;
E   #1 0xaaaaea44e0d0 &lt;unknown&gt;
E   #2 0xaaaaea496f4c &lt;unknown&gt;
E   #3 0xaaaaea4d2d3c &lt;unknown&gt;
E   #4 0xaaaaea48b998 &lt;unknown&gt;
E   #5 0xaaaaea9ef79c &lt;unknown&gt;
E   #6 0xaaaaea9f282c &lt;unknown&gt;
E   #7 0xaaaaea9f2408 &lt;unknown&gt;
E   #8 0xaaaaea9da620 &lt;unknown&gt;
E   #9 0xaaaaea9f2eac &lt;unknown&gt;
E   #10 0xaaaaea9c493c &lt;unknown&gt;
E   #11 0xaaaaeaa11abc &lt;unknown&gt;
E   #12 0xaaaaeaa11cc8 &lt;unknown&gt;
E   #13 0xaaaaeaa2397c &lt;unknown&gt;
E   #14 0xffff847b202c &lt;unknown&gt;
E   #15 0xffff8481bf18 &lt;unknown&gt;</failure></testcase></testsuite></testsuites>