<?xml version="1.0" encoding="utf-8"?><testsuites><testsuite name="pytest" errors="0" failures="6" skipped="0" tests="14" time="170.259" timestamp="2025-11-16T14:19:12.354646+00:00" hostname="34019f84b6bd"><testcase classname="tests.test_account" name="test_ac_001_login" time="6.174" /><testcase classname="tests.test_account" name="test_ac_002_duplicate_email" time="3.295" /><testcase classname="tests.test_account" name="test_ac_003_negative_login" time="9.979" /><testcase classname="tests.test_account" name="test_ac_004_positive_login" time="20.695" /><testcase classname="tests.test_account" name="test_ac_005_login_with_non_email_format" time="7.056" /><testcase classname="tests.test_account" name="test_ac_006_login_with_spaces" time="7.043" /><testcase classname="tests.test_account" name="test_ac_007_logout" time="10.047" /><testcase classname="tests.test_history" name="test_ht_001" time="30.378"><failure message="selenium.common.exceptions.TimeoutException: Message: &#10;Stacktrace:&#10;#0 0xaaaabe7e4c18 &lt;unknown&gt;&#10;#1 0xaaaabe20e0d0 &lt;unknown&gt;&#10;#2 0xaaaabe256f4c &lt;unknown&gt;&#10;#3 0xaaaabe292d3c &lt;unknown&gt;&#10;#4 0xaaaabe24b998 &lt;unknown&gt;&#10;#5 0xaaaabe7af79c &lt;unknown&gt;&#10;#6 0xaaaabe7b282c &lt;unknown&gt;&#10;#7 0xaaaabe7b2408 &lt;unknown&gt;&#10;#8 0xaaaabe79a620 &lt;unknown&gt;&#10;#9 0xaaaabe7b2eac &lt;unknown&gt;&#10;#10 0xaaaabe78493c &lt;unknown&gt;&#10;#11 0xaaaabe7d1abc &lt;unknown&gt;&#10;#12 0xaaaabe7d1cc8 &lt;unknown&gt;&#10;#13 0xaaaabe7e397c &lt;unknown&gt;&#10;#14 0xffffb22a202c &lt;unknown&gt;&#10;#15 0xffffb230bf18 &lt;unknown&gt;">tests/test_history.py:43: in test_ht_001
    sidebar.click_new_chat()
src/pages/ht_chat_sidebar.py:27: in click_new_chat
    self.clickable(SEL_NEW_CHAT_BTN).click()
src/pages/ht_base_page.py:21: in clickable
    return self.wait(sec).until(EC.element_to_be_clickable(locator))
/usr/local/lib/python3.14/site-packages/selenium/webdriver/support/wait.py:105: in until
    raise TimeoutException(message, screen, stacktrace)
E   selenium.common.exceptions.TimeoutException: Message: 
E   Stacktrace:
E   #0 0xaaaabe7e4c18 &lt;unknown&gt;
E   #1 0xaaaabe20e0d0 &lt;unknown&gt;
E   #2 0xaaaabe256f4c &lt;unknown&gt;
E   #3 0xaaaabe292d3c &lt;unknown&gt;
E   #4 0xaaaabe24b998 &lt;unknown&gt;
E   #5 0xaaaabe7af79c &lt;unknown&gt;
E   #6 0xaaaabe7b282c &lt;unknown&gt;
E   #7 0xaaaabe7b2408 &lt;unknown&gt;
E   #8 0xaaaabe79a620 &lt;unknown&gt;
E   #9 0xaaaabe7b2eac &lt;unknown&gt;
E   #10 0xaaaabe78493c &lt;unknown&gt;
E   #11 0xaaaabe7d1abc &lt;unknown&gt;
E   #12 0xaaaabe7d1cc8 &lt;unknown&gt;
E   #13 0xaaaabe7e397c &lt;unknown&gt;
E   #14 0xffffb22a202c &lt;unknown&gt;
E   #15 0xffffb230bf18 &lt;unknown&gt;</failure></testcase><testcase classname="tests.test_history" name="test_ht_002" time="12.962"><failure message="selenium.common.exceptions.TimeoutException: Message: &#10;Stacktrace:&#10;#0 0xaaaabe7e4c18 &lt;unknown&gt;&#10;#1 0xaaaabe20e0d0 &lt;unknown&gt;&#10;#2 0xaaaabe256f4c &lt;unknown&gt;&#10;#3 0xaaaabe292d3c &lt;unknown&gt;&#10;#4 0xaaaabe24b998 &lt;unknown&gt;&#10;#5 0xaaaabe7af79c &lt;unknown&gt;&#10;#6 0xaaaabe7b282c &lt;unknown&gt;&#10;#7 0xaaaabe7b2408 &lt;unknown&gt;&#10;#8 0xaaaabe79a620 &lt;unknown&gt;&#10;#9 0xaaaabe7b2eac &lt;unknown&gt;&#10;#10 0xaaaabe78493c &lt;unknown&gt;&#10;#11 0xaaaabe7d1abc &lt;unknown&gt;&#10;#12 0xaaaabe7d1cc8 &lt;unknown&gt;&#10;#13 0xaaaabe7e397c &lt;unknown&gt;&#10;#14 0xffffb22a202c &lt;unknown&gt;&#10;#15 0xffffb230bf18 &lt;unknown&gt;">tests/test_history.py:76: in test_ht_002
    sidebar.click_new_chat()
src/pages/ht_chat_sidebar.py:27: in click_new_chat
    self.clickable(SEL_NEW_CHAT_BTN).click()
src/pages/ht_base_page.py:21: in clickable
    return self.wait(sec).until(EC.element_to_be_clickable(locator))
/usr/local/lib/python3.14/site-packages/selenium/webdriver/support/wait.py:105: in until
    raise TimeoutException(message, screen, stacktrace)
E   selenium.common.exceptions.TimeoutException: Message: 
E   Stacktrace:
E   #0 0xaaaabe7e4c18 &lt;unknown&gt;
E   #1 0xaaaabe20e0d0 &lt;unknown&gt;
E   #2 0xaaaabe256f4c &lt;unknown&gt;
E   #3 0xaaaabe292d3c &lt;unknown&gt;
E   #4 0xaaaabe24b998 &lt;unknown&gt;
E   #5 0xaaaabe7af79c &lt;unknown&gt;
E   #6 0xaaaabe7b282c &lt;unknown&gt;
E   #7 0xaaaabe7b2408 &lt;unknown&gt;
E   #8 0xaaaabe79a620 &lt;unknown&gt;
E   #9 0xaaaabe7b2eac &lt;unknown&gt;
E   #10 0xaaaabe78493c &lt;unknown&gt;
E   #11 0xaaaabe7d1abc &lt;unknown&gt;
E   #12 0xaaaabe7d1cc8 &lt;unknown&gt;
E   #13 0xaaaabe7e397c &lt;unknown&gt;
E   #14 0xffffb22a202c &lt;unknown&gt;
E   #15 0xffffb230bf18 &lt;unknown&gt;</failure></testcase><testcase classname="tests.test_history" name="test_ht_003" time="7.492" /><testcase classname="tests.test_history" name="test_ht_004" time="14.230"><failure message="selenium.common.exceptions.TimeoutException: Message: &#10;Stacktrace:&#10;#0 0xaaaabe7e4c18 &lt;unknown&gt;&#10;#1 0xaaaabe20e0d0 &lt;unknown&gt;&#10;#2 0xaaaabe256f4c &lt;unknown&gt;&#10;#3 0xaaaabe292d3c &lt;unknown&gt;&#10;#4 0xaaaabe24b998 &lt;unknown&gt;&#10;#5 0xaaaabe7af79c &lt;unknown&gt;&#10;#6 0xaaaabe7b282c &lt;unknown&gt;&#10;#7 0xaaaabe7b2408 &lt;unknown&gt;&#10;#8 0xaaaabe79a620 &lt;unknown&gt;&#10;#9 0xaaaabe7b2eac &lt;unknown&gt;&#10;#10 0xaaaabe78493c &lt;unknown&gt;&#10;#11 0xaaaabe7d1abc &lt;unknown&gt;&#10;#12 0xaaaabe7d1cc8 &lt;unknown&gt;&#10;#13 0xaaaabe7e397c &lt;unknown&gt;&#10;#14 0xffffb22a202c &lt;unknown&gt;&#10;#15 0xffffb230bf18 &lt;unknown&gt;">tests/test_history.py:125: in test_ht_004
    sidebar.click_new_chat()
src/pages/ht_chat_sidebar.py:27: in click_new_chat
    self.clickable(SEL_NEW_CHAT_BTN).click()
src/pages/ht_base_page.py:21: in clickable
    return self.wait(sec).until(EC.element_to_be_clickable(locator))
/usr/local/lib/python3.14/site-packages/selenium/webdriver/support/wait.py:105: in until
    raise TimeoutException(message, screen, stacktrace)
E   selenium.common.exceptions.TimeoutException: Message: 
E   Stacktrace:
E   #0 0xaaaabe7e4c18 &lt;unknown&gt;
E   #1 0xaaaabe20e0d0 &lt;unknown&gt;
E   #2 0xaaaabe256f4c &lt;unknown&gt;
E   #3 0xaaaabe292d3c &lt;unknown&gt;
E   #4 0xaaaabe24b998 &lt;unknown&gt;
E   #5 0xaaaabe7af79c &lt;unknown&gt;
E   #6 0xaaaabe7b282c &lt;unknown&gt;
E   #7 0xaaaabe7b2408 &lt;unknown&gt;
E   #8 0xaaaabe79a620 &lt;unknown&gt;
E   #9 0xaaaabe7b2eac &lt;unknown&gt;
E   #10 0xaaaabe78493c &lt;unknown&gt;
E   #11 0xaaaabe7d1abc &lt;unknown&gt;
E   #12 0xaaaabe7d1cc8 &lt;unknown&gt;
E   #13 0xaaaabe7e397c &lt;unknown&gt;
E   #14 0xffffb22a202c &lt;unknown&gt;
E   #15 0xffffb230bf18 &lt;unknown&gt;</failure></testcase><testcase classname="tests.test_history" name="test_ht_005" time="13.366"><failure message="selenium.common.exceptions.TimeoutException: Message: &#10;Stacktrace:&#10;#0 0xaaaabe7e4c18 &lt;unknown&gt;&#10;#1 0xaaaabe20e0d0 &lt;unknown&gt;&#10;#2 0xaaaabe256f4c &lt;unknown&gt;&#10;#3 0xaaaabe292d3c &lt;unknown&gt;&#10;#4 0xaaaabe24b998 &lt;unknown&gt;&#10;#5 0xaaaabe7af79c &lt;unknown&gt;&#10;#6 0xaaaabe7b282c &lt;unknown&gt;&#10;#7 0xaaaabe7b2408 &lt;unknown&gt;&#10;#8 0xaaaabe79a620 &lt;unknown&gt;&#10;#9 0xaaaabe7b2eac &lt;unknown&gt;&#10;#10 0xaaaabe78493c &lt;unknown&gt;&#10;#11 0xaaaabe7d1abc &lt;unknown&gt;&#10;#12 0xaaaabe7d1cc8 &lt;unknown&gt;&#10;#13 0xaaaabe7e397c &lt;unknown&gt;&#10;#14 0xffffb22a202c &lt;unknown&gt;&#10;#15 0xffffb230bf18 &lt;unknown&gt;">tests/test_history.py:200: in test_ht_005
    sidebar.click_new_chat()
src/pages/ht_chat_sidebar.py:27: in click_new_chat
    self.clickable(SEL_NEW_CHAT_BTN).click()
src/pages/ht_base_page.py:21: in clickable
    return self.wait(sec).until(EC.element_to_be_clickable(locator))
/usr/local/lib/python3.14/site-packages/selenium/webdriver/support/wait.py:105: in until
    raise TimeoutException(message, screen, stacktrace)
E   selenium.common.exceptions.TimeoutException: Message: 
E   Stacktrace:
E   #0 0xaaaabe7e4c18 &lt;unknown&gt;
E   #1 0xaaaabe20e0d0 &lt;unknown&gt;
E   #2 0xaaaabe256f4c &lt;unknown&gt;
E   #3 0xaaaabe292d3c &lt;unknown&gt;
E   #4 0xaaaabe24b998 &lt;unknown&gt;
E   #5 0xaaaabe7af79c &lt;unknown&gt;
E   #6 0xaaaabe7b282c &lt;unknown&gt;
E   #7 0xaaaabe7b2408 &lt;unknown&gt;
E   #8 0xaaaabe79a620 &lt;unknown&gt;
E   #9 0xaaaabe7b2eac &lt;unknown&gt;
E   #10 0xaaaabe78493c &lt;unknown&gt;
E   #11 0xaaaabe7d1abc &lt;unknown&gt;
E   #12 0xaaaabe7d1cc8 &lt;unknown&gt;
E   #13 0xaaaabe7e397c &lt;unknown&gt;
E   #14 0xffffb22a202c &lt;unknown&gt;
E   #15 0xffffb230bf18 &lt;unknown&gt;</failure></testcase><testcase classname="tests.test_history" name="test_ht_006" time="13.547"><failure message="selenium.common.exceptions.TimeoutException: Message: &#10;Stacktrace:&#10;#0 0xaaaabe7e4c18 &lt;unknown&gt;&#10;#1 0xaaaabe20e0d0 &lt;unknown&gt;&#10;#2 0xaaaabe256f4c &lt;unknown&gt;&#10;#3 0xaaaabe292d3c &lt;unknown&gt;&#10;#4 0xaaaabe24b998 &lt;unknown&gt;&#10;#5 0xaaaabe7af79c &lt;unknown&gt;&#10;#6 0xaaaabe7b282c &lt;unknown&gt;&#10;#7 0xaaaabe7b2408 &lt;unknown&gt;&#10;#8 0xaaaabe79a620 &lt;unknown&gt;&#10;#9 0xaaaabe7b2eac &lt;unknown&gt;&#10;#10 0xaaaabe78493c &lt;unknown&gt;&#10;#11 0xaaaabe7d1abc &lt;unknown&gt;&#10;#12 0xaaaabe7d1cc8 &lt;unknown&gt;&#10;#13 0xaaaabe7e397c &lt;unknown&gt;&#10;#14 0xffffb22a202c &lt;unknown&gt;&#10;#15 0xffffb230bf18 &lt;unknown&gt;">tests/test_history.py:250: in test_ht_006
    sidebar.click_new_chat()
src/pages/ht_chat_sidebar.py:27: in click_new_chat
    self.clickable(SEL_NEW_CHAT_BTN).click()
src/pages/ht_base_page.py:21: in clickable
    return self.wait(sec).until(EC.element_to_be_clickable(locator))
/usr/local/lib/python3.14/site-packages/selenium/webdriver/support/wait.py:105: in until
    raise TimeoutException(message, screen, stacktrace)
E   selenium.common.exceptions.TimeoutException: Message: 
E   Stacktrace:
E   #0 0xaaaabe7e4c18 &lt;unknown&gt;
E   #1 0xaaaabe20e0d0 &lt;unknown&gt;
E   #2 0xaaaabe256f4c &lt;unknown&gt;
E   #3 0xaaaabe292d3c &lt;unknown&gt;
E   #4 0xaaaabe24b998 &lt;unknown&gt;
E   #5 0xaaaabe7af79c &lt;unknown&gt;
E   #6 0xaaaabe7b282c &lt;unknown&gt;
E   #7 0xaaaabe7b2408 &lt;unknown&gt;
E   #8 0xaaaabe79a620 &lt;unknown&gt;
E   #9 0xaaaabe7b2eac &lt;unknown&gt;
E   #10 0xaaaabe78493c &lt;unknown&gt;
E   #11 0xaaaabe7d1abc &lt;unknown&gt;
E   #12 0xaaaabe7d1cc8 &lt;unknown&gt;
E   #13 0xaaaabe7e397c &lt;unknown&gt;
E   #14 0xffffb22a202c &lt;unknown&gt;
E   #15 0xffffb230bf18 &lt;unknown&gt;</failure></testcase><testcase classname="tests.test_history" name="test_ht_007" time="13.416"><failure message="selenium.common.exceptions.TimeoutException: Message: &#10;Stacktrace:&#10;#0 0xaaaabe7e4c18 &lt;unknown&gt;&#10;#1 0xaaaabe20e0d0 &lt;unknown&gt;&#10;#2 0xaaaabe256f4c &lt;unknown&gt;&#10;#3 0xaaaabe292d3c &lt;unknown&gt;&#10;#4 0xaaaabe24b998 &lt;unknown&gt;&#10;#5 0xaaaabe7af79c &lt;unknown&gt;&#10;#6 0xaaaabe7b282c &lt;unknown&gt;&#10;#7 0xaaaabe7b2408 &lt;unknown&gt;&#10;#8 0xaaaabe79a620 &lt;unknown&gt;&#10;#9 0xaaaabe7b2eac &lt;unknown&gt;&#10;#10 0xaaaabe78493c &lt;unknown&gt;&#10;#11 0xaaaabe7d1abc &lt;unknown&gt;&#10;#12 0xaaaabe7d1cc8 &lt;unknown&gt;&#10;#13 0xaaaabe7e397c &lt;unknown&gt;&#10;#14 0xffffb22a202c &lt;unknown&gt;&#10;#15 0xffffb230bf18 &lt;unknown&gt;">tests/test_history.py:306: in test_ht_007
    sidebar.click_new_chat()
src/pages/ht_chat_sidebar.py:27: in click_new_chat
    self.clickable(SEL_NEW_CHAT_BTN).click()
src/pages/ht_base_page.py:21: in clickable
    return self.wait(sec).until(EC.element_to_be_clickable(locator))
/usr/local/lib/python3.14/site-packages/selenium/webdriver/support/wait.py:105: in until
    raise TimeoutException(message, screen, stacktrace)
E   selenium.common.exceptions.TimeoutException: Message: 
E   Stacktrace:
E   #0 0xaaaabe7e4c18 &lt;unknown&gt;
E   #1 0xaaaabe20e0d0 &lt;unknown&gt;
E   #2 0xaaaabe256f4c &lt;unknown&gt;
E   #3 0xaaaabe292d3c &lt;unknown&gt;
E   #4 0xaaaabe24b998 &lt;unknown&gt;
E   #5 0xaaaabe7af79c &lt;unknown&gt;
E   #6 0xaaaabe7b282c &lt;unknown&gt;
E   #7 0xaaaabe7b2408 &lt;unknown&gt;
E   #8 0xaaaabe79a620 &lt;unknown&gt;
E   #9 0xaaaabe7b2eac &lt;unknown&gt;
E   #10 0xaaaabe78493c &lt;unknown&gt;
E   #11 0xaaaabe7d1abc &lt;unknown&gt;
E   #12 0xaaaabe7d1cc8 &lt;unknown&gt;
E   #13 0xaaaabe7e397c &lt;unknown&gt;
E   #14 0xffffb22a202c &lt;unknown&gt;
E   #15 0xffffb230bf18 &lt;unknown&gt;</failure></testcase></testsuite></testsuites>