<?xml version='1.1' encoding='UTF-8'?>
<result plugin="junit@1369.v15da_00283f06">
  <suites>
    <suite>
      <file>/var/jenkins_home/workspace/elice_bugshunters/reports/test-results.xml</file>
      <name>pytest</name>
      <duration>169.363</duration>
      <startTime>1763303736307</startTime>
      <properties/>
      <timestamp>2025-11-16T14:35:36.307238+00:00</timestamp>
      <time>169.363</time>
      <nodeId>43</nodeId>
      <enclosingBlocks>
        <string>39</string>
      </enclosingBlocks>
      <enclosingBlockNames>
        <string>Declarative: Post Actions</string>
      </enclosingBlockNames>
      <cases>
        <case>
          <duration>5.26</duration>
          <startTime>1763303736307</startTime>
          <className>tests.test_account</className>
          <testName>test_ac_001_login</testName>
          <skipped>false</skipped>
          <keepTestNames>false</keepTestNames>
          <properties/>
          <failedSince>0</failedSince>
        </case>
        <case>
          <duration>3.192</duration>
          <startTime>1763303741567</startTime>
          <className>tests.test_account</className>
          <testName>test_ac_002_duplicate_email</testName>
          <skipped>false</skipped>
          <keepTestNames>false</keepTestNames>
          <properties/>
          <failedSince>0</failedSince>
        </case>
        <case>
          <duration>9.726</duration>
          <startTime>1763303744759</startTime>
          <className>tests.test_account</className>
          <testName>test_ac_003_negative_login</testName>
          <skipped>false</skipped>
          <keepTestNames>false</keepTestNames>
          <properties/>
          <failedSince>0</failedSince>
        </case>
        <case>
          <duration>19.765</duration>
          <startTime>1763303754485</startTime>
          <className>tests.test_account</className>
          <testName>test_ac_004_positive_login</testName>
          <skipped>false</skipped>
          <keepTestNames>false</keepTestNames>
          <properties/>
          <failedSince>0</failedSince>
        </case>
        <case>
          <duration>6.942</duration>
          <startTime>1763303774250</startTime>
          <className>tests.test_account</className>
          <testName>test_ac_005_login_with_non_email_format</testName>
          <skipped>false</skipped>
          <keepTestNames>false</keepTestNames>
          <properties/>
          <failedSince>0</failedSince>
        </case>
        <case>
          <duration>7.028</duration>
          <startTime>1763303781192</startTime>
          <className>tests.test_account</className>
          <testName>test_ac_006_login_with_spaces</testName>
          <skipped>false</skipped>
          <keepTestNames>false</keepTestNames>
          <properties/>
          <failedSince>0</failedSince>
        </case>
        <case>
          <duration>10.516</duration>
          <startTime>1763303788220</startTime>
          <className>tests.test_account</className>
          <testName>test_ac_007_logout</testName>
          <skipped>false</skipped>
          <keepTestNames>false</keepTestNames>
          <properties/>
          <failedSince>0</failedSince>
        </case>
        <case>
          <duration>30.332</duration>
          <startTime>1763303798736</startTime>
          <className>tests.test_history</className>
          <testName>test_ht_001</testName>
          <skipped>false</skipped>
          <keepTestNames>false</keepTestNames>
          <errorStackTrace>tests/test_history.py:43: in test_ht_001
    sidebar.click_new_chat()
src/pages/ht_chat_sidebar.py:27: in click_new_chat
    self.clickable(SEL_NEW_CHAT_BTN).click()
src/pages/ht_base_page.py:21: in clickable
    return self.wait(sec).until(EC.element_to_be_clickable(locator))
/usr/local/lib/python3.14/site-packages/selenium/webdriver/support/wait.py:105: in until
    raise TimeoutException(message, screen, stacktrace)
E   selenium.common.exceptions.TimeoutException: Message: 
E   Stacktrace:
E   #0 0xaaaaba3c4c18 &lt;unknown&gt;
E   #1 0xaaaab9dee0d0 &lt;unknown&gt;
E   #2 0xaaaab9e36f4c &lt;unknown&gt;
E   #3 0xaaaab9e72d3c &lt;unknown&gt;
E   #4 0xaaaab9e2b998 &lt;unknown&gt;
E   #5 0xaaaaba38f79c &lt;unknown&gt;
E   #6 0xaaaaba39282c &lt;unknown&gt;
E   #7 0xaaaaba392408 &lt;unknown&gt;
E   #8 0xaaaaba37a620 &lt;unknown&gt;
E   #9 0xaaaaba392eac &lt;unknown&gt;
E   #10 0xaaaaba36493c &lt;unknown&gt;
E   #11 0xaaaaba3b1abc &lt;unknown&gt;
E   #12 0xaaaaba3b1cc8 &lt;unknown&gt;
E   #13 0xaaaaba3c397c &lt;unknown&gt;
E   #14 0xffffad55202c &lt;unknown&gt;
E   #15 0xffffad5bbf18 &lt;unknown&gt;</errorStackTrace>
          <errorDetails>selenium.common.exceptions.TimeoutException: Message: 
Stacktrace:
#0 0xaaaaba3c4c18 &lt;unknown&gt;
#1 0xaaaab9dee0d0 &lt;unknown&gt;
#2 0xaaaab9e36f4c &lt;unknown&gt;
#3 0xaaaab9e72d3c &lt;unknown&gt;
#4 0xaaaab9e2b998 &lt;unknown&gt;
#5 0xaaaaba38f79c &lt;unknown&gt;
#6 0xaaaaba39282c &lt;unknown&gt;
#7 0xaaaaba392408 &lt;unknown&gt;
#8 0xaaaaba37a620 &lt;unknown&gt;
#9 0xaaaaba392eac &lt;unknown&gt;
#10 0xaaaaba36493c &lt;unknown&gt;
#11 0xaaaaba3b1abc &lt;unknown&gt;
#12 0xaaaaba3b1cc8 &lt;unknown&gt;
#13 0xaaaaba3c397c &lt;unknown&gt;
#14 0xffffad55202c &lt;unknown&gt;
#15 0xffffad5bbf18 &lt;unknown&gt;</errorDetails>
          <properties/>
          <failedSince>7</failedSince>
        </case>
        <case>
          <duration>13.756</duration>
          <startTime>1763303829068</startTime>
          <className>tests.test_history</className>
          <testName>test_ht_002</testName>
          <skipped>false</skipped>
          <keepTestNames>false</keepTestNames>
          <errorStackTrace>tests/test_history.py:76: in test_ht_002
    sidebar.click_new_chat()
src/pages/ht_chat_sidebar.py:27: in click_new_chat
    self.clickable(SEL_NEW_CHAT_BTN).click()
src/pages/ht_base_page.py:21: in clickable
    return self.wait(sec).until(EC.element_to_be_clickable(locator))
/usr/local/lib/python3.14/site-packages/selenium/webdriver/support/wait.py:105: in until
    raise TimeoutException(message, screen, stacktrace)
E   selenium.common.exceptions.TimeoutException: Message: 
E   Stacktrace:
E   #0 0xaaaaba3c4c18 &lt;unknown&gt;
E   #1 0xaaaab9dee0d0 &lt;unknown&gt;
E   #2 0xaaaab9e36f4c &lt;unknown&gt;
E   #3 0xaaaab9e72d3c &lt;unknown&gt;
E   #4 0xaaaab9e2b998 &lt;unknown&gt;
E   #5 0xaaaaba38f79c &lt;unknown&gt;
E   #6 0xaaaaba39282c &lt;unknown&gt;
E   #7 0xaaaaba392408 &lt;unknown&gt;
E   #8 0xaaaaba37a620 &lt;unknown&gt;
E   #9 0xaaaaba392eac &lt;unknown&gt;
E   #10 0xaaaaba36493c &lt;unknown&gt;
E   #11 0xaaaaba3b1abc &lt;unknown&gt;
E   #12 0xaaaaba3b1cc8 &lt;unknown&gt;
E   #13 0xaaaaba3c397c &lt;unknown&gt;
E   #14 0xffffad55202c &lt;unknown&gt;
E   #15 0xffffad5bbf18 &lt;unknown&gt;</errorStackTrace>
          <errorDetails>selenium.common.exceptions.TimeoutException: Message: 
Stacktrace:
#0 0xaaaaba3c4c18 &lt;unknown&gt;
#1 0xaaaab9dee0d0 &lt;unknown&gt;
#2 0xaaaab9e36f4c &lt;unknown&gt;
#3 0xaaaab9e72d3c &lt;unknown&gt;
#4 0xaaaab9e2b998 &lt;unknown&gt;
#5 0xaaaaba38f79c &lt;unknown&gt;
#6 0xaaaaba39282c &lt;unknown&gt;
#7 0xaaaaba392408 &lt;unknown&gt;
#8 0xaaaaba37a620 &lt;unknown&gt;
#9 0xaaaaba392eac &lt;unknown&gt;
#10 0xaaaaba36493c &lt;unknown&gt;
#11 0xaaaaba3b1abc &lt;unknown&gt;
#12 0xaaaaba3b1cc8 &lt;unknown&gt;
#13 0xaaaaba3c397c &lt;unknown&gt;
#14 0xffffad55202c &lt;unknown&gt;
#15 0xffffad5bbf18 &lt;unknown&gt;</errorDetails>
          <properties/>
          <failedSince>7</failedSince>
        </case>
        <case>
          <duration>7.694</duration>
          <startTime>1763303842824</startTime>
          <className>tests.test_history</className>
          <testName>test_ht_003</testName>
          <skipped>false</skipped>
          <keepTestNames>false</keepTestNames>
          <properties/>
          <failedSince>0</failedSince>
        </case>
        <case>
          <duration>13.543</duration>
          <startTime>1763303850518</startTime>
          <className>tests.test_history</className>
          <testName>test_ht_004</testName>
          <skipped>false</skipped>
          <keepTestNames>false</keepTestNames>
          <errorStackTrace>tests/test_history.py:125: in test_ht_004
    sidebar.click_new_chat()
src/pages/ht_chat_sidebar.py:27: in click_new_chat
    self.clickable(SEL_NEW_CHAT_BTN).click()
src/pages/ht_base_page.py:21: in clickable
    return self.wait(sec).until(EC.element_to_be_clickable(locator))
/usr/local/lib/python3.14/site-packages/selenium/webdriver/support/wait.py:105: in until
    raise TimeoutException(message, screen, stacktrace)
E   selenium.common.exceptions.TimeoutException: Message: 
E   Stacktrace:
E   #0 0xaaaaba3c4c18 &lt;unknown&gt;
E   #1 0xaaaab9dee0d0 &lt;unknown&gt;
E   #2 0xaaaab9e36f4c &lt;unknown&gt;
E   #3 0xaaaab9e72d3c &lt;unknown&gt;
E   #4 0xaaaab9e2b998 &lt;unknown&gt;
E   #5 0xaaaaba38f79c &lt;unknown&gt;
E   #6 0xaaaaba39282c &lt;unknown&gt;
E   #7 0xaaaaba392408 &lt;unknown&gt;
E   #8 0xaaaaba37a620 &lt;unknown&gt;
E   #9 0xaaaaba392eac &lt;unknown&gt;
E   #10 0xaaaaba36493c &lt;unknown&gt;
E   #11 0xaaaaba3b1abc &lt;unknown&gt;
E   #12 0xaaaaba3b1cc8 &lt;unknown&gt;
E   #13 0xaaaaba3c397c &lt;unknown&gt;
E   #14 0xffffad55202c &lt;unknown&gt;
E   #15 0xffffad5bbf18 &lt;unknown&gt;</errorStackTrace>
          <errorDetails>selenium.common.exceptions.TimeoutException: Message: 
Stacktrace:
#0 0xaaaaba3c4c18 &lt;unknown&gt;
#1 0xaaaab9dee0d0 &lt;unknown&gt;
#2 0xaaaab9e36f4c &lt;unknown&gt;
#3 0xaaaab9e72d3c &lt;unknown&gt;
#4 0xaaaab9e2b998 &lt;unknown&gt;
#5 0xaaaaba38f79c &lt;unknown&gt;
#6 0xaaaaba39282c &lt;unknown&gt;
#7 0xaaaaba392408 &lt;unknown&gt;
#8 0xaaaaba37a620 &lt;unknown&gt;
#9 0xaaaaba392eac &lt;unknown&gt;
#10 0xaaaaba36493c &lt;unknown&gt;
#11 0xaaaaba3b1abc &lt;unknown&gt;
#12 0xaaaaba3b1cc8 &lt;unknown&gt;
#13 0xaaaaba3c397c &lt;unknown&gt;
#14 0xffffad55202c &lt;unknown&gt;
#15 0xffffad5bbf18 &lt;unknown&gt;</errorDetails>
          <properties/>
          <failedSince>7</failedSince>
        </case>
        <case>
          <duration>13.558</duration>
          <startTime>1763303864061</startTime>
          <className>tests.test_history</className>
          <testName>test_ht_005</testName>
          <skipped>false</skipped>
          <keepTestNames>false</keepTestNames>
          <errorStackTrace>tests/test_history.py:200: in test_ht_005
    sidebar.click_new_chat()
src/pages/ht_chat_sidebar.py:27: in click_new_chat
    self.clickable(SEL_NEW_CHAT_BTN).click()
src/pages/ht_base_page.py:21: in clickable
    return self.wait(sec).until(EC.element_to_be_clickable(locator))
/usr/local/lib/python3.14/site-packages/selenium/webdriver/support/wait.py:105: in until
    raise TimeoutException(message, screen, stacktrace)
E   selenium.common.exceptions.TimeoutException: Message: 
E   Stacktrace:
E   #0 0xaaaaba3c4c18 &lt;unknown&gt;
E   #1 0xaaaab9dee0d0 &lt;unknown&gt;
E   #2 0xaaaab9e36f4c &lt;unknown&gt;
E   #3 0xaaaab9e72d3c &lt;unknown&gt;
E   #4 0xaaaab9e2b998 &lt;unknown&gt;
E   #5 0xaaaaba38f79c &lt;unknown&gt;
E   #6 0xaaaaba39282c &lt;unknown&gt;
E   #7 0xaaaaba392408 &lt;unknown&gt;
E   #8 0xaaaaba37a620 &lt;unknown&gt;
E   #9 0xaaaaba392eac &lt;unknown&gt;
E   #10 0xaaaaba36493c &lt;unknown&gt;
E   #11 0xaaaaba3b1abc &lt;unknown&gt;
E   #12 0xaaaaba3b1cc8 &lt;unknown&gt;
E   #13 0xaaaaba3c397c &lt;unknown&gt;
E   #14 0xffffad55202c &lt;unknown&gt;
E   #15 0xffffad5bbf18 &lt;unknown&gt;</errorStackTrace>
          <errorDetails>selenium.common.exceptions.TimeoutException: Message: 
Stacktrace:
#0 0xaaaaba3c4c18 &lt;unknown&gt;
#1 0xaaaab9dee0d0 &lt;unknown&gt;
#2 0xaaaab9e36f4c &lt;unknown&gt;
#3 0xaaaab9e72d3c &lt;unknown&gt;
#4 0xaaaab9e2b998 &lt;unknown&gt;
#5 0xaaaaba38f79c &lt;unknown&gt;
#6 0xaaaaba39282c &lt;unknown&gt;
#7 0xaaaaba392408 &lt;unknown&gt;
#8 0xaaaaba37a620 &lt;unknown&gt;
#9 0xaaaaba392eac &lt;unknown&gt;
#10 0xaaaaba36493c &lt;unknown&gt;
#11 0xaaaaba3b1abc &lt;unknown&gt;
#12 0xaaaaba3b1cc8 &lt;unknown&gt;
#13 0xaaaaba3c397c &lt;unknown&gt;
#14 0xffffad55202c &lt;unknown&gt;
#15 0xffffad5bbf18 &lt;unknown&gt;</errorDetails>
          <properties/>
          <failedSince>7</failedSince>
        </case>
        <case>
          <duration>13.23</duration>
          <startTime>1763303877619</startTime>
          <className>tests.test_history</className>
          <testName>test_ht_006</testName>
          <skipped>false</skipped>
          <keepTestNames>false</keepTestNames>
          <errorStackTrace>tests/test_history.py:250: in test_ht_006
    sidebar.click_new_chat()
src/pages/ht_chat_sidebar.py:27: in click_new_chat
    self.clickable(SEL_NEW_CHAT_BTN).click()
src/pages/ht_base_page.py:21: in clickable
    return self.wait(sec).until(EC.element_to_be_clickable(locator))
/usr/local/lib/python3.14/site-packages/selenium/webdriver/support/wait.py:105: in until
    raise TimeoutException(message, screen, stacktrace)
E   selenium.common.exceptions.TimeoutException: Message: 
E   Stacktrace:
E   #0 0xaaaaba3c4c18 &lt;unknown&gt;
E   #1 0xaaaab9dee0d0 &lt;unknown&gt;
E   #2 0xaaaab9e36f4c &lt;unknown&gt;
E   #3 0xaaaab9e72d3c &lt;unknown&gt;
E   #4 0xaaaab9e2b998 &lt;unknown&gt;
E   #5 0xaaaaba38f79c &lt;unknown&gt;
E   #6 0xaaaaba39282c &lt;unknown&gt;
E   #7 0xaaaaba392408 &lt;unknown&gt;
E   #8 0xaaaaba37a620 &lt;unknown&gt;
E   #9 0xaaaaba392eac &lt;unknown&gt;
E   #10 0xaaaaba36493c &lt;unknown&gt;
E   #11 0xaaaaba3b1abc &lt;unknown&gt;
E   #12 0xaaaaba3b1cc8 &lt;unknown&gt;
E   #13 0xaaaaba3c397c &lt;unknown&gt;
E   #14 0xffffad55202c &lt;unknown&gt;
E   #15 0xffffad5bbf18 &lt;unknown&gt;</errorStackTrace>
          <errorDetails>selenium.common.exceptions.TimeoutException: Message: 
Stacktrace:
#0 0xaaaaba3c4c18 &lt;unknown&gt;
#1 0xaaaab9dee0d0 &lt;unknown&gt;
#2 0xaaaab9e36f4c &lt;unknown&gt;
#3 0xaaaab9e72d3c &lt;unknown&gt;
#4 0xaaaab9e2b998 &lt;unknown&gt;
#5 0xaaaaba38f79c &lt;unknown&gt;
#6 0xaaaaba39282c &lt;unknown&gt;
#7 0xaaaaba392408 &lt;unknown&gt;
#8 0xaaaaba37a620 &lt;unknown&gt;
#9 0xaaaaba392eac &lt;unknown&gt;
#10 0xaaaaba36493c &lt;unknown&gt;
#11 0xaaaaba3b1abc &lt;unknown&gt;
#12 0xaaaaba3b1cc8 &lt;unknown&gt;
#13 0xaaaaba3c397c &lt;unknown&gt;
#14 0xffffad55202c &lt;unknown&gt;
#15 0xffffad5bbf18 &lt;unknown&gt;</errorDetails>
          <properties/>
          <failedSince>7</failedSince>
        </case>
        <case>
          <duration>14.305</duration>
          <startTime>1763303890849</startTime>
          <className>tests.test_history</className>
          <testName>test_ht_007</testName>
          <skipped>false</skipped>
          <keepTestNames>false</keepTestNames>
          <errorStackTrace>tests/test_history.py:306: in test_ht_007
    sidebar.click_new_chat()
src/pages/ht_chat_sidebar.py:27: in click_new_chat
    self.clickable(SEL_NEW_CHAT_BTN).click()
src/pages/ht_base_page.py:21: in clickable
    return self.wait(sec).until(EC.element_to_be_clickable(locator))
/usr/local/lib/python3.14/site-packages/selenium/webdriver/support/wait.py:105: in until
    raise TimeoutException(message, screen, stacktrace)
E   selenium.common.exceptions.TimeoutException: Message: 
E   Stacktrace:
E   #0 0xaaaaba3c4c18 &lt;unknown&gt;
E   #1 0xaaaab9dee0d0 &lt;unknown&gt;
E   #2 0xaaaab9e36f4c &lt;unknown&gt;
E   #3 0xaaaab9e72d3c &lt;unknown&gt;
E   #4 0xaaaab9e2b998 &lt;unknown&gt;
E   #5 0xaaaaba38f79c &lt;unknown&gt;
E   #6 0xaaaaba39282c &lt;unknown&gt;
E   #7 0xaaaaba392408 &lt;unknown&gt;
E   #8 0xaaaaba37a620 &lt;unknown&gt;
E   #9 0xaaaaba392eac &lt;unknown&gt;
E   #10 0xaaaaba36493c &lt;unknown&gt;
E   #11 0xaaaaba3b1abc &lt;unknown&gt;
E   #12 0xaaaaba3b1cc8 &lt;unknown&gt;
E   #13 0xaaaaba3c397c &lt;unknown&gt;
E   #14 0xffffad55202c &lt;unknown&gt;
E   #15 0xffffad5bbf18 &lt;unknown&gt;</errorStackTrace>
          <errorDetails>selenium.common.exceptions.TimeoutException: Message: 
Stacktrace:
#0 0xaaaaba3c4c18 &lt;unknown&gt;
#1 0xaaaab9dee0d0 &lt;unknown&gt;
#2 0xaaaab9e36f4c &lt;unknown&gt;
#3 0xaaaab9e72d3c &lt;unknown&gt;
#4 0xaaaab9e2b998 &lt;unknown&gt;
#5 0xaaaaba38f79c &lt;unknown&gt;
#6 0xaaaaba39282c &lt;unknown&gt;
#7 0xaaaaba392408 &lt;unknown&gt;
#8 0xaaaaba37a620 &lt;unknown&gt;
#9 0xaaaaba392eac &lt;unknown&gt;
#10 0xaaaaba36493c &lt;unknown&gt;
#11 0xaaaaba3b1abc &lt;unknown&gt;
#12 0xaaaaba3b1cc8 &lt;unknown&gt;
#13 0xaaaaba3c397c &lt;unknown&gt;
#14 0xffffad55202c &lt;unknown&gt;
#15 0xffffad5bbf18 &lt;unknown&gt;</errorDetails>
          <properties/>
          <failedSince>7</failedSince>
        </case>
      </cases>
    </suite>
  </suites>
  <duration>169.363</duration>
  <skipOldReports>false</skipOldReports>
  <startTime>1763303736307</startTime>
  <stdioRetention>NONE</stdioRetention>
  <keepTestNames>false</keepTestNames>
  <keepProperties>false</keepProperties>
</result>