<?xml version="1.0" encoding="utf-8"?><testsuites><testsuite name="pytest" errors="0" failures="6" skipped="0" tests="14" time="216.387" timestamp="2025-11-17T01:37:58.783736+00:00" hostname="536b4bf6699f"><testcase classname="tests.test_account" name="test_ac_001_login" time="11.093" /><testcase classname="tests.test_account" name="test_ac_002_duplicate_email" time="12.056" /><testcase classname="tests.test_account" name="test_ac_003_negative_login" time="15.166" /><testcase classname="tests.test_account" name="test_ac_004_positive_login" time="36.896" /><testcase classname="tests.test_account" name="test_ac_005_login_with_non_email_format" time="9.008" /><testcase classname="tests.test_account" name="test_ac_006_login_with_spaces" time="7.354" /><testcase classname="tests.test_account" name="test_ac_007_logout" time="10.338" /><testcase classname="tests.test_history" name="test_ht_001" time="32.064"><failure message="selenium.common.exceptions.TimeoutException: Message: &#10;Stacktrace:&#10;#0 0xaaaaba984c18 &lt;unknown&gt;&#10;#1 0xaaaaba3ae0d0 &lt;unknown&gt;&#10;#2 0xaaaaba3f6f4c &lt;unknown&gt;&#10;#3 0xaaaaba432d3c &lt;unknown&gt;&#10;#4 0xaaaaba3eb998 &lt;unknown&gt;&#10;#5 0xaaaaba94f79c &lt;unknown&gt;&#10;#6 0xaaaaba95282c &lt;unknown&gt;&#10;#7 0xaaaaba952408 &lt;unknown&gt;&#10;#8 0xaaaaba93a620 &lt;unknown&gt;&#10;#9 0xaaaaba952eac &lt;unknown&gt;&#10;#10 0xaaaaba92493c &lt;unknown&gt;&#10;#11 0xaaaaba971abc &lt;unknown&gt;&#10;#12 0xaaaaba971cc8 &lt;unknown&gt;&#10;#13 0xaaaaba98397c &lt;unknown&gt;&#10;#14 0xffff87ca202c &lt;unknown&gt;&#10;#15 0xffff87d0bf18 &lt;unknown&gt;">tests/test_history.py:43: in test_ht_001
    sidebar.click_new_chat()
src/pages/ht_chat_sidebar.py:27: in click_new_chat
    self.clickable(SEL_NEW_CHAT_BTN).click()
src/pages/ht_base_page.py:21: in clickable
    return self.wait(sec).until(EC.element_to_be_clickable(locator))
/usr/local/lib/python3.14/site-packages/selenium/webdriver/support/wait.py:105: in until
    raise TimeoutException(message, screen, stacktrace)
E   selenium.common.exceptions.TimeoutException: Message: 
E   Stacktrace:
E   #0 0xaaaaba984c18 &lt;unknown&gt;
E   #1 0xaaaaba3ae0d0 &lt;unknown&gt;
E   #2 0xaaaaba3f6f4c &lt;unknown&gt;
E   #3 0xaaaaba432d3c &lt;unknown&gt;
E   #4 0xaaaaba3eb998 &lt;unknown&gt;
E   #5 0xaaaaba94f79c &lt;unknown&gt;
E   #6 0xaaaaba95282c &lt;unknown&gt;
E   #7 0xaaaaba952408 &lt;unknown&gt;
E   #8 0xaaaaba93a620 &lt;unknown&gt;
E   #9 0xaaaaba952eac &lt;unknown&gt;
E   #10 0xaaaaba92493c &lt;unknown&gt;
E   #11 0xaaaaba971abc &lt;unknown&gt;
E   #12 0xaaaaba971cc8 &lt;unknown&gt;
E   #13 0xaaaaba98397c &lt;unknown&gt;
E   #14 0xffff87ca202c &lt;unknown&gt;
E   #15 0xffff87d0bf18 &lt;unknown&gt;</failure></testcase><testcase classname="tests.test_history" name="test_ht_002" time="14.282"><failure message="selenium.common.exceptions.TimeoutException: Message: &#10;Stacktrace:&#10;#0 0xaaaaba984c18 &lt;unknown&gt;&#10;#1 0xaaaaba3ae0d0 &lt;unknown&gt;&#10;#2 0xaaaaba3f6f4c &lt;unknown&gt;&#10;#3 0xaaaaba432d3c &lt;unknown&gt;&#10;#4 0xaaaaba3eb998 &lt;unknown&gt;&#10;#5 0xaaaaba94f79c &lt;unknown&gt;&#10;#6 0xaaaaba95282c &lt;unknown&gt;&#10;#7 0xaaaaba952408 &lt;unknown&gt;&#10;#8 0xaaaaba93a620 &lt;unknown&gt;&#10;#9 0xaaaaba952eac &lt;unknown&gt;&#10;#10 0xaaaaba92493c &lt;unknown&gt;&#10;#11 0xaaaaba971abc &lt;unknown&gt;&#10;#12 0xaaaaba971cc8 &lt;unknown&gt;&#10;#13 0xaaaaba98397c &lt;unknown&gt;&#10;#14 0xffff87ca202c &lt;unknown&gt;&#10;#15 0xffff87d0bf18 &lt;unknown&gt;">tests/test_history.py:76: in test_ht_002
    sidebar.click_new_chat()
src/pages/ht_chat_sidebar.py:27: in click_new_chat
    self.clickable(SEL_NEW_CHAT_BTN).click()
src/pages/ht_base_page.py:21: in clickable
    return self.wait(sec).until(EC.element_to_be_clickable(locator))
/usr/local/lib/python3.14/site-packages/selenium/webdriver/support/wait.py:105: in until
    raise TimeoutException(message, screen, stacktrace)
E   selenium.common.exceptions.TimeoutException: Message: 
E   Stacktrace:
E   #0 0xaaaaba984c18 &lt;unknown&gt;
E   #1 0xaaaaba3ae0d0 &lt;unknown&gt;
E   #2 0xaaaaba3f6f4c &lt;unknown&gt;
E   #3 0xaaaaba432d3c &lt;unknown&gt;
E   #4 0xaaaaba3eb998 &lt;unknown&gt;
E   #5 0xaaaaba94f79c &lt;unknown&gt;
E   #6 0xaaaaba95282c &lt;unknown&gt;
E   #7 0xaaaaba952408 &lt;unknown&gt;
E   #8 0xaaaaba93a620 &lt;unknown&gt;
E   #9 0xaaaaba952eac &lt;unknown&gt;
E   #10 0xaaaaba92493c &lt;unknown&gt;
E   #11 0xaaaaba971abc &lt;unknown&gt;
E   #12 0xaaaaba971cc8 &lt;unknown&gt;
E   #13 0xaaaaba98397c &lt;unknown&gt;
E   #14 0xffff87ca202c &lt;unknown&gt;
E   #15 0xffff87d0bf18 &lt;unknown&gt;</failure></testcase><testcase classname="tests.test_history" name="test_ht_003" time="8.142" /><testcase classname="tests.test_history" name="test_ht_004" time="14.698"><failure message="selenium.common.exceptions.TimeoutException: Message: &#10;Stacktrace:&#10;#0 0xaaaaba984c18 &lt;unknown&gt;&#10;#1 0xaaaaba3ae0d0 &lt;unknown&gt;&#10;#2 0xaaaaba3f6f4c &lt;unknown&gt;&#10;#3 0xaaaaba432d3c &lt;unknown&gt;&#10;#4 0xaaaaba3eb998 &lt;unknown&gt;&#10;#5 0xaaaaba94f79c &lt;unknown&gt;&#10;#6 0xaaaaba95282c &lt;unknown&gt;&#10;#7 0xaaaaba952408 &lt;unknown&gt;&#10;#8 0xaaaaba93a620 &lt;unknown&gt;&#10;#9 0xaaaaba952eac &lt;unknown&gt;&#10;#10 0xaaaaba92493c &lt;unknown&gt;&#10;#11 0xaaaaba971abc &lt;unknown&gt;&#10;#12 0xaaaaba971cc8 &lt;unknown&gt;&#10;#13 0xaaaaba98397c &lt;unknown&gt;&#10;#14 0xffff87ca202c &lt;unknown&gt;&#10;#15 0xffff87d0bf18 &lt;unknown&gt;">tests/test_history.py:125: in test_ht_004
    sidebar.click_new_chat()
src/pages/ht_chat_sidebar.py:27: in click_new_chat
    self.clickable(SEL_NEW_CHAT_BTN).click()
src/pages/ht_base_page.py:21: in clickable
    return self.wait(sec).until(EC.element_to_be_clickable(locator))
/usr/local/lib/python3.14/site-packages/selenium/webdriver/support/wait.py:105: in until
    raise TimeoutException(message, screen, stacktrace)
E   selenium.common.exceptions.TimeoutException: Message: 
E   Stacktrace:
E   #0 0xaaaaba984c18 &lt;unknown&gt;
E   #1 0xaaaaba3ae0d0 &lt;unknown&gt;
E   #2 0xaaaaba3f6f4c &lt;unknown&gt;
E   #3 0xaaaaba432d3c &lt;unknown&gt;
E   #4 0xaaaaba3eb998 &lt;unknown&gt;
E   #5 0xaaaaba94f79c &lt;unknown&gt;
E   #6 0xaaaaba95282c &lt;unknown&gt;
E   #7 0xaaaaba952408 &lt;unknown&gt;
E   #8 0xaaaaba93a620 &lt;unknown&gt;
E   #9 0xaaaaba952eac &lt;unknown&gt;
E   #10 0xaaaaba92493c &lt;unknown&gt;
E   #11 0xaaaaba971abc &lt;unknown&gt;
E   #12 0xaaaaba971cc8 &lt;unknown&gt;
E   #13 0xaaaaba98397c &lt;unknown&gt;
E   #14 0xffff87ca202c &lt;unknown&gt;
E   #15 0xffff87d0bf18 &lt;unknown&gt;</failure></testcase><testcase classname="tests.test_history" name="test_ht_005" time="13.601"><failure message="selenium.common.exceptions.TimeoutException: Message: &#10;Stacktrace:&#10;#0 0xaaaaba984c18 &lt;unknown&gt;&#10;#1 0xaaaaba3ae0d0 &lt;unknown&gt;&#10;#2 0xaaaaba3f6f4c &lt;unknown&gt;&#10;#3 0xaaaaba432d3c &lt;unknown&gt;&#10;#4 0xaaaaba3eb998 &lt;unknown&gt;&#10;#5 0xaaaaba94f79c &lt;unknown&gt;&#10;#6 0xaaaaba95282c &lt;unknown&gt;&#10;#7 0xaaaaba952408 &lt;unknown&gt;&#10;#8 0xaaaaba93a620 &lt;unknown&gt;&#10;#9 0xaaaaba952eac &lt;unknown&gt;&#10;#10 0xaaaaba92493c &lt;unknown&gt;&#10;#11 0xaaaaba971abc &lt;unknown&gt;&#10;#12 0xaaaaba971cc8 &lt;unknown&gt;&#10;#13 0xaaaaba98397c &lt;unknown&gt;&#10;#14 0xffff87ca202c &lt;unknown&gt;&#10;#15 0xffff87d0bf18 &lt;unknown&gt;">tests/test_history.py:200: in test_ht_005
    sidebar.click_new_chat()
src/pages/ht_chat_sidebar.py:27: in click_new_chat
    self.clickable(SEL_NEW_CHAT_BTN).click()
src/pages/ht_base_page.py:21: in clickable
    return self.wait(sec).until(EC.element_to_be_clickable(locator))
/usr/local/lib/python3.14/site-packages/selenium/webdriver/support/wait.py:105: in until
    raise TimeoutException(message, screen, stacktrace)
E   selenium.common.exceptions.TimeoutException: Message: 
E   Stacktrace:
E   #0 0xaaaaba984c18 &lt;unknown&gt;
E   #1 0xaaaaba3ae0d0 &lt;unknown&gt;
E   #2 0xaaaaba3f6f4c &lt;unknown&gt;
E   #3 0xaaaaba432d3c &lt;unknown&gt;
E   #4 0xaaaaba3eb998 &lt;unknown&gt;
E   #5 0xaaaaba94f79c &lt;unknown&gt;
E   #6 0xaaaaba95282c &lt;unknown&gt;
E   #7 0xaaaaba952408 &lt;unknown&gt;
E   #8 0xaaaaba93a620 &lt;unknown&gt;
E   #9 0xaaaaba952eac &lt;unknown&gt;
E   #10 0xaaaaba92493c &lt;unknown&gt;
E   #11 0xaaaaba971abc &lt;unknown&gt;
E   #12 0xaaaaba971cc8 &lt;unknown&gt;
E   #13 0xaaaaba98397c &lt;unknown&gt;
E   #14 0xffff87ca202c &lt;unknown&gt;
E   #15 0xffff87d0bf18 &lt;unknown&gt;</failure></testcase><testcase classname="tests.test_history" name="test_ht_006" time="14.819"><failure message="selenium.common.exceptions.TimeoutException: Message: &#10;Stacktrace:&#10;#0 0xaaaaba984c18 &lt;unknown&gt;&#10;#1 0xaaaaba3ae0d0 &lt;unknown&gt;&#10;#2 0xaaaaba3f6f4c &lt;unknown&gt;&#10;#3 0xaaaaba432d3c &lt;unknown&gt;&#10;#4 0xaaaaba3eb998 &lt;unknown&gt;&#10;#5 0xaaaaba94f79c &lt;unknown&gt;&#10;#6 0xaaaaba95282c &lt;unknown&gt;&#10;#7 0xaaaaba952408 &lt;unknown&gt;&#10;#8 0xaaaaba93a620 &lt;unknown&gt;&#10;#9 0xaaaaba952eac &lt;unknown&gt;&#10;#10 0xaaaaba92493c &lt;unknown&gt;&#10;#11 0xaaaaba971abc &lt;unknown&gt;&#10;#12 0xaaaaba971cc8 &lt;unknown&gt;&#10;#13 0xaaaaba98397c &lt;unknown&gt;&#10;#14 0xffff87ca202c &lt;unknown&gt;&#10;#15 0xffff87d0bf18 &lt;unknown&gt;">tests/test_history.py:250: in test_ht_006
    sidebar.click_new_chat()
src/pages/ht_chat_sidebar.py:27: in click_new_chat
    self.clickable(SEL_NEW_CHAT_BTN).click()
src/pages/ht_base_page.py:21: in clickable
    return self.wait(sec).until(EC.element_to_be_clickable(locator))
/usr/local/lib/python3.14/site-packages/selenium/webdriver/support/wait.py:105: in until
    raise TimeoutException(message, screen, stacktrace)
E   selenium.common.exceptions.TimeoutException: Message: 
E   Stacktrace:
E   #0 0xaaaaba984c18 &lt;unknown&gt;
E   #1 0xaaaaba3ae0d0 &lt;unknown&gt;
E   #2 0xaaaaba3f6f4c &lt;unknown&gt;
E   #3 0xaaaaba432d3c &lt;unknown&gt;
E   #4 0xaaaaba3eb998 &lt;unknown&gt;
E   #5 0xaaaaba94f79c &lt;unknown&gt;
E   #6 0xaaaaba95282c &lt;unknown&gt;
E   #7 0xaaaaba952408 &lt;unknown&gt;
E   #8 0xaaaaba93a620 &lt;unknown&gt;
E   #9 0xaaaaba952eac &lt;unknown&gt;
E   #10 0xaaaaba92493c &lt;unknown&gt;
E   #11 0xaaaaba971abc &lt;unknown&gt;
E   #12 0xaaaaba971cc8 &lt;unknown&gt;
E   #13 0xaaaaba98397c &lt;unknown&gt;
E   #14 0xffff87ca202c &lt;unknown&gt;
E   #15 0xffff87d0bf18 &lt;unknown&gt;</failure></testcase><testcase classname="tests.test_history" name="test_ht_007" time="14.570"><failure message="selenium.common.exceptions.TimeoutException: Message: &#10;Stacktrace:&#10;#0 0xaaaaba984c18 &lt;unknown&gt;&#10;#1 0xaaaaba3ae0d0 &lt;unknown&gt;&#10;#2 0xaaaaba3f6f4c &lt;unknown&gt;&#10;#3 0xaaaaba432d3c &lt;unknown&gt;&#10;#4 0xaaaaba3eb998 &lt;unknown&gt;&#10;#5 0xaaaaba94f79c &lt;unknown&gt;&#10;#6 0xaaaaba95282c &lt;unknown&gt;&#10;#7 0xaaaaba952408 &lt;unknown&gt;&#10;#8 0xaaaaba93a620 &lt;unknown&gt;&#10;#9 0xaaaaba952eac &lt;unknown&gt;&#10;#10 0xaaaaba92493c &lt;unknown&gt;&#10;#11 0xaaaaba971abc &lt;unknown&gt;&#10;#12 0xaaaaba971cc8 &lt;unknown&gt;&#10;#13 0xaaaaba98397c &lt;unknown&gt;&#10;#14 0xffff87ca202c &lt;unknown&gt;&#10;#15 0xffff87d0bf18 &lt;unknown&gt;">tests/test_history.py:306: in test_ht_007
    sidebar.click_new_chat()
src/pages/ht_chat_sidebar.py:27: in click_new_chat
    self.clickable(SEL_NEW_CHAT_BTN).click()
src/pages/ht_base_page.py:21: in clickable
    return self.wait(sec).until(EC.element_to_be_clickable(locator))
/usr/local/lib/python3.14/site-packages/selenium/webdriver/support/wait.py:105: in until
    raise TimeoutException(message, screen, stacktrace)
E   selenium.common.exceptions.TimeoutException: Message: 
E   Stacktrace:
E   #0 0xaaaaba984c18 &lt;unknown&gt;
E   #1 0xaaaaba3ae0d0 &lt;unknown&gt;
E   #2 0xaaaaba3f6f4c &lt;unknown&gt;
E   #3 0xaaaaba432d3c &lt;unknown&gt;
E   #4 0xaaaaba3eb998 &lt;unknown&gt;
E   #5 0xaaaaba94f79c &lt;unknown&gt;
E   #6 0xaaaaba95282c &lt;unknown&gt;
E   #7 0xaaaaba952408 &lt;unknown&gt;
E   #8 0xaaaaba93a620 &lt;unknown&gt;
E   #9 0xaaaaba952eac &lt;unknown&gt;
E   #10 0xaaaaba92493c &lt;unknown&gt;
E   #11 0xaaaaba971abc &lt;unknown&gt;
E   #12 0xaaaaba971cc8 &lt;unknown&gt;
E   #13 0xaaaaba98397c &lt;unknown&gt;
E   #14 0xffff87ca202c &lt;unknown&gt;
E   #15 0xffff87d0bf18 &lt;unknown&gt;</failure></testcase></testsuite></testsuites>