<?xml version='1.1' encoding='UTF-8'?>
<result plugin="junit@1369.v15da_00283f06">
  <suites>
    <suite>
      <file>/var/jenkins_home/workspace/elice_bugshunters/reports/test-results.xml</file>
      <name>pytest</name>
      <duration>169.255</duration>
      <startTime>1763308875027</startTime>
      <properties/>
      <timestamp>2025-11-16T16:01:15.027826+00:00</timestamp>
      <time>169.255</time>
      <nodeId>43</nodeId>
      <enclosingBlocks>
        <string>39</string>
      </enclosingBlocks>
      <enclosingBlockNames>
        <string>Declarative: Post Actions</string>
      </enclosingBlockNames>
      <cases>
        <case>
          <duration>5.408</duration>
          <startTime>1763308875027</startTime>
          <className>tests.test_account</className>
          <testName>test_ac_001_login</testName>
          <skipped>false</skipped>
          <keepTestNames>false</keepTestNames>
          <properties/>
          <failedSince>0</failedSince>
        </case>
        <case>
          <duration>2.064</duration>
          <startTime>1763308880435</startTime>
          <className>tests.test_account</className>
          <testName>test_ac_002_duplicate_email</testName>
          <skipped>false</skipped>
          <keepTestNames>false</keepTestNames>
          <properties/>
          <failedSince>0</failedSince>
        </case>
        <case>
          <duration>10.015</duration>
          <startTime>1763308882499</startTime>
          <className>tests.test_account</className>
          <testName>test_ac_003_negative_login</testName>
          <skipped>false</skipped>
          <keepTestNames>false</keepTestNames>
          <properties/>
          <failedSince>0</failedSince>
        </case>
        <case>
          <duration>20.339</duration>
          <startTime>1763308892514</startTime>
          <className>tests.test_account</className>
          <testName>test_ac_004_positive_login</testName>
          <skipped>false</skipped>
          <keepTestNames>false</keepTestNames>
          <properties/>
          <failedSince>0</failedSince>
        </case>
        <case>
          <duration>6.933</duration>
          <startTime>1763308912853</startTime>
          <className>tests.test_account</className>
          <testName>test_ac_005_login_with_non_email_format</testName>
          <skipped>false</skipped>
          <keepTestNames>false</keepTestNames>
          <properties/>
          <failedSince>0</failedSince>
        </case>
        <case>
          <duration>6.924</duration>
          <startTime>1763308919786</startTime>
          <className>tests.test_account</className>
          <testName>test_ac_006_login_with_spaces</testName>
          <skipped>false</skipped>
          <keepTestNames>false</keepTestNames>
          <properties/>
          <failedSince>0</failedSince>
        </case>
        <case>
          <duration>10.485</duration>
          <startTime>1763308926710</startTime>
          <className>tests.test_account</className>
          <testName>test_ac_007_logout</testName>
          <skipped>false</skipped>
          <keepTestNames>false</keepTestNames>
          <properties/>
          <failedSince>0</failedSince>
        </case>
        <case>
          <duration>30.551</duration>
          <startTime>1763308937195</startTime>
          <className>tests.test_history</className>
          <testName>test_ht_001</testName>
          <skipped>false</skipped>
          <keepTestNames>false</keepTestNames>
          <errorStackTrace>tests/test_history.py:43: in test_ht_001
    sidebar.click_new_chat()
src/pages/ht_chat_sidebar.py:27: in click_new_chat
    self.clickable(SEL_NEW_CHAT_BTN).click()
src/pages/ht_base_page.py:21: in clickable
    return self.wait(sec).until(EC.element_to_be_clickable(locator))
/usr/local/lib/python3.14/site-packages/selenium/webdriver/support/wait.py:105: in until
    raise TimeoutException(message, screen, stacktrace)
E   selenium.common.exceptions.TimeoutException: Message: 
E   Stacktrace:
E   #0 0xaaaad80a4c18 &lt;unknown&gt;
E   #1 0xaaaad7ace0d0 &lt;unknown&gt;
E   #2 0xaaaad7b16f4c &lt;unknown&gt;
E   #3 0xaaaad7b52d3c &lt;unknown&gt;
E   #4 0xaaaad7b0b998 &lt;unknown&gt;
E   #5 0xaaaad806f79c &lt;unknown&gt;
E   #6 0xaaaad807282c &lt;unknown&gt;
E   #7 0xaaaad8072408 &lt;unknown&gt;
E   #8 0xaaaad805a620 &lt;unknown&gt;
E   #9 0xaaaad8072eac &lt;unknown&gt;
E   #10 0xaaaad804493c &lt;unknown&gt;
E   #11 0xaaaad8091abc &lt;unknown&gt;
E   #12 0xaaaad8091cc8 &lt;unknown&gt;
E   #13 0xaaaad80a397c &lt;unknown&gt;
E   #14 0xffff8663202c &lt;unknown&gt;
E   #15 0xffff8669bf18 &lt;unknown&gt;</errorStackTrace>
          <errorDetails>selenium.common.exceptions.TimeoutException: Message: 
Stacktrace:
#0 0xaaaad80a4c18 &lt;unknown&gt;
#1 0xaaaad7ace0d0 &lt;unknown&gt;
#2 0xaaaad7b16f4c &lt;unknown&gt;
#3 0xaaaad7b52d3c &lt;unknown&gt;
#4 0xaaaad7b0b998 &lt;unknown&gt;
#5 0xaaaad806f79c &lt;unknown&gt;
#6 0xaaaad807282c &lt;unknown&gt;
#7 0xaaaad8072408 &lt;unknown&gt;
#8 0xaaaad805a620 &lt;unknown&gt;
#9 0xaaaad8072eac &lt;unknown&gt;
#10 0xaaaad804493c &lt;unknown&gt;
#11 0xaaaad8091abc &lt;unknown&gt;
#12 0xaaaad8091cc8 &lt;unknown&gt;
#13 0xaaaad80a397c &lt;unknown&gt;
#14 0xffff8663202c &lt;unknown&gt;
#15 0xffff8669bf18 &lt;unknown&gt;</errorDetails>
          <properties/>
          <failedSince>7</failedSince>
        </case>
        <case>
          <duration>12.898</duration>
          <startTime>1763308967746</startTime>
          <className>tests.test_history</className>
          <testName>test_ht_002</testName>
          <skipped>false</skipped>
          <keepTestNames>false</keepTestNames>
          <errorStackTrace>tests/test_history.py:76: in test_ht_002
    sidebar.click_new_chat()
src/pages/ht_chat_sidebar.py:27: in click_new_chat
    self.clickable(SEL_NEW_CHAT_BTN).click()
src/pages/ht_base_page.py:21: in clickable
    return self.wait(sec).until(EC.element_to_be_clickable(locator))
/usr/local/lib/python3.14/site-packages/selenium/webdriver/support/wait.py:105: in until
    raise TimeoutException(message, screen, stacktrace)
E   selenium.common.exceptions.TimeoutException: Message: 
E   Stacktrace:
E   #0 0xaaaad80a4c18 &lt;unknown&gt;
E   #1 0xaaaad7ace0d0 &lt;unknown&gt;
E   #2 0xaaaad7b16f4c &lt;unknown&gt;
E   #3 0xaaaad7b52d3c &lt;unknown&gt;
E   #4 0xaaaad7b0b998 &lt;unknown&gt;
E   #5 0xaaaad806f79c &lt;unknown&gt;
E   #6 0xaaaad807282c &lt;unknown&gt;
E   #7 0xaaaad8072408 &lt;unknown&gt;
E   #8 0xaaaad805a620 &lt;unknown&gt;
E   #9 0xaaaad8072eac &lt;unknown&gt;
E   #10 0xaaaad804493c &lt;unknown&gt;
E   #11 0xaaaad8091abc &lt;unknown&gt;
E   #12 0xaaaad8091cc8 &lt;unknown&gt;
E   #13 0xaaaad80a397c &lt;unknown&gt;
E   #14 0xffff8663202c &lt;unknown&gt;
E   #15 0xffff8669bf18 &lt;unknown&gt;</errorStackTrace>
          <errorDetails>selenium.common.exceptions.TimeoutException: Message: 
Stacktrace:
#0 0xaaaad80a4c18 &lt;unknown&gt;
#1 0xaaaad7ace0d0 &lt;unknown&gt;
#2 0xaaaad7b16f4c &lt;unknown&gt;
#3 0xaaaad7b52d3c &lt;unknown&gt;
#4 0xaaaad7b0b998 &lt;unknown&gt;
#5 0xaaaad806f79c &lt;unknown&gt;
#6 0xaaaad807282c &lt;unknown&gt;
#7 0xaaaad8072408 &lt;unknown&gt;
#8 0xaaaad805a620 &lt;unknown&gt;
#9 0xaaaad8072eac &lt;unknown&gt;
#10 0xaaaad804493c &lt;unknown&gt;
#11 0xaaaad8091abc &lt;unknown&gt;
#12 0xaaaad8091cc8 &lt;unknown&gt;
#13 0xaaaad80a397c &lt;unknown&gt;
#14 0xffff8663202c &lt;unknown&gt;
#15 0xffff8669bf18 &lt;unknown&gt;</errorDetails>
          <properties/>
          <failedSince>7</failedSince>
        </case>
        <case>
          <duration>8.167</duration>
          <startTime>1763308980644</startTime>
          <className>tests.test_history</className>
          <testName>test_ht_003</testName>
          <skipped>false</skipped>
          <keepTestNames>false</keepTestNames>
          <properties/>
          <failedSince>0</failedSince>
        </case>
        <case>
          <duration>13.452</duration>
          <startTime>1763308988811</startTime>
          <className>tests.test_history</className>
          <testName>test_ht_004</testName>
          <skipped>false</skipped>
          <keepTestNames>false</keepTestNames>
          <errorStackTrace>tests/test_history.py:125: in test_ht_004
    sidebar.click_new_chat()
src/pages/ht_chat_sidebar.py:27: in click_new_chat
    self.clickable(SEL_NEW_CHAT_BTN).click()
src/pages/ht_base_page.py:21: in clickable
    return self.wait(sec).until(EC.element_to_be_clickable(locator))
/usr/local/lib/python3.14/site-packages/selenium/webdriver/support/wait.py:105: in until
    raise TimeoutException(message, screen, stacktrace)
E   selenium.common.exceptions.TimeoutException: Message: 
E   Stacktrace:
E   #0 0xaaaad80a4c18 &lt;unknown&gt;
E   #1 0xaaaad7ace0d0 &lt;unknown&gt;
E   #2 0xaaaad7b16f4c &lt;unknown&gt;
E   #3 0xaaaad7b52d3c &lt;unknown&gt;
E   #4 0xaaaad7b0b998 &lt;unknown&gt;
E   #5 0xaaaad806f79c &lt;unknown&gt;
E   #6 0xaaaad807282c &lt;unknown&gt;
E   #7 0xaaaad8072408 &lt;unknown&gt;
E   #8 0xaaaad805a620 &lt;unknown&gt;
E   #9 0xaaaad8072eac &lt;unknown&gt;
E   #10 0xaaaad804493c &lt;unknown&gt;
E   #11 0xaaaad8091abc &lt;unknown&gt;
E   #12 0xaaaad8091cc8 &lt;unknown&gt;
E   #13 0xaaaad80a397c &lt;unknown&gt;
E   #14 0xffff8663202c &lt;unknown&gt;
E   #15 0xffff8669bf18 &lt;unknown&gt;</errorStackTrace>
          <errorDetails>selenium.common.exceptions.TimeoutException: Message: 
Stacktrace:
#0 0xaaaad80a4c18 &lt;unknown&gt;
#1 0xaaaad7ace0d0 &lt;unknown&gt;
#2 0xaaaad7b16f4c &lt;unknown&gt;
#3 0xaaaad7b52d3c &lt;unknown&gt;
#4 0xaaaad7b0b998 &lt;unknown&gt;
#5 0xaaaad806f79c &lt;unknown&gt;
#6 0xaaaad807282c &lt;unknown&gt;
#7 0xaaaad8072408 &lt;unknown&gt;
#8 0xaaaad805a620 &lt;unknown&gt;
#9 0xaaaad8072eac &lt;unknown&gt;
#10 0xaaaad804493c &lt;unknown&gt;
#11 0xaaaad8091abc &lt;unknown&gt;
#12 0xaaaad8091cc8 &lt;unknown&gt;
#13 0xaaaad80a397c &lt;unknown&gt;
#14 0xffff8663202c &lt;unknown&gt;
#15 0xffff8669bf18 &lt;unknown&gt;</errorDetails>
          <properties/>
          <failedSince>7</failedSince>
        </case>
        <case>
          <duration>13.023</duration>
          <startTime>1763309002263</startTime>
          <className>tests.test_history</className>
          <testName>test_ht_005</testName>
          <skipped>false</skipped>
          <keepTestNames>false</keepTestNames>
          <errorStackTrace>tests/test_history.py:200: in test_ht_005
    sidebar.click_new_chat()
src/pages/ht_chat_sidebar.py:27: in click_new_chat
    self.clickable(SEL_NEW_CHAT_BTN).click()
src/pages/ht_base_page.py:21: in clickable
    return self.wait(sec).until(EC.element_to_be_clickable(locator))
/usr/local/lib/python3.14/site-packages/selenium/webdriver/support/wait.py:105: in until
    raise TimeoutException(message, screen, stacktrace)
E   selenium.common.exceptions.TimeoutException: Message: 
E   Stacktrace:
E   #0 0xaaaad80a4c18 &lt;unknown&gt;
E   #1 0xaaaad7ace0d0 &lt;unknown&gt;
E   #2 0xaaaad7b16f4c &lt;unknown&gt;
E   #3 0xaaaad7b52d3c &lt;unknown&gt;
E   #4 0xaaaad7b0b998 &lt;unknown&gt;
E   #5 0xaaaad806f79c &lt;unknown&gt;
E   #6 0xaaaad807282c &lt;unknown&gt;
E   #7 0xaaaad8072408 &lt;unknown&gt;
E   #8 0xaaaad805a620 &lt;unknown&gt;
E   #9 0xaaaad8072eac &lt;unknown&gt;
E   #10 0xaaaad804493c &lt;unknown&gt;
E   #11 0xaaaad8091abc &lt;unknown&gt;
E   #12 0xaaaad8091cc8 &lt;unknown&gt;
E   #13 0xaaaad80a397c &lt;unknown&gt;
E   #14 0xffff8663202c &lt;unknown&gt;
E   #15 0xffff8669bf18 &lt;unknown&gt;</errorStackTrace>
          <errorDetails>selenium.common.exceptions.TimeoutException: Message: 
Stacktrace:
#0 0xaaaad80a4c18 &lt;unknown&gt;
#1 0xaaaad7ace0d0 &lt;unknown&gt;
#2 0xaaaad7b16f4c &lt;unknown&gt;
#3 0xaaaad7b52d3c &lt;unknown&gt;
#4 0xaaaad7b0b998 &lt;unknown&gt;
#5 0xaaaad806f79c &lt;unknown&gt;
#6 0xaaaad807282c &lt;unknown&gt;
#7 0xaaaad8072408 &lt;unknown&gt;
#8 0xaaaad805a620 &lt;unknown&gt;
#9 0xaaaad8072eac &lt;unknown&gt;
#10 0xaaaad804493c &lt;unknown&gt;
#11 0xaaaad8091abc &lt;unknown&gt;
#12 0xaaaad8091cc8 &lt;unknown&gt;
#13 0xaaaad80a397c &lt;unknown&gt;
#14 0xffff8663202c &lt;unknown&gt;
#15 0xffff8669bf18 &lt;unknown&gt;</errorDetails>
          <properties/>
          <failedSince>7</failedSince>
        </case>
        <case>
          <duration>13.506</duration>
          <startTime>1763309015286</startTime>
          <className>tests.test_history</className>
          <testName>test_ht_006</testName>
          <skipped>false</skipped>
          <keepTestNames>false</keepTestNames>
          <errorStackTrace>tests/test_history.py:250: in test_ht_006
    sidebar.click_new_chat()
src/pages/ht_chat_sidebar.py:27: in click_new_chat
    self.clickable(SEL_NEW_CHAT_BTN).click()
src/pages/ht_base_page.py:21: in clickable
    return self.wait(sec).until(EC.element_to_be_clickable(locator))
/usr/local/lib/python3.14/site-packages/selenium/webdriver/support/wait.py:105: in until
    raise TimeoutException(message, screen, stacktrace)
E   selenium.common.exceptions.TimeoutException: Message: 
E   Stacktrace:
E   #0 0xaaaad80a4c18 &lt;unknown&gt;
E   #1 0xaaaad7ace0d0 &lt;unknown&gt;
E   #2 0xaaaad7b16f4c &lt;unknown&gt;
E   #3 0xaaaad7b52d3c &lt;unknown&gt;
E   #4 0xaaaad7b0b998 &lt;unknown&gt;
E   #5 0xaaaad806f79c &lt;unknown&gt;
E   #6 0xaaaad807282c &lt;unknown&gt;
E   #7 0xaaaad8072408 &lt;unknown&gt;
E   #8 0xaaaad805a620 &lt;unknown&gt;
E   #9 0xaaaad8072eac &lt;unknown&gt;
E   #10 0xaaaad804493c &lt;unknown&gt;
E   #11 0xaaaad8091abc &lt;unknown&gt;
E   #12 0xaaaad8091cc8 &lt;unknown&gt;
E   #13 0xaaaad80a397c &lt;unknown&gt;
E   #14 0xffff8663202c &lt;unknown&gt;
E   #15 0xffff8669bf18 &lt;unknown&gt;</errorStackTrace>
          <errorDetails>selenium.common.exceptions.TimeoutException: Message: 
Stacktrace:
#0 0xaaaad80a4c18 &lt;unknown&gt;
#1 0xaaaad7ace0d0 &lt;unknown&gt;
#2 0xaaaad7b16f4c &lt;unknown&gt;
#3 0xaaaad7b52d3c &lt;unknown&gt;
#4 0xaaaad7b0b998 &lt;unknown&gt;
#5 0xaaaad806f79c &lt;unknown&gt;
#6 0xaaaad807282c &lt;unknown&gt;
#7 0xaaaad8072408 &lt;unknown&gt;
#8 0xaaaad805a620 &lt;unknown&gt;
#9 0xaaaad8072eac &lt;unknown&gt;
#10 0xaaaad804493c &lt;unknown&gt;
#11 0xaaaad8091abc &lt;unknown&gt;
#12 0xaaaad8091cc8 &lt;unknown&gt;
#13 0xaaaad80a397c &lt;unknown&gt;
#14 0xffff8663202c &lt;unknown&gt;
#15 0xffff8669bf18 &lt;unknown&gt;</errorDetails>
          <properties/>
          <failedSince>7</failedSince>
        </case>
        <case>
          <duration>15.075</duration>
          <startTime>1763309028792</startTime>
          <className>tests.test_history</className>
          <testName>test_ht_007</testName>
          <skipped>false</skipped>
          <keepTestNames>false</keepTestNames>
          <errorStackTrace>tests/test_history.py:306: in test_ht_007
    sidebar.click_new_chat()
src/pages/ht_chat_sidebar.py:27: in click_new_chat
    self.clickable(SEL_NEW_CHAT_BTN).click()
src/pages/ht_base_page.py:21: in clickable
    return self.wait(sec).until(EC.element_to_be_clickable(locator))
/usr/local/lib/python3.14/site-packages/selenium/webdriver/support/wait.py:105: in until
    raise TimeoutException(message, screen, stacktrace)
E   selenium.common.exceptions.TimeoutException: Message: 
E   Stacktrace:
E   #0 0xaaaad80a4c18 &lt;unknown&gt;
E   #1 0xaaaad7ace0d0 &lt;unknown&gt;
E   #2 0xaaaad7b16f4c &lt;unknown&gt;
E   #3 0xaaaad7b52d3c &lt;unknown&gt;
E   #4 0xaaaad7b0b998 &lt;unknown&gt;
E   #5 0xaaaad806f79c &lt;unknown&gt;
E   #6 0xaaaad807282c &lt;unknown&gt;
E   #7 0xaaaad8072408 &lt;unknown&gt;
E   #8 0xaaaad805a620 &lt;unknown&gt;
E   #9 0xaaaad8072eac &lt;unknown&gt;
E   #10 0xaaaad804493c &lt;unknown&gt;
E   #11 0xaaaad8091abc &lt;unknown&gt;
E   #12 0xaaaad8091cc8 &lt;unknown&gt;
E   #13 0xaaaad80a397c &lt;unknown&gt;
E   #14 0xffff8663202c &lt;unknown&gt;
E   #15 0xffff8669bf18 &lt;unknown&gt;</errorStackTrace>
          <errorDetails>selenium.common.exceptions.TimeoutException: Message: 
Stacktrace:
#0 0xaaaad80a4c18 &lt;unknown&gt;
#1 0xaaaad7ace0d0 &lt;unknown&gt;
#2 0xaaaad7b16f4c &lt;unknown&gt;
#3 0xaaaad7b52d3c &lt;unknown&gt;
#4 0xaaaad7b0b998 &lt;unknown&gt;
#5 0xaaaad806f79c &lt;unknown&gt;
#6 0xaaaad807282c &lt;unknown&gt;
#7 0xaaaad8072408 &lt;unknown&gt;
#8 0xaaaad805a620 &lt;unknown&gt;
#9 0xaaaad8072eac &lt;unknown&gt;
#10 0xaaaad804493c &lt;unknown&gt;
#11 0xaaaad8091abc &lt;unknown&gt;
#12 0xaaaad8091cc8 &lt;unknown&gt;
#13 0xaaaad80a397c &lt;unknown&gt;
#14 0xffff8663202c &lt;unknown&gt;
#15 0xffff8669bf18 &lt;unknown&gt;</errorDetails>
          <properties/>
          <failedSince>7</failedSince>
        </case>
      </cases>
    </suite>
  </suites>
  <duration>169.255</duration>
  <skipOldReports>false</skipOldReports>
  <startTime>1763308875027</startTime>
  <stdioRetention>NONE</stdioRetention>
  <keepTestNames>false</keepTestNames>
  <keepProperties>false</keepProperties>
</result>