<?xml version='1.1' encoding='UTF-8'?>
<result plugin="junit@1369.v15da_00283f06">
  <suites>
    <suite>
      <file>/var/jenkins_home/workspace/elice_bugshunters/reports/test-results.xml</file>
      <name>pytest</name>
      <duration>165.544</duration>
      <startTime>1763283460088</startTime>
      <properties/>
      <timestamp>2025-11-16T08:57:40.088756+00:00</timestamp>
      <time>165.544</time>
      <nodeId>43</nodeId>
      <enclosingBlocks>
        <string>39</string>
      </enclosingBlocks>
      <enclosingBlockNames>
        <string>Declarative: Post Actions</string>
      </enclosingBlockNames>
      <cases>
        <case>
          <duration>4.43</duration>
          <startTime>1763283460088</startTime>
          <className>tests.test_account</className>
          <testName>test_ac_001_login</testName>
          <skipped>false</skipped>
          <keepTestNames>false</keepTestNames>
          <properties/>
          <failedSince>0</failedSince>
        </case>
        <case>
          <duration>2.452</duration>
          <startTime>1763283464518</startTime>
          <className>tests.test_account</className>
          <testName>test_ac_002_duplicate_email</testName>
          <skipped>false</skipped>
          <keepTestNames>false</keepTestNames>
          <properties/>
          <failedSince>0</failedSince>
        </case>
        <case>
          <duration>9.537</duration>
          <startTime>1763283466970</startTime>
          <className>tests.test_account</className>
          <testName>test_ac_003_negative_login</testName>
          <skipped>false</skipped>
          <keepTestNames>false</keepTestNames>
          <properties/>
          <failedSince>0</failedSince>
        </case>
        <case>
          <duration>19.744</duration>
          <startTime>1763283476507</startTime>
          <className>tests.test_account</className>
          <testName>test_ac_004_positive_login</testName>
          <skipped>false</skipped>
          <keepTestNames>false</keepTestNames>
          <properties/>
          <failedSince>0</failedSince>
        </case>
        <case>
          <duration>7.071</duration>
          <startTime>1763283496251</startTime>
          <className>tests.test_account</className>
          <testName>test_ac_005_login_with_non_email_format</testName>
          <skipped>false</skipped>
          <keepTestNames>false</keepTestNames>
          <properties/>
          <failedSince>0</failedSince>
        </case>
        <case>
          <duration>6.842</duration>
          <startTime>1763283503322</startTime>
          <className>tests.test_account</className>
          <testName>test_ac_006_login_with_spaces</testName>
          <skipped>false</skipped>
          <keepTestNames>false</keepTestNames>
          <properties/>
          <failedSince>0</failedSince>
        </case>
        <case>
          <duration>10.574</duration>
          <startTime>1763283510164</startTime>
          <className>tests.test_account</className>
          <testName>test_ac_007_logout</testName>
          <skipped>false</skipped>
          <keepTestNames>false</keepTestNames>
          <properties/>
          <failedSince>0</failedSince>
        </case>
        <case>
          <duration>29.436</duration>
          <startTime>1763283520738</startTime>
          <className>tests.test_history</className>
          <testName>test_ht_001</testName>
          <skipped>false</skipped>
          <keepTestNames>false</keepTestNames>
          <errorStackTrace>tests/test_history.py:43: in test_ht_001
    sidebar.click_new_chat()
src/pages/ht_chat_sidebar.py:27: in click_new_chat
    self.clickable(SEL_NEW_CHAT_BTN).click()
src/pages/ht_base_page.py:21: in clickable
    return self.wait(sec).until(EC.element_to_be_clickable(locator))
/usr/local/lib/python3.14/site-packages/selenium/webdriver/support/wait.py:105: in until
    raise TimeoutException(message, screen, stacktrace)
E   selenium.common.exceptions.TimeoutException: Message: 
E   Stacktrace:
E   #0 0xaaaac3474c18 &lt;unknown&gt;
E   #1 0xaaaac2e9e0d0 &lt;unknown&gt;
E   #2 0xaaaac2ee6f4c &lt;unknown&gt;
E   #3 0xaaaac2f22d3c &lt;unknown&gt;
E   #4 0xaaaac2edb998 &lt;unknown&gt;
E   #5 0xaaaac343f79c &lt;unknown&gt;
E   #6 0xaaaac344282c &lt;unknown&gt;
E   #7 0xaaaac3442408 &lt;unknown&gt;
E   #8 0xaaaac342a620 &lt;unknown&gt;
E   #9 0xaaaac3442eac &lt;unknown&gt;
E   #10 0xaaaac341493c &lt;unknown&gt;
E   #11 0xaaaac3461abc &lt;unknown&gt;
E   #12 0xaaaac3461cc8 &lt;unknown&gt;
E   #13 0xaaaac347397c &lt;unknown&gt;
E   #14 0xffff8a21202c &lt;unknown&gt;
E   #15 0xffff8a27bf18 &lt;unknown&gt;</errorStackTrace>
          <errorDetails>selenium.common.exceptions.TimeoutException: Message: 
Stacktrace:
#0 0xaaaac3474c18 &lt;unknown&gt;
#1 0xaaaac2e9e0d0 &lt;unknown&gt;
#2 0xaaaac2ee6f4c &lt;unknown&gt;
#3 0xaaaac2f22d3c &lt;unknown&gt;
#4 0xaaaac2edb998 &lt;unknown&gt;
#5 0xaaaac343f79c &lt;unknown&gt;
#6 0xaaaac344282c &lt;unknown&gt;
#7 0xaaaac3442408 &lt;unknown&gt;
#8 0xaaaac342a620 &lt;unknown&gt;
#9 0xaaaac3442eac &lt;unknown&gt;
#10 0xaaaac341493c &lt;unknown&gt;
#11 0xaaaac3461abc &lt;unknown&gt;
#12 0xaaaac3461cc8 &lt;unknown&gt;
#13 0xaaaac347397c &lt;unknown&gt;
#14 0xffff8a21202c &lt;unknown&gt;
#15 0xffff8a27bf18 &lt;unknown&gt;</errorDetails>
          <properties/>
          <failedSince>7</failedSince>
        </case>
        <case>
          <duration>13.973</duration>
          <startTime>1763283550174</startTime>
          <className>tests.test_history</className>
          <testName>test_ht_002</testName>
          <skipped>false</skipped>
          <keepTestNames>false</keepTestNames>
          <errorStackTrace>tests/test_history.py:76: in test_ht_002
    sidebar.click_new_chat()
src/pages/ht_chat_sidebar.py:27: in click_new_chat
    self.clickable(SEL_NEW_CHAT_BTN).click()
src/pages/ht_base_page.py:21: in clickable
    return self.wait(sec).until(EC.element_to_be_clickable(locator))
/usr/local/lib/python3.14/site-packages/selenium/webdriver/support/wait.py:105: in until
    raise TimeoutException(message, screen, stacktrace)
E   selenium.common.exceptions.TimeoutException: Message: 
E   Stacktrace:
E   #0 0xaaaac3474c18 &lt;unknown&gt;
E   #1 0xaaaac2e9e0d0 &lt;unknown&gt;
E   #2 0xaaaac2ee6f4c &lt;unknown&gt;
E   #3 0xaaaac2f22d3c &lt;unknown&gt;
E   #4 0xaaaac2edb998 &lt;unknown&gt;
E   #5 0xaaaac343f79c &lt;unknown&gt;
E   #6 0xaaaac344282c &lt;unknown&gt;
E   #7 0xaaaac3442408 &lt;unknown&gt;
E   #8 0xaaaac342a620 &lt;unknown&gt;
E   #9 0xaaaac3442eac &lt;unknown&gt;
E   #10 0xaaaac341493c &lt;unknown&gt;
E   #11 0xaaaac3461abc &lt;unknown&gt;
E   #12 0xaaaac3461cc8 &lt;unknown&gt;
E   #13 0xaaaac347397c &lt;unknown&gt;
E   #14 0xffff8a21202c &lt;unknown&gt;
E   #15 0xffff8a27bf18 &lt;unknown&gt;</errorStackTrace>
          <errorDetails>selenium.common.exceptions.TimeoutException: Message: 
Stacktrace:
#0 0xaaaac3474c18 &lt;unknown&gt;
#1 0xaaaac2e9e0d0 &lt;unknown&gt;
#2 0xaaaac2ee6f4c &lt;unknown&gt;
#3 0xaaaac2f22d3c &lt;unknown&gt;
#4 0xaaaac2edb998 &lt;unknown&gt;
#5 0xaaaac343f79c &lt;unknown&gt;
#6 0xaaaac344282c &lt;unknown&gt;
#7 0xaaaac3442408 &lt;unknown&gt;
#8 0xaaaac342a620 &lt;unknown&gt;
#9 0xaaaac3442eac &lt;unknown&gt;
#10 0xaaaac341493c &lt;unknown&gt;
#11 0xaaaac3461abc &lt;unknown&gt;
#12 0xaaaac3461cc8 &lt;unknown&gt;
#13 0xaaaac347397c &lt;unknown&gt;
#14 0xffff8a21202c &lt;unknown&gt;
#15 0xffff8a27bf18 &lt;unknown&gt;</errorDetails>
          <properties/>
          <failedSince>7</failedSince>
        </case>
        <case>
          <duration>7.87</duration>
          <startTime>1763283564147</startTime>
          <className>tests.test_history</className>
          <testName>test_ht_003</testName>
          <skipped>false</skipped>
          <keepTestNames>false</keepTestNames>
          <properties/>
          <failedSince>0</failedSince>
        </case>
        <case>
          <duration>13.205</duration>
          <startTime>1763283572017</startTime>
          <className>tests.test_history</className>
          <testName>test_ht_004</testName>
          <skipped>false</skipped>
          <keepTestNames>false</keepTestNames>
          <errorStackTrace>tests/test_history.py:125: in test_ht_004
    sidebar.click_new_chat()
src/pages/ht_chat_sidebar.py:27: in click_new_chat
    self.clickable(SEL_NEW_CHAT_BTN).click()
src/pages/ht_base_page.py:21: in clickable
    return self.wait(sec).until(EC.element_to_be_clickable(locator))
/usr/local/lib/python3.14/site-packages/selenium/webdriver/support/wait.py:105: in until
    raise TimeoutException(message, screen, stacktrace)
E   selenium.common.exceptions.TimeoutException: Message: 
E   Stacktrace:
E   #0 0xaaaac3474c18 &lt;unknown&gt;
E   #1 0xaaaac2e9e0d0 &lt;unknown&gt;
E   #2 0xaaaac2ee6f4c &lt;unknown&gt;
E   #3 0xaaaac2f22d3c &lt;unknown&gt;
E   #4 0xaaaac2edb998 &lt;unknown&gt;
E   #5 0xaaaac343f79c &lt;unknown&gt;
E   #6 0xaaaac344282c &lt;unknown&gt;
E   #7 0xaaaac3442408 &lt;unknown&gt;
E   #8 0xaaaac342a620 &lt;unknown&gt;
E   #9 0xaaaac3442eac &lt;unknown&gt;
E   #10 0xaaaac341493c &lt;unknown&gt;
E   #11 0xaaaac3461abc &lt;unknown&gt;
E   #12 0xaaaac3461cc8 &lt;unknown&gt;
E   #13 0xaaaac347397c &lt;unknown&gt;
E   #14 0xffff8a21202c &lt;unknown&gt;
E   #15 0xffff8a27bf18 &lt;unknown&gt;</errorStackTrace>
          <errorDetails>selenium.common.exceptions.TimeoutException: Message: 
Stacktrace:
#0 0xaaaac3474c18 &lt;unknown&gt;
#1 0xaaaac2e9e0d0 &lt;unknown&gt;
#2 0xaaaac2ee6f4c &lt;unknown&gt;
#3 0xaaaac2f22d3c &lt;unknown&gt;
#4 0xaaaac2edb998 &lt;unknown&gt;
#5 0xaaaac343f79c &lt;unknown&gt;
#6 0xaaaac344282c &lt;unknown&gt;
#7 0xaaaac3442408 &lt;unknown&gt;
#8 0xaaaac342a620 &lt;unknown&gt;
#9 0xaaaac3442eac &lt;unknown&gt;
#10 0xaaaac341493c &lt;unknown&gt;
#11 0xaaaac3461abc &lt;unknown&gt;
#12 0xaaaac3461cc8 &lt;unknown&gt;
#13 0xaaaac347397c &lt;unknown&gt;
#14 0xffff8a21202c &lt;unknown&gt;
#15 0xffff8a27bf18 &lt;unknown&gt;</errorDetails>
          <properties/>
          <failedSince>7</failedSince>
        </case>
        <case>
          <duration>13.26</duration>
          <startTime>1763283585222</startTime>
          <className>tests.test_history</className>
          <testName>test_ht_005</testName>
          <skipped>false</skipped>
          <keepTestNames>false</keepTestNames>
          <errorStackTrace>tests/test_history.py:200: in test_ht_005
    sidebar.click_new_chat()
src/pages/ht_chat_sidebar.py:27: in click_new_chat
    self.clickable(SEL_NEW_CHAT_BTN).click()
src/pages/ht_base_page.py:21: in clickable
    return self.wait(sec).until(EC.element_to_be_clickable(locator))
/usr/local/lib/python3.14/site-packages/selenium/webdriver/support/wait.py:105: in until
    raise TimeoutException(message, screen, stacktrace)
E   selenium.common.exceptions.TimeoutException: Message: 
E   Stacktrace:
E   #0 0xaaaac3474c18 &lt;unknown&gt;
E   #1 0xaaaac2e9e0d0 &lt;unknown&gt;
E   #2 0xaaaac2ee6f4c &lt;unknown&gt;
E   #3 0xaaaac2f22d3c &lt;unknown&gt;
E   #4 0xaaaac2edb998 &lt;unknown&gt;
E   #5 0xaaaac343f79c &lt;unknown&gt;
E   #6 0xaaaac344282c &lt;unknown&gt;
E   #7 0xaaaac3442408 &lt;unknown&gt;
E   #8 0xaaaac342a620 &lt;unknown&gt;
E   #9 0xaaaac3442eac &lt;unknown&gt;
E   #10 0xaaaac341493c &lt;unknown&gt;
E   #11 0xaaaac3461abc &lt;unknown&gt;
E   #12 0xaaaac3461cc8 &lt;unknown&gt;
E   #13 0xaaaac347397c &lt;unknown&gt;
E   #14 0xffff8a21202c &lt;unknown&gt;
E   #15 0xffff8a27bf18 &lt;unknown&gt;</errorStackTrace>
          <errorDetails>selenium.common.exceptions.TimeoutException: Message: 
Stacktrace:
#0 0xaaaac3474c18 &lt;unknown&gt;
#1 0xaaaac2e9e0d0 &lt;unknown&gt;
#2 0xaaaac2ee6f4c &lt;unknown&gt;
#3 0xaaaac2f22d3c &lt;unknown&gt;
#4 0xaaaac2edb998 &lt;unknown&gt;
#5 0xaaaac343f79c &lt;unknown&gt;
#6 0xaaaac344282c &lt;unknown&gt;
#7 0xaaaac3442408 &lt;unknown&gt;
#8 0xaaaac342a620 &lt;unknown&gt;
#9 0xaaaac3442eac &lt;unknown&gt;
#10 0xaaaac341493c &lt;unknown&gt;
#11 0xaaaac3461abc &lt;unknown&gt;
#12 0xaaaac3461cc8 &lt;unknown&gt;
#13 0xaaaac347397c &lt;unknown&gt;
#14 0xffff8a21202c &lt;unknown&gt;
#15 0xffff8a27bf18 &lt;unknown&gt;</errorDetails>
          <properties/>
          <failedSince>7</failedSince>
        </case>
        <case>
          <duration>13.259</duration>
          <startTime>1763283598482</startTime>
          <className>tests.test_history</className>
          <testName>test_ht_006</testName>
          <skipped>false</skipped>
          <keepTestNames>false</keepTestNames>
          <errorStackTrace>tests/test_history.py:250: in test_ht_006
    sidebar.click_new_chat()
src/pages/ht_chat_sidebar.py:27: in click_new_chat
    self.clickable(SEL_NEW_CHAT_BTN).click()
src/pages/ht_base_page.py:21: in clickable
    return self.wait(sec).until(EC.element_to_be_clickable(locator))
/usr/local/lib/python3.14/site-packages/selenium/webdriver/support/wait.py:105: in until
    raise TimeoutException(message, screen, stacktrace)
E   selenium.common.exceptions.TimeoutException: Message: 
E   Stacktrace:
E   #0 0xaaaac3474c18 &lt;unknown&gt;
E   #1 0xaaaac2e9e0d0 &lt;unknown&gt;
E   #2 0xaaaac2ee6f4c &lt;unknown&gt;
E   #3 0xaaaac2f22d3c &lt;unknown&gt;
E   #4 0xaaaac2edb998 &lt;unknown&gt;
E   #5 0xaaaac343f79c &lt;unknown&gt;
E   #6 0xaaaac344282c &lt;unknown&gt;
E   #7 0xaaaac3442408 &lt;unknown&gt;
E   #8 0xaaaac342a620 &lt;unknown&gt;
E   #9 0xaaaac3442eac &lt;unknown&gt;
E   #10 0xaaaac341493c &lt;unknown&gt;
E   #11 0xaaaac3461abc &lt;unknown&gt;
E   #12 0xaaaac3461cc8 &lt;unknown&gt;
E   #13 0xaaaac347397c &lt;unknown&gt;
E   #14 0xffff8a21202c &lt;unknown&gt;
E   #15 0xffff8a27bf18 &lt;unknown&gt;</errorStackTrace>
          <errorDetails>selenium.common.exceptions.TimeoutException: Message: 
Stacktrace:
#0 0xaaaac3474c18 &lt;unknown&gt;
#1 0xaaaac2e9e0d0 &lt;unknown&gt;
#2 0xaaaac2ee6f4c &lt;unknown&gt;
#3 0xaaaac2f22d3c &lt;unknown&gt;
#4 0xaaaac2edb998 &lt;unknown&gt;
#5 0xaaaac343f79c &lt;unknown&gt;
#6 0xaaaac344282c &lt;unknown&gt;
#7 0xaaaac3442408 &lt;unknown&gt;
#8 0xaaaac342a620 &lt;unknown&gt;
#9 0xaaaac3442eac &lt;unknown&gt;
#10 0xaaaac341493c &lt;unknown&gt;
#11 0xaaaac3461abc &lt;unknown&gt;
#12 0xaaaac3461cc8 &lt;unknown&gt;
#13 0xaaaac347397c &lt;unknown&gt;
#14 0xffff8a21202c &lt;unknown&gt;
#15 0xffff8a27bf18 &lt;unknown&gt;</errorDetails>
          <properties/>
          <failedSince>7</failedSince>
        </case>
        <case>
          <duration>12.973</duration>
          <startTime>1763283611741</startTime>
          <className>tests.test_history</className>
          <testName>test_ht_007</testName>
          <skipped>false</skipped>
          <keepTestNames>false</keepTestNames>
          <errorStackTrace>tests/test_history.py:306: in test_ht_007
    sidebar.click_new_chat()
src/pages/ht_chat_sidebar.py:27: in click_new_chat
    self.clickable(SEL_NEW_CHAT_BTN).click()
src/pages/ht_base_page.py:21: in clickable
    return self.wait(sec).until(EC.element_to_be_clickable(locator))
/usr/local/lib/python3.14/site-packages/selenium/webdriver/support/wait.py:105: in until
    raise TimeoutException(message, screen, stacktrace)
E   selenium.common.exceptions.TimeoutException: Message: 
E   Stacktrace:
E   #0 0xaaaac3474c18 &lt;unknown&gt;
E   #1 0xaaaac2e9e0d0 &lt;unknown&gt;
E   #2 0xaaaac2ee6f4c &lt;unknown&gt;
E   #3 0xaaaac2f22d3c &lt;unknown&gt;
E   #4 0xaaaac2edb998 &lt;unknown&gt;
E   #5 0xaaaac343f79c &lt;unknown&gt;
E   #6 0xaaaac344282c &lt;unknown&gt;
E   #7 0xaaaac3442408 &lt;unknown&gt;
E   #8 0xaaaac342a620 &lt;unknown&gt;
E   #9 0xaaaac3442eac &lt;unknown&gt;
E   #10 0xaaaac341493c &lt;unknown&gt;
E   #11 0xaaaac3461abc &lt;unknown&gt;
E   #12 0xaaaac3461cc8 &lt;unknown&gt;
E   #13 0xaaaac347397c &lt;unknown&gt;
E   #14 0xffff8a21202c &lt;unknown&gt;
E   #15 0xffff8a27bf18 &lt;unknown&gt;</errorStackTrace>
          <errorDetails>selenium.common.exceptions.TimeoutException: Message: 
Stacktrace:
#0 0xaaaac3474c18 &lt;unknown&gt;
#1 0xaaaac2e9e0d0 &lt;unknown&gt;
#2 0xaaaac2ee6f4c &lt;unknown&gt;
#3 0xaaaac2f22d3c &lt;unknown&gt;
#4 0xaaaac2edb998 &lt;unknown&gt;
#5 0xaaaac343f79c &lt;unknown&gt;
#6 0xaaaac344282c &lt;unknown&gt;
#7 0xaaaac3442408 &lt;unknown&gt;
#8 0xaaaac342a620 &lt;unknown&gt;
#9 0xaaaac3442eac &lt;unknown&gt;
#10 0xaaaac341493c &lt;unknown&gt;
#11 0xaaaac3461abc &lt;unknown&gt;
#12 0xaaaac3461cc8 &lt;unknown&gt;
#13 0xaaaac347397c &lt;unknown&gt;
#14 0xffff8a21202c &lt;unknown&gt;
#15 0xffff8a27bf18 &lt;unknown&gt;</errorDetails>
          <properties/>
          <failedSince>7</failedSince>
        </case>
      </cases>
    </suite>
  </suites>
  <duration>165.544</duration>
  <skipOldReports>false</skipOldReports>
  <startTime>1763283460088</startTime>
  <stdioRetention>NONE</stdioRetention>
  <keepTestNames>false</keepTestNames>
  <keepProperties>false</keepProperties>
</result>