<?xml version='1.1' encoding='UTF-8'?>
<result plugin="junit@1369.v15da_00283f06">
  <suites>
    <suite>
      <file>/var/jenkins_home/workspace/elice_bugshunters/reports/test-results.xml</file>
      <name>pytest</name>
      <duration>168.796</duration>
      <startTime>1763300849979</startTime>
      <properties/>
      <timestamp>2025-11-16T13:47:29.979465+00:00</timestamp>
      <time>168.796</time>
      <nodeId>43</nodeId>
      <enclosingBlocks>
        <string>39</string>
      </enclosingBlocks>
      <enclosingBlockNames>
        <string>Declarative: Post Actions</string>
      </enclosingBlockNames>
      <cases>
        <case>
          <duration>4.566</duration>
          <startTime>1763300849979</startTime>
          <className>tests.test_account</className>
          <testName>test_ac_001_login</testName>
          <skipped>false</skipped>
          <keepTestNames>false</keepTestNames>
          <properties/>
          <failedSince>0</failedSince>
        </case>
        <case>
          <duration>2.645</duration>
          <startTime>1763300854545</startTime>
          <className>tests.test_account</className>
          <testName>test_ac_002_duplicate_email</testName>
          <skipped>false</skipped>
          <keepTestNames>false</keepTestNames>
          <properties/>
          <failedSince>0</failedSince>
        </case>
        <case>
          <duration>9.551</duration>
          <startTime>1763300857190</startTime>
          <className>tests.test_account</className>
          <testName>test_ac_003_negative_login</testName>
          <skipped>false</skipped>
          <keepTestNames>false</keepTestNames>
          <properties/>
          <failedSince>0</failedSince>
        </case>
        <case>
          <duration>20.749</duration>
          <startTime>1763300866741</startTime>
          <className>tests.test_account</className>
          <testName>test_ac_004_positive_login</testName>
          <skipped>false</skipped>
          <keepTestNames>false</keepTestNames>
          <properties/>
          <failedSince>0</failedSince>
        </case>
        <case>
          <duration>6.878</duration>
          <startTime>1763300887490</startTime>
          <className>tests.test_account</className>
          <testName>test_ac_005_login_with_non_email_format</testName>
          <skipped>false</skipped>
          <keepTestNames>false</keepTestNames>
          <properties/>
          <failedSince>0</failedSince>
        </case>
        <case>
          <duration>7.128</duration>
          <startTime>1763300894368</startTime>
          <className>tests.test_account</className>
          <testName>test_ac_006_login_with_spaces</testName>
          <skipped>false</skipped>
          <keepTestNames>false</keepTestNames>
          <properties/>
          <failedSince>0</failedSince>
        </case>
        <case>
          <duration>10.536</duration>
          <startTime>1763300901496</startTime>
          <className>tests.test_account</className>
          <testName>test_ac_007_logout</testName>
          <skipped>false</skipped>
          <keepTestNames>false</keepTestNames>
          <properties/>
          <failedSince>0</failedSince>
        </case>
        <case>
          <duration>30.357</duration>
          <startTime>1763300912032</startTime>
          <className>tests.test_history</className>
          <testName>test_ht_001</testName>
          <skipped>false</skipped>
          <keepTestNames>false</keepTestNames>
          <errorStackTrace>tests/test_history.py:43: in test_ht_001
    sidebar.click_new_chat()
src/pages/ht_chat_sidebar.py:27: in click_new_chat
    self.clickable(SEL_NEW_CHAT_BTN).click()
src/pages/ht_base_page.py:21: in clickable
    return self.wait(sec).until(EC.element_to_be_clickable(locator))
/usr/local/lib/python3.14/site-packages/selenium/webdriver/support/wait.py:105: in until
    raise TimeoutException(message, screen, stacktrace)
E   selenium.common.exceptions.TimeoutException: Message: 
E   Stacktrace:
E   #0 0xaaaaea954c18 &lt;unknown&gt;
E   #1 0xaaaaea37e0d0 &lt;unknown&gt;
E   #2 0xaaaaea3c6f4c &lt;unknown&gt;
E   #3 0xaaaaea402d3c &lt;unknown&gt;
E   #4 0xaaaaea3bb998 &lt;unknown&gt;
E   #5 0xaaaaea91f79c &lt;unknown&gt;
E   #6 0xaaaaea92282c &lt;unknown&gt;
E   #7 0xaaaaea922408 &lt;unknown&gt;
E   #8 0xaaaaea90a620 &lt;unknown&gt;
E   #9 0xaaaaea922eac &lt;unknown&gt;
E   #10 0xaaaaea8f493c &lt;unknown&gt;
E   #11 0xaaaaea941abc &lt;unknown&gt;
E   #12 0xaaaaea941cc8 &lt;unknown&gt;
E   #13 0xaaaaea95397c &lt;unknown&gt;
E   #14 0xffff7fb4202c &lt;unknown&gt;
E   #15 0xffff7fbabf18 &lt;unknown&gt;</errorStackTrace>
          <errorDetails>selenium.common.exceptions.TimeoutException: Message: 
Stacktrace:
#0 0xaaaaea954c18 &lt;unknown&gt;
#1 0xaaaaea37e0d0 &lt;unknown&gt;
#2 0xaaaaea3c6f4c &lt;unknown&gt;
#3 0xaaaaea402d3c &lt;unknown&gt;
#4 0xaaaaea3bb998 &lt;unknown&gt;
#5 0xaaaaea91f79c &lt;unknown&gt;
#6 0xaaaaea92282c &lt;unknown&gt;
#7 0xaaaaea922408 &lt;unknown&gt;
#8 0xaaaaea90a620 &lt;unknown&gt;
#9 0xaaaaea922eac &lt;unknown&gt;
#10 0xaaaaea8f493c &lt;unknown&gt;
#11 0xaaaaea941abc &lt;unknown&gt;
#12 0xaaaaea941cc8 &lt;unknown&gt;
#13 0xaaaaea95397c &lt;unknown&gt;
#14 0xffff7fb4202c &lt;unknown&gt;
#15 0xffff7fbabf18 &lt;unknown&gt;</errorDetails>
          <properties/>
          <failedSince>7</failedSince>
        </case>
        <case>
          <duration>13.348</duration>
          <startTime>1763300942389</startTime>
          <className>tests.test_history</className>
          <testName>test_ht_002</testName>
          <skipped>false</skipped>
          <keepTestNames>false</keepTestNames>
          <errorStackTrace>tests/test_history.py:76: in test_ht_002
    sidebar.click_new_chat()
src/pages/ht_chat_sidebar.py:27: in click_new_chat
    self.clickable(SEL_NEW_CHAT_BTN).click()
src/pages/ht_base_page.py:21: in clickable
    return self.wait(sec).until(EC.element_to_be_clickable(locator))
/usr/local/lib/python3.14/site-packages/selenium/webdriver/support/wait.py:105: in until
    raise TimeoutException(message, screen, stacktrace)
E   selenium.common.exceptions.TimeoutException: Message: 
E   Stacktrace:
E   #0 0xaaaaea954c18 &lt;unknown&gt;
E   #1 0xaaaaea37e0d0 &lt;unknown&gt;
E   #2 0xaaaaea3c6f4c &lt;unknown&gt;
E   #3 0xaaaaea402d3c &lt;unknown&gt;
E   #4 0xaaaaea3bb998 &lt;unknown&gt;
E   #5 0xaaaaea91f79c &lt;unknown&gt;
E   #6 0xaaaaea92282c &lt;unknown&gt;
E   #7 0xaaaaea922408 &lt;unknown&gt;
E   #8 0xaaaaea90a620 &lt;unknown&gt;
E   #9 0xaaaaea922eac &lt;unknown&gt;
E   #10 0xaaaaea8f493c &lt;unknown&gt;
E   #11 0xaaaaea941abc &lt;unknown&gt;
E   #12 0xaaaaea941cc8 &lt;unknown&gt;
E   #13 0xaaaaea95397c &lt;unknown&gt;
E   #14 0xffff7fb4202c &lt;unknown&gt;
E   #15 0xffff7fbabf18 &lt;unknown&gt;</errorStackTrace>
          <errorDetails>selenium.common.exceptions.TimeoutException: Message: 
Stacktrace:
#0 0xaaaaea954c18 &lt;unknown&gt;
#1 0xaaaaea37e0d0 &lt;unknown&gt;
#2 0xaaaaea3c6f4c &lt;unknown&gt;
#3 0xaaaaea402d3c &lt;unknown&gt;
#4 0xaaaaea3bb998 &lt;unknown&gt;
#5 0xaaaaea91f79c &lt;unknown&gt;
#6 0xaaaaea92282c &lt;unknown&gt;
#7 0xaaaaea922408 &lt;unknown&gt;
#8 0xaaaaea90a620 &lt;unknown&gt;
#9 0xaaaaea922eac &lt;unknown&gt;
#10 0xaaaaea8f493c &lt;unknown&gt;
#11 0xaaaaea941abc &lt;unknown&gt;
#12 0xaaaaea941cc8 &lt;unknown&gt;
#13 0xaaaaea95397c &lt;unknown&gt;
#14 0xffff7fb4202c &lt;unknown&gt;
#15 0xffff7fbabf18 &lt;unknown&gt;</errorDetails>
          <properties/>
          <failedSince>7</failedSince>
        </case>
        <case>
          <duration>8.22</duration>
          <startTime>1763300955737</startTime>
          <className>tests.test_history</className>
          <testName>test_ht_003</testName>
          <skipped>false</skipped>
          <keepTestNames>false</keepTestNames>
          <properties/>
          <failedSince>0</failedSince>
        </case>
        <case>
          <duration>13.834</duration>
          <startTime>1763300963957</startTime>
          <className>tests.test_history</className>
          <testName>test_ht_004</testName>
          <skipped>false</skipped>
          <keepTestNames>false</keepTestNames>
          <errorStackTrace>tests/test_history.py:125: in test_ht_004
    sidebar.click_new_chat()
src/pages/ht_chat_sidebar.py:27: in click_new_chat
    self.clickable(SEL_NEW_CHAT_BTN).click()
src/pages/ht_base_page.py:21: in clickable
    return self.wait(sec).until(EC.element_to_be_clickable(locator))
/usr/local/lib/python3.14/site-packages/selenium/webdriver/support/wait.py:105: in until
    raise TimeoutException(message, screen, stacktrace)
E   selenium.common.exceptions.TimeoutException: Message: 
E   Stacktrace:
E   #0 0xaaaaea954c18 &lt;unknown&gt;
E   #1 0xaaaaea37e0d0 &lt;unknown&gt;
E   #2 0xaaaaea3c6f4c &lt;unknown&gt;
E   #3 0xaaaaea402d3c &lt;unknown&gt;
E   #4 0xaaaaea3bb998 &lt;unknown&gt;
E   #5 0xaaaaea91f79c &lt;unknown&gt;
E   #6 0xaaaaea92282c &lt;unknown&gt;
E   #7 0xaaaaea922408 &lt;unknown&gt;
E   #8 0xaaaaea90a620 &lt;unknown&gt;
E   #9 0xaaaaea922eac &lt;unknown&gt;
E   #10 0xaaaaea8f493c &lt;unknown&gt;
E   #11 0xaaaaea941abc &lt;unknown&gt;
E   #12 0xaaaaea941cc8 &lt;unknown&gt;
E   #13 0xaaaaea95397c &lt;unknown&gt;
E   #14 0xffff7fb4202c &lt;unknown&gt;
E   #15 0xffff7fbabf18 &lt;unknown&gt;</errorStackTrace>
          <errorDetails>selenium.common.exceptions.TimeoutException: Message: 
Stacktrace:
#0 0xaaaaea954c18 &lt;unknown&gt;
#1 0xaaaaea37e0d0 &lt;unknown&gt;
#2 0xaaaaea3c6f4c &lt;unknown&gt;
#3 0xaaaaea402d3c &lt;unknown&gt;
#4 0xaaaaea3bb998 &lt;unknown&gt;
#5 0xaaaaea91f79c &lt;unknown&gt;
#6 0xaaaaea92282c &lt;unknown&gt;
#7 0xaaaaea922408 &lt;unknown&gt;
#8 0xaaaaea90a620 &lt;unknown&gt;
#9 0xaaaaea922eac &lt;unknown&gt;
#10 0xaaaaea8f493c &lt;unknown&gt;
#11 0xaaaaea941abc &lt;unknown&gt;
#12 0xaaaaea941cc8 &lt;unknown&gt;
#13 0xaaaaea95397c &lt;unknown&gt;
#14 0xffff7fb4202c &lt;unknown&gt;
#15 0xffff7fbabf18 &lt;unknown&gt;</errorDetails>
          <properties/>
          <failedSince>7</failedSince>
        </case>
        <case>
          <duration>13.772</duration>
          <startTime>1763300977791</startTime>
          <className>tests.test_history</className>
          <testName>test_ht_005</testName>
          <skipped>false</skipped>
          <keepTestNames>false</keepTestNames>
          <errorStackTrace>tests/test_history.py:200: in test_ht_005
    sidebar.click_new_chat()
src/pages/ht_chat_sidebar.py:27: in click_new_chat
    self.clickable(SEL_NEW_CHAT_BTN).click()
src/pages/ht_base_page.py:21: in clickable
    return self.wait(sec).until(EC.element_to_be_clickable(locator))
/usr/local/lib/python3.14/site-packages/selenium/webdriver/support/wait.py:105: in until
    raise TimeoutException(message, screen, stacktrace)
E   selenium.common.exceptions.TimeoutException: Message: 
E   Stacktrace:
E   #0 0xaaaaea954c18 &lt;unknown&gt;
E   #1 0xaaaaea37e0d0 &lt;unknown&gt;
E   #2 0xaaaaea3c6f4c &lt;unknown&gt;
E   #3 0xaaaaea402d3c &lt;unknown&gt;
E   #4 0xaaaaea3bb998 &lt;unknown&gt;
E   #5 0xaaaaea91f79c &lt;unknown&gt;
E   #6 0xaaaaea92282c &lt;unknown&gt;
E   #7 0xaaaaea922408 &lt;unknown&gt;
E   #8 0xaaaaea90a620 &lt;unknown&gt;
E   #9 0xaaaaea922eac &lt;unknown&gt;
E   #10 0xaaaaea8f493c &lt;unknown&gt;
E   #11 0xaaaaea941abc &lt;unknown&gt;
E   #12 0xaaaaea941cc8 &lt;unknown&gt;
E   #13 0xaaaaea95397c &lt;unknown&gt;
E   #14 0xffff7fb4202c &lt;unknown&gt;
E   #15 0xffff7fbabf18 &lt;unknown&gt;</errorStackTrace>
          <errorDetails>selenium.common.exceptions.TimeoutException: Message: 
Stacktrace:
#0 0xaaaaea954c18 &lt;unknown&gt;
#1 0xaaaaea37e0d0 &lt;unknown&gt;
#2 0xaaaaea3c6f4c &lt;unknown&gt;
#3 0xaaaaea402d3c &lt;unknown&gt;
#4 0xaaaaea3bb998 &lt;unknown&gt;
#5 0xaaaaea91f79c &lt;unknown&gt;
#6 0xaaaaea92282c &lt;unknown&gt;
#7 0xaaaaea922408 &lt;unknown&gt;
#8 0xaaaaea90a620 &lt;unknown&gt;
#9 0xaaaaea922eac &lt;unknown&gt;
#10 0xaaaaea8f493c &lt;unknown&gt;
#11 0xaaaaea941abc &lt;unknown&gt;
#12 0xaaaaea941cc8 &lt;unknown&gt;
#13 0xaaaaea95397c &lt;unknown&gt;
#14 0xffff7fb4202c &lt;unknown&gt;
#15 0xffff7fbabf18 &lt;unknown&gt;</errorDetails>
          <properties/>
          <failedSince>7</failedSince>
        </case>
        <case>
          <duration>12.774</duration>
          <startTime>1763300991563</startTime>
          <className>tests.test_history</className>
          <testName>test_ht_006</testName>
          <skipped>false</skipped>
          <keepTestNames>false</keepTestNames>
          <errorStackTrace>tests/test_history.py:250: in test_ht_006
    sidebar.click_new_chat()
src/pages/ht_chat_sidebar.py:27: in click_new_chat
    self.clickable(SEL_NEW_CHAT_BTN).click()
src/pages/ht_base_page.py:21: in clickable
    return self.wait(sec).until(EC.element_to_be_clickable(locator))
/usr/local/lib/python3.14/site-packages/selenium/webdriver/support/wait.py:105: in until
    raise TimeoutException(message, screen, stacktrace)
E   selenium.common.exceptions.TimeoutException: Message: 
E   Stacktrace:
E   #0 0xaaaaea954c18 &lt;unknown&gt;
E   #1 0xaaaaea37e0d0 &lt;unknown&gt;
E   #2 0xaaaaea3c6f4c &lt;unknown&gt;
E   #3 0xaaaaea402d3c &lt;unknown&gt;
E   #4 0xaaaaea3bb998 &lt;unknown&gt;
E   #5 0xaaaaea91f79c &lt;unknown&gt;
E   #6 0xaaaaea92282c &lt;unknown&gt;
E   #7 0xaaaaea922408 &lt;unknown&gt;
E   #8 0xaaaaea90a620 &lt;unknown&gt;
E   #9 0xaaaaea922eac &lt;unknown&gt;
E   #10 0xaaaaea8f493c &lt;unknown&gt;
E   #11 0xaaaaea941abc &lt;unknown&gt;
E   #12 0xaaaaea941cc8 &lt;unknown&gt;
E   #13 0xaaaaea95397c &lt;unknown&gt;
E   #14 0xffff7fb4202c &lt;unknown&gt;
E   #15 0xffff7fbabf18 &lt;unknown&gt;</errorStackTrace>
          <errorDetails>selenium.common.exceptions.TimeoutException: Message: 
Stacktrace:
#0 0xaaaaea954c18 &lt;unknown&gt;
#1 0xaaaaea37e0d0 &lt;unknown&gt;
#2 0xaaaaea3c6f4c &lt;unknown&gt;
#3 0xaaaaea402d3c &lt;unknown&gt;
#4 0xaaaaea3bb998 &lt;unknown&gt;
#5 0xaaaaea91f79c &lt;unknown&gt;
#6 0xaaaaea92282c &lt;unknown&gt;
#7 0xaaaaea922408 &lt;unknown&gt;
#8 0xaaaaea90a620 &lt;unknown&gt;
#9 0xaaaaea922eac &lt;unknown&gt;
#10 0xaaaaea8f493c &lt;unknown&gt;
#11 0xaaaaea941abc &lt;unknown&gt;
#12 0xaaaaea941cc8 &lt;unknown&gt;
#13 0xaaaaea95397c &lt;unknown&gt;
#14 0xffff7fb4202c &lt;unknown&gt;
#15 0xffff7fbabf18 &lt;unknown&gt;</errorDetails>
          <properties/>
          <failedSince>7</failedSince>
        </case>
        <case>
          <duration>13.955</duration>
          <startTime>1763301004337</startTime>
          <className>tests.test_history</className>
          <testName>test_ht_007</testName>
          <skipped>false</skipped>
          <keepTestNames>false</keepTestNames>
          <errorStackTrace>tests/test_history.py:306: in test_ht_007
    sidebar.click_new_chat()
src/pages/ht_chat_sidebar.py:27: in click_new_chat
    self.clickable(SEL_NEW_CHAT_BTN).click()
src/pages/ht_base_page.py:21: in clickable
    return self.wait(sec).until(EC.element_to_be_clickable(locator))
/usr/local/lib/python3.14/site-packages/selenium/webdriver/support/wait.py:105: in until
    raise TimeoutException(message, screen, stacktrace)
E   selenium.common.exceptions.TimeoutException: Message: 
E   Stacktrace:
E   #0 0xaaaaea954c18 &lt;unknown&gt;
E   #1 0xaaaaea37e0d0 &lt;unknown&gt;
E   #2 0xaaaaea3c6f4c &lt;unknown&gt;
E   #3 0xaaaaea402d3c &lt;unknown&gt;
E   #4 0xaaaaea3bb998 &lt;unknown&gt;
E   #5 0xaaaaea91f79c &lt;unknown&gt;
E   #6 0xaaaaea92282c &lt;unknown&gt;
E   #7 0xaaaaea922408 &lt;unknown&gt;
E   #8 0xaaaaea90a620 &lt;unknown&gt;
E   #9 0xaaaaea922eac &lt;unknown&gt;
E   #10 0xaaaaea8f493c &lt;unknown&gt;
E   #11 0xaaaaea941abc &lt;unknown&gt;
E   #12 0xaaaaea941cc8 &lt;unknown&gt;
E   #13 0xaaaaea95397c &lt;unknown&gt;
E   #14 0xffff7fb4202c &lt;unknown&gt;
E   #15 0xffff7fbabf18 &lt;unknown&gt;</errorStackTrace>
          <errorDetails>selenium.common.exceptions.TimeoutException: Message: 
Stacktrace:
#0 0xaaaaea954c18 &lt;unknown&gt;
#1 0xaaaaea37e0d0 &lt;unknown&gt;
#2 0xaaaaea3c6f4c &lt;unknown&gt;
#3 0xaaaaea402d3c &lt;unknown&gt;
#4 0xaaaaea3bb998 &lt;unknown&gt;
#5 0xaaaaea91f79c &lt;unknown&gt;
#6 0xaaaaea92282c &lt;unknown&gt;
#7 0xaaaaea922408 &lt;unknown&gt;
#8 0xaaaaea90a620 &lt;unknown&gt;
#9 0xaaaaea922eac &lt;unknown&gt;
#10 0xaaaaea8f493c &lt;unknown&gt;
#11 0xaaaaea941abc &lt;unknown&gt;
#12 0xaaaaea941cc8 &lt;unknown&gt;
#13 0xaaaaea95397c &lt;unknown&gt;
#14 0xffff7fb4202c &lt;unknown&gt;
#15 0xffff7fbabf18 &lt;unknown&gt;</errorDetails>
          <properties/>
          <failedSince>7</failedSince>
        </case>
      </cases>
    </suite>
  </suites>
  <duration>168.796</duration>
  <skipOldReports>false</skipOldReports>
  <startTime>1763300849979</startTime>
  <stdioRetention>NONE</stdioRetention>
  <keepTestNames>false</keepTestNames>
  <keepProperties>false</keepProperties>
</result>