<?xml version="1.0" encoding="utf-8"?><testsuites><testsuite name="pytest" errors="0" failures="12" skipped="0" tests="56" time="769.511" timestamp="2025-11-18T08:54:04.984644+00:00" hostname="0fd7c7abab77"><testcase classname="tests.test_account" name="test_ac_001_login" time="9.088" /><testcase classname="tests.test_account" name="test_ac_002_duplicate_email" time="5.082" /><testcase classname="tests.test_account" name="test_ac_003_negative_login" time="10.490" /><testcase classname="tests.test_account" name="test_ac_004_positive_login" time="18.438" /><testcase classname="tests.test_account" name="test_ac_005_login_with_non_email_format" time="7.363" /><testcase classname="tests.test_account" name="test_ac_006_login_with_spaces" time="6.698" /><testcase classname="tests.test_account" name="test_ac_007_logout" time="10.277" /><testcase classname="tests.test_billing_system" name="test_bu_001_credit_usage_section_exists" time="19.954" /><testcase classname="tests.test_billing_system" name="test_bu_002_danal_card_payment_iframe_appears" time="13.767"><failure message="selenium.common.exceptions.TimeoutException: Message: &#10;Stacktrace:&#10;#0 0xaaaad6664c18 &lt;unknown&gt;&#10;#1 0xaaaad608e0d0 &lt;unknown&gt;&#10;#2 0xaaaad60d6f4c &lt;unknown&gt;&#10;#3 0xaaaad6112d3c &lt;unknown&gt;&#10;#4 0xaaaad60cb998 &lt;unknown&gt;&#10;#5 0xaaaad662f79c &lt;unknown&gt;&#10;#6 0xaaaad663282c &lt;unknown&gt;&#10;#7 0xaaaad6632408 &lt;unknown&gt;&#10;#8 0xaaaad661a620 &lt;unknown&gt;&#10;#9 0xaaaad6632eac &lt;unknown&gt;&#10;#10 0xaaaad660493c &lt;unknown&gt;&#10;#11 0xaaaad6651abc &lt;unknown&gt;&#10;#12 0xaaaad6651cc8 &lt;unknown&gt;&#10;#13 0xaaaad666397c &lt;unknown&gt;&#10;#14 0xffff8d22202c &lt;unknown&gt;&#10;#15 0xffff8d28bf18 &lt;unknown&gt;">tests/test_billing_system.py:31: in test_bu_002_danal_card_payment_iframe_appears
    methods.click_register_method()
src/pages/billing_page.py:48: in click_register_method
    self.click_safely("register_method_btn")
src/pages/base_page.py:39: in click_safely
    element = wait.until(EC.presence_of_element_located(locator))
/usr/local/lib/python3.14/site-packages/selenium/webdriver/support/wait.py:105: in until
    raise TimeoutException(message, screen, stacktrace)
E   selenium.common.exceptions.TimeoutException: Message: 
E   Stacktrace:
E   #0 0xaaaad6664c18 &lt;unknown&gt;
E   #1 0xaaaad608e0d0 &lt;unknown&gt;
E   #2 0xaaaad60d6f4c &lt;unknown&gt;
E   #3 0xaaaad6112d3c &lt;unknown&gt;
E   #4 0xaaaad60cb998 &lt;unknown&gt;
E   #5 0xaaaad662f79c &lt;unknown&gt;
E   #6 0xaaaad663282c &lt;unknown&gt;
E   #7 0xaaaad6632408 &lt;unknown&gt;
E   #8 0xaaaad661a620 &lt;unknown&gt;
E   #9 0xaaaad6632eac &lt;unknown&gt;
E   #10 0xaaaad660493c &lt;unknown&gt;
E   #11 0xaaaad6651abc &lt;unknown&gt;
E   #12 0xaaaad6651cc8 &lt;unknown&gt;
E   #13 0xaaaad666397c &lt;unknown&gt;
E   #14 0xffff8d22202c &lt;unknown&gt;
E   #15 0xffff8d28bf18 &lt;unknown&gt;</failure></testcase><testcase classname="tests.test_billing_system" name="test_bu_003_click_usage_history" time="16.151"><failure message="AssertionError: ❌ Usage History 페이지로 이동 실패&#10;assert False&#10; +  where False = is_usage_history_page()&#10; +    where is_usage_history_page = &lt;src.pages.billing_page.UsagePage object at 0xffffa1492a50&gt;.is_usage_history_page">tests/test_billing_system.py:52: in test_bu_003_click_usage_history
    assert usage_page.is_usage_history_page(), "❌ Usage History 페이지로 이동 실패"
E   AssertionError: ❌ Usage History 페이지로 이동 실패
E   assert False
E    +  where False = is_usage_history_page()
E    +    where is_usage_history_page = &lt;src.pages.billing_page.UsagePage object at 0xffffa1492a50&gt;.is_usage_history_page</failure></testcase><testcase classname="tests.test_billing_system" name="test_bu_004_click_ml_api" time="1.583" /><testcase classname="tests.test_billing_system" name="test_bu_005_click_severless_status" time="3.188" /><testcase classname="tests.test_billing_system" name="test_bu_006_click_api_key_manage" time="2.149"><failure message="assert False&#10; +  where False = is_api_key_manage_page()&#10; +    where is_api_key_manage_page = &lt;src.pages.billing_page.UsagePage object at 0xffffa1427230&gt;.is_api_key_manage_page">tests/test_billing_system.py:69: in test_bu_006_click_api_key_manage
    assert page.is_api_key_manage_page()
E   assert False
E    +  where False = is_api_key_manage_page()
E    +    where is_api_key_manage_page = &lt;src.pages.billing_page.UsagePage object at 0xffffa1427230&gt;.is_api_key_manage_page</failure></testcase><testcase classname="tests.test_chat_base" name="test_cb_001_ai_chat" time="16.899" /><testcase classname="tests.test_chat_base" name="test_cb_002_copy" time="1.746" /><testcase classname="tests.test_chat_base" name="test_cb_003_edit_message" time="4.321" /><testcase classname="tests.test_chat_base" name="test_cb_004_scroll_and_click" time="38.712" /><testcase classname="tests.test_chat_base" name="test_cb_005_make_image" time="16.471" /><testcase classname="tests.test_chat_base" name="test_cb_006_upload_file" time="1.481" /><testcase classname="tests.test_chat_base" name="test_cb_007_make_image" time="9.258" /><testcase classname="tests.test_chat_expanse" name="test_ce_001_quiz" time="15.245" /><testcase classname="tests.test_chat_expanse" name="test_ce_002_quiz_empty" time="14.555" /><testcase classname="tests.test_chat_expanse" name="test_ce_003_quiz_special_chars" time="14.416" /><testcase classname="tests.test_chat_expanse" name="test_ce_004_quiz_no_type" time="14.422" /><testcase classname="tests.test_chat_expanse" name="test_ce_005_ppt" time="17.568" /><testcase classname="tests.test_chat_expanse" name="test_ce_006_image_text" time="3.968" /><testcase classname="tests.test_chat_expanse" name="test_ce_007_image_file" time="40.365" /><testcase classname="tests.test_chat_expanse" name="test_ce_008_google_search" time="0.919" /><testcase classname="tests.test_chat_expanse" name="test_ce_009_deep_dive" time="20.276"><failure message="AssertionError: ❌ 심층 조사 및 전송 프로세스 실패&#10;assert False">tests/test_chat_expanse.py:54: in test_ce_009_deep_dive
    assert result, "❌ 심층 조사 및 전송 프로세스 실패"
E   AssertionError: ❌ 심층 조사 및 전송 프로세스 실패
E   assert False</failure></testcase><testcase classname="tests.test_chat_expanse" name="test_ce_010_file_upload" time="3.510" /><testcase classname="tests.test_chat_expanse" name="test_ce_011_file_upload_expect_failure" time="23.934" /><testcase classname="tests.test_chat_expanse" name="test_ce_012_file_upload_new_chat" time="10.113"><failure message="AssertionError: ❌ 파일 업로드 및 전송 프로세스 실패&#10;assert False">tests/test_chat_expanse.py:69: in test_ce_012_file_upload_new_chat
    assert result, "❌ 파일 업로드 및 전송 프로세스 실패"
E   AssertionError: ❌ 파일 업로드 및 전송 프로세스 실패
E   assert False</failure></testcase><testcase classname="tests.test_chat_expanse" name="test_ce_013_quiz_empty_new_chat" time="10.749"><failure message="AssertionError: ✅CE-013 : 빈칸 퀴즈 생성이 허용되었습니다!&#10;assert False">tests/test_chat_expanse.py:74: in test_ce_013_quiz_empty_new_chat
    assert result, "✅CE-013 : 빈칸 퀴즈 생성이 허용되었습니다!"
E   AssertionError: ✅CE-013 : 빈칸 퀴즈 생성이 허용되었습니다!
E   assert False</failure></testcase><testcase classname="tests.test_custom_agent" name="test_ca_001_navigate_to_agent_create_form" time="17.193" /><testcase classname="tests.test_custom_agent" name="test_ca_002_validate_required_fields_behavior" time="5.473" /><testcase classname="tests.test_custom_agent" name="test_ca_003_1_create_private_agent_successfully" time="22.564" /><testcase classname="tests.test_custom_agent" name="test_ca_003_2_create_organization_agent_successfully" time="19.438" /><testcase classname="tests.test_custom_agent" name="test_ca_004_test_create_with_chat_generates_ai_response" time="12.292" /><testcase classname="tests.test_custom_agent" name="test_ca_005_prevent_duplicate_agent_creation" time="11.923" /><testcase classname="tests.test_custom_agent" name="test_ca_006_display_created_agents_in_explorer" time="3.233" /><testcase classname="tests.test_custom_agent" name="test_ca_007_display_agent_cards_in_my_agents" time="14.462" /><testcase classname="tests.test_custom_agent" name="test_ca_008_update_existing_agent_successfully" time="21.670" /><testcase classname="tests.test_custom_agent" name="test_ca_009__publish_draft_agent_successfully" time="20.282" /><testcase classname="tests.test_custom_agent" name="test_ca_010_autosave_draft_agent_persists_changes" time="21.886" /><testcase classname="tests.test_custom_agent" name="test_ca_011_cancel_agent_deletion_modal" time="15.576" /><testcase classname="tests.test_custom_agent" name="test_ca_012_delete_agent_permanently" time="17.416" /><testcase classname="tests.test_custom_agent" name="test_ca_013_prevent_deletion_of_default_agents" time="18.559" /><testcase classname="tests.test_custom_agent" name="test_ca_014_validate_file_upload_and_size_limit" time="10.398" /><testcase classname="tests.test_custom_agent" name="test_ca_015_private_agent_hidden_from_sub_account" time="33.578" /><testcase classname="tests.test_history" name="test_ht_001_start_new_chat" time="27.291"><failure message="selenium.common.exceptions.TimeoutException: Message: &#10;Stacktrace:&#10;#0 0xaaaad6664c18 &lt;unknown&gt;&#10;#1 0xaaaad608e0d0 &lt;unknown&gt;&#10;#2 0xaaaad60d6f4c &lt;unknown&gt;&#10;#3 0xaaaad6112d3c &lt;unknown&gt;&#10;#4 0xaaaad60cb998 &lt;unknown&gt;&#10;#5 0xaaaad662f79c &lt;unknown&gt;&#10;#6 0xaaaad663282c &lt;unknown&gt;&#10;#7 0xaaaad6632408 &lt;unknown&gt;&#10;#8 0xaaaad661a620 &lt;unknown&gt;&#10;#9 0xaaaad6632eac &lt;unknown&gt;&#10;#10 0xaaaad660493c &lt;unknown&gt;&#10;#11 0xaaaad6651abc &lt;unknown&gt;&#10;#12 0xaaaad6651cc8 &lt;unknown&gt;&#10;#13 0xaaaad666397c &lt;unknown&gt;&#10;#14 0xffff8d22202c &lt;unknown&gt;&#10;#15 0xffff8d28bf18 &lt;unknown&gt;">tests/test_history.py:32: in test_ht_001_start_new_chat
    sidebar.click_new_chat()  # 내부에서 clickable 사용
src/pages/history_page.py:116: in click_new_chat
    self.click_safely("new_chat_btn")
src/pages/base_page.py:39: in click_safely
    element = wait.until(EC.presence_of_element_located(locator))
/usr/local/lib/python3.14/site-packages/selenium/webdriver/support/wait.py:105: in until
    raise TimeoutException(message, screen, stacktrace)
E   selenium.common.exceptions.TimeoutException: Message: 
E   Stacktrace:
E   #0 0xaaaad6664c18 &lt;unknown&gt;
E   #1 0xaaaad608e0d0 &lt;unknown&gt;
E   #2 0xaaaad60d6f4c &lt;unknown&gt;
E   #3 0xaaaad6112d3c &lt;unknown&gt;
E   #4 0xaaaad60cb998 &lt;unknown&gt;
E   #5 0xaaaad662f79c &lt;unknown&gt;
E   #6 0xaaaad663282c &lt;unknown&gt;
E   #7 0xaaaad6632408 &lt;unknown&gt;
E   #8 0xaaaad661a620 &lt;unknown&gt;
E   #9 0xaaaad6632eac &lt;unknown&gt;
E   #10 0xaaaad660493c &lt;unknown&gt;
E   #11 0xaaaad6651abc &lt;unknown&gt;
E   #12 0xaaaad6651cc8 &lt;unknown&gt;
E   #13 0xaaaad666397c &lt;unknown&gt;
E   #14 0xffff8d22202c &lt;unknown&gt;
E   #15 0xffff8d28bf18 &lt;unknown&gt;</failure></testcase><testcase classname="tests.test_history" name="test_ht_002_search_history" time="13.108"><failure message="selenium.common.exceptions.TimeoutException: Message: &#10;Stacktrace:&#10;#0 0xaaaad6664c18 &lt;unknown&gt;&#10;#1 0xaaaad608e0d0 &lt;unknown&gt;&#10;#2 0xaaaad60d6f4c &lt;unknown&gt;&#10;#3 0xaaaad6112d3c &lt;unknown&gt;&#10;#4 0xaaaad60cb998 &lt;unknown&gt;&#10;#5 0xaaaad662f79c &lt;unknown&gt;&#10;#6 0xaaaad663282c &lt;unknown&gt;&#10;#7 0xaaaad6632408 &lt;unknown&gt;&#10;#8 0xaaaad661a620 &lt;unknown&gt;&#10;#9 0xaaaad6632eac &lt;unknown&gt;&#10;#10 0xaaaad660493c &lt;unknown&gt;&#10;#11 0xaaaad6651abc &lt;unknown&gt;&#10;#12 0xaaaad6651cc8 &lt;unknown&gt;&#10;#13 0xaaaad666397c &lt;unknown&gt;&#10;#14 0xffff8d22202c &lt;unknown&gt;&#10;#15 0xffff8d28bf18 &lt;unknown&gt;">tests/test_history.py:72: in test_ht_002_search_history
    sidebar.click_new_chat()      # 내부에서 clickable 대기
src/pages/history_page.py:116: in click_new_chat
    self.click_safely("new_chat_btn")
src/pages/base_page.py:39: in click_safely
    element = wait.until(EC.presence_of_element_located(locator))
/usr/local/lib/python3.14/site-packages/selenium/webdriver/support/wait.py:105: in until
    raise TimeoutException(message, screen, stacktrace)
E   selenium.common.exceptions.TimeoutException: Message: 
E   Stacktrace:
E   #0 0xaaaad6664c18 &lt;unknown&gt;
E   #1 0xaaaad608e0d0 &lt;unknown&gt;
E   #2 0xaaaad60d6f4c &lt;unknown&gt;
E   #3 0xaaaad6112d3c &lt;unknown&gt;
E   #4 0xaaaad60cb998 &lt;unknown&gt;
E   #5 0xaaaad662f79c &lt;unknown&gt;
E   #6 0xaaaad663282c &lt;unknown&gt;
E   #7 0xaaaad6632408 &lt;unknown&gt;
E   #8 0xaaaad661a620 &lt;unknown&gt;
E   #9 0xaaaad6632eac &lt;unknown&gt;
E   #10 0xaaaad660493c &lt;unknown&gt;
E   #11 0xaaaad6651abc &lt;unknown&gt;
E   #12 0xaaaad6651cc8 &lt;unknown&gt;
E   #13 0xaaaad666397c &lt;unknown&gt;
E   #14 0xffff8d22202c &lt;unknown&gt;
E   #15 0xffff8d28bf18 &lt;unknown&gt;</failure></testcase><testcase classname="tests.test_history" name="test_ht_003_agent_search" time="4.792" /><testcase classname="tests.test_history" name="test_ht_004_chat_title_fix" time="12.499"><failure message="selenium.common.exceptions.TimeoutException: Message: &#10;Stacktrace:&#10;#0 0xaaaad6664c18 &lt;unknown&gt;&#10;#1 0xaaaad608e0d0 &lt;unknown&gt;&#10;#2 0xaaaad60d6f4c &lt;unknown&gt;&#10;#3 0xaaaad6112d3c &lt;unknown&gt;&#10;#4 0xaaaad60cb998 &lt;unknown&gt;&#10;#5 0xaaaad662f79c &lt;unknown&gt;&#10;#6 0xaaaad663282c &lt;unknown&gt;&#10;#7 0xaaaad6632408 &lt;unknown&gt;&#10;#8 0xaaaad661a620 &lt;unknown&gt;&#10;#9 0xaaaad6632eac &lt;unknown&gt;&#10;#10 0xaaaad660493c &lt;unknown&gt;&#10;#11 0xaaaad6651abc &lt;unknown&gt;&#10;#12 0xaaaad6651cc8 &lt;unknown&gt;&#10;#13 0xaaaad666397c &lt;unknown&gt;&#10;#14 0xffff8d22202c &lt;unknown&gt;&#10;#15 0xffff8d28bf18 &lt;unknown&gt;">tests/test_history.py:123: in test_ht_004_chat_title_fix
    sidebar.click_new_chat()  # clickable() 대기 포함
src/pages/history_page.py:116: in click_new_chat
    self.click_safely("new_chat_btn")
src/pages/base_page.py:39: in click_safely
    element = wait.until(EC.presence_of_element_located(locator))
/usr/local/lib/python3.14/site-packages/selenium/webdriver/support/wait.py:105: in until
    raise TimeoutException(message, screen, stacktrace)
E   selenium.common.exceptions.TimeoutException: Message: 
E   Stacktrace:
E   #0 0xaaaad6664c18 &lt;unknown&gt;
E   #1 0xaaaad608e0d0 &lt;unknown&gt;
E   #2 0xaaaad60d6f4c &lt;unknown&gt;
E   #3 0xaaaad6112d3c &lt;unknown&gt;
E   #4 0xaaaad60cb998 &lt;unknown&gt;
E   #5 0xaaaad662f79c &lt;unknown&gt;
E   #6 0xaaaad663282c &lt;unknown&gt;
E   #7 0xaaaad6632408 &lt;unknown&gt;
E   #8 0xaaaad661a620 &lt;unknown&gt;
E   #9 0xaaaad6632eac &lt;unknown&gt;
E   #10 0xaaaad660493c &lt;unknown&gt;
E   #11 0xaaaad6651abc &lt;unknown&gt;
E   #12 0xaaaad6651cc8 &lt;unknown&gt;
E   #13 0xaaaad666397c &lt;unknown&gt;
E   #14 0xffff8d22202c &lt;unknown&gt;
E   #15 0xffff8d28bf18 &lt;unknown&gt;</failure></testcase><testcase classname="tests.test_history" name="test_ht_005_view_chat_history" time="12.423"><failure message="selenium.common.exceptions.TimeoutException: Message: &#10;Stacktrace:&#10;#0 0xaaaad6664c18 &lt;unknown&gt;&#10;#1 0xaaaad608e0d0 &lt;unknown&gt;&#10;#2 0xaaaad60d6f4c &lt;unknown&gt;&#10;#3 0xaaaad6112d3c &lt;unknown&gt;&#10;#4 0xaaaad60cb998 &lt;unknown&gt;&#10;#5 0xaaaad662f79c &lt;unknown&gt;&#10;#6 0xaaaad663282c &lt;unknown&gt;&#10;#7 0xaaaad6632408 &lt;unknown&gt;&#10;#8 0xaaaad661a620 &lt;unknown&gt;&#10;#9 0xaaaad6632eac &lt;unknown&gt;&#10;#10 0xaaaad660493c &lt;unknown&gt;&#10;#11 0xaaaad6651abc &lt;unknown&gt;&#10;#12 0xaaaad6651cc8 &lt;unknown&gt;&#10;#13 0xaaaad666397c &lt;unknown&gt;&#10;#14 0xffff8d22202c &lt;unknown&gt;&#10;#15 0xffff8d28bf18 &lt;unknown&gt;">tests/test_history.py:203: in test_ht_005_view_chat_history
    sidebar.click_new_chat()
src/pages/history_page.py:116: in click_new_chat
    self.click_safely("new_chat_btn")
src/pages/base_page.py:39: in click_safely
    element = wait.until(EC.presence_of_element_located(locator))
/usr/local/lib/python3.14/site-packages/selenium/webdriver/support/wait.py:105: in until
    raise TimeoutException(message, screen, stacktrace)
E   selenium.common.exceptions.TimeoutException: Message: 
E   Stacktrace:
E   #0 0xaaaad6664c18 &lt;unknown&gt;
E   #1 0xaaaad608e0d0 &lt;unknown&gt;
E   #2 0xaaaad60d6f4c &lt;unknown&gt;
E   #3 0xaaaad6112d3c &lt;unknown&gt;
E   #4 0xaaaad60cb998 &lt;unknown&gt;
E   #5 0xaaaad662f79c &lt;unknown&gt;
E   #6 0xaaaad663282c &lt;unknown&gt;
E   #7 0xaaaad6632408 &lt;unknown&gt;
E   #8 0xaaaad661a620 &lt;unknown&gt;
E   #9 0xaaaad6632eac &lt;unknown&gt;
E   #10 0xaaaad660493c &lt;unknown&gt;
E   #11 0xaaaad6651abc &lt;unknown&gt;
E   #12 0xaaaad6651cc8 &lt;unknown&gt;
E   #13 0xaaaad666397c &lt;unknown&gt;
E   #14 0xffff8d22202c &lt;unknown&gt;
E   #15 0xffff8d28bf18 &lt;unknown&gt;</failure></testcase><testcase classname="tests.test_history" name="test_ht_006_delete_chat" time="13.299"><failure message="selenium.common.exceptions.TimeoutException: Message: &#10;Stacktrace:&#10;#0 0xaaaad6664c18 &lt;unknown&gt;&#10;#1 0xaaaad608e0d0 &lt;unknown&gt;&#10;#2 0xaaaad60d6f4c &lt;unknown&gt;&#10;#3 0xaaaad6112d3c &lt;unknown&gt;&#10;#4 0xaaaad60cb998 &lt;unknown&gt;&#10;#5 0xaaaad662f79c &lt;unknown&gt;&#10;#6 0xaaaad663282c &lt;unknown&gt;&#10;#7 0xaaaad6632408 &lt;unknown&gt;&#10;#8 0xaaaad661a620 &lt;unknown&gt;&#10;#9 0xaaaad6632eac &lt;unknown&gt;&#10;#10 0xaaaad660493c &lt;unknown&gt;&#10;#11 0xaaaad6651abc &lt;unknown&gt;&#10;#12 0xaaaad6651cc8 &lt;unknown&gt;&#10;#13 0xaaaad666397c &lt;unknown&gt;&#10;#14 0xffff8d22202c &lt;unknown&gt;&#10;#15 0xffff8d28bf18 &lt;unknown&gt;">tests/test_history.py:259: in test_ht_006_delete_chat
    sidebar.click_new_chat()
src/pages/history_page.py:116: in click_new_chat
    self.click_safely("new_chat_btn")
src/pages/base_page.py:39: in click_safely
    element = wait.until(EC.presence_of_element_located(locator))
/usr/local/lib/python3.14/site-packages/selenium/webdriver/support/wait.py:105: in until
    raise TimeoutException(message, screen, stacktrace)
E   selenium.common.exceptions.TimeoutException: Message: 
E   Stacktrace:
E   #0 0xaaaad6664c18 &lt;unknown&gt;
E   #1 0xaaaad608e0d0 &lt;unknown&gt;
E   #2 0xaaaad60d6f4c &lt;unknown&gt;
E   #3 0xaaaad6112d3c &lt;unknown&gt;
E   #4 0xaaaad60cb998 &lt;unknown&gt;
E   #5 0xaaaad662f79c &lt;unknown&gt;
E   #6 0xaaaad663282c &lt;unknown&gt;
E   #7 0xaaaad6632408 &lt;unknown&gt;
E   #8 0xaaaad661a620 &lt;unknown&gt;
E   #9 0xaaaad6632eac &lt;unknown&gt;
E   #10 0xaaaad660493c &lt;unknown&gt;
E   #11 0xaaaad6651abc &lt;unknown&gt;
E   #12 0xaaaad6651cc8 &lt;unknown&gt;
E   #13 0xaaaad666397c &lt;unknown&gt;
E   #14 0xffff8d22202c &lt;unknown&gt;
E   #15 0xffff8d28bf18 &lt;unknown&gt;</failure></testcase><testcase classname="tests.test_history" name="test_ht_007_chat_history_ordered_by_time" time="12.993"><failure message="selenium.common.exceptions.TimeoutException: Message: &#10;Stacktrace:&#10;#0 0xaaaad6664c18 &lt;unknown&gt;&#10;#1 0xaaaad608e0d0 &lt;unknown&gt;&#10;#2 0xaaaad60d6f4c &lt;unknown&gt;&#10;#3 0xaaaad6112d3c &lt;unknown&gt;&#10;#4 0xaaaad60cb998 &lt;unknown&gt;&#10;#5 0xaaaad662f79c &lt;unknown&gt;&#10;#6 0xaaaad663282c &lt;unknown&gt;&#10;#7 0xaaaad6632408 &lt;unknown&gt;&#10;#8 0xaaaad661a620 &lt;unknown&gt;&#10;#9 0xaaaad6632eac &lt;unknown&gt;&#10;#10 0xaaaad660493c &lt;unknown&gt;&#10;#11 0xaaaad6651abc &lt;unknown&gt;&#10;#12 0xaaaad6651cc8 &lt;unknown&gt;&#10;#13 0xaaaad666397c &lt;unknown&gt;&#10;#14 0xffff8d22202c &lt;unknown&gt;&#10;#15 0xffff8d28bf18 &lt;unknown&gt;">tests/test_history.py:356: in test_ht_007_chat_history_ordered_by_time
    sidebar.click_new_chat()            # 클릭 시 clickable()로 명시적 대기
src/pages/history_page.py:116: in click_new_chat
    self.click_safely("new_chat_btn")
src/pages/base_page.py:39: in click_safely
    element = wait.until(EC.presence_of_element_located(locator))
/usr/local/lib/python3.14/site-packages/selenium/webdriver/support/wait.py:105: in until
    raise TimeoutException(message, screen, stacktrace)
E   selenium.common.exceptions.TimeoutException: Message: 
E   Stacktrace:
E   #0 0xaaaad6664c18 &lt;unknown&gt;
E   #1 0xaaaad608e0d0 &lt;unknown&gt;
E   #2 0xaaaad60d6f4c &lt;unknown&gt;
E   #3 0xaaaad6112d3c &lt;unknown&gt;
E   #4 0xaaaad60cb998 &lt;unknown&gt;
E   #5 0xaaaad662f79c &lt;unknown&gt;
E   #6 0xaaaad663282c &lt;unknown&gt;
E   #7 0xaaaad6632408 &lt;unknown&gt;
E   #8 0xaaaad661a620 &lt;unknown&gt;
E   #9 0xaaaad6632eac &lt;unknown&gt;
E   #10 0xaaaad660493c &lt;unknown&gt;
E   #11 0xaaaad6651abc &lt;unknown&gt;
E   #12 0xaaaad6651cc8 &lt;unknown&gt;
E   #13 0xaaaad666397c &lt;unknown&gt;
E   #14 0xffff8d22202c &lt;unknown&gt;
E   #15 0xffff8d28bf18 &lt;unknown&gt;</failure></testcase></testsuite></testsuites>