<?xml version="1.0" encoding="utf-8"?><testsuites><testsuite name="pytest" errors="0" failures="6" skipped="0" tests="14" time="170.527" timestamp="2025-11-16T12:54:33.667091+00:00" hostname="a7a03e2c9884"><testcase classname="tests.test_account" name="test_ac_001_login" time="7.469" /><testcase classname="tests.test_account" name="test_ac_002_duplicate_email" time="4.257" /><testcase classname="tests.test_account" name="test_ac_003_negative_login" time="9.952" /><testcase classname="tests.test_account" name="test_ac_004_positive_login" time="20.202" /><testcase classname="tests.test_account" name="test_ac_005_login_with_non_email_format" time="7.201" /><testcase classname="tests.test_account" name="test_ac_006_login_with_spaces" time="6.985" /><testcase classname="tests.test_account" name="test_ac_007_logout" time="10.561" /><testcase classname="tests.test_history" name="test_ht_001" time="30.650"><failure message="selenium.common.exceptions.TimeoutException: Message: &#10;Stacktrace:&#10;#0 0xaaaac2b44c18 &lt;unknown&gt;&#10;#1 0xaaaac256e0d0 &lt;unknown&gt;&#10;#2 0xaaaac25b6f4c &lt;unknown&gt;&#10;#3 0xaaaac25f2d3c &lt;unknown&gt;&#10;#4 0xaaaac25ab998 &lt;unknown&gt;&#10;#5 0xaaaac2b0f79c &lt;unknown&gt;&#10;#6 0xaaaac2b1282c &lt;unknown&gt;&#10;#7 0xaaaac2b12408 &lt;unknown&gt;&#10;#8 0xaaaac2afa620 &lt;unknown&gt;&#10;#9 0xaaaac2b12eac &lt;unknown&gt;&#10;#10 0xaaaac2ae493c &lt;unknown&gt;&#10;#11 0xaaaac2b31abc &lt;unknown&gt;&#10;#12 0xaaaac2b31cc8 &lt;unknown&gt;&#10;#13 0xaaaac2b4397c &lt;unknown&gt;&#10;#14 0xffff9dc8202c &lt;unknown&gt;&#10;#15 0xffff9dcebf18 &lt;unknown&gt;">tests/test_history.py:43: in test_ht_001
    sidebar.click_new_chat()
src/pages/ht_chat_sidebar.py:27: in click_new_chat
    self.clickable(SEL_NEW_CHAT_BTN).click()
src/pages/ht_base_page.py:21: in clickable
    return self.wait(sec).until(EC.element_to_be_clickable(locator))
/usr/local/lib/python3.14/site-packages/selenium/webdriver/support/wait.py:105: in until
    raise TimeoutException(message, screen, stacktrace)
E   selenium.common.exceptions.TimeoutException: Message: 
E   Stacktrace:
E   #0 0xaaaac2b44c18 &lt;unknown&gt;
E   #1 0xaaaac256e0d0 &lt;unknown&gt;
E   #2 0xaaaac25b6f4c &lt;unknown&gt;
E   #3 0xaaaac25f2d3c &lt;unknown&gt;
E   #4 0xaaaac25ab998 &lt;unknown&gt;
E   #5 0xaaaac2b0f79c &lt;unknown&gt;
E   #6 0xaaaac2b1282c &lt;unknown&gt;
E   #7 0xaaaac2b12408 &lt;unknown&gt;
E   #8 0xaaaac2afa620 &lt;unknown&gt;
E   #9 0xaaaac2b12eac &lt;unknown&gt;
E   #10 0xaaaac2ae493c &lt;unknown&gt;
E   #11 0xaaaac2b31abc &lt;unknown&gt;
E   #12 0xaaaac2b31cc8 &lt;unknown&gt;
E   #13 0xaaaac2b4397c &lt;unknown&gt;
E   #14 0xffff9dc8202c &lt;unknown&gt;
E   #15 0xffff9dcebf18 &lt;unknown&gt;</failure></testcase><testcase classname="tests.test_history" name="test_ht_002" time="12.833"><failure message="selenium.common.exceptions.TimeoutException: Message: &#10;Stacktrace:&#10;#0 0xaaaac2b44c18 &lt;unknown&gt;&#10;#1 0xaaaac256e0d0 &lt;unknown&gt;&#10;#2 0xaaaac25b6f4c &lt;unknown&gt;&#10;#3 0xaaaac25f2d3c &lt;unknown&gt;&#10;#4 0xaaaac25ab998 &lt;unknown&gt;&#10;#5 0xaaaac2b0f79c &lt;unknown&gt;&#10;#6 0xaaaac2b1282c &lt;unknown&gt;&#10;#7 0xaaaac2b12408 &lt;unknown&gt;&#10;#8 0xaaaac2afa620 &lt;unknown&gt;&#10;#9 0xaaaac2b12eac &lt;unknown&gt;&#10;#10 0xaaaac2ae493c &lt;unknown&gt;&#10;#11 0xaaaac2b31abc &lt;unknown&gt;&#10;#12 0xaaaac2b31cc8 &lt;unknown&gt;&#10;#13 0xaaaac2b4397c &lt;unknown&gt;&#10;#14 0xffff9dc8202c &lt;unknown&gt;&#10;#15 0xffff9dcebf18 &lt;unknown&gt;">tests/test_history.py:76: in test_ht_002
    sidebar.click_new_chat()
src/pages/ht_chat_sidebar.py:27: in click_new_chat
    self.clickable(SEL_NEW_CHAT_BTN).click()
src/pages/ht_base_page.py:21: in clickable
    return self.wait(sec).until(EC.element_to_be_clickable(locator))
/usr/local/lib/python3.14/site-packages/selenium/webdriver/support/wait.py:105: in until
    raise TimeoutException(message, screen, stacktrace)
E   selenium.common.exceptions.TimeoutException: Message: 
E   Stacktrace:
E   #0 0xaaaac2b44c18 &lt;unknown&gt;
E   #1 0xaaaac256e0d0 &lt;unknown&gt;
E   #2 0xaaaac25b6f4c &lt;unknown&gt;
E   #3 0xaaaac25f2d3c &lt;unknown&gt;
E   #4 0xaaaac25ab998 &lt;unknown&gt;
E   #5 0xaaaac2b0f79c &lt;unknown&gt;
E   #6 0xaaaac2b1282c &lt;unknown&gt;
E   #7 0xaaaac2b12408 &lt;unknown&gt;
E   #8 0xaaaac2afa620 &lt;unknown&gt;
E   #9 0xaaaac2b12eac &lt;unknown&gt;
E   #10 0xaaaac2ae493c &lt;unknown&gt;
E   #11 0xaaaac2b31abc &lt;unknown&gt;
E   #12 0xaaaac2b31cc8 &lt;unknown&gt;
E   #13 0xaaaac2b4397c &lt;unknown&gt;
E   #14 0xffff9dc8202c &lt;unknown&gt;
E   #15 0xffff9dcebf18 &lt;unknown&gt;</failure></testcase><testcase classname="tests.test_history" name="test_ht_003" time="7.930" /><testcase classname="tests.test_history" name="test_ht_004" time="12.719"><failure message="selenium.common.exceptions.TimeoutException: Message: &#10;Stacktrace:&#10;#0 0xaaaac2b44c18 &lt;unknown&gt;&#10;#1 0xaaaac256e0d0 &lt;unknown&gt;&#10;#2 0xaaaac25b6f4c &lt;unknown&gt;&#10;#3 0xaaaac25f2d3c &lt;unknown&gt;&#10;#4 0xaaaac25ab998 &lt;unknown&gt;&#10;#5 0xaaaac2b0f79c &lt;unknown&gt;&#10;#6 0xaaaac2b1282c &lt;unknown&gt;&#10;#7 0xaaaac2b12408 &lt;unknown&gt;&#10;#8 0xaaaac2afa620 &lt;unknown&gt;&#10;#9 0xaaaac2b12eac &lt;unknown&gt;&#10;#10 0xaaaac2ae493c &lt;unknown&gt;&#10;#11 0xaaaac2b31abc &lt;unknown&gt;&#10;#12 0xaaaac2b31cc8 &lt;unknown&gt;&#10;#13 0xaaaac2b4397c &lt;unknown&gt;&#10;#14 0xffff9dc8202c &lt;unknown&gt;&#10;#15 0xffff9dcebf18 &lt;unknown&gt;">tests/test_history.py:125: in test_ht_004
    sidebar.click_new_chat()
src/pages/ht_chat_sidebar.py:27: in click_new_chat
    self.clickable(SEL_NEW_CHAT_BTN).click()
src/pages/ht_base_page.py:21: in clickable
    return self.wait(sec).until(EC.element_to_be_clickable(locator))
/usr/local/lib/python3.14/site-packages/selenium/webdriver/support/wait.py:105: in until
    raise TimeoutException(message, screen, stacktrace)
E   selenium.common.exceptions.TimeoutException: Message: 
E   Stacktrace:
E   #0 0xaaaac2b44c18 &lt;unknown&gt;
E   #1 0xaaaac256e0d0 &lt;unknown&gt;
E   #2 0xaaaac25b6f4c &lt;unknown&gt;
E   #3 0xaaaac25f2d3c &lt;unknown&gt;
E   #4 0xaaaac25ab998 &lt;unknown&gt;
E   #5 0xaaaac2b0f79c &lt;unknown&gt;
E   #6 0xaaaac2b1282c &lt;unknown&gt;
E   #7 0xaaaac2b12408 &lt;unknown&gt;
E   #8 0xaaaac2afa620 &lt;unknown&gt;
E   #9 0xaaaac2b12eac &lt;unknown&gt;
E   #10 0xaaaac2ae493c &lt;unknown&gt;
E   #11 0xaaaac2b31abc &lt;unknown&gt;
E   #12 0xaaaac2b31cc8 &lt;unknown&gt;
E   #13 0xaaaac2b4397c &lt;unknown&gt;
E   #14 0xffff9dc8202c &lt;unknown&gt;
E   #15 0xffff9dcebf18 &lt;unknown&gt;</failure></testcase><testcase classname="tests.test_history" name="test_ht_005" time="12.873"><failure message="selenium.common.exceptions.TimeoutException: Message: &#10;Stacktrace:&#10;#0 0xaaaac2b44c18 &lt;unknown&gt;&#10;#1 0xaaaac256e0d0 &lt;unknown&gt;&#10;#2 0xaaaac25b6f4c &lt;unknown&gt;&#10;#3 0xaaaac25f2d3c &lt;unknown&gt;&#10;#4 0xaaaac25ab998 &lt;unknown&gt;&#10;#5 0xaaaac2b0f79c &lt;unknown&gt;&#10;#6 0xaaaac2b1282c &lt;unknown&gt;&#10;#7 0xaaaac2b12408 &lt;unknown&gt;&#10;#8 0xaaaac2afa620 &lt;unknown&gt;&#10;#9 0xaaaac2b12eac &lt;unknown&gt;&#10;#10 0xaaaac2ae493c &lt;unknown&gt;&#10;#11 0xaaaac2b31abc &lt;unknown&gt;&#10;#12 0xaaaac2b31cc8 &lt;unknown&gt;&#10;#13 0xaaaac2b4397c &lt;unknown&gt;&#10;#14 0xffff9dc8202c &lt;unknown&gt;&#10;#15 0xffff9dcebf18 &lt;unknown&gt;">tests/test_history.py:200: in test_ht_005
    sidebar.click_new_chat()
src/pages/ht_chat_sidebar.py:27: in click_new_chat
    self.clickable(SEL_NEW_CHAT_BTN).click()
src/pages/ht_base_page.py:21: in clickable
    return self.wait(sec).until(EC.element_to_be_clickable(locator))
/usr/local/lib/python3.14/site-packages/selenium/webdriver/support/wait.py:105: in until
    raise TimeoutException(message, screen, stacktrace)
E   selenium.common.exceptions.TimeoutException: Message: 
E   Stacktrace:
E   #0 0xaaaac2b44c18 &lt;unknown&gt;
E   #1 0xaaaac256e0d0 &lt;unknown&gt;
E   #2 0xaaaac25b6f4c &lt;unknown&gt;
E   #3 0xaaaac25f2d3c &lt;unknown&gt;
E   #4 0xaaaac25ab998 &lt;unknown&gt;
E   #5 0xaaaac2b0f79c &lt;unknown&gt;
E   #6 0xaaaac2b1282c &lt;unknown&gt;
E   #7 0xaaaac2b12408 &lt;unknown&gt;
E   #8 0xaaaac2afa620 &lt;unknown&gt;
E   #9 0xaaaac2b12eac &lt;unknown&gt;
E   #10 0xaaaac2ae493c &lt;unknown&gt;
E   #11 0xaaaac2b31abc &lt;unknown&gt;
E   #12 0xaaaac2b31cc8 &lt;unknown&gt;
E   #13 0xaaaac2b4397c &lt;unknown&gt;
E   #14 0xffff9dc8202c &lt;unknown&gt;
E   #15 0xffff9dcebf18 &lt;unknown&gt;</failure></testcase><testcase classname="tests.test_history" name="test_ht_006" time="12.898"><failure message="selenium.common.exceptions.TimeoutException: Message: &#10;Stacktrace:&#10;#0 0xaaaac2b44c18 &lt;unknown&gt;&#10;#1 0xaaaac256e0d0 &lt;unknown&gt;&#10;#2 0xaaaac25b6f4c &lt;unknown&gt;&#10;#3 0xaaaac25f2d3c &lt;unknown&gt;&#10;#4 0xaaaac25ab998 &lt;unknown&gt;&#10;#5 0xaaaac2b0f79c &lt;unknown&gt;&#10;#6 0xaaaac2b1282c &lt;unknown&gt;&#10;#7 0xaaaac2b12408 &lt;unknown&gt;&#10;#8 0xaaaac2afa620 &lt;unknown&gt;&#10;#9 0xaaaac2b12eac &lt;unknown&gt;&#10;#10 0xaaaac2ae493c &lt;unknown&gt;&#10;#11 0xaaaac2b31abc &lt;unknown&gt;&#10;#12 0xaaaac2b31cc8 &lt;unknown&gt;&#10;#13 0xaaaac2b4397c &lt;unknown&gt;&#10;#14 0xffff9dc8202c &lt;unknown&gt;&#10;#15 0xffff9dcebf18 &lt;unknown&gt;">tests/test_history.py:250: in test_ht_006
    sidebar.click_new_chat()
src/pages/ht_chat_sidebar.py:27: in click_new_chat
    self.clickable(SEL_NEW_CHAT_BTN).click()
src/pages/ht_base_page.py:21: in clickable
    return self.wait(sec).until(EC.element_to_be_clickable(locator))
/usr/local/lib/python3.14/site-packages/selenium/webdriver/support/wait.py:105: in until
    raise TimeoutException(message, screen, stacktrace)
E   selenium.common.exceptions.TimeoutException: Message: 
E   Stacktrace:
E   #0 0xaaaac2b44c18 &lt;unknown&gt;
E   #1 0xaaaac256e0d0 &lt;unknown&gt;
E   #2 0xaaaac25b6f4c &lt;unknown&gt;
E   #3 0xaaaac25f2d3c &lt;unknown&gt;
E   #4 0xaaaac25ab998 &lt;unknown&gt;
E   #5 0xaaaac2b0f79c &lt;unknown&gt;
E   #6 0xaaaac2b1282c &lt;unknown&gt;
E   #7 0xaaaac2b12408 &lt;unknown&gt;
E   #8 0xaaaac2afa620 &lt;unknown&gt;
E   #9 0xaaaac2b12eac &lt;unknown&gt;
E   #10 0xaaaac2ae493c &lt;unknown&gt;
E   #11 0xaaaac2b31abc &lt;unknown&gt;
E   #12 0xaaaac2b31cc8 &lt;unknown&gt;
E   #13 0xaaaac2b4397c &lt;unknown&gt;
E   #14 0xffff9dc8202c &lt;unknown&gt;
E   #15 0xffff9dcebf18 &lt;unknown&gt;</failure></testcase><testcase classname="tests.test_history" name="test_ht_007" time="13.205"><failure message="selenium.common.exceptions.TimeoutException: Message: &#10;Stacktrace:&#10;#0 0xaaaac2b44c18 &lt;unknown&gt;&#10;#1 0xaaaac256e0d0 &lt;unknown&gt;&#10;#2 0xaaaac25b6f4c &lt;unknown&gt;&#10;#3 0xaaaac25f2d3c &lt;unknown&gt;&#10;#4 0xaaaac25ab998 &lt;unknown&gt;&#10;#5 0xaaaac2b0f79c &lt;unknown&gt;&#10;#6 0xaaaac2b1282c &lt;unknown&gt;&#10;#7 0xaaaac2b12408 &lt;unknown&gt;&#10;#8 0xaaaac2afa620 &lt;unknown&gt;&#10;#9 0xaaaac2b12eac &lt;unknown&gt;&#10;#10 0xaaaac2ae493c &lt;unknown&gt;&#10;#11 0xaaaac2b31abc &lt;unknown&gt;&#10;#12 0xaaaac2b31cc8 &lt;unknown&gt;&#10;#13 0xaaaac2b4397c &lt;unknown&gt;&#10;#14 0xffff9dc8202c &lt;unknown&gt;&#10;#15 0xffff9dcebf18 &lt;unknown&gt;">tests/test_history.py:306: in test_ht_007
    sidebar.click_new_chat()
src/pages/ht_chat_sidebar.py:27: in click_new_chat
    self.clickable(SEL_NEW_CHAT_BTN).click()
src/pages/ht_base_page.py:21: in clickable
    return self.wait(sec).until(EC.element_to_be_clickable(locator))
/usr/local/lib/python3.14/site-packages/selenium/webdriver/support/wait.py:105: in until
    raise TimeoutException(message, screen, stacktrace)
E   selenium.common.exceptions.TimeoutException: Message: 
E   Stacktrace:
E   #0 0xaaaac2b44c18 &lt;unknown&gt;
E   #1 0xaaaac256e0d0 &lt;unknown&gt;
E   #2 0xaaaac25b6f4c &lt;unknown&gt;
E   #3 0xaaaac25f2d3c &lt;unknown&gt;
E   #4 0xaaaac25ab998 &lt;unknown&gt;
E   #5 0xaaaac2b0f79c &lt;unknown&gt;
E   #6 0xaaaac2b1282c &lt;unknown&gt;
E   #7 0xaaaac2b12408 &lt;unknown&gt;
E   #8 0xaaaac2afa620 &lt;unknown&gt;
E   #9 0xaaaac2b12eac &lt;unknown&gt;
E   #10 0xaaaac2ae493c &lt;unknown&gt;
E   #11 0xaaaac2b31abc &lt;unknown&gt;
E   #12 0xaaaac2b31cc8 &lt;unknown&gt;
E   #13 0xaaaac2b4397c &lt;unknown&gt;
E   #14 0xffff9dc8202c &lt;unknown&gt;
E   #15 0xffff9dcebf18 &lt;unknown&gt;</failure></testcase></testsuite></testsuites>