<?xml version="1.0" encoding="utf-8"?><testsuites><testsuite name="pytest" errors="0" failures="6" skipped="0" tests="14" time="170.610" timestamp="2025-11-16T17:01:51.618442+00:00" hostname="f6f87c5b7b4d"><testcase classname="tests.test_account" name="test_ac_001_login" time="5.529" /><testcase classname="tests.test_account" name="test_ac_002_duplicate_email" time="2.085" /><testcase classname="tests.test_account" name="test_ac_003_negative_login" time="10.697" /><testcase classname="tests.test_account" name="test_ac_004_positive_login" time="20.043" /><testcase classname="tests.test_account" name="test_ac_005_login_with_non_email_format" time="8.101" /><testcase classname="tests.test_account" name="test_ac_006_login_with_spaces" time="6.973" /><testcase classname="tests.test_account" name="test_ac_007_logout" time="10.056" /><testcase classname="tests.test_history" name="test_ht_001" time="30.627"><failure message="selenium.common.exceptions.TimeoutException: Message: &#10;Stacktrace:&#10;#0 0xaaaadb854c18 &lt;unknown&gt;&#10;#1 0xaaaadb27e0d0 &lt;unknown&gt;&#10;#2 0xaaaadb2c6f4c &lt;unknown&gt;&#10;#3 0xaaaadb302d3c &lt;unknown&gt;&#10;#4 0xaaaadb2bb998 &lt;unknown&gt;&#10;#5 0xaaaadb81f79c &lt;unknown&gt;&#10;#6 0xaaaadb82282c &lt;unknown&gt;&#10;#7 0xaaaadb822408 &lt;unknown&gt;&#10;#8 0xaaaadb80a620 &lt;unknown&gt;&#10;#9 0xaaaadb822eac &lt;unknown&gt;&#10;#10 0xaaaadb7f493c &lt;unknown&gt;&#10;#11 0xaaaadb841abc &lt;unknown&gt;&#10;#12 0xaaaadb841cc8 &lt;unknown&gt;&#10;#13 0xaaaadb85397c &lt;unknown&gt;&#10;#14 0xffff9d75202c &lt;unknown&gt;&#10;#15 0xffff9d7bbf18 &lt;unknown&gt;">tests/test_history.py:43: in test_ht_001
    sidebar.click_new_chat()
src/pages/ht_chat_sidebar.py:27: in click_new_chat
    self.clickable(SEL_NEW_CHAT_BTN).click()
src/pages/ht_base_page.py:21: in clickable
    return self.wait(sec).until(EC.element_to_be_clickable(locator))
/usr/local/lib/python3.14/site-packages/selenium/webdriver/support/wait.py:105: in until
    raise TimeoutException(message, screen, stacktrace)
E   selenium.common.exceptions.TimeoutException: Message: 
E   Stacktrace:
E   #0 0xaaaadb854c18 &lt;unknown&gt;
E   #1 0xaaaadb27e0d0 &lt;unknown&gt;
E   #2 0xaaaadb2c6f4c &lt;unknown&gt;
E   #3 0xaaaadb302d3c &lt;unknown&gt;
E   #4 0xaaaadb2bb998 &lt;unknown&gt;
E   #5 0xaaaadb81f79c &lt;unknown&gt;
E   #6 0xaaaadb82282c &lt;unknown&gt;
E   #7 0xaaaadb822408 &lt;unknown&gt;
E   #8 0xaaaadb80a620 &lt;unknown&gt;
E   #9 0xaaaadb822eac &lt;unknown&gt;
E   #10 0xaaaadb7f493c &lt;unknown&gt;
E   #11 0xaaaadb841abc &lt;unknown&gt;
E   #12 0xaaaadb841cc8 &lt;unknown&gt;
E   #13 0xaaaadb85397c &lt;unknown&gt;
E   #14 0xffff9d75202c &lt;unknown&gt;
E   #15 0xffff9d7bbf18 &lt;unknown&gt;</failure></testcase><testcase classname="tests.test_history" name="test_ht_002" time="12.829"><failure message="selenium.common.exceptions.TimeoutException: Message: &#10;Stacktrace:&#10;#0 0xaaaadb854c18 &lt;unknown&gt;&#10;#1 0xaaaadb27e0d0 &lt;unknown&gt;&#10;#2 0xaaaadb2c6f4c &lt;unknown&gt;&#10;#3 0xaaaadb302d3c &lt;unknown&gt;&#10;#4 0xaaaadb2bb998 &lt;unknown&gt;&#10;#5 0xaaaadb81f79c &lt;unknown&gt;&#10;#6 0xaaaadb82282c &lt;unknown&gt;&#10;#7 0xaaaadb822408 &lt;unknown&gt;&#10;#8 0xaaaadb80a620 &lt;unknown&gt;&#10;#9 0xaaaadb822eac &lt;unknown&gt;&#10;#10 0xaaaadb7f493c &lt;unknown&gt;&#10;#11 0xaaaadb841abc &lt;unknown&gt;&#10;#12 0xaaaadb841cc8 &lt;unknown&gt;&#10;#13 0xaaaadb85397c &lt;unknown&gt;&#10;#14 0xffff9d75202c &lt;unknown&gt;&#10;#15 0xffff9d7bbf18 &lt;unknown&gt;">tests/test_history.py:76: in test_ht_002
    sidebar.click_new_chat()
src/pages/ht_chat_sidebar.py:27: in click_new_chat
    self.clickable(SEL_NEW_CHAT_BTN).click()
src/pages/ht_base_page.py:21: in clickable
    return self.wait(sec).until(EC.element_to_be_clickable(locator))
/usr/local/lib/python3.14/site-packages/selenium/webdriver/support/wait.py:105: in until
    raise TimeoutException(message, screen, stacktrace)
E   selenium.common.exceptions.TimeoutException: Message: 
E   Stacktrace:
E   #0 0xaaaadb854c18 &lt;unknown&gt;
E   #1 0xaaaadb27e0d0 &lt;unknown&gt;
E   #2 0xaaaadb2c6f4c &lt;unknown&gt;
E   #3 0xaaaadb302d3c &lt;unknown&gt;
E   #4 0xaaaadb2bb998 &lt;unknown&gt;
E   #5 0xaaaadb81f79c &lt;unknown&gt;
E   #6 0xaaaadb82282c &lt;unknown&gt;
E   #7 0xaaaadb822408 &lt;unknown&gt;
E   #8 0xaaaadb80a620 &lt;unknown&gt;
E   #9 0xaaaadb822eac &lt;unknown&gt;
E   #10 0xaaaadb7f493c &lt;unknown&gt;
E   #11 0xaaaadb841abc &lt;unknown&gt;
E   #12 0xaaaadb841cc8 &lt;unknown&gt;
E   #13 0xaaaadb85397c &lt;unknown&gt;
E   #14 0xffff9d75202c &lt;unknown&gt;
E   #15 0xffff9d7bbf18 &lt;unknown&gt;</failure></testcase><testcase classname="tests.test_history" name="test_ht_003" time="8.519" /><testcase classname="tests.test_history" name="test_ht_004" time="13.845"><failure message="selenium.common.exceptions.TimeoutException: Message: &#10;Stacktrace:&#10;#0 0xaaaadb854c18 &lt;unknown&gt;&#10;#1 0xaaaadb27e0d0 &lt;unknown&gt;&#10;#2 0xaaaadb2c6f4c &lt;unknown&gt;&#10;#3 0xaaaadb302d3c &lt;unknown&gt;&#10;#4 0xaaaadb2bb998 &lt;unknown&gt;&#10;#5 0xaaaadb81f79c &lt;unknown&gt;&#10;#6 0xaaaadb82282c &lt;unknown&gt;&#10;#7 0xaaaadb822408 &lt;unknown&gt;&#10;#8 0xaaaadb80a620 &lt;unknown&gt;&#10;#9 0xaaaadb822eac &lt;unknown&gt;&#10;#10 0xaaaadb7f493c &lt;unknown&gt;&#10;#11 0xaaaadb841abc &lt;unknown&gt;&#10;#12 0xaaaadb841cc8 &lt;unknown&gt;&#10;#13 0xaaaadb85397c &lt;unknown&gt;&#10;#14 0xffff9d75202c &lt;unknown&gt;&#10;#15 0xffff9d7bbf18 &lt;unknown&gt;">tests/test_history.py:125: in test_ht_004
    sidebar.click_new_chat()
src/pages/ht_chat_sidebar.py:27: in click_new_chat
    self.clickable(SEL_NEW_CHAT_BTN).click()
src/pages/ht_base_page.py:21: in clickable
    return self.wait(sec).until(EC.element_to_be_clickable(locator))
/usr/local/lib/python3.14/site-packages/selenium/webdriver/support/wait.py:105: in until
    raise TimeoutException(message, screen, stacktrace)
E   selenium.common.exceptions.TimeoutException: Message: 
E   Stacktrace:
E   #0 0xaaaadb854c18 &lt;unknown&gt;
E   #1 0xaaaadb27e0d0 &lt;unknown&gt;
E   #2 0xaaaadb2c6f4c &lt;unknown&gt;
E   #3 0xaaaadb302d3c &lt;unknown&gt;
E   #4 0xaaaadb2bb998 &lt;unknown&gt;
E   #5 0xaaaadb81f79c &lt;unknown&gt;
E   #6 0xaaaadb82282c &lt;unknown&gt;
E   #7 0xaaaadb822408 &lt;unknown&gt;
E   #8 0xaaaadb80a620 &lt;unknown&gt;
E   #9 0xaaaadb822eac &lt;unknown&gt;
E   #10 0xaaaadb7f493c &lt;unknown&gt;
E   #11 0xaaaadb841abc &lt;unknown&gt;
E   #12 0xaaaadb841cc8 &lt;unknown&gt;
E   #13 0xaaaadb85397c &lt;unknown&gt;
E   #14 0xffff9d75202c &lt;unknown&gt;
E   #15 0xffff9d7bbf18 &lt;unknown&gt;</failure></testcase><testcase classname="tests.test_history" name="test_ht_005" time="13.438"><failure message="selenium.common.exceptions.TimeoutException: Message: &#10;Stacktrace:&#10;#0 0xaaaadb854c18 &lt;unknown&gt;&#10;#1 0xaaaadb27e0d0 &lt;unknown&gt;&#10;#2 0xaaaadb2c6f4c &lt;unknown&gt;&#10;#3 0xaaaadb302d3c &lt;unknown&gt;&#10;#4 0xaaaadb2bb998 &lt;unknown&gt;&#10;#5 0xaaaadb81f79c &lt;unknown&gt;&#10;#6 0xaaaadb82282c &lt;unknown&gt;&#10;#7 0xaaaadb822408 &lt;unknown&gt;&#10;#8 0xaaaadb80a620 &lt;unknown&gt;&#10;#9 0xaaaadb822eac &lt;unknown&gt;&#10;#10 0xaaaadb7f493c &lt;unknown&gt;&#10;#11 0xaaaadb841abc &lt;unknown&gt;&#10;#12 0xaaaadb841cc8 &lt;unknown&gt;&#10;#13 0xaaaadb85397c &lt;unknown&gt;&#10;#14 0xffff9d75202c &lt;unknown&gt;&#10;#15 0xffff9d7bbf18 &lt;unknown&gt;">tests/test_history.py:200: in test_ht_005
    sidebar.click_new_chat()
src/pages/ht_chat_sidebar.py:27: in click_new_chat
    self.clickable(SEL_NEW_CHAT_BTN).click()
src/pages/ht_base_page.py:21: in clickable
    return self.wait(sec).until(EC.element_to_be_clickable(locator))
/usr/local/lib/python3.14/site-packages/selenium/webdriver/support/wait.py:105: in until
    raise TimeoutException(message, screen, stacktrace)
E   selenium.common.exceptions.TimeoutException: Message: 
E   Stacktrace:
E   #0 0xaaaadb854c18 &lt;unknown&gt;
E   #1 0xaaaadb27e0d0 &lt;unknown&gt;
E   #2 0xaaaadb2c6f4c &lt;unknown&gt;
E   #3 0xaaaadb302d3c &lt;unknown&gt;
E   #4 0xaaaadb2bb998 &lt;unknown&gt;
E   #5 0xaaaadb81f79c &lt;unknown&gt;
E   #6 0xaaaadb82282c &lt;unknown&gt;
E   #7 0xaaaadb822408 &lt;unknown&gt;
E   #8 0xaaaadb80a620 &lt;unknown&gt;
E   #9 0xaaaadb822eac &lt;unknown&gt;
E   #10 0xaaaadb7f493c &lt;unknown&gt;
E   #11 0xaaaadb841abc &lt;unknown&gt;
E   #12 0xaaaadb841cc8 &lt;unknown&gt;
E   #13 0xaaaadb85397c &lt;unknown&gt;
E   #14 0xffff9d75202c &lt;unknown&gt;
E   #15 0xffff9d7bbf18 &lt;unknown&gt;</failure></testcase><testcase classname="tests.test_history" name="test_ht_006" time="13.575"><failure message="selenium.common.exceptions.TimeoutException: Message: &#10;Stacktrace:&#10;#0 0xaaaadb854c18 &lt;unknown&gt;&#10;#1 0xaaaadb27e0d0 &lt;unknown&gt;&#10;#2 0xaaaadb2c6f4c &lt;unknown&gt;&#10;#3 0xaaaadb302d3c &lt;unknown&gt;&#10;#4 0xaaaadb2bb998 &lt;unknown&gt;&#10;#5 0xaaaadb81f79c &lt;unknown&gt;&#10;#6 0xaaaadb82282c &lt;unknown&gt;&#10;#7 0xaaaadb822408 &lt;unknown&gt;&#10;#8 0xaaaadb80a620 &lt;unknown&gt;&#10;#9 0xaaaadb822eac &lt;unknown&gt;&#10;#10 0xaaaadb7f493c &lt;unknown&gt;&#10;#11 0xaaaadb841abc &lt;unknown&gt;&#10;#12 0xaaaadb841cc8 &lt;unknown&gt;&#10;#13 0xaaaadb85397c &lt;unknown&gt;&#10;#14 0xffff9d75202c &lt;unknown&gt;&#10;#15 0xffff9d7bbf18 &lt;unknown&gt;">tests/test_history.py:250: in test_ht_006
    sidebar.click_new_chat()
src/pages/ht_chat_sidebar.py:27: in click_new_chat
    self.clickable(SEL_NEW_CHAT_BTN).click()
src/pages/ht_base_page.py:21: in clickable
    return self.wait(sec).until(EC.element_to_be_clickable(locator))
/usr/local/lib/python3.14/site-packages/selenium/webdriver/support/wait.py:105: in until
    raise TimeoutException(message, screen, stacktrace)
E   selenium.common.exceptions.TimeoutException: Message: 
E   Stacktrace:
E   #0 0xaaaadb854c18 &lt;unknown&gt;
E   #1 0xaaaadb27e0d0 &lt;unknown&gt;
E   #2 0xaaaadb2c6f4c &lt;unknown&gt;
E   #3 0xaaaadb302d3c &lt;unknown&gt;
E   #4 0xaaaadb2bb998 &lt;unknown&gt;
E   #5 0xaaaadb81f79c &lt;unknown&gt;
E   #6 0xaaaadb82282c &lt;unknown&gt;
E   #7 0xaaaadb822408 &lt;unknown&gt;
E   #8 0xaaaadb80a620 &lt;unknown&gt;
E   #9 0xaaaadb822eac &lt;unknown&gt;
E   #10 0xaaaadb7f493c &lt;unknown&gt;
E   #11 0xaaaadb841abc &lt;unknown&gt;
E   #12 0xaaaadb841cc8 &lt;unknown&gt;
E   #13 0xaaaadb85397c &lt;unknown&gt;
E   #14 0xffff9d75202c &lt;unknown&gt;
E   #15 0xffff9d7bbf18 &lt;unknown&gt;</failure></testcase><testcase classname="tests.test_history" name="test_ht_007" time="13.711"><failure message="selenium.common.exceptions.TimeoutException: Message: &#10;Stacktrace:&#10;#0 0xaaaadb854c18 &lt;unknown&gt;&#10;#1 0xaaaadb27e0d0 &lt;unknown&gt;&#10;#2 0xaaaadb2c6f4c &lt;unknown&gt;&#10;#3 0xaaaadb302d3c &lt;unknown&gt;&#10;#4 0xaaaadb2bb998 &lt;unknown&gt;&#10;#5 0xaaaadb81f79c &lt;unknown&gt;&#10;#6 0xaaaadb82282c &lt;unknown&gt;&#10;#7 0xaaaadb822408 &lt;unknown&gt;&#10;#8 0xaaaadb80a620 &lt;unknown&gt;&#10;#9 0xaaaadb822eac &lt;unknown&gt;&#10;#10 0xaaaadb7f493c &lt;unknown&gt;&#10;#11 0xaaaadb841abc &lt;unknown&gt;&#10;#12 0xaaaadb841cc8 &lt;unknown&gt;&#10;#13 0xaaaadb85397c &lt;unknown&gt;&#10;#14 0xffff9d75202c &lt;unknown&gt;&#10;#15 0xffff9d7bbf18 &lt;unknown&gt;">tests/test_history.py:306: in test_ht_007
    sidebar.click_new_chat()
src/pages/ht_chat_sidebar.py:27: in click_new_chat
    self.clickable(SEL_NEW_CHAT_BTN).click()
src/pages/ht_base_page.py:21: in clickable
    return self.wait(sec).until(EC.element_to_be_clickable(locator))
/usr/local/lib/python3.14/site-packages/selenium/webdriver/support/wait.py:105: in until
    raise TimeoutException(message, screen, stacktrace)
E   selenium.common.exceptions.TimeoutException: Message: 
E   Stacktrace:
E   #0 0xaaaadb854c18 &lt;unknown&gt;
E   #1 0xaaaadb27e0d0 &lt;unknown&gt;
E   #2 0xaaaadb2c6f4c &lt;unknown&gt;
E   #3 0xaaaadb302d3c &lt;unknown&gt;
E   #4 0xaaaadb2bb998 &lt;unknown&gt;
E   #5 0xaaaadb81f79c &lt;unknown&gt;
E   #6 0xaaaadb82282c &lt;unknown&gt;
E   #7 0xaaaadb822408 &lt;unknown&gt;
E   #8 0xaaaadb80a620 &lt;unknown&gt;
E   #9 0xaaaadb822eac &lt;unknown&gt;
E   #10 0xaaaadb7f493c &lt;unknown&gt;
E   #11 0xaaaadb841abc &lt;unknown&gt;
E   #12 0xaaaadb841cc8 &lt;unknown&gt;
E   #13 0xaaaadb85397c &lt;unknown&gt;
E   #14 0xffff9d75202c &lt;unknown&gt;
E   #15 0xffff9d7bbf18 &lt;unknown&gt;</failure></testcase></testsuite></testsuites>