<?xml version='1.1' encoding='UTF-8'?>
<result plugin="junit@1369.v15da_00283f06">
  <suites>
    <suite>
      <file>/var/jenkins_home/workspace/elice_bugshunters/reports/test-results.xml</file>
      <name>pytest</name>
      <duration>167.709</duration>
      <startTime>1763308084240</startTime>
      <properties/>
      <timestamp>2025-11-16T15:48:04.240021+00:00</timestamp>
      <time>167.709</time>
      <nodeId>43</nodeId>
      <enclosingBlocks>
        <string>39</string>
      </enclosingBlocks>
      <enclosingBlockNames>
        <string>Declarative: Post Actions</string>
      </enclosingBlockNames>
      <cases>
        <case>
          <duration>4.459</duration>
          <startTime>1763308084240</startTime>
          <className>tests.test_account</className>
          <testName>test_ac_001_login</testName>
          <skipped>false</skipped>
          <keepTestNames>false</keepTestNames>
          <properties/>
          <failedSince>0</failedSince>
        </case>
        <case>
          <duration>2.964</duration>
          <startTime>1763308088699</startTime>
          <className>tests.test_account</className>
          <testName>test_ac_002_duplicate_email</testName>
          <skipped>false</skipped>
          <keepTestNames>false</keepTestNames>
          <properties/>
          <failedSince>0</failedSince>
        </case>
        <case>
          <duration>9.551</duration>
          <startTime>1763308091663</startTime>
          <className>tests.test_account</className>
          <testName>test_ac_003_negative_login</testName>
          <skipped>false</skipped>
          <keepTestNames>false</keepTestNames>
          <properties/>
          <failedSince>0</failedSince>
        </case>
        <case>
          <duration>20.389</duration>
          <startTime>1763308101214</startTime>
          <className>tests.test_account</className>
          <testName>test_ac_004_positive_login</testName>
          <skipped>false</skipped>
          <keepTestNames>false</keepTestNames>
          <properties/>
          <failedSince>0</failedSince>
        </case>
        <case>
          <duration>6.786</duration>
          <startTime>1763308121603</startTime>
          <className>tests.test_account</className>
          <testName>test_ac_005_login_with_non_email_format</testName>
          <skipped>false</skipped>
          <keepTestNames>false</keepTestNames>
          <properties/>
          <failedSince>0</failedSince>
        </case>
        <case>
          <duration>6.791</duration>
          <startTime>1763308128389</startTime>
          <className>tests.test_account</className>
          <testName>test_ac_006_login_with_spaces</testName>
          <skipped>false</skipped>
          <keepTestNames>false</keepTestNames>
          <properties/>
          <failedSince>0</failedSince>
        </case>
        <case>
          <duration>10.105</duration>
          <startTime>1763308135180</startTime>
          <className>tests.test_account</className>
          <testName>test_ac_007_logout</testName>
          <skipped>false</skipped>
          <keepTestNames>false</keepTestNames>
          <properties/>
          <failedSince>0</failedSince>
        </case>
        <case>
          <duration>30.42</duration>
          <startTime>1763308145285</startTime>
          <className>tests.test_history</className>
          <testName>test_ht_001</testName>
          <skipped>false</skipped>
          <keepTestNames>false</keepTestNames>
          <errorStackTrace>tests/test_history.py:43: in test_ht_001
    sidebar.click_new_chat()
src/pages/ht_chat_sidebar.py:27: in click_new_chat
    self.clickable(SEL_NEW_CHAT_BTN).click()
src/pages/ht_base_page.py:21: in clickable
    return self.wait(sec).until(EC.element_to_be_clickable(locator))
/usr/local/lib/python3.14/site-packages/selenium/webdriver/support/wait.py:105: in until
    raise TimeoutException(message, screen, stacktrace)
E   selenium.common.exceptions.TimeoutException: Message: 
E   Stacktrace:
E   #0 0xaaaab0f34c18 &lt;unknown&gt;
E   #1 0xaaaab095e0d0 &lt;unknown&gt;
E   #2 0xaaaab09a6f4c &lt;unknown&gt;
E   #3 0xaaaab09e2d3c &lt;unknown&gt;
E   #4 0xaaaab099b998 &lt;unknown&gt;
E   #5 0xaaaab0eff79c &lt;unknown&gt;
E   #6 0xaaaab0f0282c &lt;unknown&gt;
E   #7 0xaaaab0f02408 &lt;unknown&gt;
E   #8 0xaaaab0eea620 &lt;unknown&gt;
E   #9 0xaaaab0f02eac &lt;unknown&gt;
E   #10 0xaaaab0ed493c &lt;unknown&gt;
E   #11 0xaaaab0f21abc &lt;unknown&gt;
E   #12 0xaaaab0f21cc8 &lt;unknown&gt;
E   #13 0xaaaab0f3397c &lt;unknown&gt;
E   #14 0xffff9388202c &lt;unknown&gt;
E   #15 0xffff938ebf18 &lt;unknown&gt;</errorStackTrace>
          <errorDetails>selenium.common.exceptions.TimeoutException: Message: 
Stacktrace:
#0 0xaaaab0f34c18 &lt;unknown&gt;
#1 0xaaaab095e0d0 &lt;unknown&gt;
#2 0xaaaab09a6f4c &lt;unknown&gt;
#3 0xaaaab09e2d3c &lt;unknown&gt;
#4 0xaaaab099b998 &lt;unknown&gt;
#5 0xaaaab0eff79c &lt;unknown&gt;
#6 0xaaaab0f0282c &lt;unknown&gt;
#7 0xaaaab0f02408 &lt;unknown&gt;
#8 0xaaaab0eea620 &lt;unknown&gt;
#9 0xaaaab0f02eac &lt;unknown&gt;
#10 0xaaaab0ed493c &lt;unknown&gt;
#11 0xaaaab0f21abc &lt;unknown&gt;
#12 0xaaaab0f21cc8 &lt;unknown&gt;
#13 0xaaaab0f3397c &lt;unknown&gt;
#14 0xffff9388202c &lt;unknown&gt;
#15 0xffff938ebf18 &lt;unknown&gt;</errorDetails>
          <properties/>
          <failedSince>7</failedSince>
        </case>
        <case>
          <duration>12.724</duration>
          <startTime>1763308175705</startTime>
          <className>tests.test_history</className>
          <testName>test_ht_002</testName>
          <skipped>false</skipped>
          <keepTestNames>false</keepTestNames>
          <errorStackTrace>tests/test_history.py:76: in test_ht_002
    sidebar.click_new_chat()
src/pages/ht_chat_sidebar.py:27: in click_new_chat
    self.clickable(SEL_NEW_CHAT_BTN).click()
src/pages/ht_base_page.py:21: in clickable
    return self.wait(sec).until(EC.element_to_be_clickable(locator))
/usr/local/lib/python3.14/site-packages/selenium/webdriver/support/wait.py:105: in until
    raise TimeoutException(message, screen, stacktrace)
E   selenium.common.exceptions.TimeoutException: Message: 
E   Stacktrace:
E   #0 0xaaaab0f34c18 &lt;unknown&gt;
E   #1 0xaaaab095e0d0 &lt;unknown&gt;
E   #2 0xaaaab09a6f4c &lt;unknown&gt;
E   #3 0xaaaab09e2d3c &lt;unknown&gt;
E   #4 0xaaaab099b998 &lt;unknown&gt;
E   #5 0xaaaab0eff79c &lt;unknown&gt;
E   #6 0xaaaab0f0282c &lt;unknown&gt;
E   #7 0xaaaab0f02408 &lt;unknown&gt;
E   #8 0xaaaab0eea620 &lt;unknown&gt;
E   #9 0xaaaab0f02eac &lt;unknown&gt;
E   #10 0xaaaab0ed493c &lt;unknown&gt;
E   #11 0xaaaab0f21abc &lt;unknown&gt;
E   #12 0xaaaab0f21cc8 &lt;unknown&gt;
E   #13 0xaaaab0f3397c &lt;unknown&gt;
E   #14 0xffff9388202c &lt;unknown&gt;
E   #15 0xffff938ebf18 &lt;unknown&gt;</errorStackTrace>
          <errorDetails>selenium.common.exceptions.TimeoutException: Message: 
Stacktrace:
#0 0xaaaab0f34c18 &lt;unknown&gt;
#1 0xaaaab095e0d0 &lt;unknown&gt;
#2 0xaaaab09a6f4c &lt;unknown&gt;
#3 0xaaaab09e2d3c &lt;unknown&gt;
#4 0xaaaab099b998 &lt;unknown&gt;
#5 0xaaaab0eff79c &lt;unknown&gt;
#6 0xaaaab0f0282c &lt;unknown&gt;
#7 0xaaaab0f02408 &lt;unknown&gt;
#8 0xaaaab0eea620 &lt;unknown&gt;
#9 0xaaaab0f02eac &lt;unknown&gt;
#10 0xaaaab0ed493c &lt;unknown&gt;
#11 0xaaaab0f21abc &lt;unknown&gt;
#12 0xaaaab0f21cc8 &lt;unknown&gt;
#13 0xaaaab0f3397c &lt;unknown&gt;
#14 0xffff9388202c &lt;unknown&gt;
#15 0xffff938ebf18 &lt;unknown&gt;</errorDetails>
          <properties/>
          <failedSince>7</failedSince>
        </case>
        <case>
          <duration>8.497</duration>
          <startTime>1763308188429</startTime>
          <className>tests.test_history</className>
          <testName>test_ht_003</testName>
          <skipped>false</skipped>
          <keepTestNames>false</keepTestNames>
          <properties/>
          <failedSince>0</failedSince>
        </case>
        <case>
          <duration>13.893</duration>
          <startTime>1763308196926</startTime>
          <className>tests.test_history</className>
          <testName>test_ht_004</testName>
          <skipped>false</skipped>
          <keepTestNames>false</keepTestNames>
          <errorStackTrace>tests/test_history.py:125: in test_ht_004
    sidebar.click_new_chat()
src/pages/ht_chat_sidebar.py:27: in click_new_chat
    self.clickable(SEL_NEW_CHAT_BTN).click()
src/pages/ht_base_page.py:21: in clickable
    return self.wait(sec).until(EC.element_to_be_clickable(locator))
/usr/local/lib/python3.14/site-packages/selenium/webdriver/support/wait.py:105: in until
    raise TimeoutException(message, screen, stacktrace)
E   selenium.common.exceptions.TimeoutException: Message: 
E   Stacktrace:
E   #0 0xaaaab0f34c18 &lt;unknown&gt;
E   #1 0xaaaab095e0d0 &lt;unknown&gt;
E   #2 0xaaaab09a6f4c &lt;unknown&gt;
E   #3 0xaaaab09e2d3c &lt;unknown&gt;
E   #4 0xaaaab099b998 &lt;unknown&gt;
E   #5 0xaaaab0eff79c &lt;unknown&gt;
E   #6 0xaaaab0f0282c &lt;unknown&gt;
E   #7 0xaaaab0f02408 &lt;unknown&gt;
E   #8 0xaaaab0eea620 &lt;unknown&gt;
E   #9 0xaaaab0f02eac &lt;unknown&gt;
E   #10 0xaaaab0ed493c &lt;unknown&gt;
E   #11 0xaaaab0f21abc &lt;unknown&gt;
E   #12 0xaaaab0f21cc8 &lt;unknown&gt;
E   #13 0xaaaab0f3397c &lt;unknown&gt;
E   #14 0xffff9388202c &lt;unknown&gt;
E   #15 0xffff938ebf18 &lt;unknown&gt;</errorStackTrace>
          <errorDetails>selenium.common.exceptions.TimeoutException: Message: 
Stacktrace:
#0 0xaaaab0f34c18 &lt;unknown&gt;
#1 0xaaaab095e0d0 &lt;unknown&gt;
#2 0xaaaab09a6f4c &lt;unknown&gt;
#3 0xaaaab09e2d3c &lt;unknown&gt;
#4 0xaaaab099b998 &lt;unknown&gt;
#5 0xaaaab0eff79c &lt;unknown&gt;
#6 0xaaaab0f0282c &lt;unknown&gt;
#7 0xaaaab0f02408 &lt;unknown&gt;
#8 0xaaaab0eea620 &lt;unknown&gt;
#9 0xaaaab0f02eac &lt;unknown&gt;
#10 0xaaaab0ed493c &lt;unknown&gt;
#11 0xaaaab0f21abc &lt;unknown&gt;
#12 0xaaaab0f21cc8 &lt;unknown&gt;
#13 0xaaaab0f3397c &lt;unknown&gt;
#14 0xffff9388202c &lt;unknown&gt;
#15 0xffff938ebf18 &lt;unknown&gt;</errorDetails>
          <properties/>
          <failedSince>7</failedSince>
        </case>
        <case>
          <duration>13.94</duration>
          <startTime>1763308210819</startTime>
          <className>tests.test_history</className>
          <testName>test_ht_005</testName>
          <skipped>false</skipped>
          <keepTestNames>false</keepTestNames>
          <errorStackTrace>tests/test_history.py:200: in test_ht_005
    sidebar.click_new_chat()
src/pages/ht_chat_sidebar.py:27: in click_new_chat
    self.clickable(SEL_NEW_CHAT_BTN).click()
src/pages/ht_base_page.py:21: in clickable
    return self.wait(sec).until(EC.element_to_be_clickable(locator))
/usr/local/lib/python3.14/site-packages/selenium/webdriver/support/wait.py:105: in until
    raise TimeoutException(message, screen, stacktrace)
E   selenium.common.exceptions.TimeoutException: Message: 
E   Stacktrace:
E   #0 0xaaaab0f34c18 &lt;unknown&gt;
E   #1 0xaaaab095e0d0 &lt;unknown&gt;
E   #2 0xaaaab09a6f4c &lt;unknown&gt;
E   #3 0xaaaab09e2d3c &lt;unknown&gt;
E   #4 0xaaaab099b998 &lt;unknown&gt;
E   #5 0xaaaab0eff79c &lt;unknown&gt;
E   #6 0xaaaab0f0282c &lt;unknown&gt;
E   #7 0xaaaab0f02408 &lt;unknown&gt;
E   #8 0xaaaab0eea620 &lt;unknown&gt;
E   #9 0xaaaab0f02eac &lt;unknown&gt;
E   #10 0xaaaab0ed493c &lt;unknown&gt;
E   #11 0xaaaab0f21abc &lt;unknown&gt;
E   #12 0xaaaab0f21cc8 &lt;unknown&gt;
E   #13 0xaaaab0f3397c &lt;unknown&gt;
E   #14 0xffff9388202c &lt;unknown&gt;
E   #15 0xffff938ebf18 &lt;unknown&gt;</errorStackTrace>
          <errorDetails>selenium.common.exceptions.TimeoutException: Message: 
Stacktrace:
#0 0xaaaab0f34c18 &lt;unknown&gt;
#1 0xaaaab095e0d0 &lt;unknown&gt;
#2 0xaaaab09a6f4c &lt;unknown&gt;
#3 0xaaaab09e2d3c &lt;unknown&gt;
#4 0xaaaab099b998 &lt;unknown&gt;
#5 0xaaaab0eff79c &lt;unknown&gt;
#6 0xaaaab0f0282c &lt;unknown&gt;
#7 0xaaaab0f02408 &lt;unknown&gt;
#8 0xaaaab0eea620 &lt;unknown&gt;
#9 0xaaaab0f02eac &lt;unknown&gt;
#10 0xaaaab0ed493c &lt;unknown&gt;
#11 0xaaaab0f21abc &lt;unknown&gt;
#12 0xaaaab0f21cc8 &lt;unknown&gt;
#13 0xaaaab0f3397c &lt;unknown&gt;
#14 0xffff9388202c &lt;unknown&gt;
#15 0xffff938ebf18 &lt;unknown&gt;</errorDetails>
          <properties/>
          <failedSince>7</failedSince>
        </case>
        <case>
          <duration>12.894</duration>
          <startTime>1763308224759</startTime>
          <className>tests.test_history</className>
          <testName>test_ht_006</testName>
          <skipped>false</skipped>
          <keepTestNames>false</keepTestNames>
          <errorStackTrace>tests/test_history.py:250: in test_ht_006
    sidebar.click_new_chat()
src/pages/ht_chat_sidebar.py:27: in click_new_chat
    self.clickable(SEL_NEW_CHAT_BTN).click()
src/pages/ht_base_page.py:21: in clickable
    return self.wait(sec).until(EC.element_to_be_clickable(locator))
/usr/local/lib/python3.14/site-packages/selenium/webdriver/support/wait.py:105: in until
    raise TimeoutException(message, screen, stacktrace)
E   selenium.common.exceptions.TimeoutException: Message: 
E   Stacktrace:
E   #0 0xaaaab0f34c18 &lt;unknown&gt;
E   #1 0xaaaab095e0d0 &lt;unknown&gt;
E   #2 0xaaaab09a6f4c &lt;unknown&gt;
E   #3 0xaaaab09e2d3c &lt;unknown&gt;
E   #4 0xaaaab099b998 &lt;unknown&gt;
E   #5 0xaaaab0eff79c &lt;unknown&gt;
E   #6 0xaaaab0f0282c &lt;unknown&gt;
E   #7 0xaaaab0f02408 &lt;unknown&gt;
E   #8 0xaaaab0eea620 &lt;unknown&gt;
E   #9 0xaaaab0f02eac &lt;unknown&gt;
E   #10 0xaaaab0ed493c &lt;unknown&gt;
E   #11 0xaaaab0f21abc &lt;unknown&gt;
E   #12 0xaaaab0f21cc8 &lt;unknown&gt;
E   #13 0xaaaab0f3397c &lt;unknown&gt;
E   #14 0xffff9388202c &lt;unknown&gt;
E   #15 0xffff938ebf18 &lt;unknown&gt;</errorStackTrace>
          <errorDetails>selenium.common.exceptions.TimeoutException: Message: 
Stacktrace:
#0 0xaaaab0f34c18 &lt;unknown&gt;
#1 0xaaaab095e0d0 &lt;unknown&gt;
#2 0xaaaab09a6f4c &lt;unknown&gt;
#3 0xaaaab09e2d3c &lt;unknown&gt;
#4 0xaaaab099b998 &lt;unknown&gt;
#5 0xaaaab0eff79c &lt;unknown&gt;
#6 0xaaaab0f0282c &lt;unknown&gt;
#7 0xaaaab0f02408 &lt;unknown&gt;
#8 0xaaaab0eea620 &lt;unknown&gt;
#9 0xaaaab0f02eac &lt;unknown&gt;
#10 0xaaaab0ed493c &lt;unknown&gt;
#11 0xaaaab0f21abc &lt;unknown&gt;
#12 0xaaaab0f21cc8 &lt;unknown&gt;
#13 0xaaaab0f3397c &lt;unknown&gt;
#14 0xffff9388202c &lt;unknown&gt;
#15 0xffff938ebf18 &lt;unknown&gt;</errorDetails>
          <properties/>
          <failedSince>7</failedSince>
        </case>
        <case>
          <duration>13.889</duration>
          <startTime>1763308237653</startTime>
          <className>tests.test_history</className>
          <testName>test_ht_007</testName>
          <skipped>false</skipped>
          <keepTestNames>false</keepTestNames>
          <errorStackTrace>tests/test_history.py:306: in test_ht_007
    sidebar.click_new_chat()
src/pages/ht_chat_sidebar.py:27: in click_new_chat
    self.clickable(SEL_NEW_CHAT_BTN).click()
src/pages/ht_base_page.py:21: in clickable
    return self.wait(sec).until(EC.element_to_be_clickable(locator))
/usr/local/lib/python3.14/site-packages/selenium/webdriver/support/wait.py:105: in until
    raise TimeoutException(message, screen, stacktrace)
E   selenium.common.exceptions.TimeoutException: Message: 
E   Stacktrace:
E   #0 0xaaaab0f34c18 &lt;unknown&gt;
E   #1 0xaaaab095e0d0 &lt;unknown&gt;
E   #2 0xaaaab09a6f4c &lt;unknown&gt;
E   #3 0xaaaab09e2d3c &lt;unknown&gt;
E   #4 0xaaaab099b998 &lt;unknown&gt;
E   #5 0xaaaab0eff79c &lt;unknown&gt;
E   #6 0xaaaab0f0282c &lt;unknown&gt;
E   #7 0xaaaab0f02408 &lt;unknown&gt;
E   #8 0xaaaab0eea620 &lt;unknown&gt;
E   #9 0xaaaab0f02eac &lt;unknown&gt;
E   #10 0xaaaab0ed493c &lt;unknown&gt;
E   #11 0xaaaab0f21abc &lt;unknown&gt;
E   #12 0xaaaab0f21cc8 &lt;unknown&gt;
E   #13 0xaaaab0f3397c &lt;unknown&gt;
E   #14 0xffff9388202c &lt;unknown&gt;
E   #15 0xffff938ebf18 &lt;unknown&gt;</errorStackTrace>
          <errorDetails>selenium.common.exceptions.TimeoutException: Message: 
Stacktrace:
#0 0xaaaab0f34c18 &lt;unknown&gt;
#1 0xaaaab095e0d0 &lt;unknown&gt;
#2 0xaaaab09a6f4c &lt;unknown&gt;
#3 0xaaaab09e2d3c &lt;unknown&gt;
#4 0xaaaab099b998 &lt;unknown&gt;
#5 0xaaaab0eff79c &lt;unknown&gt;
#6 0xaaaab0f0282c &lt;unknown&gt;
#7 0xaaaab0f02408 &lt;unknown&gt;
#8 0xaaaab0eea620 &lt;unknown&gt;
#9 0xaaaab0f02eac &lt;unknown&gt;
#10 0xaaaab0ed493c &lt;unknown&gt;
#11 0xaaaab0f21abc &lt;unknown&gt;
#12 0xaaaab0f21cc8 &lt;unknown&gt;
#13 0xaaaab0f3397c &lt;unknown&gt;
#14 0xffff9388202c &lt;unknown&gt;
#15 0xffff938ebf18 &lt;unknown&gt;</errorDetails>
          <properties/>
          <failedSince>7</failedSince>
        </case>
      </cases>
    </suite>
  </suites>
  <duration>167.709</duration>
  <skipOldReports>false</skipOldReports>
  <startTime>1763308084240</startTime>
  <stdioRetention>NONE</stdioRetention>
  <keepTestNames>false</keepTestNames>
  <keepProperties>false</keepProperties>
</result>