<?xml version="1.0" encoding="utf-8"?><testsuites><testsuite name="pytest" errors="0" failures="7" skipped="0" tests="14" time="167.623" timestamp="2025-11-16T11:39:57.178948+00:00" hostname="db94d1d25541"><testcase classname="tests.test_account" name="test_ac_001_login" time="8.765" /><testcase classname="tests.test_account" name="test_ac_002_duplicate_email" time="2.232" /><testcase classname="tests.test_account" name="test_ac_003_negative_login" time="9.663" /><testcase classname="tests.test_account" name="test_ac_004_positive_login" time="19.546" /><testcase classname="tests.test_account" name="test_ac_005_login_with_non_email_format" time="7.136" /><testcase classname="tests.test_account" name="test_ac_006_login_with_spaces" time="0.971"><failure message="selenium.common.exceptions.StaleElementReferenceException: Message: stale element reference: stale element not found in the current frame&#10;  (Session info: chrome=142.0.7444.162); For documentation on this error, please visit: https://www.selenium.dev/documentation/webdriver/troubleshooting/errors#stale-element-reference-exception&#10;Stacktrace:&#10;#0 0xaaaad1b54c18 &lt;unknown&gt;&#10;#1 0xaaaad157e0d0 &lt;unknown&gt;&#10;#2 0xaaaad15848d8 &lt;unknown&gt;&#10;#3 0xaaaad1586bdc &lt;unknown&gt;&#10;#4 0xaaaad16039f0 &lt;unknown&gt;&#10;#5 0xaaaad1602d3c &lt;unknown&gt;&#10;#6 0xaaaad15bb998 &lt;unknown&gt;&#10;#7 0xaaaad1b1f79c &lt;unknown&gt;&#10;#8 0xaaaad1b2282c &lt;unknown&gt;&#10;#9 0xaaaad1b22408 &lt;unknown&gt;&#10;#10 0xaaaad1b0a620 &lt;unknown&gt;&#10;#11 0xaaaad1b22eac &lt;unknown&gt;&#10;#12 0xaaaad1af493c &lt;unknown&gt;&#10;#13 0xaaaad1b41abc &lt;unknown&gt;&#10;#14 0xaaaad1b41cc8 &lt;unknown&gt;&#10;#15 0xaaaad1b5397c &lt;unknown&gt;&#10;#16 0xffff9ecf202c &lt;unknown&gt;&#10;#17 0xffff9ed5bf18 &lt;unknown&gt;">tests/test_account.py:66: in test_ac_006_login_with_spaces
    login_page.login(" test@elice.com ", "testelice!@ ")
src/pages/login_page.py:59: in login
    email_input = wait.until(EC.element_to_be_clickable(self.locators["email"]))
/usr/local/lib/python3.14/site-packages/selenium/webdriver/support/wait.py:96: in until
    value = method(self._driver)
/usr/local/lib/python3.14/site-packages/selenium/webdriver/support/expected_conditions.py:364: in _predicate
    element = visibility_of(target)(driver)
/usr/local/lib/python3.14/site-packages/selenium/webdriver/support/expected_conditions.py:173: in _predicate
    return _element_if_visible(element)
/usr/local/lib/python3.14/site-packages/selenium/webdriver/support/expected_conditions.py:179: in _element_if_visible
    return element if element.is_displayed() == visibility else False
/usr/local/lib/python3.14/site-packages/selenium/webdriver/remote/webelement.py:252: in is_displayed
    return self.parent.execute_script(f"/* isDisplayed */return ({isDisplayed_js}).apply(null, arguments);", self)
/usr/local/lib/python3.14/site-packages/selenium/webdriver/remote/webdriver.py:414: in execute_script
    return self.execute(command, {"script": script, "args": converted_args})["value"]
/usr/local/lib/python3.14/site-packages/selenium/webdriver/remote/webdriver.py:354: in execute
    self.error_handler.check_response(response)
/usr/local/lib/python3.14/site-packages/selenium/webdriver/remote/errorhandler.py:229: in check_response
    raise exception_class(message, screen, stacktrace)
E   selenium.common.exceptions.StaleElementReferenceException: Message: stale element reference: stale element not found in the current frame
E     (Session info: chrome=142.0.7444.162); For documentation on this error, please visit: https://www.selenium.dev/documentation/webdriver/troubleshooting/errors#stale-element-reference-exception
E   Stacktrace:
E   #0 0xaaaad1b54c18 &lt;unknown&gt;
E   #1 0xaaaad157e0d0 &lt;unknown&gt;
E   #2 0xaaaad15848d8 &lt;unknown&gt;
E   #3 0xaaaad1586bdc &lt;unknown&gt;
E   #4 0xaaaad16039f0 &lt;unknown&gt;
E   #5 0xaaaad1602d3c &lt;unknown&gt;
E   #6 0xaaaad15bb998 &lt;unknown&gt;
E   #7 0xaaaad1b1f79c &lt;unknown&gt;
E   #8 0xaaaad1b2282c &lt;unknown&gt;
E   #9 0xaaaad1b22408 &lt;unknown&gt;
E   #10 0xaaaad1b0a620 &lt;unknown&gt;
E   #11 0xaaaad1b22eac &lt;unknown&gt;
E   #12 0xaaaad1af493c &lt;unknown&gt;
E   #13 0xaaaad1b41abc &lt;unknown&gt;
E   #14 0xaaaad1b41cc8 &lt;unknown&gt;
E   #15 0xaaaad1b5397c &lt;unknown&gt;
E   #16 0xffff9ecf202c &lt;unknown&gt;
E   #17 0xffff9ed5bf18 &lt;unknown&gt;</failure></testcase><testcase classname="tests.test_account" name="test_ac_007_logout" time="10.549" /><testcase classname="tests.test_history" name="test_ht_001" time="29.728"><failure message="selenium.common.exceptions.TimeoutException: Message: &#10;Stacktrace:&#10;#0 0xaaaad1b54c18 &lt;unknown&gt;&#10;#1 0xaaaad157e0d0 &lt;unknown&gt;&#10;#2 0xaaaad15c6f4c &lt;unknown&gt;&#10;#3 0xaaaad1602d3c &lt;unknown&gt;&#10;#4 0xaaaad15bb998 &lt;unknown&gt;&#10;#5 0xaaaad1b1f79c &lt;unknown&gt;&#10;#6 0xaaaad1b2282c &lt;unknown&gt;&#10;#7 0xaaaad1b22408 &lt;unknown&gt;&#10;#8 0xaaaad1b0a620 &lt;unknown&gt;&#10;#9 0xaaaad1b22eac &lt;unknown&gt;&#10;#10 0xaaaad1af493c &lt;unknown&gt;&#10;#11 0xaaaad1b41abc &lt;unknown&gt;&#10;#12 0xaaaad1b41cc8 &lt;unknown&gt;&#10;#13 0xaaaad1b5397c &lt;unknown&gt;&#10;#14 0xffff9ecf202c &lt;unknown&gt;&#10;#15 0xffff9ed5bf18 &lt;unknown&gt;">tests/test_history.py:43: in test_ht_001
    sidebar.click_new_chat()
src/pages/ht_chat_sidebar.py:27: in click_new_chat
    self.clickable(SEL_NEW_CHAT_BTN).click()
src/pages/ht_base_page.py:21: in clickable
    return self.wait(sec).until(EC.element_to_be_clickable(locator))
/usr/local/lib/python3.14/site-packages/selenium/webdriver/support/wait.py:105: in until
    raise TimeoutException(message, screen, stacktrace)
E   selenium.common.exceptions.TimeoutException: Message: 
E   Stacktrace:
E   #0 0xaaaad1b54c18 &lt;unknown&gt;
E   #1 0xaaaad157e0d0 &lt;unknown&gt;
E   #2 0xaaaad15c6f4c &lt;unknown&gt;
E   #3 0xaaaad1602d3c &lt;unknown&gt;
E   #4 0xaaaad15bb998 &lt;unknown&gt;
E   #5 0xaaaad1b1f79c &lt;unknown&gt;
E   #6 0xaaaad1b2282c &lt;unknown&gt;
E   #7 0xaaaad1b22408 &lt;unknown&gt;
E   #8 0xaaaad1b0a620 &lt;unknown&gt;
E   #9 0xaaaad1b22eac &lt;unknown&gt;
E   #10 0xaaaad1af493c &lt;unknown&gt;
E   #11 0xaaaad1b41abc &lt;unknown&gt;
E   #12 0xaaaad1b41cc8 &lt;unknown&gt;
E   #13 0xaaaad1b5397c &lt;unknown&gt;
E   #14 0xffff9ecf202c &lt;unknown&gt;
E   #15 0xffff9ed5bf18 &lt;unknown&gt;</failure></testcase><testcase classname="tests.test_history" name="test_ht_002" time="13.775"><failure message="selenium.common.exceptions.TimeoutException: Message: &#10;Stacktrace:&#10;#0 0xaaaad1b54c18 &lt;unknown&gt;&#10;#1 0xaaaad157e0d0 &lt;unknown&gt;&#10;#2 0xaaaad15c6f4c &lt;unknown&gt;&#10;#3 0xaaaad1602d3c &lt;unknown&gt;&#10;#4 0xaaaad15bb998 &lt;unknown&gt;&#10;#5 0xaaaad1b1f79c &lt;unknown&gt;&#10;#6 0xaaaad1b2282c &lt;unknown&gt;&#10;#7 0xaaaad1b22408 &lt;unknown&gt;&#10;#8 0xaaaad1b0a620 &lt;unknown&gt;&#10;#9 0xaaaad1b22eac &lt;unknown&gt;&#10;#10 0xaaaad1af493c &lt;unknown&gt;&#10;#11 0xaaaad1b41abc &lt;unknown&gt;&#10;#12 0xaaaad1b41cc8 &lt;unknown&gt;&#10;#13 0xaaaad1b5397c &lt;unknown&gt;&#10;#14 0xffff9ecf202c &lt;unknown&gt;&#10;#15 0xffff9ed5bf18 &lt;unknown&gt;">tests/test_history.py:76: in test_ht_002
    sidebar.click_new_chat()
src/pages/ht_chat_sidebar.py:27: in click_new_chat
    self.clickable(SEL_NEW_CHAT_BTN).click()
src/pages/ht_base_page.py:21: in clickable
    return self.wait(sec).until(EC.element_to_be_clickable(locator))
/usr/local/lib/python3.14/site-packages/selenium/webdriver/support/wait.py:105: in until
    raise TimeoutException(message, screen, stacktrace)
E   selenium.common.exceptions.TimeoutException: Message: 
E   Stacktrace:
E   #0 0xaaaad1b54c18 &lt;unknown&gt;
E   #1 0xaaaad157e0d0 &lt;unknown&gt;
E   #2 0xaaaad15c6f4c &lt;unknown&gt;
E   #3 0xaaaad1602d3c &lt;unknown&gt;
E   #4 0xaaaad15bb998 &lt;unknown&gt;
E   #5 0xaaaad1b1f79c &lt;unknown&gt;
E   #6 0xaaaad1b2282c &lt;unknown&gt;
E   #7 0xaaaad1b22408 &lt;unknown&gt;
E   #8 0xaaaad1b0a620 &lt;unknown&gt;
E   #9 0xaaaad1b22eac &lt;unknown&gt;
E   #10 0xaaaad1af493c &lt;unknown&gt;
E   #11 0xaaaad1b41abc &lt;unknown&gt;
E   #12 0xaaaad1b41cc8 &lt;unknown&gt;
E   #13 0xaaaad1b5397c &lt;unknown&gt;
E   #14 0xffff9ecf202c &lt;unknown&gt;
E   #15 0xffff9ed5bf18 &lt;unknown&gt;</failure></testcase><testcase classname="tests.test_history" name="test_ht_003" time="8.387" /><testcase classname="tests.test_history" name="test_ht_004" time="14.383"><failure message="selenium.common.exceptions.TimeoutException: Message: &#10;Stacktrace:&#10;#0 0xaaaad1b54c18 &lt;unknown&gt;&#10;#1 0xaaaad157e0d0 &lt;unknown&gt;&#10;#2 0xaaaad15c6f4c &lt;unknown&gt;&#10;#3 0xaaaad1602d3c &lt;unknown&gt;&#10;#4 0xaaaad15bb998 &lt;unknown&gt;&#10;#5 0xaaaad1b1f79c &lt;unknown&gt;&#10;#6 0xaaaad1b2282c &lt;unknown&gt;&#10;#7 0xaaaad1b22408 &lt;unknown&gt;&#10;#8 0xaaaad1b0a620 &lt;unknown&gt;&#10;#9 0xaaaad1b22eac &lt;unknown&gt;&#10;#10 0xaaaad1af493c &lt;unknown&gt;&#10;#11 0xaaaad1b41abc &lt;unknown&gt;&#10;#12 0xaaaad1b41cc8 &lt;unknown&gt;&#10;#13 0xaaaad1b5397c &lt;unknown&gt;&#10;#14 0xffff9ecf202c &lt;unknown&gt;&#10;#15 0xffff9ed5bf18 &lt;unknown&gt;">tests/test_history.py:125: in test_ht_004
    sidebar.click_new_chat()
src/pages/ht_chat_sidebar.py:27: in click_new_chat
    self.clickable(SEL_NEW_CHAT_BTN).click()
src/pages/ht_base_page.py:21: in clickable
    return self.wait(sec).until(EC.element_to_be_clickable(locator))
/usr/local/lib/python3.14/site-packages/selenium/webdriver/support/wait.py:105: in until
    raise TimeoutException(message, screen, stacktrace)
E   selenium.common.exceptions.TimeoutException: Message: 
E   Stacktrace:
E   #0 0xaaaad1b54c18 &lt;unknown&gt;
E   #1 0xaaaad157e0d0 &lt;unknown&gt;
E   #2 0xaaaad15c6f4c &lt;unknown&gt;
E   #3 0xaaaad1602d3c &lt;unknown&gt;
E   #4 0xaaaad15bb998 &lt;unknown&gt;
E   #5 0xaaaad1b1f79c &lt;unknown&gt;
E   #6 0xaaaad1b2282c &lt;unknown&gt;
E   #7 0xaaaad1b22408 &lt;unknown&gt;
E   #8 0xaaaad1b0a620 &lt;unknown&gt;
E   #9 0xaaaad1b22eac &lt;unknown&gt;
E   #10 0xaaaad1af493c &lt;unknown&gt;
E   #11 0xaaaad1b41abc &lt;unknown&gt;
E   #12 0xaaaad1b41cc8 &lt;unknown&gt;
E   #13 0xaaaad1b5397c &lt;unknown&gt;
E   #14 0xffff9ecf202c &lt;unknown&gt;
E   #15 0xffff9ed5bf18 &lt;unknown&gt;</failure></testcase><testcase classname="tests.test_history" name="test_ht_005" time="13.782"><failure message="selenium.common.exceptions.TimeoutException: Message: &#10;Stacktrace:&#10;#0 0xaaaad1b54c18 &lt;unknown&gt;&#10;#1 0xaaaad157e0d0 &lt;unknown&gt;&#10;#2 0xaaaad15c6f4c &lt;unknown&gt;&#10;#3 0xaaaad1602d3c &lt;unknown&gt;&#10;#4 0xaaaad15bb998 &lt;unknown&gt;&#10;#5 0xaaaad1b1f79c &lt;unknown&gt;&#10;#6 0xaaaad1b2282c &lt;unknown&gt;&#10;#7 0xaaaad1b22408 &lt;unknown&gt;&#10;#8 0xaaaad1b0a620 &lt;unknown&gt;&#10;#9 0xaaaad1b22eac &lt;unknown&gt;&#10;#10 0xaaaad1af493c &lt;unknown&gt;&#10;#11 0xaaaad1b41abc &lt;unknown&gt;&#10;#12 0xaaaad1b41cc8 &lt;unknown&gt;&#10;#13 0xaaaad1b5397c &lt;unknown&gt;&#10;#14 0xffff9ecf202c &lt;unknown&gt;&#10;#15 0xffff9ed5bf18 &lt;unknown&gt;">tests/test_history.py:200: in test_ht_005
    sidebar.click_new_chat()
src/pages/ht_chat_sidebar.py:27: in click_new_chat
    self.clickable(SEL_NEW_CHAT_BTN).click()
src/pages/ht_base_page.py:21: in clickable
    return self.wait(sec).until(EC.element_to_be_clickable(locator))
/usr/local/lib/python3.14/site-packages/selenium/webdriver/support/wait.py:105: in until
    raise TimeoutException(message, screen, stacktrace)
E   selenium.common.exceptions.TimeoutException: Message: 
E   Stacktrace:
E   #0 0xaaaad1b54c18 &lt;unknown&gt;
E   #1 0xaaaad157e0d0 &lt;unknown&gt;
E   #2 0xaaaad15c6f4c &lt;unknown&gt;
E   #3 0xaaaad1602d3c &lt;unknown&gt;
E   #4 0xaaaad15bb998 &lt;unknown&gt;
E   #5 0xaaaad1b1f79c &lt;unknown&gt;
E   #6 0xaaaad1b2282c &lt;unknown&gt;
E   #7 0xaaaad1b22408 &lt;unknown&gt;
E   #8 0xaaaad1b0a620 &lt;unknown&gt;
E   #9 0xaaaad1b22eac &lt;unknown&gt;
E   #10 0xaaaad1af493c &lt;unknown&gt;
E   #11 0xaaaad1b41abc &lt;unknown&gt;
E   #12 0xaaaad1b41cc8 &lt;unknown&gt;
E   #13 0xaaaad1b5397c &lt;unknown&gt;
E   #14 0xffff9ecf202c &lt;unknown&gt;
E   #15 0xffff9ed5bf18 &lt;unknown&gt;</failure></testcase><testcase classname="tests.test_history" name="test_ht_006" time="14.016"><failure message="selenium.common.exceptions.TimeoutException: Message: &#10;Stacktrace:&#10;#0 0xaaaad1b54c18 &lt;unknown&gt;&#10;#1 0xaaaad157e0d0 &lt;unknown&gt;&#10;#2 0xaaaad15c6f4c &lt;unknown&gt;&#10;#3 0xaaaad1602d3c &lt;unknown&gt;&#10;#4 0xaaaad15bb998 &lt;unknown&gt;&#10;#5 0xaaaad1b1f79c &lt;unknown&gt;&#10;#6 0xaaaad1b2282c &lt;unknown&gt;&#10;#7 0xaaaad1b22408 &lt;unknown&gt;&#10;#8 0xaaaad1b0a620 &lt;unknown&gt;&#10;#9 0xaaaad1b22eac &lt;unknown&gt;&#10;#10 0xaaaad1af493c &lt;unknown&gt;&#10;#11 0xaaaad1b41abc &lt;unknown&gt;&#10;#12 0xaaaad1b41cc8 &lt;unknown&gt;&#10;#13 0xaaaad1b5397c &lt;unknown&gt;&#10;#14 0xffff9ecf202c &lt;unknown&gt;&#10;#15 0xffff9ed5bf18 &lt;unknown&gt;">tests/test_history.py:250: in test_ht_006
    sidebar.click_new_chat()
src/pages/ht_chat_sidebar.py:27: in click_new_chat
    self.clickable(SEL_NEW_CHAT_BTN).click()
src/pages/ht_base_page.py:21: in clickable
    return self.wait(sec).until(EC.element_to_be_clickable(locator))
/usr/local/lib/python3.14/site-packages/selenium/webdriver/support/wait.py:105: in until
    raise TimeoutException(message, screen, stacktrace)
E   selenium.common.exceptions.TimeoutException: Message: 
E   Stacktrace:
E   #0 0xaaaad1b54c18 &lt;unknown&gt;
E   #1 0xaaaad157e0d0 &lt;unknown&gt;
E   #2 0xaaaad15c6f4c &lt;unknown&gt;
E   #3 0xaaaad1602d3c &lt;unknown&gt;
E   #4 0xaaaad15bb998 &lt;unknown&gt;
E   #5 0xaaaad1b1f79c &lt;unknown&gt;
E   #6 0xaaaad1b2282c &lt;unknown&gt;
E   #7 0xaaaad1b22408 &lt;unknown&gt;
E   #8 0xaaaad1b0a620 &lt;unknown&gt;
E   #9 0xaaaad1b22eac &lt;unknown&gt;
E   #10 0xaaaad1af493c &lt;unknown&gt;
E   #11 0xaaaad1b41abc &lt;unknown&gt;
E   #12 0xaaaad1b41cc8 &lt;unknown&gt;
E   #13 0xaaaad1b5397c &lt;unknown&gt;
E   #14 0xffff9ecf202c &lt;unknown&gt;
E   #15 0xffff9ed5bf18 &lt;unknown&gt;</failure></testcase><testcase classname="tests.test_history" name="test_ht_007" time="14.158"><failure message="selenium.common.exceptions.TimeoutException: Message: &#10;Stacktrace:&#10;#0 0xaaaad1b54c18 &lt;unknown&gt;&#10;#1 0xaaaad157e0d0 &lt;unknown&gt;&#10;#2 0xaaaad15c6f4c &lt;unknown&gt;&#10;#3 0xaaaad1602d3c &lt;unknown&gt;&#10;#4 0xaaaad15bb998 &lt;unknown&gt;&#10;#5 0xaaaad1b1f79c &lt;unknown&gt;&#10;#6 0xaaaad1b2282c &lt;unknown&gt;&#10;#7 0xaaaad1b22408 &lt;unknown&gt;&#10;#8 0xaaaad1b0a620 &lt;unknown&gt;&#10;#9 0xaaaad1b22eac &lt;unknown&gt;&#10;#10 0xaaaad1af493c &lt;unknown&gt;&#10;#11 0xaaaad1b41abc &lt;unknown&gt;&#10;#12 0xaaaad1b41cc8 &lt;unknown&gt;&#10;#13 0xaaaad1b5397c &lt;unknown&gt;&#10;#14 0xffff9ecf202c &lt;unknown&gt;&#10;#15 0xffff9ed5bf18 &lt;unknown&gt;">tests/test_history.py:306: in test_ht_007
    sidebar.click_new_chat()
src/pages/ht_chat_sidebar.py:27: in click_new_chat
    self.clickable(SEL_NEW_CHAT_BTN).click()
src/pages/ht_base_page.py:21: in clickable
    return self.wait(sec).until(EC.element_to_be_clickable(locator))
/usr/local/lib/python3.14/site-packages/selenium/webdriver/support/wait.py:105: in until
    raise TimeoutException(message, screen, stacktrace)
E   selenium.common.exceptions.TimeoutException: Message: 
E   Stacktrace:
E   #0 0xaaaad1b54c18 &lt;unknown&gt;
E   #1 0xaaaad157e0d0 &lt;unknown&gt;
E   #2 0xaaaad15c6f4c &lt;unknown&gt;
E   #3 0xaaaad1602d3c &lt;unknown&gt;
E   #4 0xaaaad15bb998 &lt;unknown&gt;
E   #5 0xaaaad1b1f79c &lt;unknown&gt;
E   #6 0xaaaad1b2282c &lt;unknown&gt;
E   #7 0xaaaad1b22408 &lt;unknown&gt;
E   #8 0xaaaad1b0a620 &lt;unknown&gt;
E   #9 0xaaaad1b22eac &lt;unknown&gt;
E   #10 0xaaaad1af493c &lt;unknown&gt;
E   #11 0xaaaad1b41abc &lt;unknown&gt;
E   #12 0xaaaad1b41cc8 &lt;unknown&gt;
E   #13 0xaaaad1b5397c &lt;unknown&gt;
E   #14 0xffff9ecf202c &lt;unknown&gt;
E   #15 0xffff9ed5bf18 &lt;unknown&gt;</failure></testcase></testsuite></testsuites>