<?xml version="1.0" encoding="utf-8"?><testsuites><testsuite name="pytest" errors="0" failures="6" skipped="0" tests="14" time="167.709" timestamp="2025-11-16T15:48:04.240021+00:00" hostname="86aa17de94ec"><testcase classname="tests.test_account" name="test_ac_001_login" time="4.459" /><testcase classname="tests.test_account" name="test_ac_002_duplicate_email" time="2.964" /><testcase classname="tests.test_account" name="test_ac_003_negative_login" time="9.551" /><testcase classname="tests.test_account" name="test_ac_004_positive_login" time="20.389" /><testcase classname="tests.test_account" name="test_ac_005_login_with_non_email_format" time="6.786" /><testcase classname="tests.test_account" name="test_ac_006_login_with_spaces" time="6.791" /><testcase classname="tests.test_account" name="test_ac_007_logout" time="10.105" /><testcase classname="tests.test_history" name="test_ht_001" time="30.420"><failure message="selenium.common.exceptions.TimeoutException: Message: &#10;Stacktrace:&#10;#0 0xaaaab0f34c18 &lt;unknown&gt;&#10;#1 0xaaaab095e0d0 &lt;unknown&gt;&#10;#2 0xaaaab09a6f4c &lt;unknown&gt;&#10;#3 0xaaaab09e2d3c &lt;unknown&gt;&#10;#4 0xaaaab099b998 &lt;unknown&gt;&#10;#5 0xaaaab0eff79c &lt;unknown&gt;&#10;#6 0xaaaab0f0282c &lt;unknown&gt;&#10;#7 0xaaaab0f02408 &lt;unknown&gt;&#10;#8 0xaaaab0eea620 &lt;unknown&gt;&#10;#9 0xaaaab0f02eac &lt;unknown&gt;&#10;#10 0xaaaab0ed493c &lt;unknown&gt;&#10;#11 0xaaaab0f21abc &lt;unknown&gt;&#10;#12 0xaaaab0f21cc8 &lt;unknown&gt;&#10;#13 0xaaaab0f3397c &lt;unknown&gt;&#10;#14 0xffff9388202c &lt;unknown&gt;&#10;#15 0xffff938ebf18 &lt;unknown&gt;">tests/test_history.py:43: in test_ht_001
    sidebar.click_new_chat()
src/pages/ht_chat_sidebar.py:27: in click_new_chat
    self.clickable(SEL_NEW_CHAT_BTN).click()
src/pages/ht_base_page.py:21: in clickable
    return self.wait(sec).until(EC.element_to_be_clickable(locator))
/usr/local/lib/python3.14/site-packages/selenium/webdriver/support/wait.py:105: in until
    raise TimeoutException(message, screen, stacktrace)
E   selenium.common.exceptions.TimeoutException: Message: 
E   Stacktrace:
E   #0 0xaaaab0f34c18 &lt;unknown&gt;
E   #1 0xaaaab095e0d0 &lt;unknown&gt;
E   #2 0xaaaab09a6f4c &lt;unknown&gt;
E   #3 0xaaaab09e2d3c &lt;unknown&gt;
E   #4 0xaaaab099b998 &lt;unknown&gt;
E   #5 0xaaaab0eff79c &lt;unknown&gt;
E   #6 0xaaaab0f0282c &lt;unknown&gt;
E   #7 0xaaaab0f02408 &lt;unknown&gt;
E   #8 0xaaaab0eea620 &lt;unknown&gt;
E   #9 0xaaaab0f02eac &lt;unknown&gt;
E   #10 0xaaaab0ed493c &lt;unknown&gt;
E   #11 0xaaaab0f21abc &lt;unknown&gt;
E   #12 0xaaaab0f21cc8 &lt;unknown&gt;
E   #13 0xaaaab0f3397c &lt;unknown&gt;
E   #14 0xffff9388202c &lt;unknown&gt;
E   #15 0xffff938ebf18 &lt;unknown&gt;</failure></testcase><testcase classname="tests.test_history" name="test_ht_002" time="12.724"><failure message="selenium.common.exceptions.TimeoutException: Message: &#10;Stacktrace:&#10;#0 0xaaaab0f34c18 &lt;unknown&gt;&#10;#1 0xaaaab095e0d0 &lt;unknown&gt;&#10;#2 0xaaaab09a6f4c &lt;unknown&gt;&#10;#3 0xaaaab09e2d3c &lt;unknown&gt;&#10;#4 0xaaaab099b998 &lt;unknown&gt;&#10;#5 0xaaaab0eff79c &lt;unknown&gt;&#10;#6 0xaaaab0f0282c &lt;unknown&gt;&#10;#7 0xaaaab0f02408 &lt;unknown&gt;&#10;#8 0xaaaab0eea620 &lt;unknown&gt;&#10;#9 0xaaaab0f02eac &lt;unknown&gt;&#10;#10 0xaaaab0ed493c &lt;unknown&gt;&#10;#11 0xaaaab0f21abc &lt;unknown&gt;&#10;#12 0xaaaab0f21cc8 &lt;unknown&gt;&#10;#13 0xaaaab0f3397c &lt;unknown&gt;&#10;#14 0xffff9388202c &lt;unknown&gt;&#10;#15 0xffff938ebf18 &lt;unknown&gt;">tests/test_history.py:76: in test_ht_002
    sidebar.click_new_chat()
src/pages/ht_chat_sidebar.py:27: in click_new_chat
    self.clickable(SEL_NEW_CHAT_BTN).click()
src/pages/ht_base_page.py:21: in clickable
    return self.wait(sec).until(EC.element_to_be_clickable(locator))
/usr/local/lib/python3.14/site-packages/selenium/webdriver/support/wait.py:105: in until
    raise TimeoutException(message, screen, stacktrace)
E   selenium.common.exceptions.TimeoutException: Message: 
E   Stacktrace:
E   #0 0xaaaab0f34c18 &lt;unknown&gt;
E   #1 0xaaaab095e0d0 &lt;unknown&gt;
E   #2 0xaaaab09a6f4c &lt;unknown&gt;
E   #3 0xaaaab09e2d3c &lt;unknown&gt;
E   #4 0xaaaab099b998 &lt;unknown&gt;
E   #5 0xaaaab0eff79c &lt;unknown&gt;
E   #6 0xaaaab0f0282c &lt;unknown&gt;
E   #7 0xaaaab0f02408 &lt;unknown&gt;
E   #8 0xaaaab0eea620 &lt;unknown&gt;
E   #9 0xaaaab0f02eac &lt;unknown&gt;
E   #10 0xaaaab0ed493c &lt;unknown&gt;
E   #11 0xaaaab0f21abc &lt;unknown&gt;
E   #12 0xaaaab0f21cc8 &lt;unknown&gt;
E   #13 0xaaaab0f3397c &lt;unknown&gt;
E   #14 0xffff9388202c &lt;unknown&gt;
E   #15 0xffff938ebf18 &lt;unknown&gt;</failure></testcase><testcase classname="tests.test_history" name="test_ht_003" time="8.497" /><testcase classname="tests.test_history" name="test_ht_004" time="13.893"><failure message="selenium.common.exceptions.TimeoutException: Message: &#10;Stacktrace:&#10;#0 0xaaaab0f34c18 &lt;unknown&gt;&#10;#1 0xaaaab095e0d0 &lt;unknown&gt;&#10;#2 0xaaaab09a6f4c &lt;unknown&gt;&#10;#3 0xaaaab09e2d3c &lt;unknown&gt;&#10;#4 0xaaaab099b998 &lt;unknown&gt;&#10;#5 0xaaaab0eff79c &lt;unknown&gt;&#10;#6 0xaaaab0f0282c &lt;unknown&gt;&#10;#7 0xaaaab0f02408 &lt;unknown&gt;&#10;#8 0xaaaab0eea620 &lt;unknown&gt;&#10;#9 0xaaaab0f02eac &lt;unknown&gt;&#10;#10 0xaaaab0ed493c &lt;unknown&gt;&#10;#11 0xaaaab0f21abc &lt;unknown&gt;&#10;#12 0xaaaab0f21cc8 &lt;unknown&gt;&#10;#13 0xaaaab0f3397c &lt;unknown&gt;&#10;#14 0xffff9388202c &lt;unknown&gt;&#10;#15 0xffff938ebf18 &lt;unknown&gt;">tests/test_history.py:125: in test_ht_004
    sidebar.click_new_chat()
src/pages/ht_chat_sidebar.py:27: in click_new_chat
    self.clickable(SEL_NEW_CHAT_BTN).click()
src/pages/ht_base_page.py:21: in clickable
    return self.wait(sec).until(EC.element_to_be_clickable(locator))
/usr/local/lib/python3.14/site-packages/selenium/webdriver/support/wait.py:105: in until
    raise TimeoutException(message, screen, stacktrace)
E   selenium.common.exceptions.TimeoutException: Message: 
E   Stacktrace:
E   #0 0xaaaab0f34c18 &lt;unknown&gt;
E   #1 0xaaaab095e0d0 &lt;unknown&gt;
E   #2 0xaaaab09a6f4c &lt;unknown&gt;
E   #3 0xaaaab09e2d3c &lt;unknown&gt;
E   #4 0xaaaab099b998 &lt;unknown&gt;
E   #5 0xaaaab0eff79c &lt;unknown&gt;
E   #6 0xaaaab0f0282c &lt;unknown&gt;
E   #7 0xaaaab0f02408 &lt;unknown&gt;
E   #8 0xaaaab0eea620 &lt;unknown&gt;
E   #9 0xaaaab0f02eac &lt;unknown&gt;
E   #10 0xaaaab0ed493c &lt;unknown&gt;
E   #11 0xaaaab0f21abc &lt;unknown&gt;
E   #12 0xaaaab0f21cc8 &lt;unknown&gt;
E   #13 0xaaaab0f3397c &lt;unknown&gt;
E   #14 0xffff9388202c &lt;unknown&gt;
E   #15 0xffff938ebf18 &lt;unknown&gt;</failure></testcase><testcase classname="tests.test_history" name="test_ht_005" time="13.940"><failure message="selenium.common.exceptions.TimeoutException: Message: &#10;Stacktrace:&#10;#0 0xaaaab0f34c18 &lt;unknown&gt;&#10;#1 0xaaaab095e0d0 &lt;unknown&gt;&#10;#2 0xaaaab09a6f4c &lt;unknown&gt;&#10;#3 0xaaaab09e2d3c &lt;unknown&gt;&#10;#4 0xaaaab099b998 &lt;unknown&gt;&#10;#5 0xaaaab0eff79c &lt;unknown&gt;&#10;#6 0xaaaab0f0282c &lt;unknown&gt;&#10;#7 0xaaaab0f02408 &lt;unknown&gt;&#10;#8 0xaaaab0eea620 &lt;unknown&gt;&#10;#9 0xaaaab0f02eac &lt;unknown&gt;&#10;#10 0xaaaab0ed493c &lt;unknown&gt;&#10;#11 0xaaaab0f21abc &lt;unknown&gt;&#10;#12 0xaaaab0f21cc8 &lt;unknown&gt;&#10;#13 0xaaaab0f3397c &lt;unknown&gt;&#10;#14 0xffff9388202c &lt;unknown&gt;&#10;#15 0xffff938ebf18 &lt;unknown&gt;">tests/test_history.py:200: in test_ht_005
    sidebar.click_new_chat()
src/pages/ht_chat_sidebar.py:27: in click_new_chat
    self.clickable(SEL_NEW_CHAT_BTN).click()
src/pages/ht_base_page.py:21: in clickable
    return self.wait(sec).until(EC.element_to_be_clickable(locator))
/usr/local/lib/python3.14/site-packages/selenium/webdriver/support/wait.py:105: in until
    raise TimeoutException(message, screen, stacktrace)
E   selenium.common.exceptions.TimeoutException: Message: 
E   Stacktrace:
E   #0 0xaaaab0f34c18 &lt;unknown&gt;
E   #1 0xaaaab095e0d0 &lt;unknown&gt;
E   #2 0xaaaab09a6f4c &lt;unknown&gt;
E   #3 0xaaaab09e2d3c &lt;unknown&gt;
E   #4 0xaaaab099b998 &lt;unknown&gt;
E   #5 0xaaaab0eff79c &lt;unknown&gt;
E   #6 0xaaaab0f0282c &lt;unknown&gt;
E   #7 0xaaaab0f02408 &lt;unknown&gt;
E   #8 0xaaaab0eea620 &lt;unknown&gt;
E   #9 0xaaaab0f02eac &lt;unknown&gt;
E   #10 0xaaaab0ed493c &lt;unknown&gt;
E   #11 0xaaaab0f21abc &lt;unknown&gt;
E   #12 0xaaaab0f21cc8 &lt;unknown&gt;
E   #13 0xaaaab0f3397c &lt;unknown&gt;
E   #14 0xffff9388202c &lt;unknown&gt;
E   #15 0xffff938ebf18 &lt;unknown&gt;</failure></testcase><testcase classname="tests.test_history" name="test_ht_006" time="12.894"><failure message="selenium.common.exceptions.TimeoutException: Message: &#10;Stacktrace:&#10;#0 0xaaaab0f34c18 &lt;unknown&gt;&#10;#1 0xaaaab095e0d0 &lt;unknown&gt;&#10;#2 0xaaaab09a6f4c &lt;unknown&gt;&#10;#3 0xaaaab09e2d3c &lt;unknown&gt;&#10;#4 0xaaaab099b998 &lt;unknown&gt;&#10;#5 0xaaaab0eff79c &lt;unknown&gt;&#10;#6 0xaaaab0f0282c &lt;unknown&gt;&#10;#7 0xaaaab0f02408 &lt;unknown&gt;&#10;#8 0xaaaab0eea620 &lt;unknown&gt;&#10;#9 0xaaaab0f02eac &lt;unknown&gt;&#10;#10 0xaaaab0ed493c &lt;unknown&gt;&#10;#11 0xaaaab0f21abc &lt;unknown&gt;&#10;#12 0xaaaab0f21cc8 &lt;unknown&gt;&#10;#13 0xaaaab0f3397c &lt;unknown&gt;&#10;#14 0xffff9388202c &lt;unknown&gt;&#10;#15 0xffff938ebf18 &lt;unknown&gt;">tests/test_history.py:250: in test_ht_006
    sidebar.click_new_chat()
src/pages/ht_chat_sidebar.py:27: in click_new_chat
    self.clickable(SEL_NEW_CHAT_BTN).click()
src/pages/ht_base_page.py:21: in clickable
    return self.wait(sec).until(EC.element_to_be_clickable(locator))
/usr/local/lib/python3.14/site-packages/selenium/webdriver/support/wait.py:105: in until
    raise TimeoutException(message, screen, stacktrace)
E   selenium.common.exceptions.TimeoutException: Message: 
E   Stacktrace:
E   #0 0xaaaab0f34c18 &lt;unknown&gt;
E   #1 0xaaaab095e0d0 &lt;unknown&gt;
E   #2 0xaaaab09a6f4c &lt;unknown&gt;
E   #3 0xaaaab09e2d3c &lt;unknown&gt;
E   #4 0xaaaab099b998 &lt;unknown&gt;
E   #5 0xaaaab0eff79c &lt;unknown&gt;
E   #6 0xaaaab0f0282c &lt;unknown&gt;
E   #7 0xaaaab0f02408 &lt;unknown&gt;
E   #8 0xaaaab0eea620 &lt;unknown&gt;
E   #9 0xaaaab0f02eac &lt;unknown&gt;
E   #10 0xaaaab0ed493c &lt;unknown&gt;
E   #11 0xaaaab0f21abc &lt;unknown&gt;
E   #12 0xaaaab0f21cc8 &lt;unknown&gt;
E   #13 0xaaaab0f3397c &lt;unknown&gt;
E   #14 0xffff9388202c &lt;unknown&gt;
E   #15 0xffff938ebf18 &lt;unknown&gt;</failure></testcase><testcase classname="tests.test_history" name="test_ht_007" time="13.889"><failure message="selenium.common.exceptions.TimeoutException: Message: &#10;Stacktrace:&#10;#0 0xaaaab0f34c18 &lt;unknown&gt;&#10;#1 0xaaaab095e0d0 &lt;unknown&gt;&#10;#2 0xaaaab09a6f4c &lt;unknown&gt;&#10;#3 0xaaaab09e2d3c &lt;unknown&gt;&#10;#4 0xaaaab099b998 &lt;unknown&gt;&#10;#5 0xaaaab0eff79c &lt;unknown&gt;&#10;#6 0xaaaab0f0282c &lt;unknown&gt;&#10;#7 0xaaaab0f02408 &lt;unknown&gt;&#10;#8 0xaaaab0eea620 &lt;unknown&gt;&#10;#9 0xaaaab0f02eac &lt;unknown&gt;&#10;#10 0xaaaab0ed493c &lt;unknown&gt;&#10;#11 0xaaaab0f21abc &lt;unknown&gt;&#10;#12 0xaaaab0f21cc8 &lt;unknown&gt;&#10;#13 0xaaaab0f3397c &lt;unknown&gt;&#10;#14 0xffff9388202c &lt;unknown&gt;&#10;#15 0xffff938ebf18 &lt;unknown&gt;">tests/test_history.py:306: in test_ht_007
    sidebar.click_new_chat()
src/pages/ht_chat_sidebar.py:27: in click_new_chat
    self.clickable(SEL_NEW_CHAT_BTN).click()
src/pages/ht_base_page.py:21: in clickable
    return self.wait(sec).until(EC.element_to_be_clickable(locator))
/usr/local/lib/python3.14/site-packages/selenium/webdriver/support/wait.py:105: in until
    raise TimeoutException(message, screen, stacktrace)
E   selenium.common.exceptions.TimeoutException: Message: 
E   Stacktrace:
E   #0 0xaaaab0f34c18 &lt;unknown&gt;
E   #1 0xaaaab095e0d0 &lt;unknown&gt;
E   #2 0xaaaab09a6f4c &lt;unknown&gt;
E   #3 0xaaaab09e2d3c &lt;unknown&gt;
E   #4 0xaaaab099b998 &lt;unknown&gt;
E   #5 0xaaaab0eff79c &lt;unknown&gt;
E   #6 0xaaaab0f0282c &lt;unknown&gt;
E   #7 0xaaaab0f02408 &lt;unknown&gt;
E   #8 0xaaaab0eea620 &lt;unknown&gt;
E   #9 0xaaaab0f02eac &lt;unknown&gt;
E   #10 0xaaaab0ed493c &lt;unknown&gt;
E   #11 0xaaaab0f21abc &lt;unknown&gt;
E   #12 0xaaaab0f21cc8 &lt;unknown&gt;
E   #13 0xaaaab0f3397c &lt;unknown&gt;
E   #14 0xffff9388202c &lt;unknown&gt;
E   #15 0xffff938ebf18 &lt;unknown&gt;</failure></testcase></testsuite></testsuites>