<?xml version='1.1' encoding='UTF-8'?>
<result plugin="junit@1369.v15da_00283f06">
  <suites>
    <suite>
      <file>/var/jenkins_home/workspace/elice_bugshunters/reports/test-results.xml</file>
      <name>pytest</name>
      <duration>172.595</duration>
      <startTime>1763313081024</startTime>
      <properties/>
      <timestamp>2025-11-16T17:11:21.024734+00:00</timestamp>
      <time>172.595</time>
      <nodeId>43</nodeId>
      <enclosingBlocks>
        <string>39</string>
      </enclosingBlocks>
      <enclosingBlockNames>
        <string>Declarative: Post Actions</string>
      </enclosingBlockNames>
      <cases>
        <case>
          <duration>6.192</duration>
          <startTime>1763313081024</startTime>
          <className>tests.test_account</className>
          <testName>test_ac_001_login</testName>
          <skipped>false</skipped>
          <keepTestNames>false</keepTestNames>
          <properties/>
          <failedSince>0</failedSince>
        </case>
        <case>
          <duration>2.8</duration>
          <startTime>1763313087216</startTime>
          <className>tests.test_account</className>
          <testName>test_ac_002_duplicate_email</testName>
          <skipped>false</skipped>
          <keepTestNames>false</keepTestNames>
          <properties/>
          <failedSince>0</failedSince>
        </case>
        <case>
          <duration>9.773</duration>
          <startTime>1763313090016</startTime>
          <className>tests.test_account</className>
          <testName>test_ac_003_negative_login</testName>
          <skipped>false</skipped>
          <keepTestNames>false</keepTestNames>
          <properties/>
          <failedSince>0</failedSince>
        </case>
        <case>
          <duration>20.885</duration>
          <startTime>1763313099789</startTime>
          <className>tests.test_account</className>
          <testName>test_ac_004_positive_login</testName>
          <skipped>false</skipped>
          <keepTestNames>false</keepTestNames>
          <properties/>
          <failedSince>0</failedSince>
        </case>
        <case>
          <duration>6.98</duration>
          <startTime>1763313120674</startTime>
          <className>tests.test_account</className>
          <testName>test_ac_005_login_with_non_email_format</testName>
          <skipped>false</skipped>
          <keepTestNames>false</keepTestNames>
          <properties/>
          <failedSince>0</failedSince>
        </case>
        <case>
          <duration>6.818</duration>
          <startTime>1763313127654</startTime>
          <className>tests.test_account</className>
          <testName>test_ac_006_login_with_spaces</testName>
          <skipped>false</skipped>
          <keepTestNames>false</keepTestNames>
          <properties/>
          <failedSince>0</failedSince>
        </case>
        <case>
          <duration>10.079</duration>
          <startTime>1763313134472</startTime>
          <className>tests.test_account</className>
          <testName>test_ac_007_logout</testName>
          <skipped>false</skipped>
          <keepTestNames>false</keepTestNames>
          <properties/>
          <failedSince>0</failedSince>
        </case>
        <case>
          <duration>31.64</duration>
          <startTime>1763313144551</startTime>
          <className>tests.test_history</className>
          <testName>test_ht_001</testName>
          <skipped>false</skipped>
          <keepTestNames>false</keepTestNames>
          <errorStackTrace>tests/test_history.py:43: in test_ht_001
    sidebar.click_new_chat()
src/pages/ht_chat_sidebar.py:27: in click_new_chat
    self.clickable(SEL_NEW_CHAT_BTN).click()
src/pages/ht_base_page.py:21: in clickable
    return self.wait(sec).until(EC.element_to_be_clickable(locator))
/usr/local/lib/python3.14/site-packages/selenium/webdriver/support/wait.py:105: in until
    raise TimeoutException(message, screen, stacktrace)
E   selenium.common.exceptions.TimeoutException: Message: 
E   Stacktrace:
E   #0 0xaaaacfac4c18 &lt;unknown&gt;
E   #1 0xaaaacf4ee0d0 &lt;unknown&gt;
E   #2 0xaaaacf536f4c &lt;unknown&gt;
E   #3 0xaaaacf572d3c &lt;unknown&gt;
E   #4 0xaaaacf52b998 &lt;unknown&gt;
E   #5 0xaaaacfa8f79c &lt;unknown&gt;
E   #6 0xaaaacfa9282c &lt;unknown&gt;
E   #7 0xaaaacfa92408 &lt;unknown&gt;
E   #8 0xaaaacfa7a620 &lt;unknown&gt;
E   #9 0xaaaacfa92eac &lt;unknown&gt;
E   #10 0xaaaacfa6493c &lt;unknown&gt;
E   #11 0xaaaacfab1abc &lt;unknown&gt;
E   #12 0xaaaacfab1cc8 &lt;unknown&gt;
E   #13 0xaaaacfac397c &lt;unknown&gt;
E   #14 0xffffa844202c &lt;unknown&gt;
E   #15 0xffffa84abf18 &lt;unknown&gt;</errorStackTrace>
          <errorDetails>selenium.common.exceptions.TimeoutException: Message: 
Stacktrace:
#0 0xaaaacfac4c18 &lt;unknown&gt;
#1 0xaaaacf4ee0d0 &lt;unknown&gt;
#2 0xaaaacf536f4c &lt;unknown&gt;
#3 0xaaaacf572d3c &lt;unknown&gt;
#4 0xaaaacf52b998 &lt;unknown&gt;
#5 0xaaaacfa8f79c &lt;unknown&gt;
#6 0xaaaacfa9282c &lt;unknown&gt;
#7 0xaaaacfa92408 &lt;unknown&gt;
#8 0xaaaacfa7a620 &lt;unknown&gt;
#9 0xaaaacfa92eac &lt;unknown&gt;
#10 0xaaaacfa6493c &lt;unknown&gt;
#11 0xaaaacfab1abc &lt;unknown&gt;
#12 0xaaaacfab1cc8 &lt;unknown&gt;
#13 0xaaaacfac397c &lt;unknown&gt;
#14 0xffffa844202c &lt;unknown&gt;
#15 0xffffa84abf18 &lt;unknown&gt;</errorDetails>
          <properties/>
          <failedSince>7</failedSince>
        </case>
        <case>
          <duration>13.485</duration>
          <startTime>1763313176191</startTime>
          <className>tests.test_history</className>
          <testName>test_ht_002</testName>
          <skipped>false</skipped>
          <keepTestNames>false</keepTestNames>
          <errorStackTrace>tests/test_history.py:76: in test_ht_002
    sidebar.click_new_chat()
src/pages/ht_chat_sidebar.py:27: in click_new_chat
    self.clickable(SEL_NEW_CHAT_BTN).click()
src/pages/ht_base_page.py:21: in clickable
    return self.wait(sec).until(EC.element_to_be_clickable(locator))
/usr/local/lib/python3.14/site-packages/selenium/webdriver/support/wait.py:105: in until
    raise TimeoutException(message, screen, stacktrace)
E   selenium.common.exceptions.TimeoutException: Message: 
E   Stacktrace:
E   #0 0xaaaacfac4c18 &lt;unknown&gt;
E   #1 0xaaaacf4ee0d0 &lt;unknown&gt;
E   #2 0xaaaacf536f4c &lt;unknown&gt;
E   #3 0xaaaacf572d3c &lt;unknown&gt;
E   #4 0xaaaacf52b998 &lt;unknown&gt;
E   #5 0xaaaacfa8f79c &lt;unknown&gt;
E   #6 0xaaaacfa9282c &lt;unknown&gt;
E   #7 0xaaaacfa92408 &lt;unknown&gt;
E   #8 0xaaaacfa7a620 &lt;unknown&gt;
E   #9 0xaaaacfa92eac &lt;unknown&gt;
E   #10 0xaaaacfa6493c &lt;unknown&gt;
E   #11 0xaaaacfab1abc &lt;unknown&gt;
E   #12 0xaaaacfab1cc8 &lt;unknown&gt;
E   #13 0xaaaacfac397c &lt;unknown&gt;
E   #14 0xffffa844202c &lt;unknown&gt;
E   #15 0xffffa84abf18 &lt;unknown&gt;</errorStackTrace>
          <errorDetails>selenium.common.exceptions.TimeoutException: Message: 
Stacktrace:
#0 0xaaaacfac4c18 &lt;unknown&gt;
#1 0xaaaacf4ee0d0 &lt;unknown&gt;
#2 0xaaaacf536f4c &lt;unknown&gt;
#3 0xaaaacf572d3c &lt;unknown&gt;
#4 0xaaaacf52b998 &lt;unknown&gt;
#5 0xaaaacfa8f79c &lt;unknown&gt;
#6 0xaaaacfa9282c &lt;unknown&gt;
#7 0xaaaacfa92408 &lt;unknown&gt;
#8 0xaaaacfa7a620 &lt;unknown&gt;
#9 0xaaaacfa92eac &lt;unknown&gt;
#10 0xaaaacfa6493c &lt;unknown&gt;
#11 0xaaaacfab1abc &lt;unknown&gt;
#12 0xaaaacfab1cc8 &lt;unknown&gt;
#13 0xaaaacfac397c &lt;unknown&gt;
#14 0xffffa844202c &lt;unknown&gt;
#15 0xffffa84abf18 &lt;unknown&gt;</errorDetails>
          <properties/>
          <failedSince>7</failedSince>
        </case>
        <case>
          <duration>7.93</duration>
          <startTime>1763313189676</startTime>
          <className>tests.test_history</className>
          <testName>test_ht_003</testName>
          <skipped>false</skipped>
          <keepTestNames>false</keepTestNames>
          <properties/>
          <failedSince>0</failedSince>
        </case>
        <case>
          <duration>14.476</duration>
          <startTime>1763313197606</startTime>
          <className>tests.test_history</className>
          <testName>test_ht_004</testName>
          <skipped>false</skipped>
          <keepTestNames>false</keepTestNames>
          <errorStackTrace>tests/test_history.py:125: in test_ht_004
    sidebar.click_new_chat()
src/pages/ht_chat_sidebar.py:27: in click_new_chat
    self.clickable(SEL_NEW_CHAT_BTN).click()
src/pages/ht_base_page.py:21: in clickable
    return self.wait(sec).until(EC.element_to_be_clickable(locator))
/usr/local/lib/python3.14/site-packages/selenium/webdriver/support/wait.py:105: in until
    raise TimeoutException(message, screen, stacktrace)
E   selenium.common.exceptions.TimeoutException: Message: 
E   Stacktrace:
E   #0 0xaaaacfac4c18 &lt;unknown&gt;
E   #1 0xaaaacf4ee0d0 &lt;unknown&gt;
E   #2 0xaaaacf536f4c &lt;unknown&gt;
E   #3 0xaaaacf572d3c &lt;unknown&gt;
E   #4 0xaaaacf52b998 &lt;unknown&gt;
E   #5 0xaaaacfa8f79c &lt;unknown&gt;
E   #6 0xaaaacfa9282c &lt;unknown&gt;
E   #7 0xaaaacfa92408 &lt;unknown&gt;
E   #8 0xaaaacfa7a620 &lt;unknown&gt;
E   #9 0xaaaacfa92eac &lt;unknown&gt;
E   #10 0xaaaacfa6493c &lt;unknown&gt;
E   #11 0xaaaacfab1abc &lt;unknown&gt;
E   #12 0xaaaacfab1cc8 &lt;unknown&gt;
E   #13 0xaaaacfac397c &lt;unknown&gt;
E   #14 0xffffa844202c &lt;unknown&gt;
E   #15 0xffffa84abf18 &lt;unknown&gt;</errorStackTrace>
          <errorDetails>selenium.common.exceptions.TimeoutException: Message: 
Stacktrace:
#0 0xaaaacfac4c18 &lt;unknown&gt;
#1 0xaaaacf4ee0d0 &lt;unknown&gt;
#2 0xaaaacf536f4c &lt;unknown&gt;
#3 0xaaaacf572d3c &lt;unknown&gt;
#4 0xaaaacf52b998 &lt;unknown&gt;
#5 0xaaaacfa8f79c &lt;unknown&gt;
#6 0xaaaacfa9282c &lt;unknown&gt;
#7 0xaaaacfa92408 &lt;unknown&gt;
#8 0xaaaacfa7a620 &lt;unknown&gt;
#9 0xaaaacfa92eac &lt;unknown&gt;
#10 0xaaaacfa6493c &lt;unknown&gt;
#11 0xaaaacfab1abc &lt;unknown&gt;
#12 0xaaaacfab1cc8 &lt;unknown&gt;
#13 0xaaaacfac397c &lt;unknown&gt;
#14 0xffffa844202c &lt;unknown&gt;
#15 0xffffa84abf18 &lt;unknown&gt;</errorDetails>
          <properties/>
          <failedSince>7</failedSince>
        </case>
        <case>
          <duration>13.444</duration>
          <startTime>1763313212082</startTime>
          <className>tests.test_history</className>
          <testName>test_ht_005</testName>
          <skipped>false</skipped>
          <keepTestNames>false</keepTestNames>
          <errorStackTrace>tests/test_history.py:200: in test_ht_005
    sidebar.click_new_chat()
src/pages/ht_chat_sidebar.py:27: in click_new_chat
    self.clickable(SEL_NEW_CHAT_BTN).click()
src/pages/ht_base_page.py:21: in clickable
    return self.wait(sec).until(EC.element_to_be_clickable(locator))
/usr/local/lib/python3.14/site-packages/selenium/webdriver/support/wait.py:105: in until
    raise TimeoutException(message, screen, stacktrace)
E   selenium.common.exceptions.TimeoutException: Message: 
E   Stacktrace:
E   #0 0xaaaacfac4c18 &lt;unknown&gt;
E   #1 0xaaaacf4ee0d0 &lt;unknown&gt;
E   #2 0xaaaacf536f4c &lt;unknown&gt;
E   #3 0xaaaacf572d3c &lt;unknown&gt;
E   #4 0xaaaacf52b998 &lt;unknown&gt;
E   #5 0xaaaacfa8f79c &lt;unknown&gt;
E   #6 0xaaaacfa9282c &lt;unknown&gt;
E   #7 0xaaaacfa92408 &lt;unknown&gt;
E   #8 0xaaaacfa7a620 &lt;unknown&gt;
E   #9 0xaaaacfa92eac &lt;unknown&gt;
E   #10 0xaaaacfa6493c &lt;unknown&gt;
E   #11 0xaaaacfab1abc &lt;unknown&gt;
E   #12 0xaaaacfab1cc8 &lt;unknown&gt;
E   #13 0xaaaacfac397c &lt;unknown&gt;
E   #14 0xffffa844202c &lt;unknown&gt;
E   #15 0xffffa84abf18 &lt;unknown&gt;</errorStackTrace>
          <errorDetails>selenium.common.exceptions.TimeoutException: Message: 
Stacktrace:
#0 0xaaaacfac4c18 &lt;unknown&gt;
#1 0xaaaacf4ee0d0 &lt;unknown&gt;
#2 0xaaaacf536f4c &lt;unknown&gt;
#3 0xaaaacf572d3c &lt;unknown&gt;
#4 0xaaaacf52b998 &lt;unknown&gt;
#5 0xaaaacfa8f79c &lt;unknown&gt;
#6 0xaaaacfa9282c &lt;unknown&gt;
#7 0xaaaacfa92408 &lt;unknown&gt;
#8 0xaaaacfa7a620 &lt;unknown&gt;
#9 0xaaaacfa92eac &lt;unknown&gt;
#10 0xaaaacfa6493c &lt;unknown&gt;
#11 0xaaaacfab1abc &lt;unknown&gt;
#12 0xaaaacfab1cc8 &lt;unknown&gt;
#13 0xaaaacfac397c &lt;unknown&gt;
#14 0xffffa844202c &lt;unknown&gt;
#15 0xffffa84abf18 &lt;unknown&gt;</errorDetails>
          <properties/>
          <failedSince>7</failedSince>
        </case>
        <case>
          <duration>14.17</duration>
          <startTime>1763313225526</startTime>
          <className>tests.test_history</className>
          <testName>test_ht_006</testName>
          <skipped>false</skipped>
          <keepTestNames>false</keepTestNames>
          <errorStackTrace>tests/test_history.py:250: in test_ht_006
    sidebar.click_new_chat()
src/pages/ht_chat_sidebar.py:27: in click_new_chat
    self.clickable(SEL_NEW_CHAT_BTN).click()
src/pages/ht_base_page.py:21: in clickable
    return self.wait(sec).until(EC.element_to_be_clickable(locator))
/usr/local/lib/python3.14/site-packages/selenium/webdriver/support/wait.py:105: in until
    raise TimeoutException(message, screen, stacktrace)
E   selenium.common.exceptions.TimeoutException: Message: 
E   Stacktrace:
E   #0 0xaaaacfac4c18 &lt;unknown&gt;
E   #1 0xaaaacf4ee0d0 &lt;unknown&gt;
E   #2 0xaaaacf536f4c &lt;unknown&gt;
E   #3 0xaaaacf572d3c &lt;unknown&gt;
E   #4 0xaaaacf52b998 &lt;unknown&gt;
E   #5 0xaaaacfa8f79c &lt;unknown&gt;
E   #6 0xaaaacfa9282c &lt;unknown&gt;
E   #7 0xaaaacfa92408 &lt;unknown&gt;
E   #8 0xaaaacfa7a620 &lt;unknown&gt;
E   #9 0xaaaacfa92eac &lt;unknown&gt;
E   #10 0xaaaacfa6493c &lt;unknown&gt;
E   #11 0xaaaacfab1abc &lt;unknown&gt;
E   #12 0xaaaacfab1cc8 &lt;unknown&gt;
E   #13 0xaaaacfac397c &lt;unknown&gt;
E   #14 0xffffa844202c &lt;unknown&gt;
E   #15 0xffffa84abf18 &lt;unknown&gt;</errorStackTrace>
          <errorDetails>selenium.common.exceptions.TimeoutException: Message: 
Stacktrace:
#0 0xaaaacfac4c18 &lt;unknown&gt;
#1 0xaaaacf4ee0d0 &lt;unknown&gt;
#2 0xaaaacf536f4c &lt;unknown&gt;
#3 0xaaaacf572d3c &lt;unknown&gt;
#4 0xaaaacf52b998 &lt;unknown&gt;
#5 0xaaaacfa8f79c &lt;unknown&gt;
#6 0xaaaacfa9282c &lt;unknown&gt;
#7 0xaaaacfa92408 &lt;unknown&gt;
#8 0xaaaacfa7a620 &lt;unknown&gt;
#9 0xaaaacfa92eac &lt;unknown&gt;
#10 0xaaaacfa6493c &lt;unknown&gt;
#11 0xaaaacfab1abc &lt;unknown&gt;
#12 0xaaaacfab1cc8 &lt;unknown&gt;
#13 0xaaaacfac397c &lt;unknown&gt;
#14 0xffffa844202c &lt;unknown&gt;
#15 0xffffa84abf18 &lt;unknown&gt;</errorDetails>
          <properties/>
          <failedSince>7</failedSince>
        </case>
        <case>
          <duration>13.331</duration>
          <startTime>1763313239696</startTime>
          <className>tests.test_history</className>
          <testName>test_ht_007</testName>
          <skipped>false</skipped>
          <keepTestNames>false</keepTestNames>
          <errorStackTrace>tests/test_history.py:306: in test_ht_007
    sidebar.click_new_chat()
src/pages/ht_chat_sidebar.py:27: in click_new_chat
    self.clickable(SEL_NEW_CHAT_BTN).click()
src/pages/ht_base_page.py:21: in clickable
    return self.wait(sec).until(EC.element_to_be_clickable(locator))
/usr/local/lib/python3.14/site-packages/selenium/webdriver/support/wait.py:105: in until
    raise TimeoutException(message, screen, stacktrace)
E   selenium.common.exceptions.TimeoutException: Message: 
E   Stacktrace:
E   #0 0xaaaacfac4c18 &lt;unknown&gt;
E   #1 0xaaaacf4ee0d0 &lt;unknown&gt;
E   #2 0xaaaacf536f4c &lt;unknown&gt;
E   #3 0xaaaacf572d3c &lt;unknown&gt;
E   #4 0xaaaacf52b998 &lt;unknown&gt;
E   #5 0xaaaacfa8f79c &lt;unknown&gt;
E   #6 0xaaaacfa9282c &lt;unknown&gt;
E   #7 0xaaaacfa92408 &lt;unknown&gt;
E   #8 0xaaaacfa7a620 &lt;unknown&gt;
E   #9 0xaaaacfa92eac &lt;unknown&gt;
E   #10 0xaaaacfa6493c &lt;unknown&gt;
E   #11 0xaaaacfab1abc &lt;unknown&gt;
E   #12 0xaaaacfab1cc8 &lt;unknown&gt;
E   #13 0xaaaacfac397c &lt;unknown&gt;
E   #14 0xffffa844202c &lt;unknown&gt;
E   #15 0xffffa84abf18 &lt;unknown&gt;</errorStackTrace>
          <errorDetails>selenium.common.exceptions.TimeoutException: Message: 
Stacktrace:
#0 0xaaaacfac4c18 &lt;unknown&gt;
#1 0xaaaacf4ee0d0 &lt;unknown&gt;
#2 0xaaaacf536f4c &lt;unknown&gt;
#3 0xaaaacf572d3c &lt;unknown&gt;
#4 0xaaaacf52b998 &lt;unknown&gt;
#5 0xaaaacfa8f79c &lt;unknown&gt;
#6 0xaaaacfa9282c &lt;unknown&gt;
#7 0xaaaacfa92408 &lt;unknown&gt;
#8 0xaaaacfa7a620 &lt;unknown&gt;
#9 0xaaaacfa92eac &lt;unknown&gt;
#10 0xaaaacfa6493c &lt;unknown&gt;
#11 0xaaaacfab1abc &lt;unknown&gt;
#12 0xaaaacfab1cc8 &lt;unknown&gt;
#13 0xaaaacfac397c &lt;unknown&gt;
#14 0xffffa844202c &lt;unknown&gt;
#15 0xffffa84abf18 &lt;unknown&gt;</errorDetails>
          <properties/>
          <failedSince>7</failedSince>
        </case>
      </cases>
    </suite>
  </suites>
  <duration>172.595</duration>
  <skipOldReports>false</skipOldReports>
  <startTime>1763313081024</startTime>
  <stdioRetention>NONE</stdioRetention>
  <keepTestNames>false</keepTestNames>
  <keepProperties>false</keepProperties>
</result>