<?xml version="1.0" encoding="utf-8"?><testsuites><testsuite name="pytest" errors="0" failures="12" skipped="0" tests="56" time="890.022" timestamp="2025-11-19T04:48:22.424027+00:00" hostname="df47125fa71e"><testcase classname="tests.test_account" name="test_ac_001_login" time="15.908" /><testcase classname="tests.test_account" name="test_ac_002_duplicate_email" time="5.818" /><testcase classname="tests.test_account" name="test_ac_003_negative_login" time="10.888" /><testcase classname="tests.test_account" name="test_ac_004_positive_login" time="15.085" /><testcase classname="tests.test_account" name="test_ac_005_login_with_non_email_format" time="7.389" /><testcase classname="tests.test_account" name="test_ac_006_login_with_spaces" time="7.349" /><testcase classname="tests.test_account" name="test_ac_007_logout" time="10.196" /><testcase classname="tests.test_billing_system" name="test_bu_001_credit_usage_section_exists" time="23.617" /><testcase classname="tests.test_billing_system" name="test_bu_002_danal_card_payment_iframe_appears" time="18.873"><failure message="selenium.common.exceptions.TimeoutException: Message: &#10;Stacktrace:&#10;#0 0xaaaaabc94c18 &lt;unknown&gt;&#10;#1 0xaaaaab6be0d0 &lt;unknown&gt;&#10;#2 0xaaaaab706f4c &lt;unknown&gt;&#10;#3 0xaaaaab742d3c &lt;unknown&gt;&#10;#4 0xaaaaab6fb998 &lt;unknown&gt;&#10;#5 0xaaaaabc5f79c &lt;unknown&gt;&#10;#6 0xaaaaabc6282c &lt;unknown&gt;&#10;#7 0xaaaaabc62408 &lt;unknown&gt;&#10;#8 0xaaaaabc4a620 &lt;unknown&gt;&#10;#9 0xaaaaabc62eac &lt;unknown&gt;&#10;#10 0xaaaaabc3493c &lt;unknown&gt;&#10;#11 0xaaaaabc81abc &lt;unknown&gt;&#10;#12 0xaaaaabc81cc8 &lt;unknown&gt;&#10;#13 0xaaaaabc9397c &lt;unknown&gt;&#10;#14 0xffff8e2d202c &lt;unknown&gt;&#10;#15 0xffff8e33bf18 &lt;unknown&gt;">tests/test_billing_system.py:34: in test_bu_002_danal_card_payment_iframe_appears
    methods.click_register_method()
src/pages/billing_page.py:48: in click_register_method
    self.click_safely("register_method_btn")
src/pages/base_page.py:39: in click_safely
    element = wait.until(EC.presence_of_element_located(locator))
/usr/local/lib/python3.14/site-packages/selenium/webdriver/support/wait.py:105: in until
    raise TimeoutException(message, screen, stacktrace)
E   selenium.common.exceptions.TimeoutException: Message: 
E   Stacktrace:
E   #0 0xaaaaabc94c18 &lt;unknown&gt;
E   #1 0xaaaaab6be0d0 &lt;unknown&gt;
E   #2 0xaaaaab706f4c &lt;unknown&gt;
E   #3 0xaaaaab742d3c &lt;unknown&gt;
E   #4 0xaaaaab6fb998 &lt;unknown&gt;
E   #5 0xaaaaabc5f79c &lt;unknown&gt;
E   #6 0xaaaaabc6282c &lt;unknown&gt;
E   #7 0xaaaaabc62408 &lt;unknown&gt;
E   #8 0xaaaaabc4a620 &lt;unknown&gt;
E   #9 0xaaaaabc62eac &lt;unknown&gt;
E   #10 0xaaaaabc3493c &lt;unknown&gt;
E   #11 0xaaaaabc81abc &lt;unknown&gt;
E   #12 0xaaaaabc81cc8 &lt;unknown&gt;
E   #13 0xaaaaabc9397c &lt;unknown&gt;
E   #14 0xffff8e2d202c &lt;unknown&gt;
E   #15 0xffff8e33bf18 &lt;unknown&gt;</failure></testcase><testcase classname="tests.test_billing_system" name="test_bu_003_click_usage_history" time="16.091"><failure message="AssertionError: ❌ Usage History 페이지로 이동 실패&#10;assert False&#10; +  where False = is_usage_history_page()&#10; +    where is_usage_history_page = &lt;src.pages.billing_page.UsagePage object at 0xffff83aa6900&gt;.is_usage_history_page">tests/test_billing_system.py:56: in test_bu_003_click_usage_history
    assert usage_page.is_usage_history_page(), "❌ Usage History 페이지로 이동 실패"
E   AssertionError: ❌ Usage History 페이지로 이동 실패
E   assert False
E    +  where False = is_usage_history_page()
E    +    where is_usage_history_page = &lt;src.pages.billing_page.UsagePage object at 0xffff83aa6900&gt;.is_usage_history_page</failure></testcase><testcase classname="tests.test_billing_system" name="test_bu_004_click_ml_api" time="2.491" /><testcase classname="tests.test_billing_system" name="test_bu_005_click_severless_status" time="9.873" /><testcase classname="tests.test_billing_system" name="test_bu_006_click_api_key_manage" time="4.588"><failure message="assert False&#10; +  where False = is_api_key_manage_page()&#10; +    where is_api_key_manage_page = &lt;src.pages.billing_page.UsagePage object at 0xffff83a23820&gt;.is_api_key_manage_page">tests/test_billing_system.py:73: in test_bu_006_click_api_key_manage
    assert page.is_api_key_manage_page()
E   assert False
E    +  where False = is_api_key_manage_page()
E    +    where is_api_key_manage_page = &lt;src.pages.billing_page.UsagePage object at 0xffff83a23820&gt;.is_api_key_manage_page</failure></testcase><testcase classname="tests.test_chat_base" name="test_cb_001_ai_chat" time="19.572" /><testcase classname="tests.test_chat_base" name="test_cb_002_copy" time="1.695" /><testcase classname="tests.test_chat_base" name="test_cb_003_edit_message" time="6.693" /><testcase classname="tests.test_chat_base" name="test_cb_004_scroll_and_click" time="37.676"><failure message="AssertionError: 최신 답변으로 이동 버튼 클릭 실패&#10;assert False">tests/test_chat_base.py:57: in test_cb_004_scroll_and_click
    assert result, "최신 답변으로 이동 버튼 클릭 실패"
E   AssertionError: 최신 답변으로 이동 버튼 클릭 실패
E   assert False</failure></testcase><testcase classname="tests.test_chat_base" name="test_cb_005_make_image" time="25.285" /><testcase classname="tests.test_chat_base" name="test_cb_006_upload_file" time="5.506" /><testcase classname="tests.test_chat_base" name="test_cb_007_make_image" time="11.702" /><testcase classname="tests.test_chat_expanse" name="test_ce_001_quiz" time="18.979" /><testcase classname="tests.test_chat_expanse" name="test_ce_002_quiz_empty" time="11.905" /><testcase classname="tests.test_chat_expanse" name="test_ce_003_quiz_special_chars" time="3.549" /><testcase classname="tests.test_chat_expanse" name="test_ce_004_quiz_no_type" time="9.699" /><testcase classname="tests.test_chat_expanse" name="test_ce_005_ppt" time="19.912" /><testcase classname="tests.test_chat_expanse" name="test_ce_006_image_text" time="1.180" /><testcase classname="tests.test_chat_expanse" name="test_ce_007_image_file" time="89.793" /><testcase classname="tests.test_chat_expanse" name="test_ce_008_google_search" time="3.776" /><testcase classname="tests.test_chat_expanse" name="test_ce_009_deep_dive" time="71.390" /><testcase classname="tests.test_chat_expanse" name="test_ce_010_file_upload" time="6.919" /><testcase classname="tests.test_chat_expanse" name="test_ce_011_file_upload_expect_failure" time="22.586" /><testcase classname="tests.test_chat_expanse" name="test_ce_012_file_upload_new_chat" time="10.416"><failure message="AssertionError: ❌ 파일 업로드 및 전송 프로세스 실패&#10;assert False">tests/test_chat_expanse.py:69: in test_ce_012_file_upload_new_chat
    assert result, "❌ 파일 업로드 및 전송 프로세스 실패"
E   AssertionError: ❌ 파일 업로드 및 전송 프로세스 실패
E   assert False</failure></testcase><testcase classname="tests.test_chat_expanse" name="test_ce_013_quiz_empty_new_chat" time="10.290"><failure message="AssertionError: ✅CE-013 : 빈칸 퀴즈 생성이 허용되었습니다!&#10;assert False is True">tests/test_chat_expanse.py:74: in test_ce_013_quiz_empty_new_chat
    assert result is True, "✅CE-013 : 빈칸 퀴즈 생성이 허용되었습니다!"
E   AssertionError: ✅CE-013 : 빈칸 퀴즈 생성이 허용되었습니다!
E   assert False is True</failure></testcase><testcase classname="tests.test_custom_agent" name="test_ca_001_navigate_to_agent_create_form" time="18.304" /><testcase classname="tests.test_custom_agent" name="test_ca_002_validate_required_fields_behavior" time="4.500" /><testcase classname="tests.test_custom_agent" name="test_ca_003_1_create_private_agent_successfully" time="20.039" /><testcase classname="tests.test_custom_agent" name="test_ca_003_2_create_organization_agent_successfully" time="22.437" /><testcase classname="tests.test_custom_agent" name="test_ca_004_test_create_with_chat_generates_ai_response" time="10.273" /><testcase classname="tests.test_custom_agent" name="test_ca_005_prevent_duplicate_agent_creation" time="10.505" /><testcase classname="tests.test_custom_agent" name="test_ca_006_display_created_agents_in_explorer" time="3.046" /><testcase classname="tests.test_custom_agent" name="test_ca_007_display_agent_cards_in_my_agents" time="14.200" /><testcase classname="tests.test_custom_agent" name="test_ca_008_update_existing_agent_successfully" time="16.875" /><testcase classname="tests.test_custom_agent" name="test_ca_009__publish_draft_agent_successfully" time="20.606" /><testcase classname="tests.test_custom_agent" name="test_ca_010_autosave_draft_agent_persists_changes" time="20.809" /><testcase classname="tests.test_custom_agent" name="test_ca_011_cancel_agent_deletion_modal" time="16.041" /><testcase classname="tests.test_custom_agent" name="test_ca_012_delete_agent_permanently" time="14.719" /><testcase classname="tests.test_custom_agent" name="test_ca_013_prevent_deletion_of_default_agents" time="13.368" /><testcase classname="tests.test_custom_agent" name="test_ca_014_validate_file_upload_and_size_limit" time="4.584" /><testcase classname="tests.test_custom_agent" name="test_ca_015_private_agent_hidden_from_sub_account" time="35.896" /><testcase classname="tests.test_history" name="test_ht_001_start_new_chat" time="27.575"><failure message="selenium.common.exceptions.TimeoutException: Message: &#10;Stacktrace:&#10;#0 0xaaaaabc94c18 &lt;unknown&gt;&#10;#1 0xaaaaab6be0d0 &lt;unknown&gt;&#10;#2 0xaaaaab706f4c &lt;unknown&gt;&#10;#3 0xaaaaab742d3c &lt;unknown&gt;&#10;#4 0xaaaaab6fb998 &lt;unknown&gt;&#10;#5 0xaaaaabc5f79c &lt;unknown&gt;&#10;#6 0xaaaaabc6282c &lt;unknown&gt;&#10;#7 0xaaaaabc62408 &lt;unknown&gt;&#10;#8 0xaaaaabc4a620 &lt;unknown&gt;&#10;#9 0xaaaaabc62eac &lt;unknown&gt;&#10;#10 0xaaaaabc3493c &lt;unknown&gt;&#10;#11 0xaaaaabc81abc &lt;unknown&gt;&#10;#12 0xaaaaabc81cc8 &lt;unknown&gt;&#10;#13 0xaaaaabc9397c &lt;unknown&gt;&#10;#14 0xffff8e2d202c &lt;unknown&gt;&#10;#15 0xffff8e33bf18 &lt;unknown&gt;">tests/test_history.py:32: in test_ht_001_start_new_chat
    sidebar.click_new_chat()  # 내부에서 clickable 사용
src/pages/history_page.py:116: in click_new_chat
    self.click_safely("new_chat_btn")
src/pages/base_page.py:39: in click_safely
    element = wait.until(EC.presence_of_element_located(locator))
/usr/local/lib/python3.14/site-packages/selenium/webdriver/support/wait.py:105: in until
    raise TimeoutException(message, screen, stacktrace)
E   selenium.common.exceptions.TimeoutException: Message: 
E   Stacktrace:
E   #0 0xaaaaabc94c18 &lt;unknown&gt;
E   #1 0xaaaaab6be0d0 &lt;unknown&gt;
E   #2 0xaaaaab706f4c &lt;unknown&gt;
E   #3 0xaaaaab742d3c &lt;unknown&gt;
E   #4 0xaaaaab6fb998 &lt;unknown&gt;
E   #5 0xaaaaabc5f79c &lt;unknown&gt;
E   #6 0xaaaaabc6282c &lt;unknown&gt;
E   #7 0xaaaaabc62408 &lt;unknown&gt;
E   #8 0xaaaaabc4a620 &lt;unknown&gt;
E   #9 0xaaaaabc62eac &lt;unknown&gt;
E   #10 0xaaaaabc3493c &lt;unknown&gt;
E   #11 0xaaaaabc81abc &lt;unknown&gt;
E   #12 0xaaaaabc81cc8 &lt;unknown&gt;
E   #13 0xaaaaabc9397c &lt;unknown&gt;
E   #14 0xffff8e2d202c &lt;unknown&gt;
E   #15 0xffff8e33bf18 &lt;unknown&gt;</failure></testcase><testcase classname="tests.test_history" name="test_ht_002_search_history" time="15.148"><failure message="selenium.common.exceptions.TimeoutException: Message: &#10;Stacktrace:&#10;#0 0xaaaaabc94c18 &lt;unknown&gt;&#10;#1 0xaaaaab6be0d0 &lt;unknown&gt;&#10;#2 0xaaaaab706f4c &lt;unknown&gt;&#10;#3 0xaaaaab742d3c &lt;unknown&gt;&#10;#4 0xaaaaab6fb998 &lt;unknown&gt;&#10;#5 0xaaaaabc5f79c &lt;unknown&gt;&#10;#6 0xaaaaabc6282c &lt;unknown&gt;&#10;#7 0xaaaaabc62408 &lt;unknown&gt;&#10;#8 0xaaaaabc4a620 &lt;unknown&gt;&#10;#9 0xaaaaabc62eac &lt;unknown&gt;&#10;#10 0xaaaaabc3493c &lt;unknown&gt;&#10;#11 0xaaaaabc81abc &lt;unknown&gt;&#10;#12 0xaaaaabc81cc8 &lt;unknown&gt;&#10;#13 0xaaaaabc9397c &lt;unknown&gt;&#10;#14 0xffff8e2d202c &lt;unknown&gt;&#10;#15 0xffff8e33bf18 &lt;unknown&gt;">tests/test_history.py:72: in test_ht_002_search_history
    sidebar.click_new_chat()      # 내부에서 clickable 대기
src/pages/history_page.py:116: in click_new_chat
    self.click_safely("new_chat_btn")
src/pages/base_page.py:39: in click_safely
    element = wait.until(EC.presence_of_element_located(locator))
/usr/local/lib/python3.14/site-packages/selenium/webdriver/support/wait.py:105: in until
    raise TimeoutException(message, screen, stacktrace)
E   selenium.common.exceptions.TimeoutException: Message: 
E   Stacktrace:
E   #0 0xaaaaabc94c18 &lt;unknown&gt;
E   #1 0xaaaaab6be0d0 &lt;unknown&gt;
E   #2 0xaaaaab706f4c &lt;unknown&gt;
E   #3 0xaaaaab742d3c &lt;unknown&gt;
E   #4 0xaaaaab6fb998 &lt;unknown&gt;
E   #5 0xaaaaabc5f79c &lt;unknown&gt;
E   #6 0xaaaaabc6282c &lt;unknown&gt;
E   #7 0xaaaaabc62408 &lt;unknown&gt;
E   #8 0xaaaaabc4a620 &lt;unknown&gt;
E   #9 0xaaaaabc62eac &lt;unknown&gt;
E   #10 0xaaaaabc3493c &lt;unknown&gt;
E   #11 0xaaaaabc81abc &lt;unknown&gt;
E   #12 0xaaaaabc81cc8 &lt;unknown&gt;
E   #13 0xaaaaabc9397c &lt;unknown&gt;
E   #14 0xffff8e2d202c &lt;unknown&gt;
E   #15 0xffff8e33bf18 &lt;unknown&gt;</failure></testcase><testcase classname="tests.test_history" name="test_ht_003_agent_search" time="4.317" /><testcase classname="tests.test_history" name="test_ht_004_chat_title_fix" time="13.261"><failure message="selenium.common.exceptions.TimeoutException: Message: &#10;Stacktrace:&#10;#0 0xaaaaabc94c18 &lt;unknown&gt;&#10;#1 0xaaaaab6be0d0 &lt;unknown&gt;&#10;#2 0xaaaaab706f4c &lt;unknown&gt;&#10;#3 0xaaaaab742d3c &lt;unknown&gt;&#10;#4 0xaaaaab6fb998 &lt;unknown&gt;&#10;#5 0xaaaaabc5f79c &lt;unknown&gt;&#10;#6 0xaaaaabc6282c &lt;unknown&gt;&#10;#7 0xaaaaabc62408 &lt;unknown&gt;&#10;#8 0xaaaaabc4a620 &lt;unknown&gt;&#10;#9 0xaaaaabc62eac &lt;unknown&gt;&#10;#10 0xaaaaabc3493c &lt;unknown&gt;&#10;#11 0xaaaaabc81abc &lt;unknown&gt;&#10;#12 0xaaaaabc81cc8 &lt;unknown&gt;&#10;#13 0xaaaaabc9397c &lt;unknown&gt;&#10;#14 0xffff8e2d202c &lt;unknown&gt;&#10;#15 0xffff8e33bf18 &lt;unknown&gt;">tests/test_history.py:123: in test_ht_004_chat_title_fix
    sidebar.click_new_chat()  # clickable() 대기 포함
src/pages/history_page.py:116: in click_new_chat
    self.click_safely("new_chat_btn")
src/pages/base_page.py:39: in click_safely
    element = wait.until(EC.presence_of_element_located(locator))
/usr/local/lib/python3.14/site-packages/selenium/webdriver/support/wait.py:105: in until
    raise TimeoutException(message, screen, stacktrace)
E   selenium.common.exceptions.TimeoutException: Message: 
E   Stacktrace:
E   #0 0xaaaaabc94c18 &lt;unknown&gt;
E   #1 0xaaaaab6be0d0 &lt;unknown&gt;
E   #2 0xaaaaab706f4c &lt;unknown&gt;
E   #3 0xaaaaab742d3c &lt;unknown&gt;
E   #4 0xaaaaab6fb998 &lt;unknown&gt;
E   #5 0xaaaaabc5f79c &lt;unknown&gt;
E   #6 0xaaaaabc6282c &lt;unknown&gt;
E   #7 0xaaaaabc62408 &lt;unknown&gt;
E   #8 0xaaaaabc4a620 &lt;unknown&gt;
E   #9 0xaaaaabc62eac &lt;unknown&gt;
E   #10 0xaaaaabc3493c &lt;unknown&gt;
E   #11 0xaaaaabc81abc &lt;unknown&gt;
E   #12 0xaaaaabc81cc8 &lt;unknown&gt;
E   #13 0xaaaaabc9397c &lt;unknown&gt;
E   #14 0xffff8e2d202c &lt;unknown&gt;
E   #15 0xffff8e33bf18 &lt;unknown&gt;</failure></testcase><testcase classname="tests.test_history" name="test_ht_005_view_chat_history" time="13.281"><failure message="selenium.common.exceptions.TimeoutException: Message: &#10;Stacktrace:&#10;#0 0xaaaaabc94c18 &lt;unknown&gt;&#10;#1 0xaaaaab6be0d0 &lt;unknown&gt;&#10;#2 0xaaaaab706f4c &lt;unknown&gt;&#10;#3 0xaaaaab742d3c &lt;unknown&gt;&#10;#4 0xaaaaab6fb998 &lt;unknown&gt;&#10;#5 0xaaaaabc5f79c &lt;unknown&gt;&#10;#6 0xaaaaabc6282c &lt;unknown&gt;&#10;#7 0xaaaaabc62408 &lt;unknown&gt;&#10;#8 0xaaaaabc4a620 &lt;unknown&gt;&#10;#9 0xaaaaabc62eac &lt;unknown&gt;&#10;#10 0xaaaaabc3493c &lt;unknown&gt;&#10;#11 0xaaaaabc81abc &lt;unknown&gt;&#10;#12 0xaaaaabc81cc8 &lt;unknown&gt;&#10;#13 0xaaaaabc9397c &lt;unknown&gt;&#10;#14 0xffff8e2d202c &lt;unknown&gt;&#10;#15 0xffff8e33bf18 &lt;unknown&gt;">tests/test_history.py:203: in test_ht_005_view_chat_history
    sidebar.click_new_chat()
src/pages/history_page.py:116: in click_new_chat
    self.click_safely("new_chat_btn")
src/pages/base_page.py:39: in click_safely
    element = wait.until(EC.presence_of_element_located(locator))
/usr/local/lib/python3.14/site-packages/selenium/webdriver/support/wait.py:105: in until
    raise TimeoutException(message, screen, stacktrace)
E   selenium.common.exceptions.TimeoutException: Message: 
E   Stacktrace:
E   #0 0xaaaaabc94c18 &lt;unknown&gt;
E   #1 0xaaaaab6be0d0 &lt;unknown&gt;
E   #2 0xaaaaab706f4c &lt;unknown&gt;
E   #3 0xaaaaab742d3c &lt;unknown&gt;
E   #4 0xaaaaab6fb998 &lt;unknown&gt;
E   #5 0xaaaaabc5f79c &lt;unknown&gt;
E   #6 0xaaaaabc6282c &lt;unknown&gt;
E   #7 0xaaaaabc62408 &lt;unknown&gt;
E   #8 0xaaaaabc4a620 &lt;unknown&gt;
E   #9 0xaaaaabc62eac &lt;unknown&gt;
E   #10 0xaaaaabc3493c &lt;unknown&gt;
E   #11 0xaaaaabc81abc &lt;unknown&gt;
E   #12 0xaaaaabc81cc8 &lt;unknown&gt;
E   #13 0xaaaaabc9397c &lt;unknown&gt;
E   #14 0xffff8e2d202c &lt;unknown&gt;
E   #15 0xffff8e33bf18 &lt;unknown&gt;</failure></testcase><testcase classname="tests.test_history" name="test_ht_006_delete_chat" time="13.086"><failure message="selenium.common.exceptions.TimeoutException: Message: &#10;Stacktrace:&#10;#0 0xaaaaabc94c18 &lt;unknown&gt;&#10;#1 0xaaaaab6be0d0 &lt;unknown&gt;&#10;#2 0xaaaaab706f4c &lt;unknown&gt;&#10;#3 0xaaaaab742d3c &lt;unknown&gt;&#10;#4 0xaaaaab6fb998 &lt;unknown&gt;&#10;#5 0xaaaaabc5f79c &lt;unknown&gt;&#10;#6 0xaaaaabc6282c &lt;unknown&gt;&#10;#7 0xaaaaabc62408 &lt;unknown&gt;&#10;#8 0xaaaaabc4a620 &lt;unknown&gt;&#10;#9 0xaaaaabc62eac &lt;unknown&gt;&#10;#10 0xaaaaabc3493c &lt;unknown&gt;&#10;#11 0xaaaaabc81abc &lt;unknown&gt;&#10;#12 0xaaaaabc81cc8 &lt;unknown&gt;&#10;#13 0xaaaaabc9397c &lt;unknown&gt;&#10;#14 0xffff8e2d202c &lt;unknown&gt;&#10;#15 0xffff8e33bf18 &lt;unknown&gt;">tests/test_history.py:259: in test_ht_006_delete_chat
    sidebar.click_new_chat()
src/pages/history_page.py:116: in click_new_chat
    self.click_safely("new_chat_btn")
src/pages/base_page.py:39: in click_safely
    element = wait.until(EC.presence_of_element_located(locator))
/usr/local/lib/python3.14/site-packages/selenium/webdriver/support/wait.py:105: in until
    raise TimeoutException(message, screen, stacktrace)
E   selenium.common.exceptions.TimeoutException: Message: 
E   Stacktrace:
E   #0 0xaaaaabc94c18 &lt;unknown&gt;
E   #1 0xaaaaab6be0d0 &lt;unknown&gt;
E   #2 0xaaaaab706f4c &lt;unknown&gt;
E   #3 0xaaaaab742d3c &lt;unknown&gt;
E   #4 0xaaaaab6fb998 &lt;unknown&gt;
E   #5 0xaaaaabc5f79c &lt;unknown&gt;
E   #6 0xaaaaabc6282c &lt;unknown&gt;
E   #7 0xaaaaabc62408 &lt;unknown&gt;
E   #8 0xaaaaabc4a620 &lt;unknown&gt;
E   #9 0xaaaaabc62eac &lt;unknown&gt;
E   #10 0xaaaaabc3493c &lt;unknown&gt;
E   #11 0xaaaaabc81abc &lt;unknown&gt;
E   #12 0xaaaaabc81cc8 &lt;unknown&gt;
E   #13 0xaaaaabc9397c &lt;unknown&gt;
E   #14 0xffff8e2d202c &lt;unknown&gt;
E   #15 0xffff8e33bf18 &lt;unknown&gt;</failure></testcase><testcase classname="tests.test_history" name="test_ht_007_chat_history_ordered_by_time" time="13.566"><failure message="selenium.common.exceptions.TimeoutException: Message: &#10;Stacktrace:&#10;#0 0xaaaaabc94c18 &lt;unknown&gt;&#10;#1 0xaaaaab6be0d0 &lt;unknown&gt;&#10;#2 0xaaaaab706f4c &lt;unknown&gt;&#10;#3 0xaaaaab742d3c &lt;unknown&gt;&#10;#4 0xaaaaab6fb998 &lt;unknown&gt;&#10;#5 0xaaaaabc5f79c &lt;unknown&gt;&#10;#6 0xaaaaabc6282c &lt;unknown&gt;&#10;#7 0xaaaaabc62408 &lt;unknown&gt;&#10;#8 0xaaaaabc4a620 &lt;unknown&gt;&#10;#9 0xaaaaabc62eac &lt;unknown&gt;&#10;#10 0xaaaaabc3493c &lt;unknown&gt;&#10;#11 0xaaaaabc81abc &lt;unknown&gt;&#10;#12 0xaaaaabc81cc8 &lt;unknown&gt;&#10;#13 0xaaaaabc9397c &lt;unknown&gt;&#10;#14 0xffff8e2d202c &lt;unknown&gt;&#10;#15 0xffff8e33bf18 &lt;unknown&gt;">tests/test_history.py:356: in test_ht_007_chat_history_ordered_by_time
    sidebar.click_new_chat()            # 클릭 시 clickable()로 명시적 대기
src/pages/history_page.py:116: in click_new_chat
    self.click_safely("new_chat_btn")
src/pages/base_page.py:39: in click_safely
    element = wait.until(EC.presence_of_element_located(locator))
/usr/local/lib/python3.14/site-packages/selenium/webdriver/support/wait.py:105: in until
    raise TimeoutException(message, screen, stacktrace)
E   selenium.common.exceptions.TimeoutException: Message: 
E   Stacktrace:
E   #0 0xaaaaabc94c18 &lt;unknown&gt;
E   #1 0xaaaaab6be0d0 &lt;unknown&gt;
E   #2 0xaaaaab706f4c &lt;unknown&gt;
E   #3 0xaaaaab742d3c &lt;unknown&gt;
E   #4 0xaaaaab6fb998 &lt;unknown&gt;
E   #5 0xaaaaabc5f79c &lt;unknown&gt;
E   #6 0xaaaaabc6282c &lt;unknown&gt;
E   #7 0xaaaaabc62408 &lt;unknown&gt;
E   #8 0xaaaaabc4a620 &lt;unknown&gt;
E   #9 0xaaaaabc62eac &lt;unknown&gt;
E   #10 0xaaaaabc3493c &lt;unknown&gt;
E   #11 0xaaaaabc81abc &lt;unknown&gt;
E   #12 0xaaaaabc81cc8 &lt;unknown&gt;
E   #13 0xaaaaabc9397c &lt;unknown&gt;
E   #14 0xffff8e2d202c &lt;unknown&gt;
E   #15 0xffff8e33bf18 &lt;unknown&gt;</failure></testcase></testsuite></testsuites>