<?xml version="1.0" encoding="utf-8"?><testsuites><testsuite name="pytest" errors="0" failures="6" skipped="0" tests="14" time="198.473" timestamp="2025-11-16T16:23:43.580953+00:00" hostname="b42b725fbb86"><testcase classname="tests.test_account" name="test_ac_001_login" time="8.897" /><testcase classname="tests.test_account" name="test_ac_002_duplicate_email" time="4.745" /><testcase classname="tests.test_account" name="test_ac_003_negative_login" time="19.672" /><testcase classname="tests.test_account" name="test_ac_004_positive_login" time="31.309" /><testcase classname="tests.test_account" name="test_ac_005_login_with_non_email_format" time="7.977" /><testcase classname="tests.test_account" name="test_ac_006_login_with_spaces" time="6.663" /><testcase classname="tests.test_account" name="test_ac_007_logout" time="10.580" /><testcase classname="tests.test_history" name="test_ht_001" time="31.223"><failure message="selenium.common.exceptions.TimeoutException: Message: &#10;Stacktrace:&#10;#0 0xaaaab1eb4c18 &lt;unknown&gt;&#10;#1 0xaaaab18de0d0 &lt;unknown&gt;&#10;#2 0xaaaab1926f4c &lt;unknown&gt;&#10;#3 0xaaaab1962d3c &lt;unknown&gt;&#10;#4 0xaaaab191b998 &lt;unknown&gt;&#10;#5 0xaaaab1e7f79c &lt;unknown&gt;&#10;#6 0xaaaab1e8282c &lt;unknown&gt;&#10;#7 0xaaaab1e82408 &lt;unknown&gt;&#10;#8 0xaaaab1e6a620 &lt;unknown&gt;&#10;#9 0xaaaab1e82eac &lt;unknown&gt;&#10;#10 0xaaaab1e5493c &lt;unknown&gt;&#10;#11 0xaaaab1ea1abc &lt;unknown&gt;&#10;#12 0xaaaab1ea1cc8 &lt;unknown&gt;&#10;#13 0xaaaab1eb397c &lt;unknown&gt;&#10;#14 0xffff9006202c &lt;unknown&gt;&#10;#15 0xffff900cbf18 &lt;unknown&gt;">tests/test_history.py:43: in test_ht_001
    sidebar.click_new_chat()
src/pages/ht_chat_sidebar.py:27: in click_new_chat
    self.clickable(SEL_NEW_CHAT_BTN).click()
src/pages/ht_base_page.py:21: in clickable
    return self.wait(sec).until(EC.element_to_be_clickable(locator))
/usr/local/lib/python3.14/site-packages/selenium/webdriver/support/wait.py:105: in until
    raise TimeoutException(message, screen, stacktrace)
E   selenium.common.exceptions.TimeoutException: Message: 
E   Stacktrace:
E   #0 0xaaaab1eb4c18 &lt;unknown&gt;
E   #1 0xaaaab18de0d0 &lt;unknown&gt;
E   #2 0xaaaab1926f4c &lt;unknown&gt;
E   #3 0xaaaab1962d3c &lt;unknown&gt;
E   #4 0xaaaab191b998 &lt;unknown&gt;
E   #5 0xaaaab1e7f79c &lt;unknown&gt;
E   #6 0xaaaab1e8282c &lt;unknown&gt;
E   #7 0xaaaab1e82408 &lt;unknown&gt;
E   #8 0xaaaab1e6a620 &lt;unknown&gt;
E   #9 0xaaaab1e82eac &lt;unknown&gt;
E   #10 0xaaaab1e5493c &lt;unknown&gt;
E   #11 0xaaaab1ea1abc &lt;unknown&gt;
E   #12 0xaaaab1ea1cc8 &lt;unknown&gt;
E   #13 0xaaaab1eb397c &lt;unknown&gt;
E   #14 0xffff9006202c &lt;unknown&gt;
E   #15 0xffff900cbf18 &lt;unknown&gt;</failure></testcase><testcase classname="tests.test_history" name="test_ht_002" time="12.879"><failure message="selenium.common.exceptions.TimeoutException: Message: &#10;Stacktrace:&#10;#0 0xaaaab1eb4c18 &lt;unknown&gt;&#10;#1 0xaaaab18de0d0 &lt;unknown&gt;&#10;#2 0xaaaab1926f4c &lt;unknown&gt;&#10;#3 0xaaaab1962d3c &lt;unknown&gt;&#10;#4 0xaaaab191b998 &lt;unknown&gt;&#10;#5 0xaaaab1e7f79c &lt;unknown&gt;&#10;#6 0xaaaab1e8282c &lt;unknown&gt;&#10;#7 0xaaaab1e82408 &lt;unknown&gt;&#10;#8 0xaaaab1e6a620 &lt;unknown&gt;&#10;#9 0xaaaab1e82eac &lt;unknown&gt;&#10;#10 0xaaaab1e5493c &lt;unknown&gt;&#10;#11 0xaaaab1ea1abc &lt;unknown&gt;&#10;#12 0xaaaab1ea1cc8 &lt;unknown&gt;&#10;#13 0xaaaab1eb397c &lt;unknown&gt;&#10;#14 0xffff9006202c &lt;unknown&gt;&#10;#15 0xffff900cbf18 &lt;unknown&gt;">tests/test_history.py:76: in test_ht_002
    sidebar.click_new_chat()
src/pages/ht_chat_sidebar.py:27: in click_new_chat
    self.clickable(SEL_NEW_CHAT_BTN).click()
src/pages/ht_base_page.py:21: in clickable
    return self.wait(sec).until(EC.element_to_be_clickable(locator))
/usr/local/lib/python3.14/site-packages/selenium/webdriver/support/wait.py:105: in until
    raise TimeoutException(message, screen, stacktrace)
E   selenium.common.exceptions.TimeoutException: Message: 
E   Stacktrace:
E   #0 0xaaaab1eb4c18 &lt;unknown&gt;
E   #1 0xaaaab18de0d0 &lt;unknown&gt;
E   #2 0xaaaab1926f4c &lt;unknown&gt;
E   #3 0xaaaab1962d3c &lt;unknown&gt;
E   #4 0xaaaab191b998 &lt;unknown&gt;
E   #5 0xaaaab1e7f79c &lt;unknown&gt;
E   #6 0xaaaab1e8282c &lt;unknown&gt;
E   #7 0xaaaab1e82408 &lt;unknown&gt;
E   #8 0xaaaab1e6a620 &lt;unknown&gt;
E   #9 0xaaaab1e82eac &lt;unknown&gt;
E   #10 0xaaaab1e5493c &lt;unknown&gt;
E   #11 0xaaaab1ea1abc &lt;unknown&gt;
E   #12 0xaaaab1ea1cc8 &lt;unknown&gt;
E   #13 0xaaaab1eb397c &lt;unknown&gt;
E   #14 0xffff9006202c &lt;unknown&gt;
E   #15 0xffff900cbf18 &lt;unknown&gt;</failure></testcase><testcase classname="tests.test_history" name="test_ht_003" time="8.312" /><testcase classname="tests.test_history" name="test_ht_004" time="14.471"><failure message="selenium.common.exceptions.TimeoutException: Message: &#10;Stacktrace:&#10;#0 0xaaaab1eb4c18 &lt;unknown&gt;&#10;#1 0xaaaab18de0d0 &lt;unknown&gt;&#10;#2 0xaaaab1926f4c &lt;unknown&gt;&#10;#3 0xaaaab1962d3c &lt;unknown&gt;&#10;#4 0xaaaab191b998 &lt;unknown&gt;&#10;#5 0xaaaab1e7f79c &lt;unknown&gt;&#10;#6 0xaaaab1e8282c &lt;unknown&gt;&#10;#7 0xaaaab1e82408 &lt;unknown&gt;&#10;#8 0xaaaab1e6a620 &lt;unknown&gt;&#10;#9 0xaaaab1e82eac &lt;unknown&gt;&#10;#10 0xaaaab1e5493c &lt;unknown&gt;&#10;#11 0xaaaab1ea1abc &lt;unknown&gt;&#10;#12 0xaaaab1ea1cc8 &lt;unknown&gt;&#10;#13 0xaaaab1eb397c &lt;unknown&gt;&#10;#14 0xffff9006202c &lt;unknown&gt;&#10;#15 0xffff900cbf18 &lt;unknown&gt;">tests/test_history.py:125: in test_ht_004
    sidebar.click_new_chat()
src/pages/ht_chat_sidebar.py:27: in click_new_chat
    self.clickable(SEL_NEW_CHAT_BTN).click()
src/pages/ht_base_page.py:21: in clickable
    return self.wait(sec).until(EC.element_to_be_clickable(locator))
/usr/local/lib/python3.14/site-packages/selenium/webdriver/support/wait.py:105: in until
    raise TimeoutException(message, screen, stacktrace)
E   selenium.common.exceptions.TimeoutException: Message: 
E   Stacktrace:
E   #0 0xaaaab1eb4c18 &lt;unknown&gt;
E   #1 0xaaaab18de0d0 &lt;unknown&gt;
E   #2 0xaaaab1926f4c &lt;unknown&gt;
E   #3 0xaaaab1962d3c &lt;unknown&gt;
E   #4 0xaaaab191b998 &lt;unknown&gt;
E   #5 0xaaaab1e7f79c &lt;unknown&gt;
E   #6 0xaaaab1e8282c &lt;unknown&gt;
E   #7 0xaaaab1e82408 &lt;unknown&gt;
E   #8 0xaaaab1e6a620 &lt;unknown&gt;
E   #9 0xaaaab1e82eac &lt;unknown&gt;
E   #10 0xaaaab1e5493c &lt;unknown&gt;
E   #11 0xaaaab1ea1abc &lt;unknown&gt;
E   #12 0xaaaab1ea1cc8 &lt;unknown&gt;
E   #13 0xaaaab1eb397c &lt;unknown&gt;
E   #14 0xffff9006202c &lt;unknown&gt;
E   #15 0xffff900cbf18 &lt;unknown&gt;</failure></testcase><testcase classname="tests.test_history" name="test_ht_005" time="13.418"><failure message="selenium.common.exceptions.TimeoutException: Message: &#10;Stacktrace:&#10;#0 0xaaaab1eb4c18 &lt;unknown&gt;&#10;#1 0xaaaab18de0d0 &lt;unknown&gt;&#10;#2 0xaaaab1926f4c &lt;unknown&gt;&#10;#3 0xaaaab1962d3c &lt;unknown&gt;&#10;#4 0xaaaab191b998 &lt;unknown&gt;&#10;#5 0xaaaab1e7f79c &lt;unknown&gt;&#10;#6 0xaaaab1e8282c &lt;unknown&gt;&#10;#7 0xaaaab1e82408 &lt;unknown&gt;&#10;#8 0xaaaab1e6a620 &lt;unknown&gt;&#10;#9 0xaaaab1e82eac &lt;unknown&gt;&#10;#10 0xaaaab1e5493c &lt;unknown&gt;&#10;#11 0xaaaab1ea1abc &lt;unknown&gt;&#10;#12 0xaaaab1ea1cc8 &lt;unknown&gt;&#10;#13 0xaaaab1eb397c &lt;unknown&gt;&#10;#14 0xffff9006202c &lt;unknown&gt;&#10;#15 0xffff900cbf18 &lt;unknown&gt;">tests/test_history.py:200: in test_ht_005
    sidebar.click_new_chat()
src/pages/ht_chat_sidebar.py:27: in click_new_chat
    self.clickable(SEL_NEW_CHAT_BTN).click()
src/pages/ht_base_page.py:21: in clickable
    return self.wait(sec).until(EC.element_to_be_clickable(locator))
/usr/local/lib/python3.14/site-packages/selenium/webdriver/support/wait.py:105: in until
    raise TimeoutException(message, screen, stacktrace)
E   selenium.common.exceptions.TimeoutException: Message: 
E   Stacktrace:
E   #0 0xaaaab1eb4c18 &lt;unknown&gt;
E   #1 0xaaaab18de0d0 &lt;unknown&gt;
E   #2 0xaaaab1926f4c &lt;unknown&gt;
E   #3 0xaaaab1962d3c &lt;unknown&gt;
E   #4 0xaaaab191b998 &lt;unknown&gt;
E   #5 0xaaaab1e7f79c &lt;unknown&gt;
E   #6 0xaaaab1e8282c &lt;unknown&gt;
E   #7 0xaaaab1e82408 &lt;unknown&gt;
E   #8 0xaaaab1e6a620 &lt;unknown&gt;
E   #9 0xaaaab1e82eac &lt;unknown&gt;
E   #10 0xaaaab1e5493c &lt;unknown&gt;
E   #11 0xaaaab1ea1abc &lt;unknown&gt;
E   #12 0xaaaab1ea1cc8 &lt;unknown&gt;
E   #13 0xaaaab1eb397c &lt;unknown&gt;
E   #14 0xffff9006202c &lt;unknown&gt;
E   #15 0xffff900cbf18 &lt;unknown&gt;</failure></testcase><testcase classname="tests.test_history" name="test_ht_006" time="13.427"><failure message="selenium.common.exceptions.TimeoutException: Message: &#10;Stacktrace:&#10;#0 0xaaaab1eb4c18 &lt;unknown&gt;&#10;#1 0xaaaab18de0d0 &lt;unknown&gt;&#10;#2 0xaaaab1926f4c &lt;unknown&gt;&#10;#3 0xaaaab1962d3c &lt;unknown&gt;&#10;#4 0xaaaab191b998 &lt;unknown&gt;&#10;#5 0xaaaab1e7f79c &lt;unknown&gt;&#10;#6 0xaaaab1e8282c &lt;unknown&gt;&#10;#7 0xaaaab1e82408 &lt;unknown&gt;&#10;#8 0xaaaab1e6a620 &lt;unknown&gt;&#10;#9 0xaaaab1e82eac &lt;unknown&gt;&#10;#10 0xaaaab1e5493c &lt;unknown&gt;&#10;#11 0xaaaab1ea1abc &lt;unknown&gt;&#10;#12 0xaaaab1ea1cc8 &lt;unknown&gt;&#10;#13 0xaaaab1eb397c &lt;unknown&gt;&#10;#14 0xffff9006202c &lt;unknown&gt;&#10;#15 0xffff900cbf18 &lt;unknown&gt;">tests/test_history.py:250: in test_ht_006
    sidebar.click_new_chat()
src/pages/ht_chat_sidebar.py:27: in click_new_chat
    self.clickable(SEL_NEW_CHAT_BTN).click()
src/pages/ht_base_page.py:21: in clickable
    return self.wait(sec).until(EC.element_to_be_clickable(locator))
/usr/local/lib/python3.14/site-packages/selenium/webdriver/support/wait.py:105: in until
    raise TimeoutException(message, screen, stacktrace)
E   selenium.common.exceptions.TimeoutException: Message: 
E   Stacktrace:
E   #0 0xaaaab1eb4c18 &lt;unknown&gt;
E   #1 0xaaaab18de0d0 &lt;unknown&gt;
E   #2 0xaaaab1926f4c &lt;unknown&gt;
E   #3 0xaaaab1962d3c &lt;unknown&gt;
E   #4 0xaaaab191b998 &lt;unknown&gt;
E   #5 0xaaaab1e7f79c &lt;unknown&gt;
E   #6 0xaaaab1e8282c &lt;unknown&gt;
E   #7 0xaaaab1e82408 &lt;unknown&gt;
E   #8 0xaaaab1e6a620 &lt;unknown&gt;
E   #9 0xaaaab1e82eac &lt;unknown&gt;
E   #10 0xaaaab1e5493c &lt;unknown&gt;
E   #11 0xaaaab1ea1abc &lt;unknown&gt;
E   #12 0xaaaab1ea1cc8 &lt;unknown&gt;
E   #13 0xaaaab1eb397c &lt;unknown&gt;
E   #14 0xffff9006202c &lt;unknown&gt;
E   #15 0xffff900cbf18 &lt;unknown&gt;</failure></testcase><testcase classname="tests.test_history" name="test_ht_007" time="14.252"><failure message="selenium.common.exceptions.TimeoutException: Message: &#10;Stacktrace:&#10;#0 0xaaaab1eb4c18 &lt;unknown&gt;&#10;#1 0xaaaab18de0d0 &lt;unknown&gt;&#10;#2 0xaaaab1926f4c &lt;unknown&gt;&#10;#3 0xaaaab1962d3c &lt;unknown&gt;&#10;#4 0xaaaab191b998 &lt;unknown&gt;&#10;#5 0xaaaab1e7f79c &lt;unknown&gt;&#10;#6 0xaaaab1e8282c &lt;unknown&gt;&#10;#7 0xaaaab1e82408 &lt;unknown&gt;&#10;#8 0xaaaab1e6a620 &lt;unknown&gt;&#10;#9 0xaaaab1e82eac &lt;unknown&gt;&#10;#10 0xaaaab1e5493c &lt;unknown&gt;&#10;#11 0xaaaab1ea1abc &lt;unknown&gt;&#10;#12 0xaaaab1ea1cc8 &lt;unknown&gt;&#10;#13 0xaaaab1eb397c &lt;unknown&gt;&#10;#14 0xffff9006202c &lt;unknown&gt;&#10;#15 0xffff900cbf18 &lt;unknown&gt;">tests/test_history.py:306: in test_ht_007
    sidebar.click_new_chat()
src/pages/ht_chat_sidebar.py:27: in click_new_chat
    self.clickable(SEL_NEW_CHAT_BTN).click()
src/pages/ht_base_page.py:21: in clickable
    return self.wait(sec).until(EC.element_to_be_clickable(locator))
/usr/local/lib/python3.14/site-packages/selenium/webdriver/support/wait.py:105: in until
    raise TimeoutException(message, screen, stacktrace)
E   selenium.common.exceptions.TimeoutException: Message: 
E   Stacktrace:
E   #0 0xaaaab1eb4c18 &lt;unknown&gt;
E   #1 0xaaaab18de0d0 &lt;unknown&gt;
E   #2 0xaaaab1926f4c &lt;unknown&gt;
E   #3 0xaaaab1962d3c &lt;unknown&gt;
E   #4 0xaaaab191b998 &lt;unknown&gt;
E   #5 0xaaaab1e7f79c &lt;unknown&gt;
E   #6 0xaaaab1e8282c &lt;unknown&gt;
E   #7 0xaaaab1e82408 &lt;unknown&gt;
E   #8 0xaaaab1e6a620 &lt;unknown&gt;
E   #9 0xaaaab1e82eac &lt;unknown&gt;
E   #10 0xaaaab1e5493c &lt;unknown&gt;
E   #11 0xaaaab1ea1abc &lt;unknown&gt;
E   #12 0xaaaab1ea1cc8 &lt;unknown&gt;
E   #13 0xaaaab1eb397c &lt;unknown&gt;
E   #14 0xffff9006202c &lt;unknown&gt;
E   #15 0xffff900cbf18 &lt;unknown&gt;</failure></testcase></testsuite></testsuites>