<?xml version='1.1' encoding='UTF-8'?>
<result plugin="junit@1369.v15da_00283f06">
  <suites>
    <suite>
      <file>/var/jenkins_home/workspace/elice_bugshunters/reports/test-results.xml</file>
      <name>pytest</name>
      <duration>165.506</duration>
      <startTime>1763292430418</startTime>
      <properties/>
      <timestamp>2025-11-16T11:27:10.418333+00:00</timestamp>
      <time>165.506</time>
      <nodeId>43</nodeId>
      <enclosingBlocks>
        <string>39</string>
      </enclosingBlocks>
      <enclosingBlockNames>
        <string>Declarative: Post Actions</string>
      </enclosingBlockNames>
      <cases>
        <case>
          <duration>5.976</duration>
          <startTime>1763292430418</startTime>
          <className>tests.test_account</className>
          <testName>test_ac_001_login</testName>
          <skipped>false</skipped>
          <keepTestNames>false</keepTestNames>
          <properties/>
          <failedSince>0</failedSince>
        </case>
        <case>
          <duration>2.856</duration>
          <startTime>1763292436394</startTime>
          <className>tests.test_account</className>
          <testName>test_ac_002_duplicate_email</testName>
          <skipped>false</skipped>
          <keepTestNames>false</keepTestNames>
          <properties/>
          <failedSince>0</failedSince>
        </case>
        <case>
          <duration>10.132</duration>
          <startTime>1763292439250</startTime>
          <className>tests.test_account</className>
          <testName>test_ac_003_negative_login</testName>
          <skipped>false</skipped>
          <keepTestNames>false</keepTestNames>
          <properties/>
          <failedSince>0</failedSince>
        </case>
        <case>
          <duration>22.133</duration>
          <startTime>1763292449382</startTime>
          <className>tests.test_account</className>
          <testName>test_ac_004_positive_login</testName>
          <skipped>false</skipped>
          <keepTestNames>false</keepTestNames>
          <properties/>
          <failedSince>0</failedSince>
        </case>
        <case>
          <duration>0.959</duration>
          <startTime>1763292471515</startTime>
          <className>tests.test_account</className>
          <testName>test_ac_005_login_with_non_email_format</testName>
          <skipped>false</skipped>
          <keepTestNames>false</keepTestNames>
          <errorStackTrace>tests/test_account.py:56: in test_ac_005_login_with_non_email_format
    login_page.login(&quot;test_user&quot;, &quot;test_password&quot;)
src/pages/login_page.py:59: in login
    email_input = wait.until(EC.element_to_be_clickable(self.locators[&quot;email&quot;]))
/usr/local/lib/python3.14/site-packages/selenium/webdriver/support/wait.py:96: in until
    value = method(self._driver)
/usr/local/lib/python3.14/site-packages/selenium/webdriver/support/expected_conditions.py:364: in _predicate
    element = visibility_of(target)(driver)
/usr/local/lib/python3.14/site-packages/selenium/webdriver/support/expected_conditions.py:173: in _predicate
    return _element_if_visible(element)
/usr/local/lib/python3.14/site-packages/selenium/webdriver/support/expected_conditions.py:179: in _element_if_visible
    return element if element.is_displayed() == visibility else False
/usr/local/lib/python3.14/site-packages/selenium/webdriver/remote/webelement.py:252: in is_displayed
    return self.parent.execute_script(f&quot;/* isDisplayed */return ({isDisplayed_js}).apply(null, arguments);&quot;, self)
/usr/local/lib/python3.14/site-packages/selenium/webdriver/remote/webdriver.py:414: in execute_script
    return self.execute(command, {&quot;script&quot;: script, &quot;args&quot;: converted_args})[&quot;value&quot;]
/usr/local/lib/python3.14/site-packages/selenium/webdriver/remote/webdriver.py:354: in execute
    self.error_handler.check_response(response)
/usr/local/lib/python3.14/site-packages/selenium/webdriver/remote/errorhandler.py:229: in check_response
    raise exception_class(message, screen, stacktrace)
E   selenium.common.exceptions.StaleElementReferenceException: Message: stale element reference: stale element not found in the current frame
E     (Session info: chrome=142.0.7444.162); For documentation on this error, please visit: https://www.selenium.dev/documentation/webdriver/troubleshooting/errors#stale-element-reference-exception
E   Stacktrace:
E   #0 0xaaaaeaa24c18 &lt;unknown&gt;
E   #1 0xaaaaea44e0d0 &lt;unknown&gt;
E   #2 0xaaaaea4548d8 &lt;unknown&gt;
E   #3 0xaaaaea456bdc &lt;unknown&gt;
E   #4 0xaaaaea4d39f0 &lt;unknown&gt;
E   #5 0xaaaaea4d2d3c &lt;unknown&gt;
E   #6 0xaaaaea48b998 &lt;unknown&gt;
E   #7 0xaaaaea9ef79c &lt;unknown&gt;
E   #8 0xaaaaea9f282c &lt;unknown&gt;
E   #9 0xaaaaea9f2408 &lt;unknown&gt;
E   #10 0xaaaaea9da620 &lt;unknown&gt;
E   #11 0xaaaaea9f2eac &lt;unknown&gt;
E   #12 0xaaaaea9c493c &lt;unknown&gt;
E   #13 0xaaaaeaa11abc &lt;unknown&gt;
E   #14 0xaaaaeaa11cc8 &lt;unknown&gt;
E   #15 0xaaaaeaa2397c &lt;unknown&gt;
E   #16 0xffff847b202c &lt;unknown&gt;
E   #17 0xffff8481bf18 &lt;unknown&gt;</errorStackTrace>
          <errorDetails>selenium.common.exceptions.StaleElementReferenceException: Message: stale element reference: stale element not found in the current frame
  (Session info: chrome=142.0.7444.162); For documentation on this error, please visit: https://www.selenium.dev/documentation/webdriver/troubleshooting/errors#stale-element-reference-exception
Stacktrace:
#0 0xaaaaeaa24c18 &lt;unknown&gt;
#1 0xaaaaea44e0d0 &lt;unknown&gt;
#2 0xaaaaea4548d8 &lt;unknown&gt;
#3 0xaaaaea456bdc &lt;unknown&gt;
#4 0xaaaaea4d39f0 &lt;unknown&gt;
#5 0xaaaaea4d2d3c &lt;unknown&gt;
#6 0xaaaaea48b998 &lt;unknown&gt;
#7 0xaaaaea9ef79c &lt;unknown&gt;
#8 0xaaaaea9f282c &lt;unknown&gt;
#9 0xaaaaea9f2408 &lt;unknown&gt;
#10 0xaaaaea9da620 &lt;unknown&gt;
#11 0xaaaaea9f2eac &lt;unknown&gt;
#12 0xaaaaea9c493c &lt;unknown&gt;
#13 0xaaaaeaa11abc &lt;unknown&gt;
#14 0xaaaaeaa11cc8 &lt;unknown&gt;
#15 0xaaaaeaa2397c &lt;unknown&gt;
#16 0xffff847b202c &lt;unknown&gt;
#17 0xffff8481bf18 &lt;unknown&gt;</errorDetails>
          <properties/>
          <failedSince>11</failedSince>
        </case>
        <case>
          <duration>6.317</duration>
          <startTime>1763292472474</startTime>
          <className>tests.test_account</className>
          <testName>test_ac_006_login_with_spaces</testName>
          <skipped>false</skipped>
          <keepTestNames>false</keepTestNames>
          <properties/>
          <failedSince>0</failedSince>
        </case>
        <case>
          <duration>10.157</duration>
          <startTime>1763292478791</startTime>
          <className>tests.test_account</className>
          <testName>test_ac_007_logout</testName>
          <skipped>false</skipped>
          <keepTestNames>false</keepTestNames>
          <properties/>
          <failedSince>0</failedSince>
        </case>
        <case>
          <duration>30.075</duration>
          <startTime>1763292488948</startTime>
          <className>tests.test_history</className>
          <testName>test_ht_001</testName>
          <skipped>false</skipped>
          <keepTestNames>false</keepTestNames>
          <errorStackTrace>tests/test_history.py:43: in test_ht_001
    sidebar.click_new_chat()
src/pages/ht_chat_sidebar.py:27: in click_new_chat
    self.clickable(SEL_NEW_CHAT_BTN).click()
src/pages/ht_base_page.py:21: in clickable
    return self.wait(sec).until(EC.element_to_be_clickable(locator))
/usr/local/lib/python3.14/site-packages/selenium/webdriver/support/wait.py:105: in until
    raise TimeoutException(message, screen, stacktrace)
E   selenium.common.exceptions.TimeoutException: Message: 
E   Stacktrace:
E   #0 0xaaaaeaa24c18 &lt;unknown&gt;
E   #1 0xaaaaea44e0d0 &lt;unknown&gt;
E   #2 0xaaaaea496f4c &lt;unknown&gt;
E   #3 0xaaaaea4d2d3c &lt;unknown&gt;
E   #4 0xaaaaea48b998 &lt;unknown&gt;
E   #5 0xaaaaea9ef79c &lt;unknown&gt;
E   #6 0xaaaaea9f282c &lt;unknown&gt;
E   #7 0xaaaaea9f2408 &lt;unknown&gt;
E   #8 0xaaaaea9da620 &lt;unknown&gt;
E   #9 0xaaaaea9f2eac &lt;unknown&gt;
E   #10 0xaaaaea9c493c &lt;unknown&gt;
E   #11 0xaaaaeaa11abc &lt;unknown&gt;
E   #12 0xaaaaeaa11cc8 &lt;unknown&gt;
E   #13 0xaaaaeaa2397c &lt;unknown&gt;
E   #14 0xffff847b202c &lt;unknown&gt;
E   #15 0xffff8481bf18 &lt;unknown&gt;</errorStackTrace>
          <errorDetails>selenium.common.exceptions.TimeoutException: Message: 
Stacktrace:
#0 0xaaaaeaa24c18 &lt;unknown&gt;
#1 0xaaaaea44e0d0 &lt;unknown&gt;
#2 0xaaaaea496f4c &lt;unknown&gt;
#3 0xaaaaea4d2d3c &lt;unknown&gt;
#4 0xaaaaea48b998 &lt;unknown&gt;
#5 0xaaaaea9ef79c &lt;unknown&gt;
#6 0xaaaaea9f282c &lt;unknown&gt;
#7 0xaaaaea9f2408 &lt;unknown&gt;
#8 0xaaaaea9da620 &lt;unknown&gt;
#9 0xaaaaea9f2eac &lt;unknown&gt;
#10 0xaaaaea9c493c &lt;unknown&gt;
#11 0xaaaaeaa11abc &lt;unknown&gt;
#12 0xaaaaeaa11cc8 &lt;unknown&gt;
#13 0xaaaaeaa2397c &lt;unknown&gt;
#14 0xffff847b202c &lt;unknown&gt;
#15 0xffff8481bf18 &lt;unknown&gt;</errorDetails>
          <properties/>
          <failedSince>7</failedSince>
        </case>
        <case>
          <duration>14.179</duration>
          <startTime>1763292519023</startTime>
          <className>tests.test_history</className>
          <testName>test_ht_002</testName>
          <skipped>false</skipped>
          <keepTestNames>false</keepTestNames>
          <errorStackTrace>tests/test_history.py:76: in test_ht_002
    sidebar.click_new_chat()
src/pages/ht_chat_sidebar.py:27: in click_new_chat
    self.clickable(SEL_NEW_CHAT_BTN).click()
src/pages/ht_base_page.py:21: in clickable
    return self.wait(sec).until(EC.element_to_be_clickable(locator))
/usr/local/lib/python3.14/site-packages/selenium/webdriver/support/wait.py:105: in until
    raise TimeoutException(message, screen, stacktrace)
E   selenium.common.exceptions.TimeoutException: Message: 
E   Stacktrace:
E   #0 0xaaaaeaa24c18 &lt;unknown&gt;
E   #1 0xaaaaea44e0d0 &lt;unknown&gt;
E   #2 0xaaaaea496f4c &lt;unknown&gt;
E   #3 0xaaaaea4d2d3c &lt;unknown&gt;
E   #4 0xaaaaea48b998 &lt;unknown&gt;
E   #5 0xaaaaea9ef79c &lt;unknown&gt;
E   #6 0xaaaaea9f282c &lt;unknown&gt;
E   #7 0xaaaaea9f2408 &lt;unknown&gt;
E   #8 0xaaaaea9da620 &lt;unknown&gt;
E   #9 0xaaaaea9f2eac &lt;unknown&gt;
E   #10 0xaaaaea9c493c &lt;unknown&gt;
E   #11 0xaaaaeaa11abc &lt;unknown&gt;
E   #12 0xaaaaeaa11cc8 &lt;unknown&gt;
E   #13 0xaaaaeaa2397c &lt;unknown&gt;
E   #14 0xffff847b202c &lt;unknown&gt;
E   #15 0xffff8481bf18 &lt;unknown&gt;</errorStackTrace>
          <errorDetails>selenium.common.exceptions.TimeoutException: Message: 
Stacktrace:
#0 0xaaaaeaa24c18 &lt;unknown&gt;
#1 0xaaaaea44e0d0 &lt;unknown&gt;
#2 0xaaaaea496f4c &lt;unknown&gt;
#3 0xaaaaea4d2d3c &lt;unknown&gt;
#4 0xaaaaea48b998 &lt;unknown&gt;
#5 0xaaaaea9ef79c &lt;unknown&gt;
#6 0xaaaaea9f282c &lt;unknown&gt;
#7 0xaaaaea9f2408 &lt;unknown&gt;
#8 0xaaaaea9da620 &lt;unknown&gt;
#9 0xaaaaea9f2eac &lt;unknown&gt;
#10 0xaaaaea9c493c &lt;unknown&gt;
#11 0xaaaaeaa11abc &lt;unknown&gt;
#12 0xaaaaeaa11cc8 &lt;unknown&gt;
#13 0xaaaaeaa2397c &lt;unknown&gt;
#14 0xffff847b202c &lt;unknown&gt;
#15 0xffff8481bf18 &lt;unknown&gt;</errorDetails>
          <properties/>
          <failedSince>7</failedSince>
        </case>
        <case>
          <duration>7.914</duration>
          <startTime>1763292533202</startTime>
          <className>tests.test_history</className>
          <testName>test_ht_003</testName>
          <skipped>false</skipped>
          <keepTestNames>false</keepTestNames>
          <properties/>
          <failedSince>0</failedSince>
        </case>
        <case>
          <duration>13.945</duration>
          <startTime>1763292541116</startTime>
          <className>tests.test_history</className>
          <testName>test_ht_004</testName>
          <skipped>false</skipped>
          <keepTestNames>false</keepTestNames>
          <errorStackTrace>tests/test_history.py:125: in test_ht_004
    sidebar.click_new_chat()
src/pages/ht_chat_sidebar.py:27: in click_new_chat
    self.clickable(SEL_NEW_CHAT_BTN).click()
src/pages/ht_base_page.py:21: in clickable
    return self.wait(sec).until(EC.element_to_be_clickable(locator))
/usr/local/lib/python3.14/site-packages/selenium/webdriver/support/wait.py:105: in until
    raise TimeoutException(message, screen, stacktrace)
E   selenium.common.exceptions.TimeoutException: Message: 
E   Stacktrace:
E   #0 0xaaaaeaa24c18 &lt;unknown&gt;
E   #1 0xaaaaea44e0d0 &lt;unknown&gt;
E   #2 0xaaaaea496f4c &lt;unknown&gt;
E   #3 0xaaaaea4d2d3c &lt;unknown&gt;
E   #4 0xaaaaea48b998 &lt;unknown&gt;
E   #5 0xaaaaea9ef79c &lt;unknown&gt;
E   #6 0xaaaaea9f282c &lt;unknown&gt;
E   #7 0xaaaaea9f2408 &lt;unknown&gt;
E   #8 0xaaaaea9da620 &lt;unknown&gt;
E   #9 0xaaaaea9f2eac &lt;unknown&gt;
E   #10 0xaaaaea9c493c &lt;unknown&gt;
E   #11 0xaaaaeaa11abc &lt;unknown&gt;
E   #12 0xaaaaeaa11cc8 &lt;unknown&gt;
E   #13 0xaaaaeaa2397c &lt;unknown&gt;
E   #14 0xffff847b202c &lt;unknown&gt;
E   #15 0xffff8481bf18 &lt;unknown&gt;</errorStackTrace>
          <errorDetails>selenium.common.exceptions.TimeoutException: Message: 
Stacktrace:
#0 0xaaaaeaa24c18 &lt;unknown&gt;
#1 0xaaaaea44e0d0 &lt;unknown&gt;
#2 0xaaaaea496f4c &lt;unknown&gt;
#3 0xaaaaea4d2d3c &lt;unknown&gt;
#4 0xaaaaea48b998 &lt;unknown&gt;
#5 0xaaaaea9ef79c &lt;unknown&gt;
#6 0xaaaaea9f282c &lt;unknown&gt;
#7 0xaaaaea9f2408 &lt;unknown&gt;
#8 0xaaaaea9da620 &lt;unknown&gt;
#9 0xaaaaea9f2eac &lt;unknown&gt;
#10 0xaaaaea9c493c &lt;unknown&gt;
#11 0xaaaaeaa11abc &lt;unknown&gt;
#12 0xaaaaeaa11cc8 &lt;unknown&gt;
#13 0xaaaaeaa2397c &lt;unknown&gt;
#14 0xffff847b202c &lt;unknown&gt;
#15 0xffff8481bf18 &lt;unknown&gt;</errorDetails>
          <properties/>
          <failedSince>7</failedSince>
        </case>
        <case>
          <duration>13.766</duration>
          <startTime>1763292555061</startTime>
          <className>tests.test_history</className>
          <testName>test_ht_005</testName>
          <skipped>false</skipped>
          <keepTestNames>false</keepTestNames>
          <errorStackTrace>tests/test_history.py:200: in test_ht_005
    sidebar.click_new_chat()
src/pages/ht_chat_sidebar.py:27: in click_new_chat
    self.clickable(SEL_NEW_CHAT_BTN).click()
src/pages/ht_base_page.py:21: in clickable
    return self.wait(sec).until(EC.element_to_be_clickable(locator))
/usr/local/lib/python3.14/site-packages/selenium/webdriver/support/wait.py:105: in until
    raise TimeoutException(message, screen, stacktrace)
E   selenium.common.exceptions.TimeoutException: Message: 
E   Stacktrace:
E   #0 0xaaaaeaa24c18 &lt;unknown&gt;
E   #1 0xaaaaea44e0d0 &lt;unknown&gt;
E   #2 0xaaaaea496f4c &lt;unknown&gt;
E   #3 0xaaaaea4d2d3c &lt;unknown&gt;
E   #4 0xaaaaea48b998 &lt;unknown&gt;
E   #5 0xaaaaea9ef79c &lt;unknown&gt;
E   #6 0xaaaaea9f282c &lt;unknown&gt;
E   #7 0xaaaaea9f2408 &lt;unknown&gt;
E   #8 0xaaaaea9da620 &lt;unknown&gt;
E   #9 0xaaaaea9f2eac &lt;unknown&gt;
E   #10 0xaaaaea9c493c &lt;unknown&gt;
E   #11 0xaaaaeaa11abc &lt;unknown&gt;
E   #12 0xaaaaeaa11cc8 &lt;unknown&gt;
E   #13 0xaaaaeaa2397c &lt;unknown&gt;
E   #14 0xffff847b202c &lt;unknown&gt;
E   #15 0xffff8481bf18 &lt;unknown&gt;</errorStackTrace>
          <errorDetails>selenium.common.exceptions.TimeoutException: Message: 
Stacktrace:
#0 0xaaaaeaa24c18 &lt;unknown&gt;
#1 0xaaaaea44e0d0 &lt;unknown&gt;
#2 0xaaaaea496f4c &lt;unknown&gt;
#3 0xaaaaea4d2d3c &lt;unknown&gt;
#4 0xaaaaea48b998 &lt;unknown&gt;
#5 0xaaaaea9ef79c &lt;unknown&gt;
#6 0xaaaaea9f282c &lt;unknown&gt;
#7 0xaaaaea9f2408 &lt;unknown&gt;
#8 0xaaaaea9da620 &lt;unknown&gt;
#9 0xaaaaea9f2eac &lt;unknown&gt;
#10 0xaaaaea9c493c &lt;unknown&gt;
#11 0xaaaaeaa11abc &lt;unknown&gt;
#12 0xaaaaeaa11cc8 &lt;unknown&gt;
#13 0xaaaaeaa2397c &lt;unknown&gt;
#14 0xffff847b202c &lt;unknown&gt;
#15 0xffff8481bf18 &lt;unknown&gt;</errorDetails>
          <properties/>
          <failedSince>7</failedSince>
        </case>
        <case>
          <duration>13.381</duration>
          <startTime>1763292568827</startTime>
          <className>tests.test_history</className>
          <testName>test_ht_006</testName>
          <skipped>false</skipped>
          <keepTestNames>false</keepTestNames>
          <errorStackTrace>tests/test_history.py:250: in test_ht_006
    sidebar.click_new_chat()
src/pages/ht_chat_sidebar.py:27: in click_new_chat
    self.clickable(SEL_NEW_CHAT_BTN).click()
src/pages/ht_base_page.py:21: in clickable
    return self.wait(sec).until(EC.element_to_be_clickable(locator))
/usr/local/lib/python3.14/site-packages/selenium/webdriver/support/wait.py:105: in until
    raise TimeoutException(message, screen, stacktrace)
E   selenium.common.exceptions.TimeoutException: Message: 
E   Stacktrace:
E   #0 0xaaaaeaa24c18 &lt;unknown&gt;
E   #1 0xaaaaea44e0d0 &lt;unknown&gt;
E   #2 0xaaaaea496f4c &lt;unknown&gt;
E   #3 0xaaaaea4d2d3c &lt;unknown&gt;
E   #4 0xaaaaea48b998 &lt;unknown&gt;
E   #5 0xaaaaea9ef79c &lt;unknown&gt;
E   #6 0xaaaaea9f282c &lt;unknown&gt;
E   #7 0xaaaaea9f2408 &lt;unknown&gt;
E   #8 0xaaaaea9da620 &lt;unknown&gt;
E   #9 0xaaaaea9f2eac &lt;unknown&gt;
E   #10 0xaaaaea9c493c &lt;unknown&gt;
E   #11 0xaaaaeaa11abc &lt;unknown&gt;
E   #12 0xaaaaeaa11cc8 &lt;unknown&gt;
E   #13 0xaaaaeaa2397c &lt;unknown&gt;
E   #14 0xffff847b202c &lt;unknown&gt;
E   #15 0xffff8481bf18 &lt;unknown&gt;</errorStackTrace>
          <errorDetails>selenium.common.exceptions.TimeoutException: Message: 
Stacktrace:
#0 0xaaaaeaa24c18 &lt;unknown&gt;
#1 0xaaaaea44e0d0 &lt;unknown&gt;
#2 0xaaaaea496f4c &lt;unknown&gt;
#3 0xaaaaea4d2d3c &lt;unknown&gt;
#4 0xaaaaea48b998 &lt;unknown&gt;
#5 0xaaaaea9ef79c &lt;unknown&gt;
#6 0xaaaaea9f282c &lt;unknown&gt;
#7 0xaaaaea9f2408 &lt;unknown&gt;
#8 0xaaaaea9da620 &lt;unknown&gt;
#9 0xaaaaea9f2eac &lt;unknown&gt;
#10 0xaaaaea9c493c &lt;unknown&gt;
#11 0xaaaaeaa11abc &lt;unknown&gt;
#12 0xaaaaeaa11cc8 &lt;unknown&gt;
#13 0xaaaaeaa2397c &lt;unknown&gt;
#14 0xffff847b202c &lt;unknown&gt;
#15 0xffff8481bf18 &lt;unknown&gt;</errorDetails>
          <properties/>
          <failedSince>7</failedSince>
        </case>
        <case>
          <duration>13.108</duration>
          <startTime>1763292582208</startTime>
          <className>tests.test_history</className>
          <testName>test_ht_007</testName>
          <skipped>false</skipped>
          <keepTestNames>false</keepTestNames>
          <errorStackTrace>tests/test_history.py:306: in test_ht_007
    sidebar.click_new_chat()
src/pages/ht_chat_sidebar.py:27: in click_new_chat
    self.clickable(SEL_NEW_CHAT_BTN).click()
src/pages/ht_base_page.py:21: in clickable
    return self.wait(sec).until(EC.element_to_be_clickable(locator))
/usr/local/lib/python3.14/site-packages/selenium/webdriver/support/wait.py:105: in until
    raise TimeoutException(message, screen, stacktrace)
E   selenium.common.exceptions.TimeoutException: Message: 
E   Stacktrace:
E   #0 0xaaaaeaa24c18 &lt;unknown&gt;
E   #1 0xaaaaea44e0d0 &lt;unknown&gt;
E   #2 0xaaaaea496f4c &lt;unknown&gt;
E   #3 0xaaaaea4d2d3c &lt;unknown&gt;
E   #4 0xaaaaea48b998 &lt;unknown&gt;
E   #5 0xaaaaea9ef79c &lt;unknown&gt;
E   #6 0xaaaaea9f282c &lt;unknown&gt;
E   #7 0xaaaaea9f2408 &lt;unknown&gt;
E   #8 0xaaaaea9da620 &lt;unknown&gt;
E   #9 0xaaaaea9f2eac &lt;unknown&gt;
E   #10 0xaaaaea9c493c &lt;unknown&gt;
E   #11 0xaaaaeaa11abc &lt;unknown&gt;
E   #12 0xaaaaeaa11cc8 &lt;unknown&gt;
E   #13 0xaaaaeaa2397c &lt;unknown&gt;
E   #14 0xffff847b202c &lt;unknown&gt;
E   #15 0xffff8481bf18 &lt;unknown&gt;</errorStackTrace>
          <errorDetails>selenium.common.exceptions.TimeoutException: Message: 
Stacktrace:
#0 0xaaaaeaa24c18 &lt;unknown&gt;
#1 0xaaaaea44e0d0 &lt;unknown&gt;
#2 0xaaaaea496f4c &lt;unknown&gt;
#3 0xaaaaea4d2d3c &lt;unknown&gt;
#4 0xaaaaea48b998 &lt;unknown&gt;
#5 0xaaaaea9ef79c &lt;unknown&gt;
#6 0xaaaaea9f282c &lt;unknown&gt;
#7 0xaaaaea9f2408 &lt;unknown&gt;
#8 0xaaaaea9da620 &lt;unknown&gt;
#9 0xaaaaea9f2eac &lt;unknown&gt;
#10 0xaaaaea9c493c &lt;unknown&gt;
#11 0xaaaaeaa11abc &lt;unknown&gt;
#12 0xaaaaeaa11cc8 &lt;unknown&gt;
#13 0xaaaaeaa2397c &lt;unknown&gt;
#14 0xffff847b202c &lt;unknown&gt;
#15 0xffff8481bf18 &lt;unknown&gt;</errorDetails>
          <properties/>
          <failedSince>7</failedSince>
        </case>
      </cases>
    </suite>
  </suites>
  <duration>165.506</duration>
  <skipOldReports>false</skipOldReports>
  <startTime>1763292430418</startTime>
  <stdioRetention>NONE</stdioRetention>
  <keepTestNames>false</keepTestNames>
  <keepProperties>false</keepProperties>
</result>