<?xml version='1.1' encoding='UTF-8'?>
<result plugin="junit@1369.v15da_00283f06">
  <suites>
    <suite>
      <file>/var/jenkins_home/workspace/elice_bugshunters/reports/test-results.xml</file>
      <name>pytest</name>
      <duration>169.405</duration>
      <startTime>1763310934429</startTime>
      <properties/>
      <timestamp>2025-11-16T16:35:34.429842+00:00</timestamp>
      <time>169.405</time>
      <nodeId>43</nodeId>
      <enclosingBlocks>
        <string>39</string>
      </enclosingBlocks>
      <enclosingBlockNames>
        <string>Declarative: Post Actions</string>
      </enclosingBlockNames>
      <cases>
        <case>
          <duration>5.277</duration>
          <startTime>1763310934429</startTime>
          <className>tests.test_account</className>
          <testName>test_ac_001_login</testName>
          <skipped>false</skipped>
          <keepTestNames>false</keepTestNames>
          <properties/>
          <failedSince>0</failedSince>
        </case>
        <case>
          <duration>3.032</duration>
          <startTime>1763310939706</startTime>
          <className>tests.test_account</className>
          <testName>test_ac_002_duplicate_email</testName>
          <skipped>false</skipped>
          <keepTestNames>false</keepTestNames>
          <properties/>
          <failedSince>0</failedSince>
        </case>
        <case>
          <duration>9.669</duration>
          <startTime>1763310942738</startTime>
          <className>tests.test_account</className>
          <testName>test_ac_003_negative_login</testName>
          <skipped>false</skipped>
          <keepTestNames>false</keepTestNames>
          <properties/>
          <failedSince>0</failedSince>
        </case>
        <case>
          <duration>20.328</duration>
          <startTime>1763310952407</startTime>
          <className>tests.test_account</className>
          <testName>test_ac_004_positive_login</testName>
          <skipped>false</skipped>
          <keepTestNames>false</keepTestNames>
          <properties/>
          <failedSince>0</failedSince>
        </case>
        <case>
          <duration>6.992</duration>
          <startTime>1763310972735</startTime>
          <className>tests.test_account</className>
          <testName>test_ac_005_login_with_non_email_format</testName>
          <skipped>false</skipped>
          <keepTestNames>false</keepTestNames>
          <properties/>
          <failedSince>0</failedSince>
        </case>
        <case>
          <duration>7.086</duration>
          <startTime>1763310979727</startTime>
          <className>tests.test_account</className>
          <testName>test_ac_006_login_with_spaces</testName>
          <skipped>false</skipped>
          <keepTestNames>false</keepTestNames>
          <properties/>
          <failedSince>0</failedSince>
        </case>
        <case>
          <duration>10.099</duration>
          <startTime>1763310986813</startTime>
          <className>tests.test_account</className>
          <testName>test_ac_007_logout</testName>
          <skipped>false</skipped>
          <keepTestNames>false</keepTestNames>
          <properties/>
          <failedSince>0</failedSince>
        </case>
        <case>
          <duration>31.191</duration>
          <startTime>1763310996912</startTime>
          <className>tests.test_history</className>
          <testName>test_ht_001</testName>
          <skipped>false</skipped>
          <keepTestNames>false</keepTestNames>
          <errorStackTrace>tests/test_history.py:43: in test_ht_001
    sidebar.click_new_chat()
src/pages/ht_chat_sidebar.py:27: in click_new_chat
    self.clickable(SEL_NEW_CHAT_BTN).click()
src/pages/ht_base_page.py:21: in clickable
    return self.wait(sec).until(EC.element_to_be_clickable(locator))
/usr/local/lib/python3.14/site-packages/selenium/webdriver/support/wait.py:105: in until
    raise TimeoutException(message, screen, stacktrace)
E   selenium.common.exceptions.TimeoutException: Message: 
E   Stacktrace:
E   #0 0xaaaada284c18 &lt;unknown&gt;
E   #1 0xaaaad9cae0d0 &lt;unknown&gt;
E   #2 0xaaaad9cf6f4c &lt;unknown&gt;
E   #3 0xaaaad9d32d3c &lt;unknown&gt;
E   #4 0xaaaad9ceb998 &lt;unknown&gt;
E   #5 0xaaaada24f79c &lt;unknown&gt;
E   #6 0xaaaada25282c &lt;unknown&gt;
E   #7 0xaaaada252408 &lt;unknown&gt;
E   #8 0xaaaada23a620 &lt;unknown&gt;
E   #9 0xaaaada252eac &lt;unknown&gt;
E   #10 0xaaaada22493c &lt;unknown&gt;
E   #11 0xaaaada271abc &lt;unknown&gt;
E   #12 0xaaaada271cc8 &lt;unknown&gt;
E   #13 0xaaaada28397c &lt;unknown&gt;
E   #14 0xffff922c202c &lt;unknown&gt;
E   #15 0xffff9232bf18 &lt;unknown&gt;</errorStackTrace>
          <errorDetails>selenium.common.exceptions.TimeoutException: Message: 
Stacktrace:
#0 0xaaaada284c18 &lt;unknown&gt;
#1 0xaaaad9cae0d0 &lt;unknown&gt;
#2 0xaaaad9cf6f4c &lt;unknown&gt;
#3 0xaaaad9d32d3c &lt;unknown&gt;
#4 0xaaaad9ceb998 &lt;unknown&gt;
#5 0xaaaada24f79c &lt;unknown&gt;
#6 0xaaaada25282c &lt;unknown&gt;
#7 0xaaaada252408 &lt;unknown&gt;
#8 0xaaaada23a620 &lt;unknown&gt;
#9 0xaaaada252eac &lt;unknown&gt;
#10 0xaaaada22493c &lt;unknown&gt;
#11 0xaaaada271abc &lt;unknown&gt;
#12 0xaaaada271cc8 &lt;unknown&gt;
#13 0xaaaada28397c &lt;unknown&gt;
#14 0xffff922c202c &lt;unknown&gt;
#15 0xffff9232bf18 &lt;unknown&gt;</errorDetails>
          <properties/>
          <failedSince>7</failedSince>
        </case>
        <case>
          <duration>12.839</duration>
          <startTime>1763311028103</startTime>
          <className>tests.test_history</className>
          <testName>test_ht_002</testName>
          <skipped>false</skipped>
          <keepTestNames>false</keepTestNames>
          <errorStackTrace>tests/test_history.py:76: in test_ht_002
    sidebar.click_new_chat()
src/pages/ht_chat_sidebar.py:27: in click_new_chat
    self.clickable(SEL_NEW_CHAT_BTN).click()
src/pages/ht_base_page.py:21: in clickable
    return self.wait(sec).until(EC.element_to_be_clickable(locator))
/usr/local/lib/python3.14/site-packages/selenium/webdriver/support/wait.py:105: in until
    raise TimeoutException(message, screen, stacktrace)
E   selenium.common.exceptions.TimeoutException: Message: 
E   Stacktrace:
E   #0 0xaaaada284c18 &lt;unknown&gt;
E   #1 0xaaaad9cae0d0 &lt;unknown&gt;
E   #2 0xaaaad9cf6f4c &lt;unknown&gt;
E   #3 0xaaaad9d32d3c &lt;unknown&gt;
E   #4 0xaaaad9ceb998 &lt;unknown&gt;
E   #5 0xaaaada24f79c &lt;unknown&gt;
E   #6 0xaaaada25282c &lt;unknown&gt;
E   #7 0xaaaada252408 &lt;unknown&gt;
E   #8 0xaaaada23a620 &lt;unknown&gt;
E   #9 0xaaaada252eac &lt;unknown&gt;
E   #10 0xaaaada22493c &lt;unknown&gt;
E   #11 0xaaaada271abc &lt;unknown&gt;
E   #12 0xaaaada271cc8 &lt;unknown&gt;
E   #13 0xaaaada28397c &lt;unknown&gt;
E   #14 0xffff922c202c &lt;unknown&gt;
E   #15 0xffff9232bf18 &lt;unknown&gt;</errorStackTrace>
          <errorDetails>selenium.common.exceptions.TimeoutException: Message: 
Stacktrace:
#0 0xaaaada284c18 &lt;unknown&gt;
#1 0xaaaad9cae0d0 &lt;unknown&gt;
#2 0xaaaad9cf6f4c &lt;unknown&gt;
#3 0xaaaad9d32d3c &lt;unknown&gt;
#4 0xaaaad9ceb998 &lt;unknown&gt;
#5 0xaaaada24f79c &lt;unknown&gt;
#6 0xaaaada25282c &lt;unknown&gt;
#7 0xaaaada252408 &lt;unknown&gt;
#8 0xaaaada23a620 &lt;unknown&gt;
#9 0xaaaada252eac &lt;unknown&gt;
#10 0xaaaada22493c &lt;unknown&gt;
#11 0xaaaada271abc &lt;unknown&gt;
#12 0xaaaada271cc8 &lt;unknown&gt;
#13 0xaaaada28397c &lt;unknown&gt;
#14 0xffff922c202c &lt;unknown&gt;
#15 0xffff9232bf18 &lt;unknown&gt;</errorDetails>
          <properties/>
          <failedSince>7</failedSince>
        </case>
        <case>
          <duration>7.509</duration>
          <startTime>1763311040942</startTime>
          <className>tests.test_history</className>
          <testName>test_ht_003</testName>
          <skipped>false</skipped>
          <keepTestNames>false</keepTestNames>
          <properties/>
          <failedSince>0</failedSince>
        </case>
        <case>
          <duration>14.034</duration>
          <startTime>1763311048451</startTime>
          <className>tests.test_history</className>
          <testName>test_ht_004</testName>
          <skipped>false</skipped>
          <keepTestNames>false</keepTestNames>
          <errorStackTrace>tests/test_history.py:125: in test_ht_004
    sidebar.click_new_chat()
src/pages/ht_chat_sidebar.py:27: in click_new_chat
    self.clickable(SEL_NEW_CHAT_BTN).click()
src/pages/ht_base_page.py:21: in clickable
    return self.wait(sec).until(EC.element_to_be_clickable(locator))
/usr/local/lib/python3.14/site-packages/selenium/webdriver/support/wait.py:105: in until
    raise TimeoutException(message, screen, stacktrace)
E   selenium.common.exceptions.TimeoutException: Message: 
E   Stacktrace:
E   #0 0xaaaada284c18 &lt;unknown&gt;
E   #1 0xaaaad9cae0d0 &lt;unknown&gt;
E   #2 0xaaaad9cf6f4c &lt;unknown&gt;
E   #3 0xaaaad9d32d3c &lt;unknown&gt;
E   #4 0xaaaad9ceb998 &lt;unknown&gt;
E   #5 0xaaaada24f79c &lt;unknown&gt;
E   #6 0xaaaada25282c &lt;unknown&gt;
E   #7 0xaaaada252408 &lt;unknown&gt;
E   #8 0xaaaada23a620 &lt;unknown&gt;
E   #9 0xaaaada252eac &lt;unknown&gt;
E   #10 0xaaaada22493c &lt;unknown&gt;
E   #11 0xaaaada271abc &lt;unknown&gt;
E   #12 0xaaaada271cc8 &lt;unknown&gt;
E   #13 0xaaaada28397c &lt;unknown&gt;
E   #14 0xffff922c202c &lt;unknown&gt;
E   #15 0xffff9232bf18 &lt;unknown&gt;</errorStackTrace>
          <errorDetails>selenium.common.exceptions.TimeoutException: Message: 
Stacktrace:
#0 0xaaaada284c18 &lt;unknown&gt;
#1 0xaaaad9cae0d0 &lt;unknown&gt;
#2 0xaaaad9cf6f4c &lt;unknown&gt;
#3 0xaaaad9d32d3c &lt;unknown&gt;
#4 0xaaaad9ceb998 &lt;unknown&gt;
#5 0xaaaada24f79c &lt;unknown&gt;
#6 0xaaaada25282c &lt;unknown&gt;
#7 0xaaaada252408 &lt;unknown&gt;
#8 0xaaaada23a620 &lt;unknown&gt;
#9 0xaaaada252eac &lt;unknown&gt;
#10 0xaaaada22493c &lt;unknown&gt;
#11 0xaaaada271abc &lt;unknown&gt;
#12 0xaaaada271cc8 &lt;unknown&gt;
#13 0xaaaada28397c &lt;unknown&gt;
#14 0xffff922c202c &lt;unknown&gt;
#15 0xffff9232bf18 &lt;unknown&gt;</errorDetails>
          <properties/>
          <failedSince>7</failedSince>
        </case>
        <case>
          <duration>12.959</duration>
          <startTime>1763311062485</startTime>
          <className>tests.test_history</className>
          <testName>test_ht_005</testName>
          <skipped>false</skipped>
          <keepTestNames>false</keepTestNames>
          <errorStackTrace>tests/test_history.py:200: in test_ht_005
    sidebar.click_new_chat()
src/pages/ht_chat_sidebar.py:27: in click_new_chat
    self.clickable(SEL_NEW_CHAT_BTN).click()
src/pages/ht_base_page.py:21: in clickable
    return self.wait(sec).until(EC.element_to_be_clickable(locator))
/usr/local/lib/python3.14/site-packages/selenium/webdriver/support/wait.py:105: in until
    raise TimeoutException(message, screen, stacktrace)
E   selenium.common.exceptions.TimeoutException: Message: 
E   Stacktrace:
E   #0 0xaaaada284c18 &lt;unknown&gt;
E   #1 0xaaaad9cae0d0 &lt;unknown&gt;
E   #2 0xaaaad9cf6f4c &lt;unknown&gt;
E   #3 0xaaaad9d32d3c &lt;unknown&gt;
E   #4 0xaaaad9ceb998 &lt;unknown&gt;
E   #5 0xaaaada24f79c &lt;unknown&gt;
E   #6 0xaaaada25282c &lt;unknown&gt;
E   #7 0xaaaada252408 &lt;unknown&gt;
E   #8 0xaaaada23a620 &lt;unknown&gt;
E   #9 0xaaaada252eac &lt;unknown&gt;
E   #10 0xaaaada22493c &lt;unknown&gt;
E   #11 0xaaaada271abc &lt;unknown&gt;
E   #12 0xaaaada271cc8 &lt;unknown&gt;
E   #13 0xaaaada28397c &lt;unknown&gt;
E   #14 0xffff922c202c &lt;unknown&gt;
E   #15 0xffff9232bf18 &lt;unknown&gt;</errorStackTrace>
          <errorDetails>selenium.common.exceptions.TimeoutException: Message: 
Stacktrace:
#0 0xaaaada284c18 &lt;unknown&gt;
#1 0xaaaad9cae0d0 &lt;unknown&gt;
#2 0xaaaad9cf6f4c &lt;unknown&gt;
#3 0xaaaad9d32d3c &lt;unknown&gt;
#4 0xaaaad9ceb998 &lt;unknown&gt;
#5 0xaaaada24f79c &lt;unknown&gt;
#6 0xaaaada25282c &lt;unknown&gt;
#7 0xaaaada252408 &lt;unknown&gt;
#8 0xaaaada23a620 &lt;unknown&gt;
#9 0xaaaada252eac &lt;unknown&gt;
#10 0xaaaada22493c &lt;unknown&gt;
#11 0xaaaada271abc &lt;unknown&gt;
#12 0xaaaada271cc8 &lt;unknown&gt;
#13 0xaaaada28397c &lt;unknown&gt;
#14 0xffff922c202c &lt;unknown&gt;
#15 0xffff9232bf18 &lt;unknown&gt;</errorDetails>
          <properties/>
          <failedSince>7</failedSince>
        </case>
        <case>
          <duration>13.544</duration>
          <startTime>1763311075444</startTime>
          <className>tests.test_history</className>
          <testName>test_ht_006</testName>
          <skipped>false</skipped>
          <keepTestNames>false</keepTestNames>
          <errorStackTrace>tests/test_history.py:250: in test_ht_006
    sidebar.click_new_chat()
src/pages/ht_chat_sidebar.py:27: in click_new_chat
    self.clickable(SEL_NEW_CHAT_BTN).click()
src/pages/ht_base_page.py:21: in clickable
    return self.wait(sec).until(EC.element_to_be_clickable(locator))
/usr/local/lib/python3.14/site-packages/selenium/webdriver/support/wait.py:105: in until
    raise TimeoutException(message, screen, stacktrace)
E   selenium.common.exceptions.TimeoutException: Message: 
E   Stacktrace:
E   #0 0xaaaada284c18 &lt;unknown&gt;
E   #1 0xaaaad9cae0d0 &lt;unknown&gt;
E   #2 0xaaaad9cf6f4c &lt;unknown&gt;
E   #3 0xaaaad9d32d3c &lt;unknown&gt;
E   #4 0xaaaad9ceb998 &lt;unknown&gt;
E   #5 0xaaaada24f79c &lt;unknown&gt;
E   #6 0xaaaada25282c &lt;unknown&gt;
E   #7 0xaaaada252408 &lt;unknown&gt;
E   #8 0xaaaada23a620 &lt;unknown&gt;
E   #9 0xaaaada252eac &lt;unknown&gt;
E   #10 0xaaaada22493c &lt;unknown&gt;
E   #11 0xaaaada271abc &lt;unknown&gt;
E   #12 0xaaaada271cc8 &lt;unknown&gt;
E   #13 0xaaaada28397c &lt;unknown&gt;
E   #14 0xffff922c202c &lt;unknown&gt;
E   #15 0xffff9232bf18 &lt;unknown&gt;</errorStackTrace>
          <errorDetails>selenium.common.exceptions.TimeoutException: Message: 
Stacktrace:
#0 0xaaaada284c18 &lt;unknown&gt;
#1 0xaaaad9cae0d0 &lt;unknown&gt;
#2 0xaaaad9cf6f4c &lt;unknown&gt;
#3 0xaaaad9d32d3c &lt;unknown&gt;
#4 0xaaaad9ceb998 &lt;unknown&gt;
#5 0xaaaada24f79c &lt;unknown&gt;
#6 0xaaaada25282c &lt;unknown&gt;
#7 0xaaaada252408 &lt;unknown&gt;
#8 0xaaaada23a620 &lt;unknown&gt;
#9 0xaaaada252eac &lt;unknown&gt;
#10 0xaaaada22493c &lt;unknown&gt;
#11 0xaaaada271abc &lt;unknown&gt;
#12 0xaaaada271cc8 &lt;unknown&gt;
#13 0xaaaada28397c &lt;unknown&gt;
#14 0xffff922c202c &lt;unknown&gt;
#15 0xffff9232bf18 &lt;unknown&gt;</errorDetails>
          <properties/>
          <failedSince>7</failedSince>
        </case>
        <case>
          <duration>13.184</duration>
          <startTime>1763311088988</startTime>
          <className>tests.test_history</className>
          <testName>test_ht_007</testName>
          <skipped>false</skipped>
          <keepTestNames>false</keepTestNames>
          <errorStackTrace>tests/test_history.py:306: in test_ht_007
    sidebar.click_new_chat()
src/pages/ht_chat_sidebar.py:27: in click_new_chat
    self.clickable(SEL_NEW_CHAT_BTN).click()
src/pages/ht_base_page.py:21: in clickable
    return self.wait(sec).until(EC.element_to_be_clickable(locator))
/usr/local/lib/python3.14/site-packages/selenium/webdriver/support/wait.py:105: in until
    raise TimeoutException(message, screen, stacktrace)
E   selenium.common.exceptions.TimeoutException: Message: 
E   Stacktrace:
E   #0 0xaaaada284c18 &lt;unknown&gt;
E   #1 0xaaaad9cae0d0 &lt;unknown&gt;
E   #2 0xaaaad9cf6f4c &lt;unknown&gt;
E   #3 0xaaaad9d32d3c &lt;unknown&gt;
E   #4 0xaaaad9ceb998 &lt;unknown&gt;
E   #5 0xaaaada24f79c &lt;unknown&gt;
E   #6 0xaaaada25282c &lt;unknown&gt;
E   #7 0xaaaada252408 &lt;unknown&gt;
E   #8 0xaaaada23a620 &lt;unknown&gt;
E   #9 0xaaaada252eac &lt;unknown&gt;
E   #10 0xaaaada22493c &lt;unknown&gt;
E   #11 0xaaaada271abc &lt;unknown&gt;
E   #12 0xaaaada271cc8 &lt;unknown&gt;
E   #13 0xaaaada28397c &lt;unknown&gt;
E   #14 0xffff922c202c &lt;unknown&gt;
E   #15 0xffff9232bf18 &lt;unknown&gt;</errorStackTrace>
          <errorDetails>selenium.common.exceptions.TimeoutException: Message: 
Stacktrace:
#0 0xaaaada284c18 &lt;unknown&gt;
#1 0xaaaad9cae0d0 &lt;unknown&gt;
#2 0xaaaad9cf6f4c &lt;unknown&gt;
#3 0xaaaad9d32d3c &lt;unknown&gt;
#4 0xaaaad9ceb998 &lt;unknown&gt;
#5 0xaaaada24f79c &lt;unknown&gt;
#6 0xaaaada25282c &lt;unknown&gt;
#7 0xaaaada252408 &lt;unknown&gt;
#8 0xaaaada23a620 &lt;unknown&gt;
#9 0xaaaada252eac &lt;unknown&gt;
#10 0xaaaada22493c &lt;unknown&gt;
#11 0xaaaada271abc &lt;unknown&gt;
#12 0xaaaada271cc8 &lt;unknown&gt;
#13 0xaaaada28397c &lt;unknown&gt;
#14 0xffff922c202c &lt;unknown&gt;
#15 0xffff9232bf18 &lt;unknown&gt;</errorDetails>
          <properties/>
          <failedSince>7</failedSince>
        </case>
      </cases>
    </suite>
  </suites>
  <duration>169.405</duration>
  <skipOldReports>false</skipOldReports>
  <startTime>1763310934429</startTime>
  <stdioRetention>NONE</stdioRetention>
  <keepTestNames>false</keepTestNames>
  <keepProperties>false</keepProperties>
</result>