<?xml version='1.1' encoding='UTF-8'?>
<result plugin="junit@1369.v15da_00283f06">
  <suites>
    <suite>
      <file>/var/jenkins_home/workspace/elice_bugshunters/reports/test-results.xml</file>
      <name>pytest</name>
      <duration>174.994</duration>
      <startTime>1763298722955</startTime>
      <properties/>
      <timestamp>2025-11-16T13:12:02.955981+00:00</timestamp>
      <time>174.994</time>
      <nodeId>43</nodeId>
      <enclosingBlocks>
        <string>39</string>
      </enclosingBlocks>
      <enclosingBlockNames>
        <string>Declarative: Post Actions</string>
      </enclosingBlockNames>
      <cases>
        <case>
          <duration>8.331</duration>
          <startTime>1763298722955</startTime>
          <className>tests.test_account</className>
          <testName>test_ac_001_login</testName>
          <skipped>false</skipped>
          <keepTestNames>false</keepTestNames>
          <properties/>
          <failedSince>0</failedSince>
        </case>
        <case>
          <duration>4.632</duration>
          <startTime>1763298731286</startTime>
          <className>tests.test_account</className>
          <testName>test_ac_002_duplicate_email</testName>
          <skipped>false</skipped>
          <keepTestNames>false</keepTestNames>
          <properties/>
          <failedSince>0</failedSince>
        </case>
        <case>
          <duration>10.892</duration>
          <startTime>1763298735918</startTime>
          <className>tests.test_account</className>
          <testName>test_ac_003_negative_login</testName>
          <skipped>false</skipped>
          <keepTestNames>false</keepTestNames>
          <properties/>
          <failedSince>0</failedSince>
        </case>
        <case>
          <duration>19.476</duration>
          <startTime>1763298746810</startTime>
          <className>tests.test_account</className>
          <testName>test_ac_004_positive_login</testName>
          <skipped>false</skipped>
          <keepTestNames>false</keepTestNames>
          <properties/>
          <failedSince>0</failedSince>
        </case>
        <case>
          <duration>6.991</duration>
          <startTime>1763298766286</startTime>
          <className>tests.test_account</className>
          <testName>test_ac_005_login_with_non_email_format</testName>
          <skipped>false</skipped>
          <keepTestNames>false</keepTestNames>
          <properties/>
          <failedSince>0</failedSince>
        </case>
        <case>
          <duration>6.535</duration>
          <startTime>1763298773277</startTime>
          <className>tests.test_account</className>
          <testName>test_ac_006_login_with_spaces</testName>
          <skipped>false</skipped>
          <keepTestNames>false</keepTestNames>
          <properties/>
          <failedSince>0</failedSince>
        </case>
        <case>
          <duration>10.148</duration>
          <startTime>1763298779812</startTime>
          <className>tests.test_account</className>
          <testName>test_ac_007_logout</testName>
          <skipped>false</skipped>
          <keepTestNames>false</keepTestNames>
          <properties/>
          <failedSince>0</failedSince>
        </case>
        <case>
          <duration>31.181</duration>
          <startTime>1763298789960</startTime>
          <className>tests.test_history</className>
          <testName>test_ht_001</testName>
          <skipped>false</skipped>
          <keepTestNames>false</keepTestNames>
          <errorStackTrace>tests/test_history.py:43: in test_ht_001
    sidebar.click_new_chat()
src/pages/ht_chat_sidebar.py:27: in click_new_chat
    self.clickable(SEL_NEW_CHAT_BTN).click()
src/pages/ht_base_page.py:21: in clickable
    return self.wait(sec).until(EC.element_to_be_clickable(locator))
/usr/local/lib/python3.14/site-packages/selenium/webdriver/support/wait.py:105: in until
    raise TimeoutException(message, screen, stacktrace)
E   selenium.common.exceptions.TimeoutException: Message: 
E   Stacktrace:
E   #0 0xaaaac0614c18 &lt;unknown&gt;
E   #1 0xaaaac003e0d0 &lt;unknown&gt;
E   #2 0xaaaac0086f4c &lt;unknown&gt;
E   #3 0xaaaac00c2d3c &lt;unknown&gt;
E   #4 0xaaaac007b998 &lt;unknown&gt;
E   #5 0xaaaac05df79c &lt;unknown&gt;
E   #6 0xaaaac05e282c &lt;unknown&gt;
E   #7 0xaaaac05e2408 &lt;unknown&gt;
E   #8 0xaaaac05ca620 &lt;unknown&gt;
E   #9 0xaaaac05e2eac &lt;unknown&gt;
E   #10 0xaaaac05b493c &lt;unknown&gt;
E   #11 0xaaaac0601abc &lt;unknown&gt;
E   #12 0xaaaac0601cc8 &lt;unknown&gt;
E   #13 0xaaaac061397c &lt;unknown&gt;
E   #14 0xffffa895202c &lt;unknown&gt;
E   #15 0xffffa89bbf18 &lt;unknown&gt;</errorStackTrace>
          <errorDetails>selenium.common.exceptions.TimeoutException: Message: 
Stacktrace:
#0 0xaaaac0614c18 &lt;unknown&gt;
#1 0xaaaac003e0d0 &lt;unknown&gt;
#2 0xaaaac0086f4c &lt;unknown&gt;
#3 0xaaaac00c2d3c &lt;unknown&gt;
#4 0xaaaac007b998 &lt;unknown&gt;
#5 0xaaaac05df79c &lt;unknown&gt;
#6 0xaaaac05e282c &lt;unknown&gt;
#7 0xaaaac05e2408 &lt;unknown&gt;
#8 0xaaaac05ca620 &lt;unknown&gt;
#9 0xaaaac05e2eac &lt;unknown&gt;
#10 0xaaaac05b493c &lt;unknown&gt;
#11 0xaaaac0601abc &lt;unknown&gt;
#12 0xaaaac0601cc8 &lt;unknown&gt;
#13 0xaaaac061397c &lt;unknown&gt;
#14 0xffffa895202c &lt;unknown&gt;
#15 0xffffa89bbf18 &lt;unknown&gt;</errorDetails>
          <properties/>
          <failedSince>7</failedSince>
        </case>
        <case>
          <duration>13.431</duration>
          <startTime>1763298821141</startTime>
          <className>tests.test_history</className>
          <testName>test_ht_002</testName>
          <skipped>false</skipped>
          <keepTestNames>false</keepTestNames>
          <errorStackTrace>tests/test_history.py:76: in test_ht_002
    sidebar.click_new_chat()
src/pages/ht_chat_sidebar.py:27: in click_new_chat
    self.clickable(SEL_NEW_CHAT_BTN).click()
src/pages/ht_base_page.py:21: in clickable
    return self.wait(sec).until(EC.element_to_be_clickable(locator))
/usr/local/lib/python3.14/site-packages/selenium/webdriver/support/wait.py:105: in until
    raise TimeoutException(message, screen, stacktrace)
E   selenium.common.exceptions.TimeoutException: Message: 
E   Stacktrace:
E   #0 0xaaaac0614c18 &lt;unknown&gt;
E   #1 0xaaaac003e0d0 &lt;unknown&gt;
E   #2 0xaaaac0086f4c &lt;unknown&gt;
E   #3 0xaaaac00c2d3c &lt;unknown&gt;
E   #4 0xaaaac007b998 &lt;unknown&gt;
E   #5 0xaaaac05df79c &lt;unknown&gt;
E   #6 0xaaaac05e282c &lt;unknown&gt;
E   #7 0xaaaac05e2408 &lt;unknown&gt;
E   #8 0xaaaac05ca620 &lt;unknown&gt;
E   #9 0xaaaac05e2eac &lt;unknown&gt;
E   #10 0xaaaac05b493c &lt;unknown&gt;
E   #11 0xaaaac0601abc &lt;unknown&gt;
E   #12 0xaaaac0601cc8 &lt;unknown&gt;
E   #13 0xaaaac061397c &lt;unknown&gt;
E   #14 0xffffa895202c &lt;unknown&gt;
E   #15 0xffffa89bbf18 &lt;unknown&gt;</errorStackTrace>
          <errorDetails>selenium.common.exceptions.TimeoutException: Message: 
Stacktrace:
#0 0xaaaac0614c18 &lt;unknown&gt;
#1 0xaaaac003e0d0 &lt;unknown&gt;
#2 0xaaaac0086f4c &lt;unknown&gt;
#3 0xaaaac00c2d3c &lt;unknown&gt;
#4 0xaaaac007b998 &lt;unknown&gt;
#5 0xaaaac05df79c &lt;unknown&gt;
#6 0xaaaac05e282c &lt;unknown&gt;
#7 0xaaaac05e2408 &lt;unknown&gt;
#8 0xaaaac05ca620 &lt;unknown&gt;
#9 0xaaaac05e2eac &lt;unknown&gt;
#10 0xaaaac05b493c &lt;unknown&gt;
#11 0xaaaac0601abc &lt;unknown&gt;
#12 0xaaaac0601cc8 &lt;unknown&gt;
#13 0xaaaac061397c &lt;unknown&gt;
#14 0xffffa895202c &lt;unknown&gt;
#15 0xffffa89bbf18 &lt;unknown&gt;</errorDetails>
          <properties/>
          <failedSince>7</failedSince>
        </case>
        <case>
          <duration>8.007</duration>
          <startTime>1763298834572</startTime>
          <className>tests.test_history</className>
          <testName>test_ht_003</testName>
          <skipped>false</skipped>
          <keepTestNames>false</keepTestNames>
          <properties/>
          <failedSince>0</failedSince>
        </case>
        <case>
          <duration>13.547</duration>
          <startTime>1763298842579</startTime>
          <className>tests.test_history</className>
          <testName>test_ht_004</testName>
          <skipped>false</skipped>
          <keepTestNames>false</keepTestNames>
          <errorStackTrace>tests/test_history.py:125: in test_ht_004
    sidebar.click_new_chat()
src/pages/ht_chat_sidebar.py:27: in click_new_chat
    self.clickable(SEL_NEW_CHAT_BTN).click()
src/pages/ht_base_page.py:21: in clickable
    return self.wait(sec).until(EC.element_to_be_clickable(locator))
/usr/local/lib/python3.14/site-packages/selenium/webdriver/support/wait.py:105: in until
    raise TimeoutException(message, screen, stacktrace)
E   selenium.common.exceptions.TimeoutException: Message: 
E   Stacktrace:
E   #0 0xaaaac0614c18 &lt;unknown&gt;
E   #1 0xaaaac003e0d0 &lt;unknown&gt;
E   #2 0xaaaac0086f4c &lt;unknown&gt;
E   #3 0xaaaac00c2d3c &lt;unknown&gt;
E   #4 0xaaaac007b998 &lt;unknown&gt;
E   #5 0xaaaac05df79c &lt;unknown&gt;
E   #6 0xaaaac05e282c &lt;unknown&gt;
E   #7 0xaaaac05e2408 &lt;unknown&gt;
E   #8 0xaaaac05ca620 &lt;unknown&gt;
E   #9 0xaaaac05e2eac &lt;unknown&gt;
E   #10 0xaaaac05b493c &lt;unknown&gt;
E   #11 0xaaaac0601abc &lt;unknown&gt;
E   #12 0xaaaac0601cc8 &lt;unknown&gt;
E   #13 0xaaaac061397c &lt;unknown&gt;
E   #14 0xffffa895202c &lt;unknown&gt;
E   #15 0xffffa89bbf18 &lt;unknown&gt;</errorStackTrace>
          <errorDetails>selenium.common.exceptions.TimeoutException: Message: 
Stacktrace:
#0 0xaaaac0614c18 &lt;unknown&gt;
#1 0xaaaac003e0d0 &lt;unknown&gt;
#2 0xaaaac0086f4c &lt;unknown&gt;
#3 0xaaaac00c2d3c &lt;unknown&gt;
#4 0xaaaac007b998 &lt;unknown&gt;
#5 0xaaaac05df79c &lt;unknown&gt;
#6 0xaaaac05e282c &lt;unknown&gt;
#7 0xaaaac05e2408 &lt;unknown&gt;
#8 0xaaaac05ca620 &lt;unknown&gt;
#9 0xaaaac05e2eac &lt;unknown&gt;
#10 0xaaaac05b493c &lt;unknown&gt;
#11 0xaaaac0601abc &lt;unknown&gt;
#12 0xaaaac0601cc8 &lt;unknown&gt;
#13 0xaaaac061397c &lt;unknown&gt;
#14 0xffffa895202c &lt;unknown&gt;
#15 0xffffa89bbf18 &lt;unknown&gt;</errorDetails>
          <properties/>
          <failedSince>7</failedSince>
        </case>
        <case>
          <duration>14.233</duration>
          <startTime>1763298856126</startTime>
          <className>tests.test_history</className>
          <testName>test_ht_005</testName>
          <skipped>false</skipped>
          <keepTestNames>false</keepTestNames>
          <errorStackTrace>tests/test_history.py:200: in test_ht_005
    sidebar.click_new_chat()
src/pages/ht_chat_sidebar.py:27: in click_new_chat
    self.clickable(SEL_NEW_CHAT_BTN).click()
src/pages/ht_base_page.py:21: in clickable
    return self.wait(sec).until(EC.element_to_be_clickable(locator))
/usr/local/lib/python3.14/site-packages/selenium/webdriver/support/wait.py:105: in until
    raise TimeoutException(message, screen, stacktrace)
E   selenium.common.exceptions.TimeoutException: Message: 
E   Stacktrace:
E   #0 0xaaaac0614c18 &lt;unknown&gt;
E   #1 0xaaaac003e0d0 &lt;unknown&gt;
E   #2 0xaaaac0086f4c &lt;unknown&gt;
E   #3 0xaaaac00c2d3c &lt;unknown&gt;
E   #4 0xaaaac007b998 &lt;unknown&gt;
E   #5 0xaaaac05df79c &lt;unknown&gt;
E   #6 0xaaaac05e282c &lt;unknown&gt;
E   #7 0xaaaac05e2408 &lt;unknown&gt;
E   #8 0xaaaac05ca620 &lt;unknown&gt;
E   #9 0xaaaac05e2eac &lt;unknown&gt;
E   #10 0xaaaac05b493c &lt;unknown&gt;
E   #11 0xaaaac0601abc &lt;unknown&gt;
E   #12 0xaaaac0601cc8 &lt;unknown&gt;
E   #13 0xaaaac061397c &lt;unknown&gt;
E   #14 0xffffa895202c &lt;unknown&gt;
E   #15 0xffffa89bbf18 &lt;unknown&gt;</errorStackTrace>
          <errorDetails>selenium.common.exceptions.TimeoutException: Message: 
Stacktrace:
#0 0xaaaac0614c18 &lt;unknown&gt;
#1 0xaaaac003e0d0 &lt;unknown&gt;
#2 0xaaaac0086f4c &lt;unknown&gt;
#3 0xaaaac00c2d3c &lt;unknown&gt;
#4 0xaaaac007b998 &lt;unknown&gt;
#5 0xaaaac05df79c &lt;unknown&gt;
#6 0xaaaac05e282c &lt;unknown&gt;
#7 0xaaaac05e2408 &lt;unknown&gt;
#8 0xaaaac05ca620 &lt;unknown&gt;
#9 0xaaaac05e2eac &lt;unknown&gt;
#10 0xaaaac05b493c &lt;unknown&gt;
#11 0xaaaac0601abc &lt;unknown&gt;
#12 0xaaaac0601cc8 &lt;unknown&gt;
#13 0xaaaac061397c &lt;unknown&gt;
#14 0xffffa895202c &lt;unknown&gt;
#15 0xffffa89bbf18 &lt;unknown&gt;</errorDetails>
          <properties/>
          <failedSince>7</failedSince>
        </case>
        <case>
          <duration>13.564</duration>
          <startTime>1763298870359</startTime>
          <className>tests.test_history</className>
          <testName>test_ht_006</testName>
          <skipped>false</skipped>
          <keepTestNames>false</keepTestNames>
          <errorStackTrace>tests/test_history.py:250: in test_ht_006
    sidebar.click_new_chat()
src/pages/ht_chat_sidebar.py:27: in click_new_chat
    self.clickable(SEL_NEW_CHAT_BTN).click()
src/pages/ht_base_page.py:21: in clickable
    return self.wait(sec).until(EC.element_to_be_clickable(locator))
/usr/local/lib/python3.14/site-packages/selenium/webdriver/support/wait.py:105: in until
    raise TimeoutException(message, screen, stacktrace)
E   selenium.common.exceptions.TimeoutException: Message: 
E   Stacktrace:
E   #0 0xaaaac0614c18 &lt;unknown&gt;
E   #1 0xaaaac003e0d0 &lt;unknown&gt;
E   #2 0xaaaac0086f4c &lt;unknown&gt;
E   #3 0xaaaac00c2d3c &lt;unknown&gt;
E   #4 0xaaaac007b998 &lt;unknown&gt;
E   #5 0xaaaac05df79c &lt;unknown&gt;
E   #6 0xaaaac05e282c &lt;unknown&gt;
E   #7 0xaaaac05e2408 &lt;unknown&gt;
E   #8 0xaaaac05ca620 &lt;unknown&gt;
E   #9 0xaaaac05e2eac &lt;unknown&gt;
E   #10 0xaaaac05b493c &lt;unknown&gt;
E   #11 0xaaaac0601abc &lt;unknown&gt;
E   #12 0xaaaac0601cc8 &lt;unknown&gt;
E   #13 0xaaaac061397c &lt;unknown&gt;
E   #14 0xffffa895202c &lt;unknown&gt;
E   #15 0xffffa89bbf18 &lt;unknown&gt;</errorStackTrace>
          <errorDetails>selenium.common.exceptions.TimeoutException: Message: 
Stacktrace:
#0 0xaaaac0614c18 &lt;unknown&gt;
#1 0xaaaac003e0d0 &lt;unknown&gt;
#2 0xaaaac0086f4c &lt;unknown&gt;
#3 0xaaaac00c2d3c &lt;unknown&gt;
#4 0xaaaac007b998 &lt;unknown&gt;
#5 0xaaaac05df79c &lt;unknown&gt;
#6 0xaaaac05e282c &lt;unknown&gt;
#7 0xaaaac05e2408 &lt;unknown&gt;
#8 0xaaaac05ca620 &lt;unknown&gt;
#9 0xaaaac05e2eac &lt;unknown&gt;
#10 0xaaaac05b493c &lt;unknown&gt;
#11 0xaaaac0601abc &lt;unknown&gt;
#12 0xaaaac0601cc8 &lt;unknown&gt;
#13 0xaaaac061397c &lt;unknown&gt;
#14 0xffffa895202c &lt;unknown&gt;
#15 0xffffa89bbf18 &lt;unknown&gt;</errorDetails>
          <properties/>
          <failedSince>7</failedSince>
        </case>
        <case>
          <duration>13.234</duration>
          <startTime>1763298883923</startTime>
          <className>tests.test_history</className>
          <testName>test_ht_007</testName>
          <skipped>false</skipped>
          <keepTestNames>false</keepTestNames>
          <errorStackTrace>tests/test_history.py:306: in test_ht_007
    sidebar.click_new_chat()
src/pages/ht_chat_sidebar.py:27: in click_new_chat
    self.clickable(SEL_NEW_CHAT_BTN).click()
src/pages/ht_base_page.py:21: in clickable
    return self.wait(sec).until(EC.element_to_be_clickable(locator))
/usr/local/lib/python3.14/site-packages/selenium/webdriver/support/wait.py:105: in until
    raise TimeoutException(message, screen, stacktrace)
E   selenium.common.exceptions.TimeoutException: Message: 
E   Stacktrace:
E   #0 0xaaaac0614c18 &lt;unknown&gt;
E   #1 0xaaaac003e0d0 &lt;unknown&gt;
E   #2 0xaaaac0086f4c &lt;unknown&gt;
E   #3 0xaaaac00c2d3c &lt;unknown&gt;
E   #4 0xaaaac007b998 &lt;unknown&gt;
E   #5 0xaaaac05df79c &lt;unknown&gt;
E   #6 0xaaaac05e282c &lt;unknown&gt;
E   #7 0xaaaac05e2408 &lt;unknown&gt;
E   #8 0xaaaac05ca620 &lt;unknown&gt;
E   #9 0xaaaac05e2eac &lt;unknown&gt;
E   #10 0xaaaac05b493c &lt;unknown&gt;
E   #11 0xaaaac0601abc &lt;unknown&gt;
E   #12 0xaaaac0601cc8 &lt;unknown&gt;
E   #13 0xaaaac061397c &lt;unknown&gt;
E   #14 0xffffa895202c &lt;unknown&gt;
E   #15 0xffffa89bbf18 &lt;unknown&gt;</errorStackTrace>
          <errorDetails>selenium.common.exceptions.TimeoutException: Message: 
Stacktrace:
#0 0xaaaac0614c18 &lt;unknown&gt;
#1 0xaaaac003e0d0 &lt;unknown&gt;
#2 0xaaaac0086f4c &lt;unknown&gt;
#3 0xaaaac00c2d3c &lt;unknown&gt;
#4 0xaaaac007b998 &lt;unknown&gt;
#5 0xaaaac05df79c &lt;unknown&gt;
#6 0xaaaac05e282c &lt;unknown&gt;
#7 0xaaaac05e2408 &lt;unknown&gt;
#8 0xaaaac05ca620 &lt;unknown&gt;
#9 0xaaaac05e2eac &lt;unknown&gt;
#10 0xaaaac05b493c &lt;unknown&gt;
#11 0xaaaac0601abc &lt;unknown&gt;
#12 0xaaaac0601cc8 &lt;unknown&gt;
#13 0xaaaac061397c &lt;unknown&gt;
#14 0xffffa895202c &lt;unknown&gt;
#15 0xffffa89bbf18 &lt;unknown&gt;</errorDetails>
          <properties/>
          <failedSince>7</failedSince>
        </case>
      </cases>
    </suite>
  </suites>
  <duration>174.994</duration>
  <skipOldReports>false</skipOldReports>
  <startTime>1763298722955</startTime>
  <stdioRetention>NONE</stdioRetention>
  <keepTestNames>false</keepTestNames>
  <keepProperties>false</keepProperties>
</result>