<?xml version='1.1' encoding='UTF-8'?>
<result plugin="junit@1369.v15da_00283f06">
  <suites>
    <suite>
      <file>/var/jenkins_home/workspace/elice_bugshunters/reports/test-results.xml</file>
      <name>pytest</name>
      <duration>972.523</duration>
      <startTime>1763478814863</startTime>
      <properties/>
      <timestamp>2025-11-18T15:13:34.863760+00:00</timestamp>
      <time>972.523</time>
      <nodeId>43</nodeId>
      <enclosingBlocks>
        <string>39</string>
      </enclosingBlocks>
      <enclosingBlockNames>
        <string>Declarative: Post Actions</string>
      </enclosingBlockNames>
      <cases>
        <case>
          <duration>8.368</duration>
          <startTime>1763478814863</startTime>
          <className>tests.test_account</className>
          <testName>test_ac_001_login</testName>
          <skipped>false</skipped>
          <keepTestNames>false</keepTestNames>
          <properties/>
          <failedSince>0</failedSince>
        </case>
        <case>
          <duration>2.773</duration>
          <startTime>1763478823231</startTime>
          <className>tests.test_account</className>
          <testName>test_ac_002_duplicate_email</testName>
          <skipped>false</skipped>
          <keepTestNames>false</keepTestNames>
          <properties/>
          <failedSince>0</failedSince>
        </case>
        <case>
          <duration>11.348</duration>
          <startTime>1763478826004</startTime>
          <className>tests.test_account</className>
          <testName>test_ac_003_negative_login</testName>
          <skipped>false</skipped>
          <keepTestNames>false</keepTestNames>
          <properties/>
          <failedSince>0</failedSince>
        </case>
        <case>
          <duration>15.927</duration>
          <startTime>1763478837352</startTime>
          <className>tests.test_account</className>
          <testName>test_ac_004_positive_login</testName>
          <skipped>false</skipped>
          <keepTestNames>false</keepTestNames>
          <properties/>
          <failedSince>0</failedSince>
        </case>
        <case>
          <duration>6.945</duration>
          <startTime>1763478853279</startTime>
          <className>tests.test_account</className>
          <testName>test_ac_005_login_with_non_email_format</testName>
          <skipped>false</skipped>
          <keepTestNames>false</keepTestNames>
          <properties/>
          <failedSince>0</failedSince>
        </case>
        <case>
          <duration>6.274</duration>
          <startTime>1763478860224</startTime>
          <className>tests.test_account</className>
          <testName>test_ac_006_login_with_spaces</testName>
          <skipped>false</skipped>
          <keepTestNames>false</keepTestNames>
          <properties/>
          <failedSince>0</failedSince>
        </case>
        <case>
          <duration>10.526</duration>
          <startTime>1763478866498</startTime>
          <className>tests.test_account</className>
          <testName>test_ac_007_logout</testName>
          <skipped>false</skipped>
          <keepTestNames>false</keepTestNames>
          <properties/>
          <failedSince>0</failedSince>
        </case>
        <case>
          <duration>18.76</duration>
          <startTime>1763478877024</startTime>
          <className>tests.test_billing_system</className>
          <testName>test_bu_001_credit_usage_section_exists</testName>
          <skipped>false</skipped>
          <keepTestNames>false</keepTestNames>
          <properties/>
          <failedSince>0</failedSince>
        </case>
        <case>
          <duration>11.756</duration>
          <startTime>1763478895784</startTime>
          <className>tests.test_billing_system</className>
          <testName>test_bu_002_danal_card_payment_iframe_appears</testName>
          <skipped>false</skipped>
          <keepTestNames>false</keepTestNames>
          <errorStackTrace>tests/test_billing_system.py:31: in test_bu_002_danal_card_payment_iframe_appears
    methods.click_register_method()
src/pages/billing_page.py:48: in click_register_method
    self.click_safely(&quot;register_method_btn&quot;)
src/pages/base_page.py:39: in click_safely
    element = wait.until(EC.presence_of_element_located(locator))
/usr/local/lib/python3.14/site-packages/selenium/webdriver/support/wait.py:105: in until
    raise TimeoutException(message, screen, stacktrace)
E   selenium.common.exceptions.TimeoutException: Message: 
E   Stacktrace:
E   #0 0xaaaac9aa4c18 &lt;unknown&gt;
E   #1 0xaaaac94ce0d0 &lt;unknown&gt;
E   #2 0xaaaac9516f4c &lt;unknown&gt;
E   #3 0xaaaac9552d3c &lt;unknown&gt;
E   #4 0xaaaac950b998 &lt;unknown&gt;
E   #5 0xaaaac9a6f79c &lt;unknown&gt;
E   #6 0xaaaac9a7282c &lt;unknown&gt;
E   #7 0xaaaac9a72408 &lt;unknown&gt;
E   #8 0xaaaac9a5a620 &lt;unknown&gt;
E   #9 0xaaaac9a72eac &lt;unknown&gt;
E   #10 0xaaaac9a4493c &lt;unknown&gt;
E   #11 0xaaaac9a91abc &lt;unknown&gt;
E   #12 0xaaaac9a91cc8 &lt;unknown&gt;
E   #13 0xaaaac9aa397c &lt;unknown&gt;
E   #14 0xffffb14c202c &lt;unknown&gt;
E   #15 0xffffb152bf18 &lt;unknown&gt;</errorStackTrace>
          <errorDetails>selenium.common.exceptions.TimeoutException: Message: 
Stacktrace:
#0 0xaaaac9aa4c18 &lt;unknown&gt;
#1 0xaaaac94ce0d0 &lt;unknown&gt;
#2 0xaaaac9516f4c &lt;unknown&gt;
#3 0xaaaac9552d3c &lt;unknown&gt;
#4 0xaaaac950b998 &lt;unknown&gt;
#5 0xaaaac9a6f79c &lt;unknown&gt;
#6 0xaaaac9a7282c &lt;unknown&gt;
#7 0xaaaac9a72408 &lt;unknown&gt;
#8 0xaaaac9a5a620 &lt;unknown&gt;
#9 0xaaaac9a72eac &lt;unknown&gt;
#10 0xaaaac9a4493c &lt;unknown&gt;
#11 0xaaaac9a91abc &lt;unknown&gt;
#12 0xaaaac9a91cc8 &lt;unknown&gt;
#13 0xaaaac9aa397c &lt;unknown&gt;
#14 0xffffb14c202c &lt;unknown&gt;
#15 0xffffb152bf18 &lt;unknown&gt;</errorDetails>
          <properties/>
          <failedSince>32</failedSince>
        </case>
        <case>
          <duration>4.448</duration>
          <startTime>1763478907540</startTime>
          <className>tests.test_billing_system</className>
          <testName>test_bu_003_click_usage_history</testName>
          <skipped>false</skipped>
          <keepTestNames>false</keepTestNames>
          <errorStackTrace>tests/test_billing_system.py:52: in test_bu_003_click_usage_history
    assert usage_page.is_usage_history_page(), &quot;❌ Usage History 페이지로 이동 실패&quot;
E   AssertionError: ❌ Usage History 페이지로 이동 실패
E   assert False
E    +  where False = is_usage_history_page()
E    +    where is_usage_history_page = &lt;src.pages.billing_page.UsagePage object at 0xffffaca82900&gt;.is_usage_history_page</errorStackTrace>
          <errorDetails>AssertionError: ❌ Usage History 페이지로 이동 실패
assert False
 +  where False = is_usage_history_page()
 +    where is_usage_history_page = &lt;src.pages.billing_page.UsagePage object at 0xffffaca82900&gt;.is_usage_history_page</errorDetails>
          <properties/>
          <failedSince>32</failedSince>
        </case>
        <case>
          <duration>1.343</duration>
          <startTime>1763478911988</startTime>
          <className>tests.test_billing_system</className>
          <testName>test_bu_004_click_ml_api</testName>
          <skipped>false</skipped>
          <keepTestNames>false</keepTestNames>
          <properties/>
          <failedSince>0</failedSince>
        </case>
        <case>
          <duration>2.698</duration>
          <startTime>1763478913331</startTime>
          <className>tests.test_billing_system</className>
          <testName>test_bu_005_click_severless_status</testName>
          <skipped>false</skipped>
          <keepTestNames>false</keepTestNames>
          <properties/>
          <failedSince>0</failedSince>
        </case>
        <case>
          <duration>1.466</duration>
          <startTime>1763478916029</startTime>
          <className>tests.test_billing_system</className>
          <testName>test_bu_006_click_api_key_manage</testName>
          <skipped>false</skipped>
          <keepTestNames>false</keepTestNames>
          <errorStackTrace>tests/test_billing_system.py:69: in test_bu_006_click_api_key_manage
    assert page.is_api_key_manage_page()
E   assert False
E    +  where False = is_api_key_manage_page()
E    +    where is_api_key_manage_page = &lt;src.pages.billing_page.UsagePage object at 0xffffaca2b360&gt;.is_api_key_manage_page</errorStackTrace>
          <errorDetails>assert False
 +  where False = is_api_key_manage_page()
 +    where is_api_key_manage_page = &lt;src.pages.billing_page.UsagePage object at 0xffffaca2b360&gt;.is_api_key_manage_page</errorDetails>
          <properties/>
          <failedSince>32</failedSince>
        </case>
        <case>
          <duration>45.89</duration>
          <startTime>1763478917495</startTime>
          <className>tests.test_chat_base</className>
          <testName>test_cb_001_ai_chat</testName>
          <skipped>false</skipped>
          <keepTestNames>false</keepTestNames>
          <errorStackTrace>tests/test_chat_base.py:18: in test_cb_001_ai_chat
    WebDriverWait(chat_page.driver, 30).until(
/usr/local/lib/python3.14/site-packages/selenium/webdriver/support/wait.py:105: in until
    raise TimeoutException(message, screen, stacktrace)
E   selenium.common.exceptions.TimeoutException: Message:</errorStackTrace>
          <errorDetails>selenium.common.exceptions.TimeoutException: Message:</errorDetails>
          <properties/>
          <failedSince>34</failedSince>
        </case>
        <case>
          <duration>1.824</duration>
          <startTime>1763478963385</startTime>
          <className>tests.test_chat_base</className>
          <testName>test_cb_002_copy</testName>
          <skipped>false</skipped>
          <keepTestNames>false</keepTestNames>
          <properties/>
          <failedSince>0</failedSince>
        </case>
        <case>
          <duration>31.183</duration>
          <startTime>1763478965209</startTime>
          <className>tests.test_chat_base</className>
          <testName>test_cb_003_edit_message</testName>
          <skipped>false</skipped>
          <keepTestNames>false</keepTestNames>
          <errorStackTrace>tests/test_chat_base.py:42: in test_cb_003_edit_message
    WebDriverWait(chat_page.driver, 30).until(
/usr/local/lib/python3.14/site-packages/selenium/webdriver/support/wait.py:105: in until
    raise TimeoutException(message, screen, stacktrace)
E   selenium.common.exceptions.TimeoutException: Message:</errorStackTrace>
          <errorDetails>selenium.common.exceptions.TimeoutException: Message:</errorDetails>
          <properties/>
          <failedSince>34</failedSince>
        </case>
        <case>
          <duration>39.441</duration>
          <startTime>1763478996392</startTime>
          <className>tests.test_chat_base</className>
          <testName>test_cb_004_scroll_and_click</testName>
          <skipped>false</skipped>
          <keepTestNames>false</keepTestNames>
          <properties/>
          <failedSince>0</failedSince>
        </case>
        <case>
          <duration>60.847</duration>
          <startTime>1763479035833</startTime>
          <className>tests.test_chat_base</className>
          <testName>test_cb_005_make_image</testName>
          <skipped>false</skipped>
          <keepTestNames>false</keepTestNames>
          <errorStackTrace>tests/test_chat_base.py:60: in test_cb_005_make_image
    assert chat_page.check_image_exists(), &quot;태극기 이미지를 찾을 수 없습니다&quot;
E   AssertionError: 태극기 이미지를 찾을 수 없습니다
E   assert None
E    +  where None = check_image_exists()
E    +    where check_image_exists = &lt;src.pages.chat_base_page.ChatPage object at 0xffffaca2bbb0&gt;.check_image_exists</errorStackTrace>
          <errorDetails>AssertionError: 태극기 이미지를 찾을 수 없습니다
assert None
 +  where None = check_image_exists()
 +    where check_image_exists = &lt;src.pages.chat_base_page.ChatPage object at 0xffffaca2bbb0&gt;.check_image_exists</errorDetails>
          <properties/>
          <failedSince>34</failedSince>
        </case>
        <case>
          <duration>60.76</duration>
          <startTime>1763479096680</startTime>
          <className>tests.test_chat_base</className>
          <testName>test_cb_006_upload_file</testName>
          <skipped>false</skipped>
          <keepTestNames>false</keepTestNames>
          <errorStackTrace>tests/test_chat_base.py:66: in test_cb_006_upload_file
    WebDriverWait(chat_page.driver, 30).until(
/usr/local/lib/python3.14/site-packages/selenium/webdriver/support/wait.py:105: in until
    raise TimeoutException(message, screen, stacktrace)
E   selenium.common.exceptions.TimeoutException: Message: 
E   Stacktrace:
E   #0 0xaaaac9aa4c18 &lt;unknown&gt;
E   #1 0xaaaac94ce0d0 &lt;unknown&gt;
E   #2 0xaaaac9516f4c &lt;unknown&gt;
E   #3 0xaaaac9552d3c &lt;unknown&gt;
E   #4 0xaaaac950b998 &lt;unknown&gt;
E   #5 0xaaaac9a6f79c &lt;unknown&gt;
E   #6 0xaaaac9a7282c &lt;unknown&gt;
E   #7 0xaaaac9a72408 &lt;unknown&gt;
E   #8 0xaaaac9a5a620 &lt;unknown&gt;
E   #9 0xaaaac9a72eac &lt;unknown&gt;
E   #10 0xaaaac9a4493c &lt;unknown&gt;
E   #11 0xaaaac9a91abc &lt;unknown&gt;
E   #12 0xaaaac9a91cc8 &lt;unknown&gt;
E   #13 0xaaaac9aa397c &lt;unknown&gt;
E   #14 0xffffb14c202c &lt;unknown&gt;
E   #15 0xffffb152bf18 &lt;unknown&gt;</errorStackTrace>
          <errorDetails>selenium.common.exceptions.TimeoutException: Message: 
Stacktrace:
#0 0xaaaac9aa4c18 &lt;unknown&gt;
#1 0xaaaac94ce0d0 &lt;unknown&gt;
#2 0xaaaac9516f4c &lt;unknown&gt;
#3 0xaaaac9552d3c &lt;unknown&gt;
#4 0xaaaac950b998 &lt;unknown&gt;
#5 0xaaaac9a6f79c &lt;unknown&gt;
#6 0xaaaac9a7282c &lt;unknown&gt;
#7 0xaaaac9a72408 &lt;unknown&gt;
#8 0xaaaac9a5a620 &lt;unknown&gt;
#9 0xaaaac9a72eac &lt;unknown&gt;
#10 0xaaaac9a4493c &lt;unknown&gt;
#11 0xaaaac9a91abc &lt;unknown&gt;
#12 0xaaaac9a91cc8 &lt;unknown&gt;
#13 0xaaaac9aa397c &lt;unknown&gt;
#14 0xffffb14c202c &lt;unknown&gt;
#15 0xffffb152bf18 &lt;unknown&gt;</errorDetails>
          <properties/>
          <failedSince>34</failedSince>
        </case>
        <case>
          <duration>60.754</duration>
          <startTime>1763479157440</startTime>
          <className>tests.test_chat_base</className>
          <testName>test_cb_007_make_image</testName>
          <skipped>false</skipped>
          <keepTestNames>false</keepTestNames>
          <errorStackTrace>tests/test_chat_base.py:79: in test_cb_007_make_image
    WebDriverWait(chat_page.driver, 30).until(
/usr/local/lib/python3.14/site-packages/selenium/webdriver/support/wait.py:105: in until
    raise TimeoutException(message, screen, stacktrace)
E   selenium.common.exceptions.TimeoutException: Message: 
E   Stacktrace:
E   #0 0xaaaac9aa4c18 &lt;unknown&gt;
E   #1 0xaaaac94ce0d0 &lt;unknown&gt;
E   #2 0xaaaac9516f4c &lt;unknown&gt;
E   #3 0xaaaac9552d3c &lt;unknown&gt;
E   #4 0xaaaac950b998 &lt;unknown&gt;
E   #5 0xaaaac9a6f79c &lt;unknown&gt;
E   #6 0xaaaac9a7282c &lt;unknown&gt;
E   #7 0xaaaac9a72408 &lt;unknown&gt;
E   #8 0xaaaac9a5a620 &lt;unknown&gt;
E   #9 0xaaaac9a72eac &lt;unknown&gt;
E   #10 0xaaaac9a4493c &lt;unknown&gt;
E   #11 0xaaaac9a91abc &lt;unknown&gt;
E   #12 0xaaaac9a91cc8 &lt;unknown&gt;
E   #13 0xaaaac9aa397c &lt;unknown&gt;
E   #14 0xffffb14c202c &lt;unknown&gt;
E   #15 0xffffb152bf18 &lt;unknown&gt;</errorStackTrace>
          <errorDetails>selenium.common.exceptions.TimeoutException: Message: 
Stacktrace:
#0 0xaaaac9aa4c18 &lt;unknown&gt;
#1 0xaaaac94ce0d0 &lt;unknown&gt;
#2 0xaaaac9516f4c &lt;unknown&gt;
#3 0xaaaac9552d3c &lt;unknown&gt;
#4 0xaaaac950b998 &lt;unknown&gt;
#5 0xaaaac9a6f79c &lt;unknown&gt;
#6 0xaaaac9a7282c &lt;unknown&gt;
#7 0xaaaac9a72408 &lt;unknown&gt;
#8 0xaaaac9a5a620 &lt;unknown&gt;
#9 0xaaaac9a72eac &lt;unknown&gt;
#10 0xaaaac9a4493c &lt;unknown&gt;
#11 0xaaaac9a91abc &lt;unknown&gt;
#12 0xaaaac9a91cc8 &lt;unknown&gt;
#13 0xaaaac9aa397c &lt;unknown&gt;
#14 0xffffb14c202c &lt;unknown&gt;
#15 0xffffb152bf18 &lt;unknown&gt;</errorDetails>
          <properties/>
          <failedSince>34</failedSince>
        </case>
        <case>
          <duration>15.539</duration>
          <startTime>1763479218194</startTime>
          <className>tests.test_chat_expanse</className>
          <testName>test_ce_001_quiz</testName>
          <skipped>false</skipped>
          <keepTestNames>false</keepTestNames>
          <properties/>
          <failedSince>0</failedSince>
        </case>
        <case>
          <duration>18.963</duration>
          <startTime>1763479233733</startTime>
          <className>tests.test_chat_expanse</className>
          <testName>test_ce_002_quiz_empty</testName>
          <skipped>false</skipped>
          <keepTestNames>false</keepTestNames>
          <errorStackTrace>tests/test_chat_expanse.py:19: in test_ce_002_quiz_empty
    assert result, &quot;✅CE-002 : 빈칸 퀴즈 생성이 허용되었습니다!&quot;
E   AssertionError: ✅CE-002 : 빈칸 퀴즈 생성이 허용되었습니다!
E   assert False</errorStackTrace>
          <errorDetails>AssertionError: ✅CE-002 : 빈칸 퀴즈 생성이 허용되었습니다!
assert False</errorDetails>
          <properties/>
          <failedSince>34</failedSince>
        </case>
        <case>
          <duration>19.173</duration>
          <startTime>1763479252696</startTime>
          <className>tests.test_chat_expanse</className>
          <testName>test_ce_003_quiz_special_chars</testName>
          <skipped>false</skipped>
          <keepTestNames>false</keepTestNames>
          <errorStackTrace>tests/test_chat_expanse.py:24: in test_ce_003_quiz_special_chars
    assert result, &quot;✅CE-003 : 특수문자 퀴즈 생성이 허용되었습니다!&quot;
E   AssertionError: ✅CE-003 : 특수문자 퀴즈 생성이 허용되었습니다!
E   assert False</errorStackTrace>
          <errorDetails>AssertionError: ✅CE-003 : 특수문자 퀴즈 생성이 허용되었습니다!
assert False</errorDetails>
          <properties/>
          <failedSince>34</failedSince>
        </case>
        <case>
          <duration>19.216</duration>
          <startTime>1763479271869</startTime>
          <className>tests.test_chat_expanse</className>
          <testName>test_ce_004_quiz_no_type</testName>
          <skipped>false</skipped>
          <keepTestNames>false</keepTestNames>
          <errorStackTrace>tests/test_chat_expanse.py:29: in test_ce_004_quiz_no_type
    assert result, &quot;✅CE-004 : 난이도 혹은 주관식, 객관식을 명시하지 않은 퀴즈 생성이 허용되었습니다!&quot;
E   AssertionError: ✅CE-004 : 난이도 혹은 주관식, 객관식을 명시하지 않은 퀴즈 생성이 허용되었습니다!
E   assert False</errorStackTrace>
          <errorDetails>AssertionError: ✅CE-004 : 난이도 혹은 주관식, 객관식을 명시하지 않은 퀴즈 생성이 허용되었습니다!
assert False</errorDetails>
          <properties/>
          <failedSince>34</failedSince>
        </case>
        <case>
          <duration>19.248</duration>
          <startTime>1763479291085</startTime>
          <className>tests.test_chat_expanse</className>
          <testName>test_ce_005_ppt</testName>
          <skipped>false</skipped>
          <keepTestNames>false</keepTestNames>
          <errorStackTrace>tests/test_chat_expanse.py:34: in test_ce_005_ppt
    assert result, &quot;❌ PPT 생성 및 전송 프로세스 실패&quot;
E   AssertionError: ❌ PPT 생성 및 전송 프로세스 실패
E   assert False</errorStackTrace>
          <errorDetails>AssertionError: ❌ PPT 생성 및 전송 프로세스 실패
assert False</errorDetails>
          <properties/>
          <failedSince>34</failedSince>
        </case>
        <case>
          <duration>19.233</duration>
          <startTime>1763479310333</startTime>
          <className>tests.test_chat_expanse</className>
          <testName>test_ce_006_image_text</testName>
          <skipped>false</skipped>
          <keepTestNames>false</keepTestNames>
          <errorStackTrace>tests/test_chat_expanse.py:39: in test_ce_006_image_text
    assert result, &quot;❌ 이미지 생성 및 전송 프로세스 실패&quot;
E   AssertionError: ❌ 이미지 생성 및 전송 프로세스 실패
E   assert False</errorStackTrace>
          <errorDetails>AssertionError: ❌ 이미지 생성 및 전송 프로세스 실패
assert False</errorDetails>
          <properties/>
          <failedSince>34</failedSince>
        </case>
        <case>
          <duration>19.137</duration>
          <startTime>1763479329566</startTime>
          <className>tests.test_chat_expanse</className>
          <testName>test_ce_007_image_file</testName>
          <skipped>false</skipped>
          <keepTestNames>false</keepTestNames>
          <errorStackTrace>tests/test_chat_expanse.py:44: in test_ce_007_image_file
    assert result, &quot;❌ 이미지 생성 및 전송 프로세스 실패&quot;
E   AssertionError: ❌ 이미지 생성 및 전송 프로세스 실패
E   assert False</errorStackTrace>
          <errorDetails>AssertionError: ❌ 이미지 생성 및 전송 프로세스 실패
assert False</errorDetails>
          <properties/>
          <failedSince>34</failedSince>
        </case>
        <case>
          <duration>19.281</duration>
          <startTime>1763479348703</startTime>
          <className>tests.test_chat_expanse</className>
          <testName>test_ce_008_google_search</testName>
          <skipped>false</skipped>
          <keepTestNames>false</keepTestNames>
          <errorStackTrace>tests/test_chat_expanse.py:49: in test_ce_008_google_search
    assert result, &quot;❌ 구글 검색 및 전송 프로세스 실패&quot;
E   AssertionError: ❌ 구글 검색 및 전송 프로세스 실패
E   assert False</errorStackTrace>
          <errorDetails>AssertionError: ❌ 구글 검색 및 전송 프로세스 실패
assert False</errorDetails>
          <properties/>
          <failedSince>34</failedSince>
        </case>
        <case>
          <duration>19.169</duration>
          <startTime>1763479367984</startTime>
          <className>tests.test_chat_expanse</className>
          <testName>test_ce_009_deep_dive</testName>
          <skipped>false</skipped>
          <keepTestNames>false</keepTestNames>
          <errorStackTrace>tests/test_chat_expanse.py:54: in test_ce_009_deep_dive
    assert result, &quot;❌ 심층 조사 및 전송 프로세스 실패&quot;
E   AssertionError: ❌ 심층 조사 및 전송 프로세스 실패
E   assert False</errorStackTrace>
          <errorDetails>AssertionError: ❌ 심층 조사 및 전송 프로세스 실패
assert False</errorDetails>
          <properties/>
          <failedSince>32</failedSince>
        </case>
        <case>
          <duration>18.958</duration>
          <startTime>1763479387153</startTime>
          <className>tests.test_chat_expanse</className>
          <testName>test_ce_010_file_upload</testName>
          <skipped>false</skipped>
          <keepTestNames>false</keepTestNames>
          <errorStackTrace>tests/test_chat_expanse.py:59: in test_ce_010_file_upload
    assert result, &quot;❌ 파일 업로드 및 전송 프로세스 실패&quot;
E   AssertionError: ❌ 파일 업로드 및 전송 프로세스 실패
E   assert False</errorStackTrace>
          <errorDetails>AssertionError: ❌ 파일 업로드 및 전송 프로세스 실패
assert False</errorDetails>
          <properties/>
          <failedSince>34</failedSince>
        </case>
        <case>
          <duration>19.161</duration>
          <startTime>1763479406111</startTime>
          <className>tests.test_chat_expanse</className>
          <testName>test_ce_011_file_upload_expect_failure</testName>
          <skipped>false</skipped>
          <keepTestNames>false</keepTestNames>
          <errorStackTrace>tests/test_chat_expanse.py:64: in test_ce_011_file_upload_expect_failure
    assert result is True, &quot;❌ CE-011 실패: 위험 파일 업로드가 허용되었습니다!&quot;
E   AssertionError: ❌ CE-011 실패: 위험 파일 업로드가 허용되었습니다!
E   assert False is True</errorStackTrace>
          <errorDetails>AssertionError: ❌ CE-011 실패: 위험 파일 업로드가 허용되었습니다!
assert False is True</errorDetails>
          <properties/>
          <failedSince>34</failedSince>
        </case>
        <case>
          <duration>10.502</duration>
          <startTime>1763479425272</startTime>
          <className>tests.test_chat_expanse</className>
          <testName>test_ce_012_file_upload_new_chat</testName>
          <skipped>false</skipped>
          <keepTestNames>false</keepTestNames>
          <errorStackTrace>tests/test_chat_expanse.py:69: in test_ce_012_file_upload_new_chat
    assert result, &quot;❌ 파일 업로드 및 전송 프로세스 실패&quot;
E   AssertionError: ❌ 파일 업로드 및 전송 프로세스 실패
E   assert False</errorStackTrace>
          <errorDetails>AssertionError: ❌ 파일 업로드 및 전송 프로세스 실패
assert False</errorDetails>
          <properties/>
          <failedSince>32</failedSince>
        </case>
        <case>
          <duration>10.562</duration>
          <startTime>1763479435774</startTime>
          <className>tests.test_chat_expanse</className>
          <testName>test_ce_013_quiz_empty_new_chat</testName>
          <skipped>false</skipped>
          <keepTestNames>false</keepTestNames>
          <errorStackTrace>tests/test_chat_expanse.py:74: in test_ce_013_quiz_empty_new_chat
    assert result, &quot;✅CE-013 : 빈칸 퀴즈 생성이 허용되었습니다!&quot;
E   AssertionError: ✅CE-013 : 빈칸 퀴즈 생성이 허용되었습니다!
E   assert False</errorStackTrace>
          <errorDetails>AssertionError: ✅CE-013 : 빈칸 퀴즈 생성이 허용되었습니다!
assert False</errorDetails>
          <properties/>
          <failedSince>32</failedSince>
        </case>
        <case>
          <duration>16.362</duration>
          <startTime>1763479446336</startTime>
          <className>tests.test_custom_agent</className>
          <testName>test_ca_001_navigate_to_agent_create_form</testName>
          <skipped>false</skipped>
          <keepTestNames>false</keepTestNames>
          <properties/>
          <failedSince>0</failedSince>
        </case>
        <case>
          <duration>4.814</duration>
          <startTime>1763479462698</startTime>
          <className>tests.test_custom_agent</className>
          <testName>test_ca_002_validate_required_fields_behavior</testName>
          <skipped>false</skipped>
          <keepTestNames>false</keepTestNames>
          <properties/>
          <failedSince>0</failedSince>
        </case>
        <case>
          <duration>15.15</duration>
          <startTime>1763479467512</startTime>
          <className>tests.test_custom_agent</className>
          <testName>test_ca_003_1_create_private_agent_successfully</testName>
          <skipped>false</skipped>
          <keepTestNames>false</keepTestNames>
          <errorStackTrace>tests/test_custom_agent.py:190: in test_ca_003_1_create_private_agent_successfully
    create_agent_page.click_safely(&quot;create_btn&quot;)
src/pages/base_page.py:40: in click_safely
    wait.until(EC.element_to_be_clickable(locator))
/usr/local/lib/python3.14/site-packages/selenium/webdriver/support/wait.py:105: in until
    raise TimeoutException(message, screen, stacktrace)
E   selenium.common.exceptions.TimeoutException: Message:</errorStackTrace>
          <errorDetails>selenium.common.exceptions.TimeoutException: Message:</errorDetails>
          <properties/>
          <failedSince>34</failedSince>
        </case>
        <case>
          <duration>14.674</duration>
          <startTime>1763479482662</startTime>
          <className>tests.test_custom_agent</className>
          <testName>test_ca_003_2_create_organization_agent_successfully</testName>
          <skipped>false</skipped>
          <keepTestNames>false</keepTestNames>
          <errorStackTrace>tests/test_custom_agent.py:231: in test_ca_003_2_create_organization_agent_successfully
    create_agent_page.click_safely(&quot;create_btn&quot;)
src/pages/base_page.py:40: in click_safely
    wait.until(EC.element_to_be_clickable(locator))
/usr/local/lib/python3.14/site-packages/selenium/webdriver/support/wait.py:105: in until
    raise TimeoutException(message, screen, stacktrace)
E   selenium.common.exceptions.TimeoutException: Message:</errorStackTrace>
          <errorDetails>selenium.common.exceptions.TimeoutException: Message:</errorDetails>
          <properties/>
          <failedSince>34</failedSince>
        </case>
        <case>
          <duration>27.767</duration>
          <startTime>1763479497336</startTime>
          <className>tests.test_custom_agent</className>
          <testName>test_ca_004_test_create_with_chat_generates_ai_response</testName>
          <skipped>false</skipped>
          <keepTestNames>false</keepTestNames>
          <properties/>
          <failedSince>0</failedSince>
        </case>
        <case>
          <duration>14.871</duration>
          <startTime>1763479525103</startTime>
          <className>tests.test_custom_agent</className>
          <testName>test_ca_005_prevent_duplicate_agent_creation</testName>
          <skipped>false</skipped>
          <keepTestNames>false</keepTestNames>
          <properties/>
          <failedSince>0</failedSince>
        </case>
        <case>
          <duration>0.671</duration>
          <startTime>1763479539974</startTime>
          <className>tests.test_custom_agent</className>
          <testName>test_ca_006_display_created_agents_in_explorer</testName>
          <skipped>false</skipped>
          <keepTestNames>false</keepTestNames>
          <errorStackTrace>tests/test_custom_agent.py:346: in test_ca_006_display_created_agents_in_explorer
    assert private_id or org_id, &quot;❌ CA_006_이전 테스트의 agent_id를 불러올 수 없습니다.&quot;
E   AssertionError: ❌ CA_006_이전 테스트의 agent_id를 불러올 수 없습니다.
E   assert (None or None)</errorStackTrace>
          <errorDetails>AssertionError: ❌ CA_006_이전 테스트의 agent_id를 불러올 수 없습니다.
assert (None or None)</errorDetails>
          <properties/>
          <failedSince>34</failedSince>
        </case>
        <case>
          <duration>13.373</duration>
          <startTime>1763479540645</startTime>
          <className>tests.test_custom_agent</className>
          <testName>test_ca_007_display_agent_cards_in_my_agents</testName>
          <skipped>false</skipped>
          <keepTestNames>false</keepTestNames>
          <errorStackTrace>tests/test_custom_agent.py:375: in test_ca_007_display_agent_cards_in_my_agents
    assert my_agent_page.has_cards(&quot;organization&quot;, minimum=1), &quot;❌ CA_007_Organization 카드 없음&quot;
E   AssertionError: ❌ CA_007_Organization 카드 없음
E   assert False
E    +  where False = has_cards(&apos;organization&apos;, minimum=1)
E    +    where has_cards = &lt;src.pages.custom_agent_page.MyAgentsPage object at 0xffffaca4f460&gt;.has_cards</errorStackTrace>
          <errorDetails>AssertionError: ❌ CA_007_Organization 카드 없음
assert False
 +  where False = has_cards(&apos;organization&apos;, minimum=1)
 +    where has_cards = &lt;src.pages.custom_agent_page.MyAgentsPage object at 0xffffaca4f460&gt;.has_cards</errorDetails>
          <properties/>
          <failedSince>34</failedSince>
        </case>
        <case>
          <duration>23.956</duration>
          <startTime>1763479554018</startTime>
          <className>tests.test_custom_agent</className>
          <testName>test_ca_008_update_existing_agent_successfully</testName>
          <skipped>false</skipped>
          <keepTestNames>false</keepTestNames>
          <errorStackTrace>tests/test_custom_agent.py:398: in test_ca_008_update_existing_agent_successfully
    create_agent_page.get_element(&quot;create_btn&quot;, &quot;clickable&quot;).click() #수정 작업의 경우 publish로 텍스트만 변경됨
src/pages/base_page.py:19: in get_element
    wait.until(EC.element_to_be_clickable(locator))
/usr/local/lib/python3.14/site-packages/selenium/webdriver/support/wait.py:105: in until
    raise TimeoutException(message, screen, stacktrace)
E   selenium.common.exceptions.TimeoutException: Message:</errorStackTrace>
          <errorDetails>selenium.common.exceptions.TimeoutException: Message:</errorDetails>
          <properties/>
          <failedSince>34</failedSince>
        </case>
        <case>
          <duration>25.051</duration>
          <startTime>1763479577974</startTime>
          <className>tests.test_custom_agent</className>
          <testName>test_ca_009__publish_draft_agent_successfully</testName>
          <skipped>false</skipped>
          <keepTestNames>false</keepTestNames>
          <errorStackTrace>tests/test_custom_agent.py:434: in test_ca_009__publish_draft_agent_successfully
    create_btn = create_agent_page.get_element(&quot;create_btn&quot;, &quot;clickable&quot;)
src/pages/base_page.py:19: in get_element
    wait.until(EC.element_to_be_clickable(locator))
/usr/local/lib/python3.14/site-packages/selenium/webdriver/support/wait.py:105: in until
    raise TimeoutException(message, screen, stacktrace)
E   selenium.common.exceptions.TimeoutException: Message:</errorStackTrace>
          <errorDetails>selenium.common.exceptions.TimeoutException: Message:</errorDetails>
          <properties/>
          <failedSince>34</failedSince>
        </case>
        <case>
          <duration>23.376</duration>
          <startTime>1763479603025</startTime>
          <className>tests.test_custom_agent</className>
          <testName>test_ca_010_autosave_draft_agent_persists_changes</testName>
          <skipped>false</skipped>
          <keepTestNames>false</keepTestNames>
          <errorStackTrace>tests/test_custom_agent.py:480: in test_ca_010_autosave_draft_agent_persists_changes
    expected_values = create_agent_page.fill_form_with_trigger(
src/pages/custom_agent_page.py:259: in fill_form_with_trigger
    type_and_trigger(&quot;name&quot;, name)
src/pages/custom_agent_page.py:237: in type_and_trigger
    el = self.get_element(key, &quot;visible&quot;)
src/pages/base_page.py:23: in get_element
    wait.until(EC.visibility_of_element_located(locator))
/usr/local/lib/python3.14/site-packages/selenium/webdriver/support/wait.py:105: in until
    raise TimeoutException(message, screen, stacktrace)
E   selenium.common.exceptions.TimeoutException: Message: 
E   Stacktrace:
E   #0 0xaaaac9aa4c18 &lt;unknown&gt;
E   #1 0xaaaac94ce0d0 &lt;unknown&gt;
E   #2 0xaaaac9516f4c &lt;unknown&gt;
E   #3 0xaaaac9552d3c &lt;unknown&gt;
E   #4 0xaaaac950b998 &lt;unknown&gt;
E   #5 0xaaaac9a6f79c &lt;unknown&gt;
E   #6 0xaaaac9a7282c &lt;unknown&gt;
E   #7 0xaaaac9a72408 &lt;unknown&gt;
E   #8 0xaaaac9a5a620 &lt;unknown&gt;
E   #9 0xaaaac9a72eac &lt;unknown&gt;
E   #10 0xaaaac9a4493c &lt;unknown&gt;
E   #11 0xaaaac9a91abc &lt;unknown&gt;
E   #12 0xaaaac9a91cc8 &lt;unknown&gt;
E   #13 0xaaaac9aa397c &lt;unknown&gt;
E   #14 0xffffb14c202c &lt;unknown&gt;
E   #15 0xffffb152bf18 &lt;unknown&gt;</errorStackTrace>
          <errorDetails>selenium.common.exceptions.TimeoutException: Message: 
Stacktrace:
#0 0xaaaac9aa4c18 &lt;unknown&gt;
#1 0xaaaac94ce0d0 &lt;unknown&gt;
#2 0xaaaac9516f4c &lt;unknown&gt;
#3 0xaaaac9552d3c &lt;unknown&gt;
#4 0xaaaac950b998 &lt;unknown&gt;
#5 0xaaaac9a6f79c &lt;unknown&gt;
#6 0xaaaac9a7282c &lt;unknown&gt;
#7 0xaaaac9a72408 &lt;unknown&gt;
#8 0xaaaac9a5a620 &lt;unknown&gt;
#9 0xaaaac9a72eac &lt;unknown&gt;
#10 0xaaaac9a4493c &lt;unknown&gt;
#11 0xaaaac9a91abc &lt;unknown&gt;
#12 0xaaaac9a91cc8 &lt;unknown&gt;
#13 0xaaaac9aa397c &lt;unknown&gt;
#14 0xffffb14c202c &lt;unknown&gt;
#15 0xffffb152bf18 &lt;unknown&gt;</errorDetails>
          <properties/>
          <failedSince>34</failedSince>
        </case>
        <case>
          <duration>12.878</duration>
          <startTime>1763479626401</startTime>
          <className>tests.test_custom_agent</className>
          <testName>test_ca_011_cancel_agent_deletion_modal</testName>
          <skipped>false</skipped>
          <keepTestNames>false</keepTestNames>
          <errorStackTrace>tests/test_custom_agent.py:538: in test_ca_011_cancel_agent_deletion_modal
    my_agent_page.click_delete_button_by_card_type(&quot;organization&quot;, index=1)
src/pages/custom_agent_page.py:784: in click_delete_button_by_card_type
    raise IndexError(f&quot;{card_type} 카드가 {index + 1}개 미만입니다.&quot;)
E   IndexError: organization 카드가 2개 미만입니다.</errorStackTrace>
          <errorDetails>IndexError: organization 카드가 2개 미만입니다.</errorDetails>
          <properties/>
          <failedSince>34</failedSince>
        </case>
        <case>
          <duration>12.342</duration>
          <startTime>1763479639279</startTime>
          <className>tests.test_custom_agent</className>
          <testName>test_ca_012_delete_agent_permanently</testName>
          <skipped>false</skipped>
          <keepTestNames>false</keepTestNames>
          <errorStackTrace>tests/test_custom_agent.py:577: in test_ca_012_delete_agent_permanently
    assert len(org_cards) &gt; 1, &quot;❌ CA_012_Organization 카드가 2개 이상 필요합니다.&quot;
E   AssertionError: ❌ CA_012_Organization 카드가 2개 이상 필요합니다.
E   assert 0 &gt; 1
E    +  where 0 = len([])</errorStackTrace>
          <errorDetails>AssertionError: ❌ CA_012_Organization 카드가 2개 이상 필요합니다.
assert 0 &gt; 1
 +  where 0 = len([])</errorDetails>
          <properties/>
          <failedSince>34</failedSince>
        </case>
        <case>
          <duration>14.229</duration>
          <startTime>1763479651621</startTime>
          <className>tests.test_custom_agent</className>
          <testName>test_ca_013_prevent_deletion_of_default_agents</testName>
          <skipped>false</skipped>
          <keepTestNames>false</keepTestNames>
          <properties/>
          <failedSince>0</failedSince>
        </case>
        <case>
          <duration>4.081</duration>
          <startTime>1763479665850</startTime>
          <className>tests.test_custom_agent</className>
          <testName>test_ca_014_validate_file_upload_and_size_limit</testName>
          <skipped>false</skipped>
          <keepTestNames>false</keepTestNames>
          <properties/>
          <failedSince>0</failedSince>
        </case>
        <case>
          <duration>17.712</duration>
          <startTime>1763479669930</startTime>
          <className>tests.test_custom_agent</className>
          <testName>test_ca_015_private_agent_hidden_from_sub_account</testName>
          <skipped>false</skipped>
          <keepTestNames>false</keepTestNames>
          <errorStackTrace>tests/test_custom_agent.py:666: in test_ca_015_private_agent_hidden_from_sub_account
    assert private_id, &quot;❌ CA_015_private agent_id 누락&quot;
E   AssertionError: ❌ CA_015_private agent_id 누락
E   assert None</errorStackTrace>
          <errorDetails>AssertionError: ❌ CA_015_private agent_id 누락
assert None</errorDetails>
          <properties/>
          <failedSince>34</failedSince>
        </case>
        <case>
          <duration>27.628</duration>
          <startTime>1763479687642</startTime>
          <className>tests.test_history</className>
          <testName>test_ht_001_start_new_chat</testName>
          <skipped>false</skipped>
          <keepTestNames>false</keepTestNames>
          <errorStackTrace>tests/test_history.py:32: in test_ht_001_start_new_chat
    sidebar.click_new_chat()  # 내부에서 clickable 사용
src/pages/history_page.py:116: in click_new_chat
    self.click_safely(&quot;new_chat_btn&quot;)
src/pages/base_page.py:39: in click_safely
    element = wait.until(EC.presence_of_element_located(locator))
/usr/local/lib/python3.14/site-packages/selenium/webdriver/support/wait.py:105: in until
    raise TimeoutException(message, screen, stacktrace)
E   selenium.common.exceptions.TimeoutException: Message: 
E   Stacktrace:
E   #0 0xaaaac9aa4c18 &lt;unknown&gt;
E   #1 0xaaaac94ce0d0 &lt;unknown&gt;
E   #2 0xaaaac9516f4c &lt;unknown&gt;
E   #3 0xaaaac9552d3c &lt;unknown&gt;
E   #4 0xaaaac950b998 &lt;unknown&gt;
E   #5 0xaaaac9a6f79c &lt;unknown&gt;
E   #6 0xaaaac9a7282c &lt;unknown&gt;
E   #7 0xaaaac9a72408 &lt;unknown&gt;
E   #8 0xaaaac9a5a620 &lt;unknown&gt;
E   #9 0xaaaac9a72eac &lt;unknown&gt;
E   #10 0xaaaac9a4493c &lt;unknown&gt;
E   #11 0xaaaac9a91abc &lt;unknown&gt;
E   #12 0xaaaac9a91cc8 &lt;unknown&gt;
E   #13 0xaaaac9aa397c &lt;unknown&gt;
E   #14 0xffffb14c202c &lt;unknown&gt;
E   #15 0xffffb152bf18 &lt;unknown&gt;</errorStackTrace>
          <errorDetails>selenium.common.exceptions.TimeoutException: Message: 
Stacktrace:
#0 0xaaaac9aa4c18 &lt;unknown&gt;
#1 0xaaaac94ce0d0 &lt;unknown&gt;
#2 0xaaaac9516f4c &lt;unknown&gt;
#3 0xaaaac9552d3c &lt;unknown&gt;
#4 0xaaaac950b998 &lt;unknown&gt;
#5 0xaaaac9a6f79c &lt;unknown&gt;
#6 0xaaaac9a7282c &lt;unknown&gt;
#7 0xaaaac9a72408 &lt;unknown&gt;
#8 0xaaaac9a5a620 &lt;unknown&gt;
#9 0xaaaac9a72eac &lt;unknown&gt;
#10 0xaaaac9a4493c &lt;unknown&gt;
#11 0xaaaac9a91abc &lt;unknown&gt;
#12 0xaaaac9a91cc8 &lt;unknown&gt;
#13 0xaaaac9aa397c &lt;unknown&gt;
#14 0xffffb14c202c &lt;unknown&gt;
#15 0xffffb152bf18 &lt;unknown&gt;</errorDetails>
          <properties/>
          <failedSince>32</failedSince>
        </case>
        <case>
          <duration>12.55</duration>
          <startTime>1763479715270</startTime>
          <className>tests.test_history</className>
          <testName>test_ht_002_search_history</testName>
          <skipped>false</skipped>
          <keepTestNames>false</keepTestNames>
          <errorStackTrace>tests/test_history.py:72: in test_ht_002_search_history
    sidebar.click_new_chat()      # 내부에서 clickable 대기
src/pages/history_page.py:116: in click_new_chat
    self.click_safely(&quot;new_chat_btn&quot;)
src/pages/base_page.py:39: in click_safely
    element = wait.until(EC.presence_of_element_located(locator))
/usr/local/lib/python3.14/site-packages/selenium/webdriver/support/wait.py:105: in until
    raise TimeoutException(message, screen, stacktrace)
E   selenium.common.exceptions.TimeoutException: Message: 
E   Stacktrace:
E   #0 0xaaaac9aa4c18 &lt;unknown&gt;
E   #1 0xaaaac94ce0d0 &lt;unknown&gt;
E   #2 0xaaaac9516f4c &lt;unknown&gt;
E   #3 0xaaaac9552d3c &lt;unknown&gt;
E   #4 0xaaaac950b998 &lt;unknown&gt;
E   #5 0xaaaac9a6f79c &lt;unknown&gt;
E   #6 0xaaaac9a7282c &lt;unknown&gt;
E   #7 0xaaaac9a72408 &lt;unknown&gt;
E   #8 0xaaaac9a5a620 &lt;unknown&gt;
E   #9 0xaaaac9a72eac &lt;unknown&gt;
E   #10 0xaaaac9a4493c &lt;unknown&gt;
E   #11 0xaaaac9a91abc &lt;unknown&gt;
E   #12 0xaaaac9a91cc8 &lt;unknown&gt;
E   #13 0xaaaac9aa397c &lt;unknown&gt;
E   #14 0xffffb14c202c &lt;unknown&gt;
E   #15 0xffffb152bf18 &lt;unknown&gt;</errorStackTrace>
          <errorDetails>selenium.common.exceptions.TimeoutException: Message: 
Stacktrace:
#0 0xaaaac9aa4c18 &lt;unknown&gt;
#1 0xaaaac94ce0d0 &lt;unknown&gt;
#2 0xaaaac9516f4c &lt;unknown&gt;
#3 0xaaaac9552d3c &lt;unknown&gt;
#4 0xaaaac950b998 &lt;unknown&gt;
#5 0xaaaac9a6f79c &lt;unknown&gt;
#6 0xaaaac9a7282c &lt;unknown&gt;
#7 0xaaaac9a72408 &lt;unknown&gt;
#8 0xaaaac9a5a620 &lt;unknown&gt;
#9 0xaaaac9a72eac &lt;unknown&gt;
#10 0xaaaac9a4493c &lt;unknown&gt;
#11 0xaaaac9a91abc &lt;unknown&gt;
#12 0xaaaac9a91cc8 &lt;unknown&gt;
#13 0xaaaac9aa397c &lt;unknown&gt;
#14 0xffffb14c202c &lt;unknown&gt;
#15 0xffffb152bf18 &lt;unknown&gt;</errorDetails>
          <properties/>
          <failedSince>32</failedSince>
        </case>
        <case>
          <duration>5.415</duration>
          <startTime>1763479727820</startTime>
          <className>tests.test_history</className>
          <testName>test_ht_003_agent_search</testName>
          <skipped>false</skipped>
          <keepTestNames>false</keepTestNames>
          <properties/>
          <failedSince>0</failedSince>
        </case>
        <case>
          <duration>12.897</duration>
          <startTime>1763479733235</startTime>
          <className>tests.test_history</className>
          <testName>test_ht_004_chat_title_fix</testName>
          <skipped>false</skipped>
          <keepTestNames>false</keepTestNames>
          <errorStackTrace>tests/test_history.py:123: in test_ht_004_chat_title_fix
    sidebar.click_new_chat()  # clickable() 대기 포함
src/pages/history_page.py:116: in click_new_chat
    self.click_safely(&quot;new_chat_btn&quot;)
src/pages/base_page.py:39: in click_safely
    element = wait.until(EC.presence_of_element_located(locator))
/usr/local/lib/python3.14/site-packages/selenium/webdriver/support/wait.py:105: in until
    raise TimeoutException(message, screen, stacktrace)
E   selenium.common.exceptions.TimeoutException: Message: 
E   Stacktrace:
E   #0 0xaaaac9aa4c18 &lt;unknown&gt;
E   #1 0xaaaac94ce0d0 &lt;unknown&gt;
E   #2 0xaaaac9516f4c &lt;unknown&gt;
E   #3 0xaaaac9552d3c &lt;unknown&gt;
E   #4 0xaaaac950b998 &lt;unknown&gt;
E   #5 0xaaaac9a6f79c &lt;unknown&gt;
E   #6 0xaaaac9a7282c &lt;unknown&gt;
E   #7 0xaaaac9a72408 &lt;unknown&gt;
E   #8 0xaaaac9a5a620 &lt;unknown&gt;
E   #9 0xaaaac9a72eac &lt;unknown&gt;
E   #10 0xaaaac9a4493c &lt;unknown&gt;
E   #11 0xaaaac9a91abc &lt;unknown&gt;
E   #12 0xaaaac9a91cc8 &lt;unknown&gt;
E   #13 0xaaaac9aa397c &lt;unknown&gt;
E   #14 0xffffb14c202c &lt;unknown&gt;
E   #15 0xffffb152bf18 &lt;unknown&gt;</errorStackTrace>
          <errorDetails>selenium.common.exceptions.TimeoutException: Message: 
Stacktrace:
#0 0xaaaac9aa4c18 &lt;unknown&gt;
#1 0xaaaac94ce0d0 &lt;unknown&gt;
#2 0xaaaac9516f4c &lt;unknown&gt;
#3 0xaaaac9552d3c &lt;unknown&gt;
#4 0xaaaac950b998 &lt;unknown&gt;
#5 0xaaaac9a6f79c &lt;unknown&gt;
#6 0xaaaac9a7282c &lt;unknown&gt;
#7 0xaaaac9a72408 &lt;unknown&gt;
#8 0xaaaac9a5a620 &lt;unknown&gt;
#9 0xaaaac9a72eac &lt;unknown&gt;
#10 0xaaaac9a4493c &lt;unknown&gt;
#11 0xaaaac9a91abc &lt;unknown&gt;
#12 0xaaaac9a91cc8 &lt;unknown&gt;
#13 0xaaaac9aa397c &lt;unknown&gt;
#14 0xffffb14c202c &lt;unknown&gt;
#15 0xffffb152bf18 &lt;unknown&gt;</errorDetails>
          <properties/>
          <failedSince>32</failedSince>
        </case>
        <case>
          <duration>12.189</duration>
          <startTime>1763479746132</startTime>
          <className>tests.test_history</className>
          <testName>test_ht_005_view_chat_history</testName>
          <skipped>false</skipped>
          <keepTestNames>false</keepTestNames>
          <errorStackTrace>tests/test_history.py:203: in test_ht_005_view_chat_history
    sidebar.click_new_chat()
src/pages/history_page.py:116: in click_new_chat
    self.click_safely(&quot;new_chat_btn&quot;)
src/pages/base_page.py:39: in click_safely
    element = wait.until(EC.presence_of_element_located(locator))
/usr/local/lib/python3.14/site-packages/selenium/webdriver/support/wait.py:105: in until
    raise TimeoutException(message, screen, stacktrace)
E   selenium.common.exceptions.TimeoutException: Message: 
E   Stacktrace:
E   #0 0xaaaac9aa4c18 &lt;unknown&gt;
E   #1 0xaaaac94ce0d0 &lt;unknown&gt;
E   #2 0xaaaac9516f4c &lt;unknown&gt;
E   #3 0xaaaac9552d3c &lt;unknown&gt;
E   #4 0xaaaac950b998 &lt;unknown&gt;
E   #5 0xaaaac9a6f79c &lt;unknown&gt;
E   #6 0xaaaac9a7282c &lt;unknown&gt;
E   #7 0xaaaac9a72408 &lt;unknown&gt;
E   #8 0xaaaac9a5a620 &lt;unknown&gt;
E   #9 0xaaaac9a72eac &lt;unknown&gt;
E   #10 0xaaaac9a4493c &lt;unknown&gt;
E   #11 0xaaaac9a91abc &lt;unknown&gt;
E   #12 0xaaaac9a91cc8 &lt;unknown&gt;
E   #13 0xaaaac9aa397c &lt;unknown&gt;
E   #14 0xffffb14c202c &lt;unknown&gt;
E   #15 0xffffb152bf18 &lt;unknown&gt;</errorStackTrace>
          <errorDetails>selenium.common.exceptions.TimeoutException: Message: 
Stacktrace:
#0 0xaaaac9aa4c18 &lt;unknown&gt;
#1 0xaaaac94ce0d0 &lt;unknown&gt;
#2 0xaaaac9516f4c &lt;unknown&gt;
#3 0xaaaac9552d3c &lt;unknown&gt;
#4 0xaaaac950b998 &lt;unknown&gt;
#5 0xaaaac9a6f79c &lt;unknown&gt;
#6 0xaaaac9a7282c &lt;unknown&gt;
#7 0xaaaac9a72408 &lt;unknown&gt;
#8 0xaaaac9a5a620 &lt;unknown&gt;
#9 0xaaaac9a72eac &lt;unknown&gt;
#10 0xaaaac9a4493c &lt;unknown&gt;
#11 0xaaaac9a91abc &lt;unknown&gt;
#12 0xaaaac9a91cc8 &lt;unknown&gt;
#13 0xaaaac9aa397c &lt;unknown&gt;
#14 0xffffb14c202c &lt;unknown&gt;
#15 0xffffb152bf18 &lt;unknown&gt;</errorDetails>
          <properties/>
          <failedSince>32</failedSince>
        </case>
        <case>
          <duration>13.066</duration>
          <startTime>1763479758321</startTime>
          <className>tests.test_history</className>
          <testName>test_ht_006_delete_chat</testName>
          <skipped>false</skipped>
          <keepTestNames>false</keepTestNames>
          <errorStackTrace>tests/test_history.py:259: in test_ht_006_delete_chat
    sidebar.click_new_chat()
src/pages/history_page.py:116: in click_new_chat
    self.click_safely(&quot;new_chat_btn&quot;)
src/pages/base_page.py:39: in click_safely
    element = wait.until(EC.presence_of_element_located(locator))
/usr/local/lib/python3.14/site-packages/selenium/webdriver/support/wait.py:105: in until
    raise TimeoutException(message, screen, stacktrace)
E   selenium.common.exceptions.TimeoutException: Message: 
E   Stacktrace:
E   #0 0xaaaac9aa4c18 &lt;unknown&gt;
E   #1 0xaaaac94ce0d0 &lt;unknown&gt;
E   #2 0xaaaac9516f4c &lt;unknown&gt;
E   #3 0xaaaac9552d3c &lt;unknown&gt;
E   #4 0xaaaac950b998 &lt;unknown&gt;
E   #5 0xaaaac9a6f79c &lt;unknown&gt;
E   #6 0xaaaac9a7282c &lt;unknown&gt;
E   #7 0xaaaac9a72408 &lt;unknown&gt;
E   #8 0xaaaac9a5a620 &lt;unknown&gt;
E   #9 0xaaaac9a72eac &lt;unknown&gt;
E   #10 0xaaaac9a4493c &lt;unknown&gt;
E   #11 0xaaaac9a91abc &lt;unknown&gt;
E   #12 0xaaaac9a91cc8 &lt;unknown&gt;
E   #13 0xaaaac9aa397c &lt;unknown&gt;
E   #14 0xffffb14c202c &lt;unknown&gt;
E   #15 0xffffb152bf18 &lt;unknown&gt;</errorStackTrace>
          <errorDetails>selenium.common.exceptions.TimeoutException: Message: 
Stacktrace:
#0 0xaaaac9aa4c18 &lt;unknown&gt;
#1 0xaaaac94ce0d0 &lt;unknown&gt;
#2 0xaaaac9516f4c &lt;unknown&gt;
#3 0xaaaac9552d3c &lt;unknown&gt;
#4 0xaaaac950b998 &lt;unknown&gt;
#5 0xaaaac9a6f79c &lt;unknown&gt;
#6 0xaaaac9a7282c &lt;unknown&gt;
#7 0xaaaac9a72408 &lt;unknown&gt;
#8 0xaaaac9a5a620 &lt;unknown&gt;
#9 0xaaaac9a72eac &lt;unknown&gt;
#10 0xaaaac9a4493c &lt;unknown&gt;
#11 0xaaaac9a91abc &lt;unknown&gt;
#12 0xaaaac9a91cc8 &lt;unknown&gt;
#13 0xaaaac9aa397c &lt;unknown&gt;
#14 0xffffb14c202c &lt;unknown&gt;
#15 0xffffb152bf18 &lt;unknown&gt;</errorDetails>
          <properties/>
          <failedSince>32</failedSince>
        </case>
        <case>
          <duration>12.811</duration>
          <startTime>1763479771387</startTime>
          <className>tests.test_history</className>
          <testName>test_ht_007_chat_history_ordered_by_time</testName>
          <skipped>false</skipped>
          <keepTestNames>false</keepTestNames>
          <errorStackTrace>tests/test_history.py:356: in test_ht_007_chat_history_ordered_by_time
    sidebar.click_new_chat()            # 클릭 시 clickable()로 명시적 대기
src/pages/history_page.py:116: in click_new_chat
    self.click_safely(&quot;new_chat_btn&quot;)
src/pages/base_page.py:39: in click_safely
    element = wait.until(EC.presence_of_element_located(locator))
/usr/local/lib/python3.14/site-packages/selenium/webdriver/support/wait.py:105: in until
    raise TimeoutException(message, screen, stacktrace)
E   selenium.common.exceptions.TimeoutException: Message: 
E   Stacktrace:
E   #0 0xaaaac9aa4c18 &lt;unknown&gt;
E   #1 0xaaaac94ce0d0 &lt;unknown&gt;
E   #2 0xaaaac9516f4c &lt;unknown&gt;
E   #3 0xaaaac9552d3c &lt;unknown&gt;
E   #4 0xaaaac950b998 &lt;unknown&gt;
E   #5 0xaaaac9a6f79c &lt;unknown&gt;
E   #6 0xaaaac9a7282c &lt;unknown&gt;
E   #7 0xaaaac9a72408 &lt;unknown&gt;
E   #8 0xaaaac9a5a620 &lt;unknown&gt;
E   #9 0xaaaac9a72eac &lt;unknown&gt;
E   #10 0xaaaac9a4493c &lt;unknown&gt;
E   #11 0xaaaac9a91abc &lt;unknown&gt;
E   #12 0xaaaac9a91cc8 &lt;unknown&gt;
E   #13 0xaaaac9aa397c &lt;unknown&gt;
E   #14 0xffffb14c202c &lt;unknown&gt;
E   #15 0xffffb152bf18 &lt;unknown&gt;</errorStackTrace>
          <errorDetails>selenium.common.exceptions.TimeoutException: Message: 
Stacktrace:
#0 0xaaaac9aa4c18 &lt;unknown&gt;
#1 0xaaaac94ce0d0 &lt;unknown&gt;
#2 0xaaaac9516f4c &lt;unknown&gt;
#3 0xaaaac9552d3c &lt;unknown&gt;
#4 0xaaaac950b998 &lt;unknown&gt;
#5 0xaaaac9a6f79c &lt;unknown&gt;
#6 0xaaaac9a7282c &lt;unknown&gt;
#7 0xaaaac9a72408 &lt;unknown&gt;
#8 0xaaaac9a5a620 &lt;unknown&gt;
#9 0xaaaac9a72eac &lt;unknown&gt;
#10 0xaaaac9a4493c &lt;unknown&gt;
#11 0xaaaac9a91abc &lt;unknown&gt;
#12 0xaaaac9a91cc8 &lt;unknown&gt;
#13 0xaaaac9aa397c &lt;unknown&gt;
#14 0xffffb14c202c &lt;unknown&gt;
#15 0xffffb152bf18 &lt;unknown&gt;</errorDetails>
          <properties/>
          <failedSince>32</failedSince>
        </case>
      </cases>
    </suite>
  </suites>
  <duration>972.523</duration>
  <skipOldReports>false</skipOldReports>
  <startTime>1763478814863</startTime>
  <stdioRetention>NONE</stdioRetention>
  <keepTestNames>false</keepTestNames>
  <keepProperties>false</keepProperties>
</result>