Started by user [8mha:////4DMmmTtLGhUK59wiuKBMvgtYfae2i1qnBe9IBygOhKHfAAAAlx+LCAAAAAAAAP9b85aBtbiIQTGjNKU4P08vOT+vOD8nVc83PyU1x6OyILUoJzMv2y+/JJUBAhiZGBgqihhk0NSjKDWzXb3RdlLBUSYGJk8GtpzUvPSSDB8G5tKinBIGIZ+sxLJE/ZzEvHT94JKizLx0a6BxUmjGOUNodHsLgAzWEgZu/dLi1CL9xJTczDwAj6GcLcAAAAA=[0madmin
Obtained Jenkinsfile from git https://github.com/minojj/Elice-BugsHunters
[8mha:////4JiUONDpX6mnxzbh2ckWD0vow1ujYToaZTz/XpbFBZ0BAAAAoh+LCAAAAAAAAP9tjTEOwjAQBM8BClpKHuFItIiK1krDC0x8GCfWnbEdkooX8TX+gCESFVvtrLSa5wtWKcKBo5UdUu8otU4GP9jS5Mixv3geZcdn2TIl9igbHBs2eJyx4YwwR1SwULBGaj0nRzbDRnX6rmuvydanHMu2V1A5c4MHCFXMWcf8hSnC9jqYxPTz/BXAFEIGsfuclm8zQVqFvQAAAA==[0m[Pipeline] Start of Pipeline
[8mha:////4JAWBaWN5A+IaghUk2ErGCVn4smBn77WoQMSeMj+qu2RAAAApR+LCAAAAAAAAP9tjTEOwjAUQ3+KOrAycohUghExsUZZOEFIQkgb/d8mKe3EibgadyBQiQlLlmxL1nu+oE4RjhQdby12HpP2vA+jK4lPFLtroIm3dOGaMFGwXNpJkrGnpUrKFhaxClYC1hZ1oOTRZdiIVt1VExS65pxj2Q4CKm8GeAAThZxVzN8yR9jeRpMIf5y/AJj7DGxXvP/86jduZBmjwAAAAA==[0m[Pipeline] node
Running on [8mha:////4H+Mk+uxEe8JNk+ag44oNW1lR9xS2NjxbIH/7BglI+0RAAAAoR+LCAAAAAAAAP9b85aBtbiIQTGjNKU4P08vOT+vOD8nVc83PyU1x6OyILUoJzMv2y+/JJUBAhiZGBgqihhk0NSjKDWzXb3RdlLBUSYGJk8GtpzUvPSSDB8G5tKinBIGIZ+sxLJE/ZzEvHT94JKizLx0a6BxUmjGOUNodHsLgAz2EgZR/eT83ILSktQifY2k0sycEt3MPE19AHHxbH3KAAAA[0mJenkins in /var/jenkins_home/workspace/elice_bugshunters
[8mha:////4Lx794VVAi1HkyQ8bhqR7eiMykfW/eIlU3ctbz7K67DZAAAApR+LCAAAAAAAAP9tjTEOwjAUQ3+KOrAycoh0gA0xsUZZOEFIQkgb/d8mKe3EibgadyBQiQlLlmxL1nu+oE4RjhQdby12HpP2vA+jK4lPFLtroIm3dOGaMFGwXNpJkrGnpUrKFhaxClYC1hZ1oOTRZdiIVt1VExS65pxj2Q4CKm8GeAAThZxVzN8yR9jeRpMIf5y/AJj7DGxXvP/86jfoP95RwAAAAA==[0m[Pipeline] {
[8mha:////4Miim9rcdN0xXTBNHRVr/t0KEAIoJAOMwB+QjxC4NOJCAAAApR+LCAAAAAAAAP9tjTEOwjAUQ3+KOrAycoh0gQkxsUZZOEFIQkgb/d8mKe3EibgadyBQiQlLlmxL1nu+oE4RjhQdby12HpP2vA+jK4lPFLtroIm3dOGaMFGwXNpJkrGnpUrKFhaxClYC1hZ1oOTRZdiIVt1VExS65pxj2Q4CKm8GeAAThZxVzN8yR9jeRpMIf5y/AJj7DGxXvP/86jc09154wAAAAA==[0m[Pipeline] stage
[8mha:////4Hmr3vNEFHhWSKucSKAFhc/F7pA0ofCRv1VPbdY6Pr3aAAAApR+LCAAAAAAAAP9tjTEOwjAUQ3+KOrAycoh0ggUxsUZZOEFIQkgb/d8mKe3EibgadyBQiQlLlmxL1nu+oE4RjhQdby12HpP2vA+jK4lPFLtroIm3dOGaMFGwXNpJkrGnpUrKFhaxClYC1hZ1oOTRZdiIVt1VExS65pxj2Q4CKm8GeAAThZxVzN8yR9jeRpMIf5y/AJj7DGxXvP/86jek7ggRwAAAAA==[0m[Pipeline] { (Declarative: Checkout SCM)
[8mha:////4MHTgvkg+fueZsc6zDH4loe4BXlAIc54pymeEmHnGB0wAAAAoh+LCAAAAAAAAP9tjTEOAiEURD9rLGwtPQTbaWGsbAmNJ0AWEZb8zwLrbuWJvJp3kLiJlZNMMm+a93rDOic4UbLcG+wdZu14DKOti0+U+lugiXu6ck2YKRguzSSpM+cFJRUDS1gDKwEbgzpQdmgLbIVXD9UGhba9lFS/o4DGdQM8gYlqLiqVL8wJdvexy4Q/z18BzLEA29ce4gfg7KmOvAAAAA==[0m[Pipeline] checkout
The recommended git tool is: git
No credentials specified
 > git rev-parse --resolve-git-dir /var/jenkins_home/workspace/elice_bugshunters/.git # timeout=10
Fetching changes from the remote Git repository
 > git config remote.origin.url https://github.com/minojj/Elice-BugsHunters # timeout=10
Fetching upstream changes from https://github.com/minojj/Elice-BugsHunters
 > git --version # timeout=10
 > git --version # 'git version 2.47.3'
 > git fetch --tags --force --progress -- https://github.com/minojj/Elice-BugsHunters +refs/heads/*:refs/remotes/origin/* # timeout=10
 > git rev-parse refs/remotes/origin/feature_AC^{commit} # timeout=10
Checking out Revision f913a2163e9d59de61057d93d30b282fe8ad8819 (refs/remotes/origin/feature_AC)
 > git config core.sparsecheckout # timeout=10
 > git checkout -f f913a2163e9d59de61057d93d30b282fe8ad8819 # timeout=10
Commit message: "Update Jenkinsfile"
 > git rev-list --no-walk f8d9a901a1cca26ec9404f26d262422272b91703 # timeout=10
[8mha:////4PZJj928vnC8o/ql3k/nca4iwp7fW77aWu4eqWoOCYN/AAAAoh+LCAAAAAAAAP9tjTEOAiEURD9rLGwtPQTbGRNjZUtoPAGyiLDkfxZYdytP5NW8g8RNrJxkknnTvNcb1jnBiZLl3mDvMGvHYxhtXXyi1N8CTdzTlWvCTMFwaSZJnTkvKKkYWMIaWAnYGNSBskNbYCu8eqg2KLTtpaT6HQU0rhvgCUxUc1GpfGFOsLuPXSb8ef4KYI6xADvU7j9Dg2gqvAAAAA==[0m[Pipeline] }
[8mha:////4ENqqrBlExrAMkobxJSCpIPBr615OpPIRsVZIKMfDkRyAAAAoh+LCAAAAAAAAP9tjTEOAiEURD9rLGwtPQRbWRhjZUtoPAGyiLDkfxZYdytP5NW8g8RNrJxkknnTvNcb1jnBiZLl3mDvMGvHYxhtXXyi1N8CTdzTlWvCTMFwaSZJnTkvKKkYWMIaWAnYGNSBskNbYCu8eqg2KLTtpaT6HQU0rhvgCUxUc1GpfGFOsLuPXSb8ef4KYI6xADvU7j9J+wGOvAAAAA==[0m[Pipeline] // stage
[8mha:////4Pef7RKJzSXKnCmDrYBKpAS4REVx270wFEQqpIRQLzu+AAAAph+LCAAAAAAAAP9tjTEOwjAQBM9BKWgpeYQDEh2iorXc8AITG+PEugv2haTiRXyNPxCIRMVWOyut5vmCMic4UPKycdgGzHWQXez91ORAqb1EGmRDZ1kTZopOajdosu44oyZ2MEcUsFCwdFhHygE9w0o15m6qaNBXJ07TtldQBHuDBwg1mdkk/sKYYH3tbSb8ef4KYOwYxI6h2G4+x/INtuQqUcEAAAA=[0m[Pipeline] withEnv
[8mha:////4Fk4rLYmaG3vh01oLn8qwt92amHWoRkh5q69CZav7lwTAAAApR+LCAAAAAAAAP9tjTEOwjAUQ3+DOrAycoiUzoiJNerCCUITQtLo/zZJSSdOxNW4Ay2VmPBg2Zas93pDGQOcKBjuNHYWY2t570czJ54pdDdPmTu68pYwkte80bkhpc9rbShpWFUw2AjYamw9RYsmwU44+ZCVl2iqSwrzdhTArBrgCYWYyUmG9C1TgP19VJHwx/kLgKlPwOrDYvXyLD8BobDcwgAAAA==[0m[Pipeline] {
[8mha:////4C/fnrrmZ7PRUSfy1wkA2y/eSqofJ0hIJbTfxu4uxIMcAAAAph+LCAAAAAAAAP9tjTEOwjAUQ3+LOrAycohUZUVMrFEWThCaEJJG/7dJSjpxIq7GHWipxIQHy7ZkvdcbqhjgRMEwp7GzGFvLej+aObFMobt5yszRlbWEkbxmQmdBSp/XKihpWFWUsOGw1dh6ihZNgh138iFrL9HUlxTm7cihtGqAJxR8JicZ0rdMAfb3UUXCH+cvAKY+Qdk0ix2WZ/UBbwyqm8IAAAA=[0m[Pipeline] withEnv
[8mha:////4IYpdTi0vcFbTPhsRNT6VN2SDVRKtaAZuQOUVnZFiZxxAAAAph+LCAAAAAAAAP9tjTEOwjAUQ3+LOrAycohUwIiYukZZOEFoQkgb/V9+UtqJE3E17kBLJSY8WLYl673eUESGE7ETjcXWY6y96ELvpiQG4vYaaBANXURNGClYoeygyNhqqYqShUVZDisJa4t1oOjRJdjIRj90GTS68px42o4Scm/u8IRMTuSkOX3LyLC99SYS/jh/ATB2CfLdfrbD/Cw+y7kUycIAAAA=[0m[Pipeline] {
[8mha:////4M0iamKMO0fDuMfcq6FeuTIYTg5djYJorl2fXP1ST5OHAAAApx+LCAAAAAAAAP9tjTEOwjAUQ3+LOrAycohUCDbE1DXKwglCE0La6P/yk9JOnIircQdaKjHhwbItWe/1hiIynIidaCy2HmPtRRd6NyUxELfXQINo6CJqwkjBCmUHRcZWS1WULCzKclhJWFusA0WPLsFGNvqhy6DRlefE03aUkHtzhydkciInzelbRobtrTeR8Mf5C4CxS5Dv9rMd5mfxAbNWnxXCAAAA[0m[Pipeline] stage
[8mha:////4IrTBy6XfDpNFJeCMq1JALEZmXOT0Ca2RcM5H4SF+HDtAAAApx+LCAAAAAAAAP9tjTEOwjAUQ3+LOrAycohUSDAhpq5RFk4QmhDSRv+Xn5R24kRcjTvQUokJD5ZtyXqvNxSR4UTsRGOx9RhrL7rQuymJgbi9BhpEQxdRE0YKVig7KDK2WqqiZGFRlsNKwtpiHSh6dAk2stEPXQaNrjwnnrajhNybOzwhkxM5aU7fMjJsb72JhD/OXwCMXYJ8t5/tMD+LD5WQ+PfCAAAA[0m[Pipeline] { (Checkout)
[8mha:////4PP4VDyOf8z4bogktarOMuRyGOogTOI/p5jKI2IIoIg7AAAApB+LCAAAAAAAAP9tjTEOwjAQBC9BFLSUPOIiCmgQVVrLDS8wsTFOrDtjOyQVL+Jr/IFAJCq2WO1sM88XLFOEI0eLraHOUWocBt/baeHAsbt4HrDlMzZMib1BaQbJ2tQzSs4G5hQlLASsDDWekyObYS1adVeVV2SrU47TdxBQOn2DBxRiMmcV8xfGCJtrrxPTz/NXAGPIUG53n9qHN7LjSKW+AAAA[0m[Pipeline] deleteDir
[8mha:////4EKKoJBmeEJxr9TD4vsd7WRxtgj/2E9hMrOt4m4+xHVyAAAApR+LCAAAAAAAAP9tjTEOwjAQBC9BFLSUPOIiCkSBqNJabniBiY1xYt0Z2yGpeBFf4w8EIlGxxWpnm3m+YJkiHDlabA11jlLjMPjeTgsHjt3F84Atn7FhSuwNSjNI1qaeUXI2MKcoYSFgZajxnBzZDGvRqruqvCJbnXKcvoOA0ukbPKAQkzmrmL8wRthce52Yfp6/AhhDhnK7+9Q+vAHz0lO8vgAAAA==[0m[Pipeline] checkout
The recommended git tool is: git
No credentials specified
Cloning the remote Git repository
Cloning repository https://github.com/minojj/Elice-BugsHunters
 > git init /var/jenkins_home/workspace/elice_bugshunters # timeout=10
Fetching upstream changes from https://github.com/minojj/Elice-BugsHunters
 > git --version # timeout=10
 > git --version # 'git version 2.47.3'
 > git fetch --tags --force --progress -- https://github.com/minojj/Elice-BugsHunters +refs/heads/*:refs/remotes/origin/* # timeout=10
 > git config remote.origin.url https://github.com/minojj/Elice-BugsHunters # timeout=10
 > git config --add remote.origin.fetch +refs/heads/*:refs/remotes/origin/* # timeout=10
Avoid second fetch
 > git rev-parse refs/remotes/origin/feature_AC^{commit} # timeout=10
Checking out Revision f913a2163e9d59de61057d93d30b282fe8ad8819 (refs/remotes/origin/feature_AC)
 > git config core.sparsecheckout # timeout=10
 > git checkout -f f913a2163e9d59de61057d93d30b282fe8ad8819 # timeout=10
Commit message: "Update Jenkinsfile"
[8mha:////4HWIVPtaervbUpBS/Nvj0y43nkK2oZmIL9prZXlWM6tvAAAApR+LCAAAAAAAAP9tjTEOwjAQBC9BFLSUPOIiCiQkRJXWcsMLTGyME+vO2A5JxYv4Gn8gEImKLVY728zzBcsU4cjRYmuoc5Qah8H3dlo4cOwungds+YwNU2JvUJpBsjb1jJKzgTlFCQsBK0ON5+TIZliLVt1V5RXZ6pTj9B0ElE7f4AGFmMxZxfyFMcLm2uvE9PP8FcAYQoZyu//U7g1b0dOKvgAAAA==[0m[Pipeline] }
[8mha:////4CFjI+NDjll/Vyaae+43vOw2UXHb/pAQie+a1wjNBHouAAAApR+LCAAAAAAAAP9tjTEOwjAQBC9BFLSUPOIiJBqEqNJabniBiY1xYt0Z2yGpeBFf4w8EIlGxxWpnm3m+YJkiHDlabA11jlLjMPjeTgsHjt3F84Atn7FhSuwNSjNI1qaeUXI2MKcoYSFgZajxnBzZDGvRqruqvCJbnXKcvoOA0ukbPKAQkzmrmL8wRthce52Yfp6/AhhDyFBu95/avQFoMog2vgAAAA==[0m[Pipeline] // stage
[8mha:////4N9KjZeMfWUImm1lZJqweE5zHb5Qwif2DfblZrp9xUufAAAApx+LCAAAAAAAAP9tjT0OwjAUg1+LOrAycoiUnxF1Yo26cILQhJA0eq8kKenEibgadyBQiQkPlm3J+p4vqIKHhrxmVmFvMHSGDW7UObFEvr84SszSmXWEgZxirUotSXWca0tRwayihAWHpcLOUTCoI6y4FXdRO4G6PkWftwOH0sgbPKDgmRyFj98yeVhfRxkIf5y/AJiGCOV2n223+TyrNzgO5r/CAAAA[0m[Pipeline] stage
[8mha:////4GPzXeG7lMkpmGh+arwFPsENwnj95tCsamk/DmL97hmjAAAAph+LCAAAAAAAAP9tjTEOwjAUQ3+LOrAycogUWBFT1ygLJwhNCGmj/8tPSjtxIq7GHWipxIQHy7ZkvdcbishwInaisdh6jLUXXejdlMRA3F4DDaKhi6gJIwUrlB0UGVstVVGysCjLYSVhbbEOFD26BBvZ6Icug0ZXnhNP21FC7s0dnpDJiZw0p28ZGba33kTCH+cvAMYuQX7Yzbafn8UHbGnGmsIAAAA=[0m[Pipeline] { (Build Docker Image)
[8mha:////4IOLh1TOKc0QFGdGZ01bjT9PylbnA022haOKQ6SjlZZjAAAAph+LCAAAAAAAAP9tjTEOwjAUQ3+DOrAycohUdEVMrFEXThCaEJJG/7dJSjpxIq7GHWipxIQHy7ZkvdcbyhjgRMFwp7GzGFvLez+aOfFMobt5ytzRlbeEkbzmjc4NKX1ea0NJw6qCwUbAVmPrKVo0CXbCyYesvERTXVKYt6MAZtUATyjETE4ypG+ZAuzvo4qEP85fAEx9AlYfFquXZ/kBAsTc3cIAAAA=[0m[Pipeline] script
[8mha:////4ImnYqxHhdzsSXv5wdjBaFZm5scNAVqYX0B6Z/3WM0tDAAAAph+LCAAAAAAAAP9tjTEOwjAUQ3+LOrAycohUKiNiYo2ycILQhJA0+r9NUtKJE3E17kBLJSY8WLYl673eUMUAJwqGOY2dxdha1vvRzIllCt3NU2aOrqwljOQ1EzoLUvq8VkFJw6qihA2HrcbWU7RoEuy4kw9Ze4mmvqQwb0cOpVUDPKHgMznJkL5lCrC/jyoS/jh/ATD1CcqmWeywPKsPpnFij8IAAAA=[0m[Pipeline] {
[8mha:////4FguT/cW2qcR4n61AEbjZcmANykXF95E2z8t3bRARswRAAAApB+LCAAAAAAAAP9tjTEOwjAQBC9BFLSUPOIiAR2iSmu54QUmNsaJdWdsh6TiRXyNPxCIRMUWq51t5vmCZYpw5GixNdQ5So3D4Hs7LRw4dhfPA7Z8xoYpsTcozSBZm3pGydnAnKKEhYCVocZzcmQzrEWr7qryimx1ynH6DgJKp2/wgEJM5qxi/sIYYXPtdWL6ef4KYAwZyu3uU/vwBrANZ3i+AAAA[0m[Pipeline] sh
+ set -eux
+ echo ğŸ³ Docker ì´ë¯¸ì§€ ë¹Œë“œ ì‹œì‘
ğŸ³ Docker ì´ë¯¸ì§€ ë¹Œë“œ ì‹œì‘
+ docker builder prune -f
DEPRECATED: The legacy builder is deprecated and will be removed in a future release.
            Install the buildx component to build images with BuildKit:
            https://docs.docker.com/go/buildx/

Total reclaimed space: 0B
+ docker build -t elice-bugshunters:37 -f Dockerfile .
DEPRECATED: The legacy builder is deprecated and will be removed in a future release.
            Install the buildx component to build images with BuildKit:
            https://docs.docker.com/go/buildx/

Sending build context to Docker daemon  18.68MB
Step 1/11 : FROM python:3.14-slim-bookworm
 ---> e8ea0e4fc6f1
Step 2/11 : ENV PYTHONDONTWRITEBYTECODE=1     PYTHONUNBUFFERED=1
 ---> Using cache
 ---> 23dea38ec4ae
Step 3/11 : RUN set -eux;     apt-get update;     DEBIAN_FRONTEND=noninteractive apt-get install -y --no-install-recommends       chromium chromium-driver fonts-liberation tzdata ca-certificates curl git;     rm -rf /var/lib/apt/lists/*
 ---> Using cache
 ---> 65be678c5bc4
Step 4/11 : ENV CHROME_BIN=/usr/bin/chromium
 ---> Using cache
 ---> 583d4d55431d
Step 5/11 : ENV CHROMEDRIVER=/usr/bin/chromedriver
 ---> Using cache
 ---> bdf475b201ab
Step 6/11 : WORKDIR /app
 ---> Using cache
 ---> 5f925edfc3f8
Step 7/11 : COPY requirements.txt .
 ---> Using cache
 ---> 627438cc57f6
Step 8/11 : RUN python -m pip install --upgrade pip && pip install -r requirements.txt
 ---> Using cache
 ---> 56f25b89cd10
Step 9/11 : COPY . .
 ---> a1e330e08294
Step 10/11 : ENTRYPOINT ["pytest"]
 ---> Running in 7c5720ab7659
 ---> Removed intermediate container 7c5720ab7659
 ---> 27a580a4ae08
Step 11/11 : CMD ["tests","-v","--maxfail=1","--tb=short"]
 ---> Running in a7af6aee9305
 ---> Removed intermediate container a7af6aee9305
 ---> 7b74eefc521d
Successfully built 7b74eefc521d
Successfully tagged elice-bugshunters:37
+ docker tag elice-bugshunters:37 elice-bugshunters:latest
+ + head
docker images
REPOSITORY                                 TAG                  IMAGE ID       CREATED                  SIZE
elice-bugshunters                          37                   7b74eefc521d   Less than a second ago   1.6GB
elice-bugshunters                          latest               7b74eefc521d   Less than a second ago   1.6GB
elice-bugshunters                          36                   c5daf4b3fa14   19 minutes ago           1.6GB
elice-bugshunters-jenkins                  latest               d4c4634aaa74   27 hours ago             990MB
bugtest                                    latest               740b78251487   4 days ago               1.55GB
730e776033a0afb93f18258d87a0e0f08a50c482   latest               ad5fefc1f150   5 days ago               1.52GB
0fff8ff5c5099da1019edaa1acd32412da4c70d2   latest               cb70c634ee39   5 days ago               1.49GB
python                                     3.11                 df64b825ea3e   2 weeks ago              1.6GB
python                                     3.11-bookworm        ea301f6eaa0d   2 weeks ago              1.46GB
[8mha:////4B1t/tjlCz8RgrQHb2qyzpsrb0Us2nhdl4AT+yfeRiBKAAAApB+LCAAAAAAAAP9tjTEOwjAQBC9BFLSUPOIigagQVVrLDS8wsTFOrDtjOyQVL+Jr/IFAJCq2WO1sM88XLFOEI0eLraHOUWocBt/baeHAsbt4HrDlMzZMib1BaQbJ2tQzSs4G5hQlLASsDDWekyObYS1adVeVV2SrU47TdxBQOn2DBxRiMmcV8xfGCJtrrxPTz/NXAGMIGcrt/lO7N+4u68W+AAAA[0m[Pipeline] }
[8mha:////4K6Mc387cvucuuTOZgvy9WqNTebCPei++m7jjGFYPRdVAAAApB+LCAAAAAAAAP9tjTESwiAURH/iWNhaeggyk8LGsbJlaDwBJogQ5n8CRFJ5Iq/mHUQzY+UWO/u2ec8XrGOAIwXNrMLBYOwM827SZbFMYbg6yszShXWEkZxiQmVBvTotKCgpWFLVsOKwUdg5igZ1gi238i4bJ1E35xTKd+BQm36EB1S8mJMM6QtzgN1t6iPhz/NXALP3Cep2/6n2DdZseDS+AAAA[0m[Pipeline] // script
[8mha:////4NyDMylDD+c7myCFUQU0R+G/F5w+CJSZYeX2l+6WJD5pAAAApB+LCAAAAAAAAP9tjTEOwjAQBC9BFLSUPOIiaCgQVVrLDS8wsTFOrDtjOyQVL+Jr/IFAJCq2WO1sM88XLFOEI0eLraHOUWocBt/baeHAsbt4HrDlMzZMib1BaQbJ2tQzSs4G5hQlLASsDDWekyObYS1adVeVV2SrU47TdxBQOn2DBxRiMmcV8xfGCJtrrxPTz/NXAGMIGcrd/lPbN8nuLWa+AAAA[0m[Pipeline] }
[8mha:////4HPKZxR3i+inTVIPpOhH+v/MEzqUgDfOXfj1pl3nB6JSAAAApB+LCAAAAAAAAP9tjTEOwjAQBC9BFLSUPOKCqJAQVVrLDS8wsTFOrDtjOyQVL+Jr/IFAJCq2WO1sM88XLFOEI0eLraHOUWocBt/baeHAsbt4HrDlMzZMib1BaQbJ2tQzSs4G5hQlLASsDDWekyObYS1adVeVV2SrU47TdxBQOn2DBxRiMmcV8xfGCJtrrxPTz/NXAGMIGcrd/lPbN4psfOC+AAAA[0m[Pipeline] // stage
[8mha:////4EeF2eK8uVsh6xh0Q6Iwmc4Gp29mgXzbn4qB90IVi4ddAAAAqB+LCAAAAAAAAP9tjTEOwjAUQ3+LOrAycohUwIRQJ9aoCycITQhJo/9LkpJOnIircQcClZjwYNmWrPd8QRU8NOQ1swp7g6EzbHCjzokl8v3FUWKWzqwjDOQUa1VqSarjXFuKCmYVJSw4LBV2joJBHWHFrbiL2gnU9Sn6vB04lEbe4AEFz+QofPyWycP6OspA+OP8BcA0RCg3u2zb/edZvQHwX+mYwgAAAA==[0m[Pipeline] stage
[8mha:////4DI07NaKdQs4IFpb9b/Q+pFaGlmY3M1PqUT8upXQfJeSAAAAqB+LCAAAAAAAAP9tjTEOwjAUQ3+LOrAycogUwYRQJ9aoCycITQhJo/9LkpJOnIircQcClZjwYNmWrPd8QRU8NOQ1swp7g6EzbHCjzokl8v3FUWKWzqwjDOQUa1VqSarjXFuKCmYVJSw4LBV2joJBHWHFrbiL2gnU9Sn6vB04lEbe4AEFz+QofPyWycP6OspA+OP8BcA0RCi3+2y7zedZvQH4j6CMwgAAAA==[0m[Pipeline] { (Run Tests in Container)
[8mha:////4I1CSmndluE2G2VlC804l/bjFlleMHm+DOUFdkpch3ZwAAAAph+LCAAAAAAAAP9tjTEOwjAUQ3+LOrAycogUxIiYukZZOEFoQkgb/V9+UtqJE3E17kBLJSY8WLYl673eUESGE7ETjcXWY6y96ELvpiQG4vYaaBANXURNGClYoeygyNhqqYqShUVZDisJa4t1oOjRJdjIRj90GTS68px42o4Scm/u8IRMTuSkOX3LyLC99SYS/jh/ATB2CfLDbrb9/Cw+ty4Up8IAAAA=[0m[Pipeline] withCredentials
Masking supported pattern matches of $MAIN_PASSWORD or $SUB_PASSWORD
[8mha:////4Lx6HEUYd1PWLQtU3WyAqBhKi1BZEV/mv7+P61PfWPN7AAAAph+LCAAAAAAAAP9tjTEOwjAUQ3+LOrAycohUwIiYukZZOEFoQkgb/V9+UtqJE3E17kBLJSY8WLYl673eUESGE7ETjcXWY6y96ELvpiQG4vYaaBANXURNGClYoeygyNhqqYqShUVZDisJa4t1oOjRJdjIRj90GTS68px42o4Scm/u8IRMTuSkOX3LyLC99SYS/jh/ATB2CfLDbrb9/Cw+2YMO4MIAAAA=[0m[Pipeline] {
[8mha:////4KNf/JsjGHrvIQrrRgMRJBLzXmtwNYvm8uOC1+33hionAAAAox+LCAAAAAAAAP9tjTEOwjAQBC9BFLSUPOIikRJR0VppeIFJjLFj3Tm2g1PxIr7GHwhEomKL1c4283zBOgY4ctBoFfWGYmvQu1HPCzOH/uo4o+ULtkyRncJG5YY7dVqw4aRgSVHCSsBGUes4GtIJtsLKu6ycJF2dU5i/g4DSdAM8oBCzOcmQvjAF2N3GLjL9PH8FMPkEZb3/VO3favo5XL4AAAA=[0m[Pipeline] sh
+ set -eux
+ echo â¡ PWD:
â¡ PWD:
+ pwd
/var/jenkins_home/workspace/elice_bugshunters
+ echo â¡ WORKSPACE:
â¡ WORKSPACE:
+ echo /var/jenkins_home/workspace/elice_bugshunters
/var/jenkins_home/workspace/elice_bugshunters
+ REPORT_DIR=reports
+ SCREENSHOT_DIR=screenshots
+ echo ğŸ§¹ ê¸°ì¡´ ë¦¬í¬íŠ¸/ìŠ¤í¬ë¦°ìƒ· ì •ë¦¬
ğŸ§¹ ê¸°ì¡´ ë¦¬í¬íŠ¸/ìŠ¤í¬ë¦°ìƒ· ì •ë¦¬
+ rm -rf reports screenshots
+ mkdir -p reports screenshots
+ echo ğŸ³ í…ŒìŠ¤íŠ¸ ì»¨í…Œì´ë„ˆ ì‹¤í–‰ (Jenkins ë³¼ë¥¨ ê³µìœ )
ğŸ³ í…ŒìŠ¤íŠ¸ ì»¨í…Œì´ë„ˆ ì‹¤í–‰ (Jenkins ë³¼ë¥¨ ê³µìœ )
+ docker run --rm --volumes-from elice-jenkins -w /var/jenkins_home/workspace/elice_bugshunters --shm-size=2g -e HEADLESS=true -e WDM_SKIP=1 -e CHROME_BIN=/usr/bin/chromium -e CHROMEDRIVER=/usr/bin/chromedriver -e MAIN_EMAIL=team3@elice.com -e MAIN_PASSWORD=**** -e SUB_EMAIL=team3a@elice.com -e SUB_PASSWORD=**** elice-bugshunters:latest tests -v --junitxml=reports/test-results.xml --html=reports/report.html --self-contained-html --tb=short
============================= test session starts ==============================
platform linux -- Python 3.14.0, pytest-8.3.3, pluggy-1.6.0 -- /usr/local/bin/python
cachedir: .pytest_cache
metadata: {'Python': '3.14.0', 'Platform': 'Linux-6.10.14-linuxkit-aarch64-with-glibc2.36', 'Packages': {'pytest': '8.3.3', 'pluggy': '1.6.0'}, 'Plugins': {'xdist': '3.6.1', 'cov': '6.0.0', 'Faker': '30.8.2', 'html': '4.1.1', 'metadata': '3.1.1'}}
rootdir: /var/jenkins_home/workspace/elice_bugshunters
configfile: pytest.ini
plugins: xdist-3.6.1, cov-6.0.0, Faker-30.8.2, html-4.1.1, metadata-3.1.1
collecting ... collected 56 items

tests/test_account.py::test_ac_001_login PASSED                          [  1%]
tests/test_account.py::test_ac_002_duplicate_email PASSED                [  3%]
tests/test_account.py::test_ac_003_negative_login PASSED                 [  5%]
tests/test_account.py::test_ac_004_positive_login PASSED                 [  7%]
tests/test_account.py::test_ac_005_login_with_non_email_format PASSED    [  8%]
tests/test_account.py::test_ac_006_login_with_spaces PASSED              [ 10%]
tests/test_account.py::test_ac_007_logout PASSED                         [ 12%]
tests/test_billing_system.py::test_bu_001_credit_usage_section_exists PASSED [ 14%]
tests/test_billing_system.py::test_bu_002_danal_card_payment_iframe_appears FAILED [ 16%]
tests/test_billing_system.py::test_bu_003_click_usage_history FAILED     [ 17%]
tests/test_billing_system.py::test_bu_004_click_ml_api PASSED            [ 19%]
tests/test_billing_system.py::test_bu_005_click_severless_status PASSED  [ 21%]
tests/test_billing_system.py::test_bu_006_click_api_key_manage FAILED    [ 23%]
tests/test_chat_base.py::test_cb_001_ai_chat FAILED                      [ 25%]
tests/test_chat_base.py::test_cb_002_copy PASSED                         [ 26%]
tests/test_chat_base.py::test_cb_003_edit_message FAILED                 [ 28%]
tests/test_chat_base.py::test_cb_004_scroll_and_click PASSED             [ 30%]
tests/test_chat_base.py::test_cb_005_make_image FAILED                   [ 32%]
tests/test_chat_base.py::test_cb_006_upload_file FAILED                  [ 33%]
tests/test_chat_base.py::test_cb_007_make_image FAILED                   [ 35%]
tests/test_chat_expanse.py::test_ce_001_quiz PASSED                      [ 37%]
tests/test_chat_expanse.py::test_ce_002_quiz_empty FAILED                [ 39%]
tests/test_chat_expanse.py::test_ce_003_quiz_special_chars FAILED        [ 41%]
tests/test_chat_expanse.py::test_ce_004_quiz_no_type FAILED              [ 42%]
tests/test_chat_expanse.py::test_ce_005_ppt FAILED                       [ 44%]
tests/test_chat_expanse.py::test_ce_006_image_text FAILED                [ 46%]
tests/test_chat_expanse.py::test_ce_007_image_file FAILED                [ 48%]
tests/test_chat_expanse.py::test_ce_008_google_search FAILED             [ 50%]
tests/test_chat_expanse.py::test_ce_009_deep_dive FAILED                 [ 51%]
tests/test_chat_expanse.py::test_ce_010_file_upload FAILED               [ 53%]
tests/test_chat_expanse.py::test_ce_011_file_upload_expect_failure FAILED [ 55%]
tests/test_chat_expanse.py::test_ce_012_file_upload_new_chat FAILED      [ 57%]
tests/test_chat_expanse.py::test_ce_013_quiz_empty_new_chat FAILED       [ 58%]
tests/test_custom_agent.py::test_ca_001_navigate_to_agent_create_form PASSED [ 60%]
tests/test_custom_agent.py::test_ca_002_validate_required_fields_behavior PASSED [ 62%]
tests/test_custom_agent.py::test_ca_003_1_create_private_agent_successfully FAILED [ 64%]
tests/test_custom_agent.py::test_ca_003_2_create_organization_agent_successfully FAILED [ 66%]
tests/test_custom_agent.py::test_ca_004_test_create_with_chat_generates_ai_response PASSED [ 67%]
tests/test_custom_agent.py::test_ca_005_prevent_duplicate_agent_creation PASSED [ 69%]
tests/test_custom_agent.py::test_ca_006_display_created_agents_in_explorer FAILED [ 71%]
tests/test_custom_agent.py::test_ca_007_display_agent_cards_in_my_agents FAILED [ 73%]
tests/test_custom_agent.py::test_ca_008_update_existing_agent_successfully FAILED [ 75%]
tests/test_custom_agent.py::test_ca_009__publish_draft_agent_successfully FAILED [ 76%]
tests/test_custom_agent.py::test_ca_010_autosave_draft_agent_persists_changes FAILED [ 78%]
tests/test_custom_agent.py::test_ca_011_cancel_agent_deletion_modal FAILED [ 80%]
tests/test_custom_agent.py::test_ca_012_delete_agent_permanently FAILED  [ 82%]
tests/test_custom_agent.py::test_ca_013_prevent_deletion_of_default_agents PASSED [ 83%]
tests/test_custom_agent.py::test_ca_014_validate_file_upload_and_size_limit PASSED [ 85%]
tests/test_custom_agent.py::test_ca_015_private_agent_hidden_from_sub_account FAILED [ 87%]
tests/test_history.py::test_ht_001_start_new_chat FAILED                 [ 89%]
tests/test_history.py::test_ht_002_search_history FAILED                 [ 91%]
tests/test_history.py::test_ht_003_agent_search PASSED                   [ 92%]
tests/test_history.py::test_ht_004_chat_title_fix FAILED                 [ 94%]
tests/test_history.py::test_ht_005_view_chat_history FAILED              [ 96%]
tests/test_history.py::test_ht_006_delete_chat FAILED                    [ 98%]
tests/test_history.py::test_ht_007_chat_history_ordered_by_time FAILED   [100%]

=================================== FAILURES ===================================
________________ test_bu_002_danal_card_payment_iframe_appears _________________
tests/test_billing_system.py:31: in test_bu_002_danal_card_payment_iframe_appears
    methods.click_register_method()
src/pages/billing_page.py:48: in click_register_method
    self.click_safely("register_method_btn")
src/pages/base_page.py:39: in click_safely
    element = wait.until(EC.presence_of_element_located(locator))
/usr/local/lib/python3.14/site-packages/selenium/webdriver/support/wait.py:105: in until
    raise TimeoutException(message, screen, stacktrace)
E   selenium.common.exceptions.TimeoutException: Message: 
E   Stacktrace:
E   #0 0xaaaac9aa4c18 <unknown>
E   #1 0xaaaac94ce0d0 <unknown>
E   #2 0xaaaac9516f4c <unknown>
E   #3 0xaaaac9552d3c <unknown>
E   #4 0xaaaac950b998 <unknown>
E   #5 0xaaaac9a6f79c <unknown>
E   #6 0xaaaac9a7282c <unknown>
E   #7 0xaaaac9a72408 <unknown>
E   #8 0xaaaac9a5a620 <unknown>
E   #9 0xaaaac9a72eac <unknown>
E   #10 0xaaaac9a4493c <unknown>
E   #11 0xaaaac9a91abc <unknown>
E   #12 0xaaaac9a91cc8 <unknown>
E   #13 0xaaaac9aa397c <unknown>
E   #14 0xffffb14c202c <unknown>
E   #15 0xffffb152bf18 <unknown>
_______________________ test_bu_003_click_usage_history ________________________
tests/test_billing_system.py:52: in test_bu_003_click_usage_history
    assert usage_page.is_usage_history_page(), "âŒ Usage History í˜ì´ì§€ë¡œ ì´ë™ ì‹¤íŒ¨"
E   AssertionError: âŒ Usage History í˜ì´ì§€ë¡œ ì´ë™ ì‹¤íŒ¨
E   assert False
E    +  where False = is_usage_history_page()
E    +    where is_usage_history_page = <src.pages.billing_page.UsagePage object at 0xffffaca82900>.is_usage_history_page
_______________________ test_bu_006_click_api_key_manage _______________________
tests/test_billing_system.py:69: in test_bu_006_click_api_key_manage
    assert page.is_api_key_manage_page()
E   assert False
E    +  where False = is_api_key_manage_page()
E    +    where is_api_key_manage_page = <src.pages.billing_page.UsagePage object at 0xffffaca2b360>.is_api_key_manage_page
_____________________________ test_cb_001_ai_chat ______________________________
tests/test_chat_base.py:18: in test_cb_001_ai_chat
    WebDriverWait(chat_page.driver, 30).until(
/usr/local/lib/python3.14/site-packages/selenium/webdriver/support/wait.py:105: in until
    raise TimeoutException(message, screen, stacktrace)
E   selenium.common.exceptions.TimeoutException: Message:
___________________________ test_cb_003_edit_message ___________________________
tests/test_chat_base.py:42: in test_cb_003_edit_message
    WebDriverWait(chat_page.driver, 30).until(
/usr/local/lib/python3.14/site-packages/selenium/webdriver/support/wait.py:105: in until
    raise TimeoutException(message, screen, stacktrace)
E   selenium.common.exceptions.TimeoutException: Message:
____________________________ test_cb_005_make_image ____________________________
tests/test_chat_base.py:60: in test_cb_005_make_image
    assert chat_page.check_image_exists(), "íƒœê·¹ê¸° ì´ë¯¸ì§€ë¥¼ ì°¾ì„ ìˆ˜ ì—†ìŠµë‹ˆë‹¤"
E   AssertionError: íƒœê·¹ê¸° ì´ë¯¸ì§€ë¥¼ ì°¾ì„ ìˆ˜ ì—†ìŠµë‹ˆë‹¤
E   assert None
E    +  where None = check_image_exists()
E    +    where check_image_exists = <src.pages.chat_base_page.ChatPage object at 0xffffaca2bbb0>.check_image_exists
___________________________ test_cb_006_upload_file ____________________________
tests/test_chat_base.py:66: in test_cb_006_upload_file
    WebDriverWait(chat_page.driver, 30).until(
/usr/local/lib/python3.14/site-packages/selenium/webdriver/support/wait.py:105: in until
    raise TimeoutException(message, screen, stacktrace)
E   selenium.common.exceptions.TimeoutException: Message: 
E   Stacktrace:
E   #0 0xaaaac9aa4c18 <unknown>
E   #1 0xaaaac94ce0d0 <unknown>
E   #2 0xaaaac9516f4c <unknown>
E   #3 0xaaaac9552d3c <unknown>
E   #4 0xaaaac950b998 <unknown>
E   #5 0xaaaac9a6f79c <unknown>
E   #6 0xaaaac9a7282c <unknown>
E   #7 0xaaaac9a72408 <unknown>
E   #8 0xaaaac9a5a620 <unknown>
E   #9 0xaaaac9a72eac <unknown>
E   #10 0xaaaac9a4493c <unknown>
E   #11 0xaaaac9a91abc <unknown>
E   #12 0xaaaac9a91cc8 <unknown>
E   #13 0xaaaac9aa397c <unknown>
E   #14 0xffffb14c202c <unknown>
E   #15 0xffffb152bf18 <unknown>
____________________________ test_cb_007_make_image ____________________________
tests/test_chat_base.py:79: in test_cb_007_make_image
    WebDriverWait(chat_page.driver, 30).until(
/usr/local/lib/python3.14/site-packages/selenium/webdriver/support/wait.py:105: in until
    raise TimeoutException(message, screen, stacktrace)
E   selenium.common.exceptions.TimeoutException: Message: 
E   Stacktrace:
E   #0 0xaaaac9aa4c18 <unknown>
E   #1 0xaaaac94ce0d0 <unknown>
E   #2 0xaaaac9516f4c <unknown>
E   #3 0xaaaac9552d3c <unknown>
E   #4 0xaaaac950b998 <unknown>
E   #5 0xaaaac9a6f79c <unknown>
E   #6 0xaaaac9a7282c <unknown>
E   #7 0xaaaac9a72408 <unknown>
E   #8 0xaaaac9a5a620 <unknown>
E   #9 0xaaaac9a72eac <unknown>
E   #10 0xaaaac9a4493c <unknown>
E   #11 0xaaaac9a91abc <unknown>
E   #12 0xaaaac9a91cc8 <unknown>
E   #13 0xaaaac9aa397c <unknown>
E   #14 0xffffb14c202c <unknown>
E   #15 0xffffb152bf18 <unknown>
____________________________ test_ce_002_quiz_empty ____________________________
tests/test_chat_expanse.py:19: in test_ce_002_quiz_empty
    assert result, "âœ…CE-002 : ë¹ˆì¹¸ í€´ì¦ˆ ìƒì„±ì´ í—ˆìš©ë˜ì—ˆìŠµë‹ˆë‹¤!"
E   AssertionError: âœ…CE-002 : ë¹ˆì¹¸ í€´ì¦ˆ ìƒì„±ì´ í—ˆìš©ë˜ì—ˆìŠµë‹ˆë‹¤!
E   assert False
----------------------------- Captured stdout call -----------------------------

âŒ íƒ€ì„ì•„ì›ƒ ì˜¤ë¥˜: Message: 

   í˜„ì¬ URL: https://qaproject.elice.io/ai-helpy-chat
________________________ test_ce_003_quiz_special_chars ________________________
tests/test_chat_expanse.py:24: in test_ce_003_quiz_special_chars
    assert result, "âœ…CE-003 : íŠ¹ìˆ˜ë¬¸ì í€´ì¦ˆ ìƒì„±ì´ í—ˆìš©ë˜ì—ˆìŠµë‹ˆë‹¤!"
E   AssertionError: âœ…CE-003 : íŠ¹ìˆ˜ë¬¸ì í€´ì¦ˆ ìƒì„±ì´ í—ˆìš©ë˜ì—ˆìŠµë‹ˆë‹¤!
E   assert False
----------------------------- Captured stdout call -----------------------------

âŒ íƒ€ì„ì•„ì›ƒ ì˜¤ë¥˜: Message: 

   í˜„ì¬ URL: https://qaproject.elice.io/ai-helpy-chat
___________________________ test_ce_004_quiz_no_type ___________________________
tests/test_chat_expanse.py:29: in test_ce_004_quiz_no_type
    assert result, "âœ…CE-004 : ë‚œì´ë„ í˜¹ì€ ì£¼ê´€ì‹, ê°ê´€ì‹ì„ ëª…ì‹œí•˜ì§€ ì•Šì€ í€´ì¦ˆ ìƒì„±ì´ í—ˆìš©ë˜ì—ˆìŠµë‹ˆë‹¤!"
E   AssertionError: âœ…CE-004 : ë‚œì´ë„ í˜¹ì€ ì£¼ê´€ì‹, ê°ê´€ì‹ì„ ëª…ì‹œí•˜ì§€ ì•Šì€ í€´ì¦ˆ ìƒì„±ì´ í—ˆìš©ë˜ì—ˆìŠµë‹ˆë‹¤!
E   assert False
----------------------------- Captured stdout call -----------------------------

âŒ íƒ€ì„ì•„ì›ƒ ì˜¤ë¥˜: Message: 

   í˜„ì¬ URL: https://qaproject.elice.io/ai-helpy-chat
_______________________________ test_ce_005_ppt ________________________________
tests/test_chat_expanse.py:34: in test_ce_005_ppt
    assert result, "âŒ PPT ìƒì„± ë° ì „ì†¡ í”„ë¡œì„¸ìŠ¤ ì‹¤íŒ¨"
E   AssertionError: âŒ PPT ìƒì„± ë° ì „ì†¡ í”„ë¡œì„¸ìŠ¤ ì‹¤íŒ¨
E   assert False
----------------------------- Captured stdout call -----------------------------

âŒ íƒ€ì„ì•„ì›ƒ ì˜¤ë¥˜: Message: 

   í˜„ì¬ URL: https://qaproject.elice.io/ai-helpy-chat
____________________________ test_ce_006_image_text ____________________________
tests/test_chat_expanse.py:39: in test_ce_006_image_text
    assert result, "âŒ ì´ë¯¸ì§€ ìƒì„± ë° ì „ì†¡ í”„ë¡œì„¸ìŠ¤ ì‹¤íŒ¨"
E   AssertionError: âŒ ì´ë¯¸ì§€ ìƒì„± ë° ì „ì†¡ í”„ë¡œì„¸ìŠ¤ ì‹¤íŒ¨
E   assert False
----------------------------- Captured stdout call -----------------------------

âŒ íƒ€ì„ì•„ì›ƒ ì˜¤ë¥˜: Message: 

   í˜„ì¬ URL: https://qaproject.elice.io/ai-helpy-chat
____________________________ test_ce_007_image_file ____________________________
tests/test_chat_expanse.py:44: in test_ce_007_image_file
    assert result, "âŒ ì´ë¯¸ì§€ ìƒì„± ë° ì „ì†¡ í”„ë¡œì„¸ìŠ¤ ì‹¤íŒ¨"
E   AssertionError: âŒ ì´ë¯¸ì§€ ìƒì„± ë° ì „ì†¡ í”„ë¡œì„¸ìŠ¤ ì‹¤íŒ¨
E   assert False
----------------------------- Captured stdout call -----------------------------
âŒ í…ŒìŠ¤íŠ¸ ì‹¤íŒ¨: TimeoutException - Message: 

__________________________ test_ce_008_google_search ___________________________
tests/test_chat_expanse.py:49: in test_ce_008_google_search
    assert result, "âŒ êµ¬ê¸€ ê²€ìƒ‰ ë° ì „ì†¡ í”„ë¡œì„¸ìŠ¤ ì‹¤íŒ¨"
E   AssertionError: âŒ êµ¬ê¸€ ê²€ìƒ‰ ë° ì „ì†¡ í”„ë¡œì„¸ìŠ¤ ì‹¤íŒ¨
E   assert False
----------------------------- Captured stdout call -----------------------------

 âŒ íƒ€ì„ì•„ì›ƒ ì˜¤ë¥˜: Message: 

   í˜„ì¬ URL: https://qaproject.elice.io/ai-helpy-chat
____________________________ test_ce_009_deep_dive _____________________________
tests/test_chat_expanse.py:54: in test_ce_009_deep_dive
    assert result, "âŒ ì‹¬ì¸µ ì¡°ì‚¬ ë° ì „ì†¡ í”„ë¡œì„¸ìŠ¤ ì‹¤íŒ¨"
E   AssertionError: âŒ ì‹¬ì¸µ ì¡°ì‚¬ ë° ì „ì†¡ í”„ë¡œì„¸ìŠ¤ ì‹¤íŒ¨
E   assert False
----------------------------- Captured stdout call -----------------------------

 âŒ íƒ€ì„ì•„ì›ƒ ì˜¤ë¥˜: Message: 

   í˜„ì¬ URL: https://qaproject.elice.io/ai-helpy-chat
___________________________ test_ce_010_file_upload ____________________________
tests/test_chat_expanse.py:59: in test_ce_010_file_upload
    assert result, "âŒ íŒŒì¼ ì—…ë¡œë“œ ë° ì „ì†¡ í”„ë¡œì„¸ìŠ¤ ì‹¤íŒ¨"
E   AssertionError: âŒ íŒŒì¼ ì—…ë¡œë“œ ë° ì „ì†¡ í”„ë¡œì„¸ìŠ¤ ì‹¤íŒ¨
E   assert False
----------------------------- Captured stdout call -----------------------------
âŒ íƒ€ì„ì•„ì›ƒ ì˜¤ë¥˜: Message: 

   í˜„ì¬ URL: https://qaproject.elice.io/ai-helpy-chat
____________________ test_ce_011_file_upload_expect_failure ____________________
tests/test_chat_expanse.py:64: in test_ce_011_file_upload_expect_failure
    assert result is True, "âŒ CE-011 ì‹¤íŒ¨: ìœ„í—˜ íŒŒì¼ ì—…ë¡œë“œê°€ í—ˆìš©ë˜ì—ˆìŠµë‹ˆë‹¤!"
E   AssertionError: âŒ CE-011 ì‹¤íŒ¨: ìœ„í—˜ íŒŒì¼ ì—…ë¡œë“œê°€ í—ˆìš©ë˜ì—ˆìŠµë‹ˆë‹¤!
E   assert False is True
----------------------------- Captured stdout call -----------------------------
âŒ íƒ€ì„ì•„ì›ƒ ì˜¤ë¥˜: Message: 

   í˜„ì¬ URL: https://qaproject.elice.io/ai-helpy-chat
_______________________ test_ce_012_file_upload_new_chat _______________________
tests/test_chat_expanse.py:69: in test_ce_012_file_upload_new_chat
    assert result, "âŒ íŒŒì¼ ì—…ë¡œë“œ ë° ì „ì†¡ í”„ë¡œì„¸ìŠ¤ ì‹¤íŒ¨"
E   AssertionError: âŒ íŒŒì¼ ì—…ë¡œë“œ ë° ì „ì†¡ í”„ë¡œì„¸ìŠ¤ ì‹¤íŒ¨
E   assert False
----------------------------- Captured stdout call -----------------------------
âŒ íƒ€ì„ì•„ì›ƒ ì˜¤ë¥˜: Message: 
Stacktrace:
#0 0xaaaac9aa4c18 <unknown>
#1 0xaaaac94ce0d0 <unknown>
#2 0xaaaac9516f4c <unknown>
#3 0xaaaac9552d3c <unknown>
#4 0xaaaac950b998 <unknown>
#5 0xaaaac9a6f79c <unknown>
#6 0xaaaac9a7282c <unknown>
#7 0xaaaac9a72408 <unknown>
#8 0xaaaac9a5a620 <unknown>
#9 0xaaaac9a72eac <unknown>
#10 0xaaaac9a4493c <unknown>
#11 0xaaaac9a91abc <unknown>
#12 0xaaaac9a91cc8 <unknown>
#13 0xaaaac9aa397c <unknown>
#14 0xffffb14c202c <unknown>
#15 0xffffb152bf18 <unknown>

   í˜„ì¬ URL: https://qaproject.elice.io/ai-helpy-chat
_______________________ test_ce_013_quiz_empty_new_chat ________________________
tests/test_chat_expanse.py:74: in test_ce_013_quiz_empty_new_chat
    assert result, "âœ…CE-013 : ë¹ˆì¹¸ í€´ì¦ˆ ìƒì„±ì´ í—ˆìš©ë˜ì—ˆìŠµë‹ˆë‹¤!"
E   AssertionError: âœ…CE-013 : ë¹ˆì¹¸ í€´ì¦ˆ ìƒì„±ì´ í—ˆìš©ë˜ì—ˆìŠµë‹ˆë‹¤!
E   assert False
----------------------------- Captured stdout call -----------------------------

âŒ íƒ€ì„ì•„ì›ƒ ì˜¤ë¥˜: Message: 
Stacktrace:
#0 0xaaaac9aa4c18 <unknown>
#1 0xaaaac94ce0d0 <unknown>
#2 0xaaaac9516f4c <unknown>
#3 0xaaaac9552d3c <unknown>
#4 0xaaaac950b998 <unknown>
#5 0xaaaac9a6f79c <unknown>
#6 0xaaaac9a7282c <unknown>
#7 0xaaaac9a72408 <unknown>
#8 0xaaaac9a5a620 <unknown>
#9 0xaaaac9a72eac <unknown>
#10 0xaaaac9a4493c <unknown>
#11 0xaaaac9a91abc <unknown>
#12 0xaaaac9a91cc8 <unknown>
#13 0xaaaac9aa397c <unknown>
#14 0xffffb14c202c <unknown>
#15 0xffffb152bf18 <unknown>

   í˜„ì¬ URL: https://qaproject.elice.io/ai-helpy-chat
_______________ test_ca_003_1_create_private_agent_successfully ________________
tests/test_custom_agent.py:190: in test_ca_003_1_create_private_agent_successfully
    create_agent_page.click_safely("create_btn")
src/pages/base_page.py:40: in click_safely
    wait.until(EC.element_to_be_clickable(locator))
/usr/local/lib/python3.14/site-packages/selenium/webdriver/support/wait.py:105: in until
    raise TimeoutException(message, screen, stacktrace)
E   selenium.common.exceptions.TimeoutException: Message:
_____________ test_ca_003_2_create_organization_agent_successfully _____________
tests/test_custom_agent.py:231: in test_ca_003_2_create_organization_agent_successfully
    create_agent_page.click_safely("create_btn")
src/pages/base_page.py:40: in click_safely
    wait.until(EC.element_to_be_clickable(locator))
/usr/local/lib/python3.14/site-packages/selenium/webdriver/support/wait.py:105: in until
    raise TimeoutException(message, screen, stacktrace)
E   selenium.common.exceptions.TimeoutException: Message:
________________ test_ca_006_display_created_agents_in_explorer ________________
tests/test_custom_agent.py:346: in test_ca_006_display_created_agents_in_explorer
    assert private_id or org_id, "âŒ CA_006_ì´ì „ í…ŒìŠ¤íŠ¸ì˜ agent_idë¥¼ ë¶ˆëŸ¬ì˜¬ ìˆ˜ ì—†ìŠµë‹ˆë‹¤."
E   AssertionError: âŒ CA_006_ì´ì „ í…ŒìŠ¤íŠ¸ì˜ agent_idë¥¼ ë¶ˆëŸ¬ì˜¬ ìˆ˜ ì—†ìŠµë‹ˆë‹¤.
E   assert (None or None)
_________________ test_ca_007_display_agent_cards_in_my_agents _________________
tests/test_custom_agent.py:375: in test_ca_007_display_agent_cards_in_my_agents
    assert my_agent_page.has_cards("organization", minimum=1), "âŒ CA_007_Organization ì¹´ë“œ ì—†ìŒ"
E   AssertionError: âŒ CA_007_Organization ì¹´ë“œ ì—†ìŒ
E   assert False
E    +  where False = has_cards('organization', minimum=1)
E    +    where has_cards = <src.pages.custom_agent_page.MyAgentsPage object at 0xffffaca4f460>.has_cards
________________ test_ca_008_update_existing_agent_successfully ________________
tests/test_custom_agent.py:398: in test_ca_008_update_existing_agent_successfully
    create_agent_page.get_element("create_btn", "clickable").click() #ìˆ˜ì • ì‘ì—…ì˜ ê²½ìš° publishë¡œ í…ìŠ¤íŠ¸ë§Œ ë³€ê²½ë¨
src/pages/base_page.py:19: in get_element
    wait.until(EC.element_to_be_clickable(locator))
/usr/local/lib/python3.14/site-packages/selenium/webdriver/support/wait.py:105: in until
    raise TimeoutException(message, screen, stacktrace)
E   selenium.common.exceptions.TimeoutException: Message:
________________ test_ca_009__publish_draft_agent_successfully _________________
tests/test_custom_agent.py:434: in test_ca_009__publish_draft_agent_successfully
    create_btn = create_agent_page.get_element("create_btn", "clickable")
src/pages/base_page.py:19: in get_element
    wait.until(EC.element_to_be_clickable(locator))
/usr/local/lib/python3.14/site-packages/selenium/webdriver/support/wait.py:105: in until
    raise TimeoutException(message, screen, stacktrace)
E   selenium.common.exceptions.TimeoutException: Message:
______________ test_ca_010_autosave_draft_agent_persists_changes _______________
tests/test_custom_agent.py:480: in test_ca_010_autosave_draft_agent_persists_changes
    expected_values = create_agent_page.fill_form_with_trigger(
src/pages/custom_agent_page.py:259: in fill_form_with_trigger
    type_and_trigger("name", name)
src/pages/custom_agent_page.py:237: in type_and_trigger
    el = self.get_element(key, "visible")
src/pages/base_page.py:23: in get_element
    wait.until(EC.visibility_of_element_located(locator))
/usr/local/lib/python3.14/site-packages/selenium/webdriver/support/wait.py:105: in until
    raise TimeoutException(message, screen, stacktrace)
E   selenium.common.exceptions.TimeoutException: Message: 
E   Stacktrace:
E   #0 0xaaaac9aa4c18 <unknown>
E   #1 0xaaaac94ce0d0 <unknown>
E   #2 0xaaaac9516f4c <unknown>
E   #3 0xaaaac9552d3c <unknown>
E   #4 0xaaaac950b998 <unknown>
E   #5 0xaaaac9a6f79c <unknown>
E   #6 0xaaaac9a7282c <unknown>
E   #7 0xaaaac9a72408 <unknown>
E   #8 0xaaaac9a5a620 <unknown>
E   #9 0xaaaac9a72eac <unknown>
E   #10 0xaaaac9a4493c <unknown>
E   #11 0xaaaac9a91abc <unknown>
E   #12 0xaaaac9a91cc8 <unknown>
E   #13 0xaaaac9aa397c <unknown>
E   #14 0xffffb14c202c <unknown>
E   #15 0xffffb152bf18 <unknown>
___________________ test_ca_011_cancel_agent_deletion_modal ____________________
tests/test_custom_agent.py:538: in test_ca_011_cancel_agent_deletion_modal
    my_agent_page.click_delete_button_by_card_type("organization", index=1)
src/pages/custom_agent_page.py:784: in click_delete_button_by_card_type
    raise IndexError(f"{card_type} ì¹´ë“œê°€ {index + 1}ê°œ ë¯¸ë§Œì…ë‹ˆë‹¤.")
E   IndexError: organization ì¹´ë“œê°€ 2ê°œ ë¯¸ë§Œì…ë‹ˆë‹¤.
_____________________ test_ca_012_delete_agent_permanently _____________________
tests/test_custom_agent.py:577: in test_ca_012_delete_agent_permanently
    assert len(org_cards) > 1, "âŒ CA_012_Organization ì¹´ë“œê°€ 2ê°œ ì´ìƒ í•„ìš”í•©ë‹ˆë‹¤."
E   AssertionError: âŒ CA_012_Organization ì¹´ë“œê°€ 2ê°œ ì´ìƒ í•„ìš”í•©ë‹ˆë‹¤.
E   assert 0 > 1
E    +  where 0 = len([])
______________ test_ca_015_private_agent_hidden_from_sub_account _______________
tests/test_custom_agent.py:666: in test_ca_015_private_agent_hidden_from_sub_account
    assert private_id, "âŒ CA_015_private agent_id ëˆ„ë½"
E   AssertionError: âŒ CA_015_private agent_id ëˆ„ë½
E   assert None
---------------------------- Captured stdout setup -----------------------------
ğŸ’» Running on Linux | headless=True
ğŸ”§ Using system ChromeDriver: /usr/bin/chromedriver
__________________________ test_ht_001_start_new_chat __________________________
tests/test_history.py:32: in test_ht_001_start_new_chat
    sidebar.click_new_chat()  # ë‚´ë¶€ì—ì„œ clickable ì‚¬ìš©
src/pages/history_page.py:116: in click_new_chat
    self.click_safely("new_chat_btn")
src/pages/base_page.py:39: in click_safely
    element = wait.until(EC.presence_of_element_located(locator))
/usr/local/lib/python3.14/site-packages/selenium/webdriver/support/wait.py:105: in until
    raise TimeoutException(message, screen, stacktrace)
E   selenium.common.exceptions.TimeoutException: Message: 
E   Stacktrace:
E   #0 0xaaaac9aa4c18 <unknown>
E   #1 0xaaaac94ce0d0 <unknown>
E   #2 0xaaaac9516f4c <unknown>
E   #3 0xaaaac9552d3c <unknown>
E   #4 0xaaaac950b998 <unknown>
E   #5 0xaaaac9a6f79c <unknown>
E   #6 0xaaaac9a7282c <unknown>
E   #7 0xaaaac9a72408 <unknown>
E   #8 0xaaaac9a5a620 <unknown>
E   #9 0xaaaac9a72eac <unknown>
E   #10 0xaaaac9a4493c <unknown>
E   #11 0xaaaac9a91abc <unknown>
E   #12 0xaaaac9a91cc8 <unknown>
E   #13 0xaaaac9aa397c <unknown>
E   #14 0xffffb14c202c <unknown>
E   #15 0xffffb152bf18 <unknown>
__________________________ test_ht_002_search_history __________________________
tests/test_history.py:72: in test_ht_002_search_history
    sidebar.click_new_chat()      # ë‚´ë¶€ì—ì„œ clickable ëŒ€ê¸°
src/pages/history_page.py:116: in click_new_chat
    self.click_safely("new_chat_btn")
src/pages/base_page.py:39: in click_safely
    element = wait.until(EC.presence_of_element_located(locator))
/usr/local/lib/python3.14/site-packages/selenium/webdriver/support/wait.py:105: in until
    raise TimeoutException(message, screen, stacktrace)
E   selenium.common.exceptions.TimeoutException: Message: 
E   Stacktrace:
E   #0 0xaaaac9aa4c18 <unknown>
E   #1 0xaaaac94ce0d0 <unknown>
E   #2 0xaaaac9516f4c <unknown>
E   #3 0xaaaac9552d3c <unknown>
E   #4 0xaaaac950b998 <unknown>
E   #5 0xaaaac9a6f79c <unknown>
E   #6 0xaaaac9a7282c <unknown>
E   #7 0xaaaac9a72408 <unknown>
E   #8 0xaaaac9a5a620 <unknown>
E   #9 0xaaaac9a72eac <unknown>
E   #10 0xaaaac9a4493c <unknown>
E   #11 0xaaaac9a91abc <unknown>
E   #12 0xaaaac9a91cc8 <unknown>
E   #13 0xaaaac9aa397c <unknown>
E   #14 0xffffb14c202c <unknown>
E   #15 0xffffb152bf18 <unknown>
__________________________ test_ht_004_chat_title_fix __________________________
tests/test_history.py:123: in test_ht_004_chat_title_fix
    sidebar.click_new_chat()  # clickable() ëŒ€ê¸° í¬í•¨
src/pages/history_page.py:116: in click_new_chat
    self.click_safely("new_chat_btn")
src/pages/base_page.py:39: in click_safely
    element = wait.until(EC.presence_of_element_located(locator))
/usr/local/lib/python3.14/site-packages/selenium/webdriver/support/wait.py:105: in until
    raise TimeoutException(message, screen, stacktrace)
E   selenium.common.exceptions.TimeoutException: Message: 
E   Stacktrace:
E   #0 0xaaaac9aa4c18 <unknown>
E   #1 0xaaaac94ce0d0 <unknown>
E   #2 0xaaaac9516f4c <unknown>
E   #3 0xaaaac9552d3c <unknown>
E   #4 0xaaaac950b998 <unknown>
E   #5 0xaaaac9a6f79c <unknown>
E   #6 0xaaaac9a7282c <unknown>
E   #7 0xaaaac9a72408 <unknown>
E   #8 0xaaaac9a5a620 <unknown>
E   #9 0xaaaac9a72eac <unknown>
E   #10 0xaaaac9a4493c <unknown>
E   #11 0xaaaac9a91abc <unknown>
E   #12 0xaaaac9a91cc8 <unknown>
E   #13 0xaaaac9aa397c <unknown>
E   #14 0xffffb14c202c <unknown>
E   #15 0xffffb152bf18 <unknown>
________________________ test_ht_005_view_chat_history _________________________
tests/test_history.py:203: in test_ht_005_view_chat_history
    sidebar.click_new_chat()
src/pages/history_page.py:116: in click_new_chat
    self.click_safely("new_chat_btn")
src/pages/base_page.py:39: in click_safely
    element = wait.until(EC.presence_of_element_located(locator))
/usr/local/lib/python3.14/site-packages/selenium/webdriver/support/wait.py:105: in until
    raise TimeoutException(message, screen, stacktrace)
E   selenium.common.exceptions.TimeoutException: Message: 
E   Stacktrace:
E   #0 0xaaaac9aa4c18 <unknown>
E   #1 0xaaaac94ce0d0 <unknown>
E   #2 0xaaaac9516f4c <unknown>
E   #3 0xaaaac9552d3c <unknown>
E   #4 0xaaaac950b998 <unknown>
E   #5 0xaaaac9a6f79c <unknown>
E   #6 0xaaaac9a7282c <unknown>
E   #7 0xaaaac9a72408 <unknown>
E   #8 0xaaaac9a5a620 <unknown>
E   #9 0xaaaac9a72eac <unknown>
E   #10 0xaaaac9a4493c <unknown>
E   #11 0xaaaac9a91abc <unknown>
E   #12 0xaaaac9a91cc8 <unknown>
E   #13 0xaaaac9aa397c <unknown>
E   #14 0xffffb14c202c <unknown>
E   #15 0xffffb152bf18 <unknown>
___________________________ test_ht_006_delete_chat ____________________________
tests/test_history.py:259: in test_ht_006_delete_chat
    sidebar.click_new_chat()
src/pages/history_page.py:116: in click_new_chat
    self.click_safely("new_chat_btn")
src/pages/base_page.py:39: in click_safely
    element = wait.until(EC.presence_of_element_located(locator))
/usr/local/lib/python3.14/site-packages/selenium/webdriver/support/wait.py:105: in until
    raise TimeoutException(message, screen, stacktrace)
E   selenium.common.exceptions.TimeoutException: Message: 
E   Stacktrace:
E   #0 0xaaaac9aa4c18 <unknown>
E   #1 0xaaaac94ce0d0 <unknown>
E   #2 0xaaaac9516f4c <unknown>
E   #3 0xaaaac9552d3c <unknown>
E   #4 0xaaaac950b998 <unknown>
E   #5 0xaaaac9a6f79c <unknown>
E   #6 0xaaaac9a7282c <unknown>
E   #7 0xaaaac9a72408 <unknown>
E   #8 0xaaaac9a5a620 <unknown>
E   #9 0xaaaac9a72eac <unknown>
E   #10 0xaaaac9a4493c <unknown>
E   #11 0xaaaac9a91abc <unknown>
E   #12 0xaaaac9a91cc8 <unknown>
E   #13 0xaaaac9aa397c <unknown>
E   #14 0xffffb14c202c <unknown>
E   #15 0xffffb152bf18 <unknown>
___________________ test_ht_007_chat_history_ordered_by_time ___________________
tests/test_history.py:356: in test_ht_007_chat_history_ordered_by_time
    sidebar.click_new_chat()            # í´ë¦­ ì‹œ clickable()ë¡œ ëª…ì‹œì  ëŒ€ê¸°
src/pages/history_page.py:116: in click_new_chat
    self.click_safely("new_chat_btn")
src/pages/base_page.py:39: in click_safely
    element = wait.until(EC.presence_of_element_located(locator))
/usr/local/lib/python3.14/site-packages/selenium/webdriver/support/wait.py:105: in until
    raise TimeoutException(message, screen, stacktrace)
E   selenium.common.exceptions.TimeoutException: Message: 
E   Stacktrace:
E   #0 0xaaaac9aa4c18 <unknown>
E   #1 0xaaaac94ce0d0 <unknown>
E   #2 0xaaaac9516f4c <unknown>
E   #3 0xaaaac9552d3c <unknown>
E   #4 0xaaaac950b998 <unknown>
E   #5 0xaaaac9a6f79c <unknown>
E   #6 0xaaaac9a7282c <unknown>
E   #7 0xaaaac9a72408 <unknown>
E   #8 0xaaaac9a5a620 <unknown>
E   #9 0xaaaac9a72eac <unknown>
E   #10 0xaaaac9a4493c <unknown>
E   #11 0xaaaac9a91abc <unknown>
E   #12 0xaaaac9a91cc8 <unknown>
E   #13 0xaaaac9aa397c <unknown>
E   #14 0xffffb14c202c <unknown>
E   #15 0xffffb152bf18 <unknown>
- generated xml file: /var/jenkins_home/workspace/elice_bugshunters/reports/test-results.xml -
- Generated html report: file:///var/jenkins_home/workspace/elice_bugshunters/reports/report.html -
=========================== short test summary info ============================
FAILED tests/test_billing_system.py::test_bu_002_danal_card_payment_iframe_appears - selenium.common.exceptions.TimeoutException: Message: 
Stacktrace:
#0 0xaaaac9aa4c18 <unknown>
#1 0xaaaac94ce0d0 <unknown>
#2 0xaaaac9516f4c <unknown>
#3 0xaaaac9552d3c <unknown>
#4 0xaaaac950b998 <unknown>
#5 0xaaaac9a6f79c <unknown>
#6 0xaaaac9a7282c <unknown>
#7 0xaaaac9a72408 <unknown>
#8 0xaaaac9a5a620 <unknown>
#9 0xaaaac9a72eac <unknown>
#10 0xaaaac9a4493c <unknown>
#11 0xaaaac9a91abc <unknown>
#12 0xaaaac9a91cc8 <unknown>
#13 0xaaaac9aa397c <unknown>
#14 0xffffb14c202c <unknown>
#15 0xffffb152bf18 <unknown>
FAILED tests/test_billing_system.py::test_bu_003_click_usage_history - AssertionError: âŒ Usage History í˜ì´ì§€ë¡œ ì´ë™ ì‹¤íŒ¨
assert False
 +  where False = is_usage_history_page()
 +    where is_usage_history_page = <src.pages.billing_page.UsagePage object at 0xffffaca82900>.is_usage_history_page
FAILED tests/test_billing_system.py::test_bu_006_click_api_key_manage - assert False
 +  where False = is_api_key_manage_page()
 +    where is_api_key_manage_page = <src.pages.billing_page.UsagePage object at 0xffffaca2b360>.is_api_key_manage_page
FAILED tests/test_chat_base.py::test_cb_001_ai_chat - selenium.common.exceptions.TimeoutException: Message:
FAILED tests/test_chat_base.py::test_cb_003_edit_message - selenium.common.exceptions.TimeoutException: Message:
FAILED tests/test_chat_base.py::test_cb_005_make_image - AssertionError: íƒœê·¹ê¸° ì´ë¯¸ì§€ë¥¼ ì°¾ì„ ìˆ˜ ì—†ìŠµë‹ˆë‹¤
assert None
 +  where None = check_image_exists()
 +    where check_image_exists = <src.pages.chat_base_page.ChatPage object at 0xffffaca2bbb0>.check_image_exists
FAILED tests/test_chat_base.py::test_cb_006_upload_file - selenium.common.exceptions.TimeoutException: Message: 
Stacktrace:
#0 0xaaaac9aa4c18 <unknown>
#1 0xaaaac94ce0d0 <unknown>
#2 0xaaaac9516f4c <unknown>
#3 0xaaaac9552d3c <unknown>
#4 0xaaaac950b998 <unknown>
#5 0xaaaac9a6f79c <unknown>
#6 0xaaaac9a7282c <unknown>
#7 0xaaaac9a72408 <unknown>
#8 0xaaaac9a5a620 <unknown>
#9 0xaaaac9a72eac <unknown>
#10 0xaaaac9a4493c <unknown>
#11 0xaaaac9a91abc <unknown>
#12 0xaaaac9a91cc8 <unknown>
#13 0xaaaac9aa397c <unknown>
#14 0xffffb14c202c <unknown>
#15 0xffffb152bf18 <unknown>
FAILED tests/test_chat_base.py::test_cb_007_make_image - selenium.common.exceptions.TimeoutException: Message: 
Stacktrace:
#0 0xaaaac9aa4c18 <unknown>
#1 0xaaaac94ce0d0 <unknown>
#2 0xaaaac9516f4c <unknown>
#3 0xaaaac9552d3c <unknown>
#4 0xaaaac950b998 <unknown>
#5 0xaaaac9a6f79c <unknown>
#6 0xaaaac9a7282c <unknown>
#7 0xaaaac9a72408 <unknown>
#8 0xaaaac9a5a620 <unknown>
#9 0xaaaac9a72eac <unknown>
#10 0xaaaac9a4493c <unknown>
#11 0xaaaac9a91abc <unknown>
#12 0xaaaac9a91cc8 <unknown>
#13 0xaaaac9aa397c <unknown>
#14 0xffffb14c202c <unknown>
#15 0xffffb152bf18 <unknown>
FAILED tests/test_chat_expanse.py::test_ce_002_quiz_empty - AssertionError: âœ…CE-002 : ë¹ˆì¹¸ í€´ì¦ˆ ìƒì„±ì´ í—ˆìš©ë˜ì—ˆìŠµë‹ˆë‹¤!
assert False
FAILED tests/test_chat_expanse.py::test_ce_003_quiz_special_chars - AssertionError: âœ…CE-003 : íŠ¹ìˆ˜ë¬¸ì í€´ì¦ˆ ìƒì„±ì´ í—ˆìš©ë˜ì—ˆìŠµë‹ˆë‹¤!
assert False
FAILED tests/test_chat_expanse.py::test_ce_004_quiz_no_type - AssertionError: âœ…CE-004 : ë‚œì´ë„ í˜¹ì€ ì£¼ê´€ì‹, ê°ê´€ì‹ì„ ëª…ì‹œí•˜ì§€ ì•Šì€ í€´ì¦ˆ ìƒì„±ì´ í—ˆìš©ë˜ì—ˆìŠµë‹ˆë‹¤!
assert False
FAILED tests/test_chat_expanse.py::test_ce_005_ppt - AssertionError: âŒ PPT ìƒì„± ë° ì „ì†¡ í”„ë¡œì„¸ìŠ¤ ì‹¤íŒ¨
assert False
FAILED tests/test_chat_expanse.py::test_ce_006_image_text - AssertionError: âŒ ì´ë¯¸ì§€ ìƒì„± ë° ì „ì†¡ í”„ë¡œì„¸ìŠ¤ ì‹¤íŒ¨
assert False
FAILED tests/test_chat_expanse.py::test_ce_007_image_file - AssertionError: âŒ ì´ë¯¸ì§€ ìƒì„± ë° ì „ì†¡ í”„ë¡œì„¸ìŠ¤ ì‹¤íŒ¨
assert False
FAILED tests/test_chat_expanse.py::test_ce_008_google_search - AssertionError: âŒ êµ¬ê¸€ ê²€ìƒ‰ ë° ì „ì†¡ í”„ë¡œì„¸ìŠ¤ ì‹¤íŒ¨
assert False
FAILED tests/test_chat_expanse.py::test_ce_009_deep_dive - AssertionError: âŒ ì‹¬ì¸µ ì¡°ì‚¬ ë° ì „ì†¡ í”„ë¡œì„¸ìŠ¤ ì‹¤íŒ¨
assert False
FAILED tests/test_chat_expanse.py::test_ce_010_file_upload - AssertionError: âŒ íŒŒì¼ ì—…ë¡œë“œ ë° ì „ì†¡ í”„ë¡œì„¸ìŠ¤ ì‹¤íŒ¨
assert False
FAILED tests/test_chat_expanse.py::test_ce_011_file_upload_expect_failure - AssertionError: âŒ CE-011 ì‹¤íŒ¨: ìœ„í—˜ íŒŒì¼ ì—…ë¡œë“œê°€ í—ˆìš©ë˜ì—ˆìŠµë‹ˆë‹¤!
assert False is True
FAILED tests/test_chat_expanse.py::test_ce_012_file_upload_new_chat - AssertionError: âŒ íŒŒì¼ ì—…ë¡œë“œ ë° ì „ì†¡ í”„ë¡œì„¸ìŠ¤ ì‹¤íŒ¨
assert False
FAILED tests/test_chat_expanse.py::test_ce_013_quiz_empty_new_chat - AssertionError: âœ…CE-013 : ë¹ˆì¹¸ í€´ì¦ˆ ìƒì„±ì´ í—ˆìš©ë˜ì—ˆìŠµë‹ˆë‹¤!
assert False
FAILED tests/test_custom_agent.py::test_ca_003_1_create_private_agent_successfully - selenium.common.exceptions.TimeoutException: Message:
FAILED tests/test_custom_agent.py::test_ca_003_2_create_organization_agent_successfully - selenium.common.exceptions.TimeoutException: Message:
FAILED tests/test_custom_agent.py::test_ca_006_display_created_agents_in_explorer - AssertionError: âŒ CA_006_ì´ì „ í…ŒìŠ¤íŠ¸ì˜ agent_idë¥¼ ë¶ˆëŸ¬ì˜¬ ìˆ˜ ì—†ìŠµë‹ˆë‹¤.
assert (None or None)
FAILED tests/test_custom_agent.py::test_ca_007_display_agent_cards_in_my_agents - AssertionError: âŒ CA_007_Organization ì¹´ë“œ ì—†ìŒ
assert False
 +  where False = has_cards('organization', minimum=1)
 +    where has_cards = <src.pages.custom_agent_page.MyAgentsPage object at 0xffffaca4f460>.has_cards
FAILED tests/test_custom_agent.py::test_ca_008_update_existing_agent_successfully - selenium.common.exceptions.TimeoutException: Message:
FAILED tests/test_custom_agent.py::test_ca_009__publish_draft_agent_successfully - selenium.common.exceptions.TimeoutException: Message:
FAILED tests/test_custom_agent.py::test_ca_010_autosave_draft_agent_persists_changes - selenium.common.exceptions.TimeoutException: Message: 
Stacktrace:
#0 0xaaaac9aa4c18 <unknown>
#1 0xaaaac94ce0d0 <unknown>
#2 0xaaaac9516f4c <unknown>
#3 0xaaaac9552d3c <unknown>
#4 0xaaaac950b998 <unknown>
#5 0xaaaac9a6f79c <unknown>
#6 0xaaaac9a7282c <unknown>
#7 0xaaaac9a72408 <unknown>
#8 0xaaaac9a5a620 <unknown>
#9 0xaaaac9a72eac <unknown>
#10 0xaaaac9a4493c <unknown>
#11 0xaaaac9a91abc <unknown>
#12 0xaaaac9a91cc8 <unknown>
#13 0xaaaac9aa397c <unknown>
#14 0xffffb14c202c <unknown>
#15 0xffffb152bf18 <unknown>
FAILED tests/test_custom_agent.py::test_ca_011_cancel_agent_deletion_modal - IndexError: organization ì¹´ë“œê°€ 2ê°œ ë¯¸ë§Œì…ë‹ˆë‹¤.
FAILED tests/test_custom_agent.py::test_ca_012_delete_agent_permanently - AssertionError: âŒ CA_012_Organization ì¹´ë“œê°€ 2ê°œ ì´ìƒ í•„ìš”í•©ë‹ˆë‹¤.
assert 0 > 1
 +  where 0 = len([])
FAILED tests/test_custom_agent.py::test_ca_015_private_agent_hidden_from_sub_account - AssertionError: âŒ CA_015_private agent_id ëˆ„ë½
assert None
FAILED tests/test_history.py::test_ht_001_start_new_chat - selenium.common.exceptions.TimeoutException: Message: 
Stacktrace:
#0 0xaaaac9aa4c18 <unknown>
#1 0xaaaac94ce0d0 <unknown>
#2 0xaaaac9516f4c <unknown>
#3 0xaaaac9552d3c <unknown>
#4 0xaaaac950b998 <unknown>
#5 0xaaaac9a6f79c <unknown>
#6 0xaaaac9a7282c <unknown>
#7 0xaaaac9a72408 <unknown>
#8 0xaaaac9a5a620 <unknown>
#9 0xaaaac9a72eac <unknown>
#10 0xaaaac9a4493c <unknown>
#11 0xaaaac9a91abc <unknown>
#12 0xaaaac9a91cc8 <unknown>
#13 0xaaaac9aa397c <unknown>
#14 0xffffb14c202c <unknown>
#15 0xffffb152bf18 <unknown>
FAILED tests/test_history.py::test_ht_002_search_history - selenium.common.exceptions.TimeoutException: Message: 
Stacktrace:
#0 0xaaaac9aa4c18 <unknown>
#1 0xaaaac94ce0d0 <unknown>
#2 0xaaaac9516f4c <unknown>
#3 0xaaaac9552d3c <unknown>
#4 0xaaaac950b998 <unknown>
#5 0xaaaac9a6f79c <unknown>
#6 0xaaaac9a7282c <unknown>
#7 0xaaaac9a72408 <unknown>
#8 0xaaaac9a5a620 <unknown>
#9 0xaaaac9a72eac <unknown>
#10 0xaaaac9a4493c <unknown>
#11 0xaaaac9a91abc <unknown>
#12 0xaaaac9a91cc8 <unknown>
#13 0xaaaac9aa397c <unknown>
#14 0xffffb14c202c <unknown>
#15 0xffffb152bf18 <unknown>
FAILED tests/test_history.py::test_ht_004_chat_title_fix - selenium.common.exceptions.TimeoutException: Message: 
Stacktrace:
#0 0xaaaac9aa4c18 <unknown>
#1 0xaaaac94ce0d0 <unknown>
#2 0xaaaac9516f4c <unknown>
#3 0xaaaac9552d3c <unknown>
#4 0xaaaac950b998 <unknown>
#5 0xaaaac9a6f79c <unknown>
#6 0xaaaac9a7282c <unknown>
#7 0xaaaac9a72408 <unknown>
#8 0xaaaac9a5a620 <unknown>
#9 0xaaaac9a72eac <unknown>
#10 0xaaaac9a4493c <unknown>
#11 0xaaaac9a91abc <unknown>
#12 0xaaaac9a91cc8 <unknown>
#13 0xaaaac9aa397c <unknown>
#14 0xffffb14c202c <unknown>
#15 0xffffb152bf18 <unknown>
FAILED tests/test_history.py::test_ht_005_view_chat_history - selenium.common.exceptions.TimeoutException: Message: 
Stacktrace:
#0 0xaaaac9aa4c18 <unknown>
#1 0xaaaac94ce0d0 <unknown>
#2 0xaaaac9516f4c <unknown>
#3 0xaaaac9552d3c <unknown>
#4 0xaaaac950b998 <unknown>
#5 0xaaaac9a6f79c <unknown>
#6 0xaaaac9a7282c <unknown>
#7 0xaaaac9a72408 <unknown>
#8 0xaaaac9a5a620 <unknown>
#9 0xaaaac9a72eac <unknown>
#10 0xaaaac9a4493c <unknown>
#11 0xaaaac9a91abc <unknown>
#12 0xaaaac9a91cc8 <unknown>
#13 0xaaaac9aa397c <unknown>
#14 0xffffb14c202c <unknown>
#15 0xffffb152bf18 <unknown>
FAILED tests/test_history.py::test_ht_006_delete_chat - selenium.common.exceptions.TimeoutException: Message: 
Stacktrace:
#0 0xaaaac9aa4c18 <unknown>
#1 0xaaaac94ce0d0 <unknown>
#2 0xaaaac9516f4c <unknown>
#3 0xaaaac9552d3c <unknown>
#4 0xaaaac950b998 <unknown>
#5 0xaaaac9a6f79c <unknown>
#6 0xaaaac9a7282c <unknown>
#7 0xaaaac9a72408 <unknown>
#8 0xaaaac9a5a620 <unknown>
#9 0xaaaac9a72eac <unknown>
#10 0xaaaac9a4493c <unknown>
#11 0xaaaac9a91abc <unknown>
#12 0xaaaac9a91cc8 <unknown>
#13 0xaaaac9aa397c <unknown>
#14 0xffffb14c202c <unknown>
#15 0xffffb152bf18 <unknown>
FAILED tests/test_history.py::test_ht_007_chat_history_ordered_by_time - selenium.common.exceptions.TimeoutException: Message: 
Stacktrace:
#0 0xaaaac9aa4c18 <unknown>
#1 0xaaaac94ce0d0 <unknown>
#2 0xaaaac9516f4c <unknown>
#3 0xaaaac9552d3c <unknown>
#4 0xaaaac950b998 <unknown>
#5 0xaaaac9a6f79c <unknown>
#6 0xaaaac9a7282c <unknown>
#7 0xaaaac9a72408 <unknown>
#8 0xaaaac9a5a620 <unknown>
#9 0xaaaac9a72eac <unknown>
#10 0xaaaac9a4493c <unknown>
#11 0xaaaac9a91abc <unknown>
#12 0xaaaac9a91cc8 <unknown>
#13 0xaaaac9aa397c <unknown>
#14 0xffffb14c202c <unknown>
#15 0xffffb152bf18 <unknown>
================== 36 failed, 20 passed in 972.56s (0:16:12) ===================
[8mha:////4EjTxzkpRTMELLH/pAikkMH3xXc7D28HWY4SmQWd/ZJxAAAApB+LCAAAAAAAAP9tjTEOwjAQBC9BFLSUPOIiAR2iSmu54QUmNsaJdWdsh6TiRXyNPxCIRMUWq51t5vmCZYpw5GixNdQ5So3D4Hs7LRw4dhfPA7Z8xoYpsTcozSBZm3pGydnAnKKEhYCVocZzcmQzrEWr7qryimx1ynH6DgJKp2/wgEJM5qxi/sIYYXPtdWL6ef4KYAwhQ7nbf2r7Bij33Ma+AAAA[0m[Pipeline] }
[8mha:////4Aj1dBhWVGeiq63UqKwSa/wL+llNQ9zGqsgXRGdVYisiAAAApB+LCAAAAAAAAP9tjTEOwjAQBC9BFLSUPOIihKgQVVrLDS8wsTFOrDtjOyQVL+Jr/IFAJCq2WO1sM88XLFOEI0eLraHOUWocBt/baeHAsbt4HrDlMzZMib1BaQbJ2tQzSs4G5hQlLASsDDWekyObYS1adVeVV2SrU47TdxBQOn2DBxRiMmcV8xfGCJtrrxPTz/NXAGMIGcrd/lPbNzd1iZS+AAAA[0m[Pipeline] // withCredentials
[8mha:////4EopcgRYbhIWPVehUFYWCD1HfvTXKh+Cq2XRi1rCxi5TAAAApR+LCAAAAAAAAP9tjTEOwjAQBC9BFLSUPOKChESDqNJabniBiY1xYt0Z2yGpeBFf4w8EIlGxxWpnm3m+YJkiHDlabA11jlLjMPjeTgsHjt3F84Atn7FhSuwNSjNI1qaeUXI2MKcoYSFgZajxnBzZDGvRqruqvCJbnXKcvoOA0ukbPKAQkzmrmL8wRthce52Yfp6/AhhDyFDu9p/avgEPNxplvgAAAA==[0m[Pipeline] }
[8mha:////4COKj5UZc+NAico2V667m68eNh9yIaQ7dkAIRd2opUp9AAAAph+LCAAAAAAAAP9tjTEOwjAQBC9BFLSUPOIiQYEQSkVrueEFJjHGiXUXbAen4kV8jT9gEYmKLVY728zrDcvgoWZvsNPUWwqNxcGNJi9M7Pur44QdX7BhCuw0Sp0kt/o0o+SoYU5RwkLASlPjOFgyEdaiUw9VOUWmOkefv6OA0rZ3eEIhsjkqH78wedjcxjYw/Tx/BTANQ4Ryt8+1PXwAT22Bzr4AAAA=[0m[Pipeline] // stage
[8mha:////4MgK9s7QQZVyTpwyb1hArQKU74a9KunqMuL4aI8cXgEOAAAAqB+LCAAAAAAAAP9tjTEOwjAUQ3+LOrAycohUqAsSYuoaZeEEIQkhbfR/SVLaiRNxNe5AoBITHizbkvWeL6higCMFyzqDvcOoHBv8aHNiE4X+4mliHZ2ZIozkDRNmEqRNu1RBycCiooQVh7VB5Sk6tAk2vJN3WXuJtj6lkLcDh9LpGzyg4JmcZEjfMgfYXkcdCX+cvwCYhwTlrsnW7D/P6g3hh8L1wgAAAA==[0m[Pipeline] stage
[8mha:////4GUgXk884Y8JdorE+SbWQfkTdkmie6ZDXdTjMQPUwr47AAAApx+LCAAAAAAAAP9tjTEOwjAUQ3+LOrAycoh0YAEhpq5RFk4QmhDSRv+Xn5R24kRcjTvQUokJD5ZtyXqvNxSR4UTsRGOx9RhrL7rQuymJgbi9BhpEQxdRE0YKVig7KDK2WqqiZGFRlsNKwtpiHSh6dAk2stEPXQaNrjwnnrajhNybOzwhkxM5aU7fMjJsb72JhD/OXwCMXYJ8t5/tMD+LD59NhPHCAAAA[0m[Pipeline] { (Declarative: Post Actions)
[8mha:////4KtBijFg1igLVyWxfIgtxSX4rwT0e32gp758pDKOR1fVAAAAqB+LCAAAAAAAAP9tjTEOwjAUQ3+LOrAycogUCRaEOrFGXThBaEJIGv1fkpR04kRcjTsQqMSEB8u2ZL3nC6rgoSGvmVXYGwydYYMbdU4ske8vjhKzdGYdYSCnWKtSS1Id59pSVDCrKGHBYamwcxQM6ggrbsVd1E6grk/R5+3AoTTyBg8oeCZH4eO3TB7W11EGwh/nLwCmIUK53WfbbT7P6g0Z/aLSwgAAAA==[0m[Pipeline] script
[8mha:////4KpK5Tnv9S3Br+cHjCBnp75FVb8ofGsO7lrGw3J/CMwXAAAApx+LCAAAAAAAAP9tjTEOwjAUQ3+LOrAycogUJDbE1DXKwglCE0La6P/yk9JOnIircQdaKjHhwbItWe/1hiIynIidaCy2HmPtRRd6NyUxELfXQINo6CJqwkjBCmUHRcZWS1WULCzKclhJWFusA0WPLsFGNvqhy6DRlefE03aUkHtzhydkciInzelbRobtrTeR8Mf5C4CxS5AfdrPt52fxAbb5KxbCAAAA[0m[Pipeline] {
[8mha:////4DDrQ1Uf44da5AfOAiKWMUTTgn6+wA2WXhjxpG2zKqzgAAAApB+LCAAAAAAAAP9tjTEOwjAQBC9BFLSUPOIiEB2iSmu54QUmNsaJdWdsh6TiRXyNPxCIRMUWq51t5vmCZYpw5GixNdQ5So3D4Hs7LRw4dhfPA7Z8xoYpsTcozSBZm3pGydnAnKKEhYCVocZzcmQzrEWr7qryimx1ynH6DgJKp2/wgEJM5qxi/sIYYXPtdWL6ef4KYAwZyv32U7vwBirOQHu+AAAA[0m[Pipeline] echo
ğŸ“¦ JUnit ë¦¬í¬íŠ¸ ìˆ˜ì§‘ ì‹œë„
[8mha:////4LA6SCLYSk08yr4FJG+srSxWTa64RCS3OKXs8Q9m0O4bAAAApB+LCAAAAAAAAP9tjTEOwjAQBC9BFLSUPOIiBB2iSmu54QUmNsaJdWdsh6TiRXyNPxCIRMUWq51t5vmCZYpw5GixNdQ5So3D4Hs7LRw4dhfPA7Z8xoYpsTcozSBZm3pGydnAnKKEhYCVocZzcmQzrEWr7qryimx1ynH6DgJKp2/wgEJM5qxi/sIYYXPtdWL6ef4KYAwZyv32U7vwBmv/W2K+AAAA[0m[Pipeline] junit
Recording test results
[Checks API] No suitable checks publisher found.
[8mha:////4FonPUpOijs2926ZzivH3tb3+8rrzzHoFVJNDi71Md+8AAAApB+LCAAAAAAAAP9tjTEOwjAQBC9BFLSUPOIipHSIitZKwwtMYowd686xHZyKF/E1/kAgEhVbrHa2mecL1jHAkYNGq6g3FFuD3o16Xpg59FfHGS1fsGWK7BQ2KjfcqdOCDScFS4oSVgI2ilrH0ZBOsBVW3mXlJOnqnML8HQSUphvgAYWYzUmG9IUpwO42dpHp5/krgMknKOv9p2r/BqxpGi2+AAAA[0m[Pipeline] echo
ğŸ“Š HTML ë¦¬í¬íŠ¸ ê²Œì‹œ ì‹œë„
[8mha:////4EDf8ZhbRjSO7IOCf63pPN1gN4XiAjydVM2p3mqMGEYqAAAApB+LCAAAAAAAAP9tjTEOwjAQBC9BFLSUPOIiJKgQVVrLDS8wsTFOrDtjOyQVL+Jr/IFAJCq2WO1sM88XLFOEI0eLraHOUWocBt/baeHAsbt4HrDlMzZMib1BaQbJ2tQzSs4G5hQlLASsDDWekyObYS1adVeVV2SrU47TdxBQOn2DBxRiMmcV8xfGCJtrrxPTz/NXAGPIUO62n9qHN+1YATS+AAAA[0m[Pipeline] publishHTML
[htmlpublisher] Archiving HTML reports...
[htmlpublisher] Archiving at BUILD level /var/jenkins_home/workspace/elice_bugshunters/reports to Pytest_20HTML_20Report
[htmlpublisher] Copying recursive using current thread
[8mha:////4KhBCCp+E+t6ItOp8PkokvL23wKW/ZmNML6FYm/2lQUBAAAApR+LCAAAAAAAAP9tjTEOwjAQBC9BFLSUPOIiJESDqNJabniBiY1xYt0Z2yGpeBFf4w8EIlGxxWpnm3m+YJkiHDlabA11jlLjMPjeTgsHjt3F84Atn7FhSuwNSjNI1qaeUXI2MKcoYSFgZajxnBzZDGvRqruqvCJbnXKcvoOA0ukbPKAQkzmrmL8wRthce52Yfp6/AhhDhnK3/dQ+vAEuCywfvgAAAA==[0m[Pipeline] fileExists
[8mha:////4J1ppHf5p8SMBJiaVf/6N6RVhNO4EMn7I90uggSdPkFnAAAApR+LCAAAAAAAAP9tjTEOwjAQBC9BFLSUPOIiJCQKRJXWcsMLTGyME+vO2A5JxYv4Gn8gEImKLVY728zzBcsU4cjRYmuoc5Qah8H3dlo4cOwungds+YwNU2JvUJpBsjb1jJKzgTlFCQsBK0ON5+TIZliLVt1V5RXZ6pTj9B0ElE7f4AGFmMxZxfyFMcLm2uvE9PP8FcAYMpS77af24Q1vOjcGvgAAAA==[0m[Pipeline] echo
ë¦¬í¬íŠ¸ íŒŒì¼ ì¡´ì¬: true
[8mha:////4ICZR25VNZkUlr1dhFITFhqv6tSalETQsMDQT3rRzUlGAAAApR+LCAAAAAAAAP9tjTEOwjAQBC9BFLSUPOIiJAokRJXWcsMLTGyME+vO2A5JxYv4Gn8gEImKLVY728zzBcsU4cjRYmuoc5Qah8H3dlo4cOwungds+YwNU2JvUJpBsjb1jJKzgTlFCQsBK0ON5+TIZliLVt1V5RXZ6pTj9B0ElE7f4AGFmMxZxfyFMcLm2uvE9PP8FcAYMpS77af24Q2gJq+BvgAAAA==[0m[Pipeline] archiveArtifacts
Archiving artifacts
Recording fingerprints
[8mha:////4BEuulribuToRR5Ib++uea1D1pI0jjZlXNn8Fn3uSdD+AAAApR+LCAAAAAAAAP9tjTEOwjAQBC9BFLSUPOIiJBqEqNJabniBiY1xYt0Z2yGpeBFf4w8EIlGxxWpnm3m+YJkiHDlabA11jlLjMPjeTgsHjt3F84Atn7FhSuwNSjNI1qaeUXI2MKcoYSFgZajxnBzZDGvRqruqvCJbnXKcvoOA0ukbPKAQkzmrmL8wRthce52Yfp6/AhhDhnK3/dQ+vAHhF7SYvgAAAA==[0m[Pipeline] echo
âœ… ë¦¬í¬íŠ¸/ìŠ¤í¬ë¦°ìƒ· ì•„ì¹´ì´ë¸Œ ì™„ë£Œ
[8mha:////4Ev0yMJAUDIz6HYn6Kc8/P0W7++jx7bK25q3jXX43NsKAAAApR+LCAAAAAAAAP9tjTEOwjAQBC9BFLSUPOICElQoFa3lhheYxBgn1l2wHZyKF/E1/oBFJCq2WO1sM683LIOHmr3BTlNvKTQWBzeavDCx76+OE3Z8wYYpsNModZLc6tOMkqOGOUUJCwErTY3jYMlEWItOPVTlFJnqHH3+jgJK297hCYXI5qh8/MLkYXMb28D08/wVwDREKPe7XIft8AGfxrRIvgAAAA==[0m[Pipeline] echo
ğŸ“Š HTML ë¦¬í¬íŠ¸: http://localhost:8080/job/elice_bugshunters/37/artifact/reports/report.html
[8mha:////4FlPBqDB+XRrVJRhqSTzKRlSNQ1xY9rv8xaz+ADZJ/SPAAAApR+LCAAAAAAAAP9tjTEOwjAQBC9BFLSUPOKiSFAhqrRWGl5gYmOcWHfGdkgqXsTX+AMWkajYYrWzzbzesI4BThwM9poGS7Gz6N1o8sKJw3B1PGHPF+yYIjuNrZ5aVrpZsOWkYUlRwkrARlPnOFoyCbailw9ZOUmmOqeQv6OA0qo7PKEQ2ZxkSF+YA+xuo4pMP89fAczeJygPda59/QHclIkjvgAAAA==[0m[Pipeline] }
[8mha:////4MOzByaiFdEkdaszqutTPDKeidHat8HvbTv7n11zOkqfAAAApR+LCAAAAAAAAP9tjTEOwjAQBC9BFLSUPOKCEFQoFa3lhheYxBgn1l2wHZyKF/E1/oBFJCq2WO1sM683LIOHmr3BTlNvKTQWBzeavDCx76+OE3Z8wYYpsNModZLc6tOMkqOGOUUJCwErTY3jYMlEWItOPVTlFJnqHH3+jgJK297hCYXI5qh8/MLkYXMb28D08/wVwDQMEcrDLtd++wHk1hrSvgAAAA==[0m[Pipeline] // script
[8mha:////4EPhPtIyNGpPsAXmnHM1FsW++sQQwU3iJFI0KVDuUP+TAAAAqB+LCAAAAAAAAP9tjTEOwjAUQ3+LOrAycoh0qBgQYuoadeEEoQkhafR/SVLSiRNxNe5AoBITHizbkvWeL6iChyN5zazCwWDoDRvdpHNiifxwcZSYpTPrCQM5xTqVOpKqXWpHUcGiooQVh7XC3lEwqCNsuBV3UTuBuj5Fn7cDh9LIGzyg4JkchY/fMnvYXicZCH+cvwCYxwhls8+2az7P6g0DhEHywgAAAA==[0m[Pipeline] withCredentials
Masking supported pattern matches of $JIRA_API_TOKEN
[8mha:////4D4IOM1Rvl09wlUiET7L6NqqzcLMB7IuZwBmgbUAlGt+AAAApx+LCAAAAAAAAP9tjTEOwjAUQ3+LOrAycoh0ACbE1DXKwglCE0La6P/yk9JOnIircQdaKjHhwbItWe/1hiIynIidaCy2HmPtRRd6NyUxELfXQINo6CJqwkjBCmUHRcZWS1WULCzKclhJWFusA0WPLsFGNvqhy6DRlefE03aUkHtzhydkciInzelbRobtrTeR8Mf5C4CxS5AfdrPt52fxAd9J1uLCAAAA[0m[Pipeline] {
[8mha:////4NxHhbd+wsPWKnRQP4tEEbHgbgiuY5MvIZUvKwEk6e36AAAAox+LCAAAAAAAAP9tjTEOwjAQBC9BFLSUPOLSkApR0VppeIFJjLFj3Tm2g1PxIr7GHwhEomKL1c4283zBOgY4ctBoFfWGYmvQu1HPCzOH/uo4o+ULtkyRncJG5YY7dVqw4aRgSVHCSsBGUes4GtIJtsLKu6ycJF2dU5i/g4DSdAM8oBCzOcmQvjAF2N3GLjL9PH8FMPkEZb3/VO3f4x1Rq74AAAA=[0m[Pipeline] sh
+ set -eux
+ echo ğŸ JIRA ì´ìŠˆ ìë™ ë™ê¸°í™” ì‹œì‘ (Jenkins ì»¨í…Œì´ë„ˆ ë‚´ë¶€ ì‹¤í–‰)
ğŸ JIRA ì´ìŠˆ ìë™ ë™ê¸°í™” ì‹œì‘ (Jenkins ì»¨í…Œì´ë„ˆ ë‚´ë¶€ ì‹¤í–‰)
+ pwd
/var/jenkins_home/workspace/elice_bugshunters
+ ls -lah reports
total 132K
drwxr-xr-x  4 root root 128 Nov 18 15:29 .
drwxr-xr-x 22 root root 704 Nov 18 15:29 ..
-rw-r--r--  1 root root 95K Nov 18 15:29 report.html
-rw-r--r--  1 root root 36K Nov 18 15:29 test-results.xml
+ ls -lah tools
total 12K
drwxr-xr-x  3 root root  96 Nov 18 15:12 .
drwxr-xr-x 22 root root 704 Nov 18 15:29 ..
-rw-r--r--  1 root root 11K Nov 18 15:12 report_failed_tests_to_jira.py
+ export JIRA_URL=https://nwwe.atlassian.net
+ export JIRA_PROJECT=Q31
+ export JIRA_USER=aloe9426@gmail.com
+ export JIRA_API_TOKEN=****
+ export JUNIT_PATH=reports/test-results.xml
+ export JENKINS_JOB_NAME=elice_bugshunters
+ export JENKINS_BUILD_NUMBER=37
+ export JENKINS_BRANCH_NAME=unknown
+ export JENKINS_BUILD_URL=http://localhost:8080/job/elice_bugshunters/37/
+ python3 tools/report_failed_tests_to_jira.py
[INFO] Epic Q31-174 ë‚´ì—ì„œ ëª¨ë“  í™œë™ì´ ì´ë£¨ì–´ì§‘ë‹ˆë‹¤
[INFO] Parsing JUnit file: reports/test-results.xml
[INFO] Found 36 failed tests, 20 passed tests.
[INFO] ğŸš¨ 36ê°œì˜ ì‹¤íŒ¨ í…ŒìŠ¤íŠ¸ ì´ìŠˆ ìƒì„±/ê°±ì‹  ì¤‘... (Epic: Q31-174)
[DEBUG] ê²€ìƒ‰ URL: https://nwwe.atlassian.net/rest/api/3/search/jql
[DEBUG] JQL: parent = Q31-174 AND summary ~ "tests test_billing_system test_bu_002_danal_card_payment_iframe_appears" AND statusCategory != Done ORDER BY created DESC
[DEBUG] ê²€ìƒ‰ëœ ì´ìŠˆ ìˆ˜: 1
[DEBUG] - Q31-190: [AutoTest] Failed: tests.test_billing_system::test_bu_002_danal_card_payment_iframe_appears
[INFO] Q31-174ì˜ Sub-task ë°œê²¬: Q31-190 â€” ì½”ë©˜íŠ¸ ì¶”ê°€
[INFO] âœ… ì½”ë©˜íŠ¸ ì¶”ê°€ ì™„ë£Œ: Q31-190
[DEBUG] ê²€ìƒ‰ URL: https://nwwe.atlassian.net/rest/api/3/search/jql
[DEBUG] JQL: parent = Q31-174 AND summary ~ "tests test_billing_system test_bu_003_click_usage_history" AND statusCategory != Done ORDER BY created DESC
[DEBUG] ê²€ìƒ‰ëœ ì´ìŠˆ ìˆ˜: 1
[DEBUG] - Q31-191: [AutoTest] Failed: tests.test_billing_system::test_bu_003_click_usage_history
[INFO] Q31-174ì˜ Sub-task ë°œê²¬: Q31-191 â€” ì½”ë©˜íŠ¸ ì¶”ê°€
[INFO] âœ… ì½”ë©˜íŠ¸ ì¶”ê°€ ì™„ë£Œ: Q31-191
[DEBUG] ê²€ìƒ‰ URL: https://nwwe.atlassian.net/rest/api/3/search/jql
[DEBUG] JQL: parent = Q31-174 AND summary ~ "tests test_billing_system test_bu_006_click_api_key_manage" AND statusCategory != Done ORDER BY created DESC
[DEBUG] ê²€ìƒ‰ëœ ì´ìŠˆ ìˆ˜: 1
[DEBUG] - Q31-192: [AutoTest] Failed: tests.test_billing_system::test_bu_006_click_api_key_manage
[INFO] Q31-174ì˜ Sub-task ë°œê²¬: Q31-192 â€” ì½”ë©˜íŠ¸ ì¶”ê°€
[INFO] âœ… ì½”ë©˜íŠ¸ ì¶”ê°€ ì™„ë£Œ: Q31-192
[DEBUG] ê²€ìƒ‰ URL: https://nwwe.atlassian.net/rest/api/3/search/jql
[DEBUG] JQL: parent = Q31-174 AND summary ~ "tests test_chat_base test_cb_001_ai_chat" AND statusCategory != Done ORDER BY created DESC
[DEBUG] ê²€ìƒ‰ëœ ì´ìŠˆ ìˆ˜: 0
[INFO] Q31-174ì˜ ê¸°ì¡´ Sub-task ì—†ìŒ â†’ ìƒˆ Sub-task ìƒì„±
[INFO] Summary: [AutoTest] Failed: tests.test_chat_base::test_cb_001_ai_chat
[INFO] ğŸ†• Q31-174ì˜ Sub-task ìƒì„±: Q31-196
[INFO] ë§í¬: https://nwwe.atlassian.net/browse/Q31-196
[DEBUG] ê²€ìƒ‰ URL: https://nwwe.atlassian.net/rest/api/3/search/jql
[DEBUG] JQL: parent = Q31-174 AND summary ~ "tests test_chat_base test_cb_003_edit_message" AND statusCategory != Done ORDER BY created DESC
[DEBUG] ê²€ìƒ‰ëœ ì´ìŠˆ ìˆ˜: 0
[INFO] Q31-174ì˜ ê¸°ì¡´ Sub-task ì—†ìŒ â†’ ìƒˆ Sub-task ìƒì„±
[INFO] Summary: [AutoTest] Failed: tests.test_chat_base::test_cb_003_edit_message
[INFO] ğŸ†• Q31-174ì˜ Sub-task ìƒì„±: Q31-197
[INFO] ë§í¬: https://nwwe.atlassian.net/browse/Q31-197
[DEBUG] ê²€ìƒ‰ URL: https://nwwe.atlassian.net/rest/api/3/search/jql
[DEBUG] JQL: parent = Q31-174 AND summary ~ "tests test_chat_base test_cb_005_make_image" AND statusCategory != Done ORDER BY created DESC
[DEBUG] ê²€ìƒ‰ëœ ì´ìŠˆ ìˆ˜: 0
[INFO] Q31-174ì˜ ê¸°ì¡´ Sub-task ì—†ìŒ â†’ ìƒˆ Sub-task ìƒì„±
[INFO] Summary: [AutoTest] Failed: tests.test_chat_base::test_cb_005_make_image
[INFO] ğŸ†• Q31-174ì˜ Sub-task ìƒì„±: Q31-198
[INFO] ë§í¬: https://nwwe.atlassian.net/browse/Q31-198
[DEBUG] ê²€ìƒ‰ URL: https://nwwe.atlassian.net/rest/api/3/search/jql
[DEBUG] JQL: parent = Q31-174 AND summary ~ "tests test_chat_base test_cb_006_upload_file" AND statusCategory != Done ORDER BY created DESC
[DEBUG] ê²€ìƒ‰ëœ ì´ìŠˆ ìˆ˜: 0
[INFO] Q31-174ì˜ ê¸°ì¡´ Sub-task ì—†ìŒ â†’ ìƒˆ Sub-task ìƒì„±
[INFO] Summary: [AutoTest] Failed: tests.test_chat_base::test_cb_006_upload_file
[INFO] ğŸ†• Q31-174ì˜ Sub-task ìƒì„±: Q31-199
[INFO] ë§í¬: https://nwwe.atlassian.net/browse/Q31-199
[DEBUG] ê²€ìƒ‰ URL: https://nwwe.atlassian.net/rest/api/3/search/jql
[DEBUG] JQL: parent = Q31-174 AND summary ~ "tests test_chat_base test_cb_007_make_image" AND statusCategory != Done ORDER BY created DESC
[DEBUG] ê²€ìƒ‰ëœ ì´ìŠˆ ìˆ˜: 0
[INFO] Q31-174ì˜ ê¸°ì¡´ Sub-task ì—†ìŒ â†’ ìƒˆ Sub-task ìƒì„±
[INFO] Summary: [AutoTest] Failed: tests.test_chat_base::test_cb_007_make_image
[INFO] ğŸ†• Q31-174ì˜ Sub-task ìƒì„±: Q31-200
[INFO] ë§í¬: https://nwwe.atlassian.net/browse/Q31-200
[DEBUG] ê²€ìƒ‰ URL: https://nwwe.atlassian.net/rest/api/3/search/jql
[DEBUG] JQL: parent = Q31-174 AND summary ~ "tests test_chat_expanse test_ce_002_quiz_empty" AND statusCategory != Done ORDER BY created DESC
[DEBUG] ê²€ìƒ‰ëœ ì´ìŠˆ ìˆ˜: 0
[INFO] Q31-174ì˜ ê¸°ì¡´ Sub-task ì—†ìŒ â†’ ìƒˆ Sub-task ìƒì„±
[INFO] Summary: [AutoTest] Failed: tests.test_chat_expanse::test_ce_002_quiz_empty
[INFO] ğŸ†• Q31-174ì˜ Sub-task ìƒì„±: Q31-201
[INFO] ë§í¬: https://nwwe.atlassian.net/browse/Q31-201
[DEBUG] ê²€ìƒ‰ URL: https://nwwe.atlassian.net/rest/api/3/search/jql
[DEBUG] JQL: parent = Q31-174 AND summary ~ "tests test_chat_expanse test_ce_003_quiz_special_chars" AND statusCategory != Done ORDER BY created DESC
[DEBUG] ê²€ìƒ‰ëœ ì´ìŠˆ ìˆ˜: 0
[INFO] Q31-174ì˜ ê¸°ì¡´ Sub-task ì—†ìŒ â†’ ìƒˆ Sub-task ìƒì„±
[INFO] Summary: [AutoTest] Failed: tests.test_chat_expanse::test_ce_003_quiz_special_chars
[INFO] ğŸ†• Q31-174ì˜ Sub-task ìƒì„±: Q31-202
[INFO] ë§í¬: https://nwwe.atlassian.net/browse/Q31-202
[DEBUG] ê²€ìƒ‰ URL: https://nwwe.atlassian.net/rest/api/3/search/jql
[DEBUG] JQL: parent = Q31-174 AND summary ~ "tests test_chat_expanse test_ce_004_quiz_no_type" AND statusCategory != Done ORDER BY created DESC
[DEBUG] ê²€ìƒ‰ëœ ì´ìŠˆ ìˆ˜: 0
[INFO] Q31-174ì˜ ê¸°ì¡´ Sub-task ì—†ìŒ â†’ ìƒˆ Sub-task ìƒì„±
[INFO] Summary: [AutoTest] Failed: tests.test_chat_expanse::test_ce_004_quiz_no_type
[INFO] ğŸ†• Q31-174ì˜ Sub-task ìƒì„±: Q31-203
[INFO] ë§í¬: https://nwwe.atlassian.net/browse/Q31-203
[DEBUG] ê²€ìƒ‰ URL: https://nwwe.atlassian.net/rest/api/3/search/jql
[DEBUG] JQL: parent = Q31-174 AND summary ~ "tests test_chat_expanse test_ce_005_ppt" AND statusCategory != Done ORDER BY created DESC
[DEBUG] ê²€ìƒ‰ëœ ì´ìŠˆ ìˆ˜: 0
[INFO] Q31-174ì˜ ê¸°ì¡´ Sub-task ì—†ìŒ â†’ ìƒˆ Sub-task ìƒì„±
[INFO] Summary: [AutoTest] Failed: tests.test_chat_expanse::test_ce_005_ppt
[INFO] ğŸ†• Q31-174ì˜ Sub-task ìƒì„±: Q31-204
[INFO] ë§í¬: https://nwwe.atlassian.net/browse/Q31-204
[DEBUG] ê²€ìƒ‰ URL: https://nwwe.atlassian.net/rest/api/3/search/jql
[DEBUG] JQL: parent = Q31-174 AND summary ~ "tests test_chat_expanse test_ce_006_image_text" AND statusCategory != Done ORDER BY created DESC
[DEBUG] ê²€ìƒ‰ëœ ì´ìŠˆ ìˆ˜: 0
[INFO] Q31-174ì˜ ê¸°ì¡´ Sub-task ì—†ìŒ â†’ ìƒˆ Sub-task ìƒì„±
[INFO] Summary: [AutoTest] Failed: tests.test_chat_expanse::test_ce_006_image_text
[INFO] ğŸ†• Q31-174ì˜ Sub-task ìƒì„±: Q31-205
[INFO] ë§í¬: https://nwwe.atlassian.net/browse/Q31-205
[DEBUG] ê²€ìƒ‰ URL: https://nwwe.atlassian.net/rest/api/3/search/jql
[DEBUG] JQL: parent = Q31-174 AND summary ~ "tests test_chat_expanse test_ce_007_image_file" AND statusCategory != Done ORDER BY created DESC
[DEBUG] ê²€ìƒ‰ëœ ì´ìŠˆ ìˆ˜: 0
[INFO] Q31-174ì˜ ê¸°ì¡´ Sub-task ì—†ìŒ â†’ ìƒˆ Sub-task ìƒì„±
[INFO] Summary: [AutoTest] Failed: tests.test_chat_expanse::test_ce_007_image_file
[INFO] ğŸ†• Q31-174ì˜ Sub-task ìƒì„±: Q31-206
[INFO] ë§í¬: https://nwwe.atlassian.net/browse/Q31-206
[DEBUG] ê²€ìƒ‰ URL: https://nwwe.atlassian.net/rest/api/3/search/jql
[DEBUG] JQL: parent = Q31-174 AND summary ~ "tests test_chat_expanse test_ce_008_google_search" AND statusCategory != Done ORDER BY created DESC
[DEBUG] ê²€ìƒ‰ëœ ì´ìŠˆ ìˆ˜: 0
[INFO] Q31-174ì˜ ê¸°ì¡´ Sub-task ì—†ìŒ â†’ ìƒˆ Sub-task ìƒì„±
[INFO] Summary: [AutoTest] Failed: tests.test_chat_expanse::test_ce_008_google_search
[INFO] ğŸ†• Q31-174ì˜ Sub-task ìƒì„±: Q31-207
[INFO] ë§í¬: https://nwwe.atlassian.net/browse/Q31-207
[DEBUG] ê²€ìƒ‰ URL: https://nwwe.atlassian.net/rest/api/3/search/jql
[DEBUG] JQL: parent = Q31-174 AND summary ~ "tests test_chat_expanse test_ce_009_deep_dive" AND statusCategory != Done ORDER BY created DESC
[DEBUG] ê²€ìƒ‰ëœ ì´ìŠˆ ìˆ˜: 1
[DEBUG] - Q31-193: [AutoTest] Failed: tests.test_chat_expanse::test_ce_009_deep_dive
[INFO] Q31-174ì˜ Sub-task ë°œê²¬: Q31-193 â€” ì½”ë©˜íŠ¸ ì¶”ê°€
[INFO] âœ… ì½”ë©˜íŠ¸ ì¶”ê°€ ì™„ë£Œ: Q31-193
[DEBUG] ê²€ìƒ‰ URL: https://nwwe.atlassian.net/rest/api/3/search/jql
[DEBUG] JQL: parent = Q31-174 AND summary ~ "tests test_chat_expanse test_ce_010_file_upload" AND statusCategory != Done ORDER BY created DESC
[DEBUG] ê²€ìƒ‰ëœ ì´ìŠˆ ìˆ˜: 0
[INFO] Q31-174ì˜ ê¸°ì¡´ Sub-task ì—†ìŒ â†’ ìƒˆ Sub-task ìƒì„±
[INFO] Summary: [AutoTest] Failed: tests.test_chat_expanse::test_ce_010_file_upload
[INFO] ğŸ†• Q31-174ì˜ Sub-task ìƒì„±: Q31-208
[INFO] ë§í¬: https://nwwe.atlassian.net/browse/Q31-208
[DEBUG] ê²€ìƒ‰ URL: https://nwwe.atlassian.net/rest/api/3/search/jql
[DEBUG] JQL: parent = Q31-174 AND summary ~ "tests test_chat_expanse test_ce_011_file_upload_expect_failure" AND statusCategory != Done ORDER BY created DESC
[DEBUG] ê²€ìƒ‰ëœ ì´ìŠˆ ìˆ˜: 0
[INFO] Q31-174ì˜ ê¸°ì¡´ Sub-task ì—†ìŒ â†’ ìƒˆ Sub-task ìƒì„±
[INFO] Summary: [AutoTest] Failed: tests.test_chat_expanse::test_ce_011_file_upload_expect_failure
[INFO] ğŸ†• Q31-174ì˜ Sub-task ìƒì„±: Q31-209
[INFO] ë§í¬: https://nwwe.atlassian.net/browse/Q31-209
[DEBUG] ê²€ìƒ‰ URL: https://nwwe.atlassian.net/rest/api/3/search/jql
[DEBUG] JQL: parent = Q31-174 AND summary ~ "tests test_chat_expanse test_ce_012_file_upload_new_chat" AND statusCategory != Done ORDER BY created DESC
[DEBUG] ê²€ìƒ‰ëœ ì´ìŠˆ ìˆ˜: 1
[DEBUG] - Q31-194: [AutoTest] Failed: tests.test_chat_expanse::test_ce_012_file_upload_new_chat
[INFO] Q31-174ì˜ Sub-task ë°œê²¬: Q31-194 â€” ì½”ë©˜íŠ¸ ì¶”ê°€
[INFO] âœ… ì½”ë©˜íŠ¸ ì¶”ê°€ ì™„ë£Œ: Q31-194
[DEBUG] ê²€ìƒ‰ URL: https://nwwe.atlassian.net/rest/api/3/search/jql
[DEBUG] JQL: parent = Q31-174 AND summary ~ "tests test_chat_expanse test_ce_013_quiz_empty_new_chat" AND statusCategory != Done ORDER BY created DESC
[DEBUG] ê²€ìƒ‰ëœ ì´ìŠˆ ìˆ˜: 1
[DEBUG] - Q31-195: [AutoTest] Failed: tests.test_chat_expanse::test_ce_013_quiz_empty_new_chat
[INFO] Q31-174ì˜ Sub-task ë°œê²¬: Q31-195 â€” ì½”ë©˜íŠ¸ ì¶”ê°€
[INFO] âœ… ì½”ë©˜íŠ¸ ì¶”ê°€ ì™„ë£Œ: Q31-195
[DEBUG] ê²€ìƒ‰ URL: https://nwwe.atlassian.net/rest/api/3/search/jql
[DEBUG] JQL: parent = Q31-174 AND summary ~ "tests test_custom_agent test_ca_003_1_create_private_agent_successfully" AND statusCategory != Done ORDER BY created DESC
[DEBUG] ê²€ìƒ‰ëœ ì´ìŠˆ ìˆ˜: 0
[INFO] Q31-174ì˜ ê¸°ì¡´ Sub-task ì—†ìŒ â†’ ìƒˆ Sub-task ìƒì„±
[INFO] Summary: [AutoTest] Failed: tests.test_custom_agent::test_ca_003_1_create_private_agent_successfully
[INFO] ğŸ†• Q31-174ì˜ Sub-task ìƒì„±: Q31-210
[INFO] ë§í¬: https://nwwe.atlassian.net/browse/Q31-210
[DEBUG] ê²€ìƒ‰ URL: https://nwwe.atlassian.net/rest/api/3/search/jql
[DEBUG] JQL: parent = Q31-174 AND summary ~ "tests test_custom_agent test_ca_003_2_create_organization_agent_successfully" AND statusCategory != Done ORDER BY created DESC
[DEBUG] ê²€ìƒ‰ëœ ì´ìŠˆ ìˆ˜: 0
[INFO] Q31-174ì˜ ê¸°ì¡´ Sub-task ì—†ìŒ â†’ ìƒˆ Sub-task ìƒì„±
[INFO] Summary: [AutoTest] Failed: tests.test_custom_agent::test_ca_003_2_create_organization_agent_successfully
[INFO] ğŸ†• Q31-174ì˜ Sub-task ìƒì„±: Q31-211
[INFO] ë§í¬: https://nwwe.atlassian.net/browse/Q31-211
[DEBUG] ê²€ìƒ‰ URL: https://nwwe.atlassian.net/rest/api/3/search/jql
[DEBUG] JQL: parent = Q31-174 AND summary ~ "tests test_custom_agent test_ca_006_display_created_agents_in_explorer" AND statusCategory != Done ORDER BY created DESC
[DEBUG] ê²€ìƒ‰ëœ ì´ìŠˆ ìˆ˜: 0
[INFO] Q31-174ì˜ ê¸°ì¡´ Sub-task ì—†ìŒ â†’ ìƒˆ Sub-task ìƒì„±
[INFO] Summary: [AutoTest] Failed: tests.test_custom_agent::test_ca_006_display_created_agents_in_explorer
[INFO] ğŸ†• Q31-174ì˜ Sub-task ìƒì„±: Q31-212
[INFO] ë§í¬: https://nwwe.atlassian.net/browse/Q31-212
[DEBUG] ê²€ìƒ‰ URL: https://nwwe.atlassian.net/rest/api/3/search/jql
[DEBUG] JQL: parent = Q31-174 AND summary ~ "tests test_custom_agent test_ca_007_display_agent_cards_in_my_agents" AND statusCategory != Done ORDER BY created DESC
[DEBUG] ê²€ìƒ‰ëœ ì´ìŠˆ ìˆ˜: 0
[INFO] Q31-174ì˜ ê¸°ì¡´ Sub-task ì—†ìŒ â†’ ìƒˆ Sub-task ìƒì„±
[INFO] Summary: [AutoTest] Failed: tests.test_custom_agent::test_ca_007_display_agent_cards_in_my_agents
[INFO] ğŸ†• Q31-174ì˜ Sub-task ìƒì„±: Q31-213
[INFO] ë§í¬: https://nwwe.atlassian.net/browse/Q31-213
[DEBUG] ê²€ìƒ‰ URL: https://nwwe.atlassian.net/rest/api/3/search/jql
[DEBUG] JQL: parent = Q31-174 AND summary ~ "tests test_custom_agent test_ca_008_update_existing_agent_successfully" AND statusCategory != Done ORDER BY created DESC
[DEBUG] ê²€ìƒ‰ëœ ì´ìŠˆ ìˆ˜: 0
[INFO] Q31-174ì˜ ê¸°ì¡´ Sub-task ì—†ìŒ â†’ ìƒˆ Sub-task ìƒì„±
[INFO] Summary: [AutoTest] Failed: tests.test_custom_agent::test_ca_008_update_existing_agent_successfully
[INFO] ğŸ†• Q31-174ì˜ Sub-task ìƒì„±: Q31-214
[INFO] ë§í¬: https://nwwe.atlassian.net/browse/Q31-214
[DEBUG] ê²€ìƒ‰ URL: https://nwwe.atlassian.net/rest/api/3/search/jql
[DEBUG] JQL: parent = Q31-174 AND summary ~ "tests test_custom_agent test_ca_009__publish_draft_agent_successfully" AND statusCategory != Done ORDER BY created DESC
[DEBUG] ê²€ìƒ‰ëœ ì´ìŠˆ ìˆ˜: 0
[INFO] Q31-174ì˜ ê¸°ì¡´ Sub-task ì—†ìŒ â†’ ìƒˆ Sub-task ìƒì„±
[INFO] Summary: [AutoTest] Failed: tests.test_custom_agent::test_ca_009__publish_draft_agent_successfully
[INFO] ğŸ†• Q31-174ì˜ Sub-task ìƒì„±: Q31-215
[INFO] ë§í¬: https://nwwe.atlassian.net/browse/Q31-215
[DEBUG] ê²€ìƒ‰ URL: https://nwwe.atlassian.net/rest/api/3/search/jql
[DEBUG] JQL: parent = Q31-174 AND summary ~ "tests test_custom_agent test_ca_010_autosave_draft_agent_persists_changes" AND statusCategory != Done ORDER BY created DESC
[DEBUG] ê²€ìƒ‰ëœ ì´ìŠˆ ìˆ˜: 0
[INFO] Q31-174ì˜ ê¸°ì¡´ Sub-task ì—†ìŒ â†’ ìƒˆ Sub-task ìƒì„±
[INFO] Summary: [AutoTest] Failed: tests.test_custom_agent::test_ca_010_autosave_draft_agent_persists_changes
[INFO] ğŸ†• Q31-174ì˜ Sub-task ìƒì„±: Q31-216
[INFO] ë§í¬: https://nwwe.atlassian.net/browse/Q31-216
[DEBUG] ê²€ìƒ‰ URL: https://nwwe.atlassian.net/rest/api/3/search/jql
[DEBUG] JQL: parent = Q31-174 AND summary ~ "tests test_custom_agent test_ca_011_cancel_agent_deletion_modal" AND statusCategory != Done ORDER BY created DESC
[DEBUG] ê²€ìƒ‰ëœ ì´ìŠˆ ìˆ˜: 0
[INFO] Q31-174ì˜ ê¸°ì¡´ Sub-task ì—†ìŒ â†’ ìƒˆ Sub-task ìƒì„±
[INFO] Summary: [AutoTest] Failed: tests.test_custom_agent::test_ca_011_cancel_agent_deletion_modal
[INFO] ğŸ†• Q31-174ì˜ Sub-task ìƒì„±: Q31-217
[INFO] ë§í¬: https://nwwe.atlassian.net/browse/Q31-217
[DEBUG] ê²€ìƒ‰ URL: https://nwwe.atlassian.net/rest/api/3/search/jql
[DEBUG] JQL: parent = Q31-174 AND summary ~ "tests test_custom_agent test_ca_012_delete_agent_permanently" AND statusCategory != Done ORDER BY created DESC
[DEBUG] ê²€ìƒ‰ëœ ì´ìŠˆ ìˆ˜: 0
[INFO] Q31-174ì˜ ê¸°ì¡´ Sub-task ì—†ìŒ â†’ ìƒˆ Sub-task ìƒì„±
[INFO] Summary: [AutoTest] Failed: tests.test_custom_agent::test_ca_012_delete_agent_permanently
[INFO] ğŸ†• Q31-174ì˜ Sub-task ìƒì„±: Q31-218
[INFO] ë§í¬: https://nwwe.atlassian.net/browse/Q31-218
[DEBUG] ê²€ìƒ‰ URL: https://nwwe.atlassian.net/rest/api/3/search/jql
[DEBUG] JQL: parent = Q31-174 AND summary ~ "tests test_custom_agent test_ca_015_private_agent_hidden_from_sub_account" AND statusCategory != Done ORDER BY created DESC
[DEBUG] ê²€ìƒ‰ëœ ì´ìŠˆ ìˆ˜: 0
[INFO] Q31-174ì˜ ê¸°ì¡´ Sub-task ì—†ìŒ â†’ ìƒˆ Sub-task ìƒì„±
[INFO] Summary: [AutoTest] Failed: tests.test_custom_agent::test_ca_015_private_agent_hidden_from_sub_account
[INFO] ğŸ†• Q31-174ì˜ Sub-task ìƒì„±: Q31-219
[INFO] ë§í¬: https://nwwe.atlassian.net/browse/Q31-219
[DEBUG] ê²€ìƒ‰ URL: https://nwwe.atlassian.net/rest/api/3/search/jql
[DEBUG] JQL: parent = Q31-174 AND summary ~ "tests test_history test_ht_001_start_new_chat" AND statusCategory != Done ORDER BY created DESC
[DEBUG] ê²€ìƒ‰ëœ ì´ìŠˆ ìˆ˜: 1
[DEBUG] - Q31-161: [AutoTest] Failed: tests.test_history::test_ht_001_start_new_chat
[INFO] Q31-174ì˜ Sub-task ë°œê²¬: Q31-161 â€” ì½”ë©˜íŠ¸ ì¶”ê°€
[INFO] âœ… ì½”ë©˜íŠ¸ ì¶”ê°€ ì™„ë£Œ: Q31-161
[DEBUG] ê²€ìƒ‰ URL: https://nwwe.atlassian.net/rest/api/3/search/jql
[DEBUG] JQL: parent = Q31-174 AND summary ~ "tests test_history test_ht_002_search_history" AND statusCategory != Done ORDER BY created DESC
[DEBUG] ê²€ìƒ‰ëœ ì´ìŠˆ ìˆ˜: 1
[DEBUG] - Q31-162: [AutoTest] Failed: tests.test_history::test_ht_002_search_history
[INFO] Q31-174ì˜ Sub-task ë°œê²¬: Q31-162 â€” ì½”ë©˜íŠ¸ ì¶”ê°€
[INFO] âœ… ì½”ë©˜íŠ¸ ì¶”ê°€ ì™„ë£Œ: Q31-162
[DEBUG] ê²€ìƒ‰ URL: https://nwwe.atlassian.net/rest/api/3/search/jql
[DEBUG] JQL: parent = Q31-174 AND summary ~ "tests test_history test_ht_004_chat_title_fix" AND statusCategory != Done ORDER BY created DESC
[DEBUG] ê²€ìƒ‰ëœ ì´ìŠˆ ìˆ˜: 1
[DEBUG] - Q31-163: [AutoTest] Failed: tests.test_history::test_ht_004_chat_title_fix
[INFO] Q31-174ì˜ Sub-task ë°œê²¬: Q31-163 â€” ì½”ë©˜íŠ¸ ì¶”ê°€
[INFO] âœ… ì½”ë©˜íŠ¸ ì¶”ê°€ ì™„ë£Œ: Q31-163
[DEBUG] ê²€ìƒ‰ URL: https://nwwe.atlassian.net/rest/api/3/search/jql
[DEBUG] JQL: parent = Q31-174 AND summary ~ "tests test_history test_ht_005_view_chat_history" AND statusCategory != Done ORDER BY created DESC
[DEBUG] ê²€ìƒ‰ëœ ì´ìŠˆ ìˆ˜: 1
[DEBUG] - Q31-164: [AutoTest] Failed: tests.test_history::test_ht_005_view_chat_history
[INFO] Q31-174ì˜ Sub-task ë°œê²¬: Q31-164 â€” ì½”ë©˜íŠ¸ ì¶”ê°€
[INFO] âœ… ì½”ë©˜íŠ¸ ì¶”ê°€ ì™„ë£Œ: Q31-164
[DEBUG] ê²€ìƒ‰ URL: https://nwwe.atlassian.net/rest/api/3/search/jql
[DEBUG] JQL: parent = Q31-174 AND summary ~ "tests test_history test_ht_006_delete_chat" AND statusCategory != Done ORDER BY created DESC
[DEBUG] ê²€ìƒ‰ëœ ì´ìŠˆ ìˆ˜: 1
[DEBUG] - Q31-165: [AutoTest] Failed: tests.test_history::test_ht_006_delete_chat
[INFO] Q31-174ì˜ Sub-task ë°œê²¬: Q31-165 â€” ì½”ë©˜íŠ¸ ì¶”ê°€
[INFO] âœ… ì½”ë©˜íŠ¸ ì¶”ê°€ ì™„ë£Œ: Q31-165
[DEBUG] ê²€ìƒ‰ URL: https://nwwe.atlassian.net/rest/api/3/search/jql
[DEBUG] JQL: parent = Q31-174 AND summary ~ "tests test_history test_ht_007_chat_history_ordered_by_time" AND statusCategory != Done ORDER BY created DESC
[DEBUG] ê²€ìƒ‰ëœ ì´ìŠˆ ìˆ˜: 1
[DEBUG] - Q31-166: [AutoTest] Failed: tests.test_history::test_ht_007_chat_history_ordered_by_time
[INFO] Q31-174ì˜ Sub-task ë°œê²¬: Q31-166 â€” ì½”ë©˜íŠ¸ ì¶”ê°€
[INFO] âœ… ì½”ë©˜íŠ¸ ì¶”ê°€ ì™„ë£Œ: Q31-166
[INFO] âœ… 20ê°œì˜ í†µê³¼ í…ŒìŠ¤íŠ¸ ì´ìŠˆ ë‹«ê¸° ì¤‘...
[DEBUG] ê²€ìƒ‰ URL: https://nwwe.atlassian.net/rest/api/3/search/jql
[DEBUG] JQL: parent = Q31-174 AND summary ~ "tests test_account test_ac_001_login" AND statusCategory != Done ORDER BY created DESC
[DEBUG] ê²€ìƒ‰ëœ ì´ìŠˆ ìˆ˜: 0
[DEBUG] ê²€ìƒ‰ URL: https://nwwe.atlassian.net/rest/api/3/search/jql
[DEBUG] JQL: parent = Q31-174 AND summary ~ "tests test_account test_ac_002_duplicate_email" AND statusCategory != Done ORDER BY created DESC
[DEBUG] ê²€ìƒ‰ëœ ì´ìŠˆ ìˆ˜: 0
[DEBUG] ê²€ìƒ‰ URL: https://nwwe.atlassian.net/rest/api/3/search/jql
[DEBUG] JQL: parent = Q31-174 AND summary ~ "tests test_account test_ac_003_negative_login" AND statusCategory != Done ORDER BY created DESC
[DEBUG] ê²€ìƒ‰ëœ ì´ìŠˆ ìˆ˜: 0
[DEBUG] ê²€ìƒ‰ URL: https://nwwe.atlassian.net/rest/api/3/search/jql
[DEBUG] JQL: parent = Q31-174 AND summary ~ "tests test_account test_ac_004_positive_login" AND statusCategory != Done ORDER BY created DESC
[DEBUG] ê²€ìƒ‰ëœ ì´ìŠˆ ìˆ˜: 0
[DEBUG] ê²€ìƒ‰ URL: https://nwwe.atlassian.net/rest/api/3/search/jql
[DEBUG] JQL: parent = Q31-174 AND summary ~ "tests test_account test_ac_005_login_with_non_email_format" AND statusCategory != Done ORDER BY created DESC
[DEBUG] ê²€ìƒ‰ëœ ì´ìŠˆ ìˆ˜: 0
[DEBUG] ê²€ìƒ‰ URL: https://nwwe.atlassian.net/rest/api/3/search/jql
[DEBUG] JQL: parent = Q31-174 AND summary ~ "tests test_account test_ac_006_login_with_spaces" AND statusCategory != Done ORDER BY created DESC
[DEBUG] ê²€ìƒ‰ëœ ì´ìŠˆ ìˆ˜: 0
[DEBUG] ê²€ìƒ‰ URL: https://nwwe.atlassian.net/rest/api/3/search/jql
[DEBUG] JQL: parent = Q31-174 AND summary ~ "tests test_account test_ac_007_logout" AND statusCategory != Done ORDER BY created DESC
[DEBUG] ê²€ìƒ‰ëœ ì´ìŠˆ ìˆ˜: 0
[DEBUG] ê²€ìƒ‰ URL: https://nwwe.atlassian.net/rest/api/3/search/jql
[DEBUG] JQL: parent = Q31-174 AND summary ~ "tests test_billing_system test_bu_001_credit_usage_section_exists" AND statusCategory != Done ORDER BY created DESC
[DEBUG] ê²€ìƒ‰ëœ ì´ìŠˆ ìˆ˜: 0
[DEBUG] ê²€ìƒ‰ URL: https://nwwe.atlassian.net/rest/api/3/search/jql
[DEBUG] JQL: parent = Q31-174 AND summary ~ "tests test_billing_system test_bu_004_click_ml_api" AND statusCategory != Done ORDER BY created DESC
[DEBUG] ê²€ìƒ‰ëœ ì´ìŠˆ ìˆ˜: 0
[DEBUG] ê²€ìƒ‰ URL: https://nwwe.atlassian.net/rest/api/3/search/jql
[DEBUG] JQL: parent = Q31-174 AND summary ~ "tests test_billing_system test_bu_005_click_severless_status" AND statusCategory != Done ORDER BY created DESC
[DEBUG] ê²€ìƒ‰ëœ ì´ìŠˆ ìˆ˜: 0
[DEBUG] ê²€ìƒ‰ URL: https://nwwe.atlassian.net/rest/api/3/search/jql
[DEBUG] JQL: parent = Q31-174 AND summary ~ "tests test_chat_base test_cb_002_copy" AND statusCategory != Done ORDER BY created DESC
[DEBUG] ê²€ìƒ‰ëœ ì´ìŠˆ ìˆ˜: 0
[DEBUG] ê²€ìƒ‰ URL: https://nwwe.atlassian.net/rest/api/3/search/jql
[DEBUG] JQL: parent = Q31-174 AND summary ~ "tests test_chat_base test_cb_004_scroll_and_click" AND statusCategory != Done ORDER BY created DESC
[DEBUG] ê²€ìƒ‰ëœ ì´ìŠˆ ìˆ˜: 0
[DEBUG] ê²€ìƒ‰ URL: https://nwwe.atlassian.net/rest/api/3/search/jql
[DEBUG] JQL: parent = Q31-174 AND summary ~ "tests test_chat_expanse test_ce_001_quiz" AND statusCategory != Done ORDER BY created DESC
[DEBUG] ê²€ìƒ‰ëœ ì´ìŠˆ ìˆ˜: 0
[DEBUG] ê²€ìƒ‰ URL: https://nwwe.atlassian.net/rest/api/3/search/jql
[DEBUG] JQL: parent = Q31-174 AND summary ~ "tests test_custom_agent test_ca_001_navigate_to_agent_create_form" AND statusCategory != Done ORDER BY created DESC
[DEBUG] ê²€ìƒ‰ëœ ì´ìŠˆ ìˆ˜: 0
[DEBUG] ê²€ìƒ‰ URL: https://nwwe.atlassian.net/rest/api/3/search/jql
[DEBUG] JQL: parent = Q31-174 AND summary ~ "tests test_custom_agent test_ca_002_validate_required_fields_behavior" AND statusCategory != Done ORDER BY created DESC
[DEBUG] ê²€ìƒ‰ëœ ì´ìŠˆ ìˆ˜: 0
[DEBUG] ê²€ìƒ‰ URL: https://nwwe.atlassian.net/rest/api/3/search/jql
[DEBUG] JQL: parent = Q31-174 AND summary ~ "tests test_custom_agent test_ca_004_test_create_with_chat_generates_ai_response" AND statusCategory != Done ORDER BY created DESC
[DEBUG] ê²€ìƒ‰ëœ ì´ìŠˆ ìˆ˜: 0
[DEBUG] ê²€ìƒ‰ URL: https://nwwe.atlassian.net/rest/api/3/search/jql
[DEBUG] JQL: parent = Q31-174 AND summary ~ "tests test_custom_agent test_ca_005_prevent_duplicate_agent_creation" AND statusCategory != Done ORDER BY created DESC
[DEBUG] ê²€ìƒ‰ëœ ì´ìŠˆ ìˆ˜: 0
[DEBUG] ê²€ìƒ‰ URL: https://nwwe.atlassian.net/rest/api/3/search/jql
[DEBUG] JQL: parent = Q31-174 AND summary ~ "tests test_custom_agent test_ca_013_prevent_deletion_of_default_agents" AND statusCategory != Done ORDER BY created DESC
[DEBUG] ê²€ìƒ‰ëœ ì´ìŠˆ ìˆ˜: 0
[DEBUG] ê²€ìƒ‰ URL: https://nwwe.atlassian.net/rest/api/3/search/jql
[DEBUG] JQL: parent = Q31-174 AND summary ~ "tests test_custom_agent test_ca_014_validate_file_upload_and_size_limit" AND statusCategory != Done ORDER BY created DESC
[DEBUG] ê²€ìƒ‰ëœ ì´ìŠˆ ìˆ˜: 0
[DEBUG] ê²€ìƒ‰ URL: https://nwwe.atlassian.net/rest/api/3/search/jql
[DEBUG] JQL: parent = Q31-174 AND summary ~ "tests test_history test_ht_003_agent_search" AND statusCategory != Done ORDER BY created DESC
[DEBUG] ê²€ìƒ‰ëœ ì´ìŠˆ ìˆ˜: 0
[8mha:////4BitF1wFw/grrZ8S41K9Mkk6lP4oqmHhgEo0C+nNayY7AAAApB+LCAAAAAAAAP9tjTEOwjAQBC9BFLSUPOLSAA2iSmu54QUmNsaJdWdsh6TiRXyNPxCIRMUWq51t5vmCZYpw5GixNdQ5So3D4Hs7LRw4dhfPA7Z8xoYpsTcozSBZm3pGydnAnKKEhYCVocZzcmQzrEWr7qryimx1ynH6DgJKp2/wgEJM5qxi/sIYYXPtdWL6ef4KYAwhQ7nbf2r7Bqph/Ve+AAAA[0m[Pipeline] }
[8mha:////4II1XQIOZhuwi81fg5dwRPvr0aG4AhZLSqlj42bQfQClAAAApR+LCAAAAAAAAP9tjTEOwjAQBC9BFLSUPOJSIESBqNJabniBiY1xYt0Z2yGpeBFf4w8EIlGxxWpnm3m+YJkiHDlabA11jlLjMPjeTgsHjt3F84Atn7FhSuwNSjNI1qaeUXI2MKcoYSFgZajxnBzZDGvRqruqvCJbnXKcvoOA0ukbPKAQkzmrmL8wRthce52Yfp6/AhhDyFDu9p/avgGsJ8UCvgAAAA==[0m[Pipeline] // withCredentials
[8mha:////4KvbvLVPip5HmAsgphxyxFZT3kGlQtft2zacygrooDLiAAAAph+LCAAAAAAAAP9tjTEOwjAQBC9BFLSUPOJSICQQSkVrueEFJjHGiXUXbAen4kV8jT9gEYmKLVY728zrDcvgoWZvsNPUWwqNxcGNJi9M7Pur44QdX7BhCuw0Sp0kt/o0o+SoYU5RwkLASlPjOFgyEdaiUw9VOUWmOkefv6OA0rZ3eEIhsjkqH78wedjcxjYw/Tx/BTANEcrtIdduP3wA6QtHub4AAAA=[0m[Pipeline] sh
+ docker system prune -f
Deleted Images:
untagged: sha256:627438cc57f668f6611ef996a339b8b7cff85d176bf1302aa6f720a21df85c42
deleted: sha256:627438cc57f668f6611ef996a339b8b7cff85d176bf1302aa6f720a21df85c42
untagged: sha256:23dea38ec4ae71ca1e5a28415549e74d234cbe6711f74021bf0677024b33bd39
deleted: sha256:23dea38ec4ae71ca1e5a28415549e74d234cbe6711f74021bf0677024b33bd39
untagged: sha256:583d4d55431da19832de95c65981f1536c47ac94942175254c22896043cdf3f0
deleted: sha256:583d4d55431da19832de95c65981f1536c47ac94942175254c22896043cdf3f0
untagged: sha256:65be678c5bc4e3c3e2ca2ad258ddd7b547e018a51a7ce0f0dbf25d3bcb5495da
deleted: sha256:65be678c5bc4e3c3e2ca2ad258ddd7b547e018a51a7ce0f0dbf25d3bcb5495da
untagged: sha256:8229c6f871d2d1e174e0e0de1980553d19eefecc42174c9fb073abc5de5dd3d4
deleted: sha256:8229c6f871d2d1e174e0e0de1980553d19eefecc42174c9fb073abc5de5dd3d4
untagged: sha256:90b89dcbf9e3d041f52432b2393e90e2522a5162f6ea6b8bfd2759187be4ca3e
deleted: sha256:90b89dcbf9e3d041f52432b2393e90e2522a5162f6ea6b8bfd2759187be4ca3e
untagged: sha256:a1e330e08294c3fce2f07c0bf520a9235f8a7401fa57b2d3f1b2f7d13bff6e7f
deleted: sha256:a1e330e08294c3fce2f07c0bf520a9235f8a7401fa57b2d3f1b2f7d13bff6e7f
untagged: sha256:bdf475b201ab0fc43db9ce3b1c635d82a0a06175d1ca9fffbfe03cf3590571f7
deleted: sha256:bdf475b201ab0fc43db9ce3b1c635d82a0a06175d1ca9fffbfe03cf3590571f7
untagged: sha256:27a580a4ae08dcdae4c19281321715d3faa5a8555c3b09e04e7ab4a94801beed
deleted: sha256:27a580a4ae08dcdae4c19281321715d3faa5a8555c3b09e04e7ab4a94801beed
untagged: sha256:56f25b89cd108a0c804b4cc3a54373458dce99b51b28370b5816438c29349c5b
deleted: sha256:56f25b89cd108a0c804b4cc3a54373458dce99b51b28370b5816438c29349c5b
untagged: sha256:5f925edfc3f89b1e495b8dc64414d9f904255cbf664c23518239163132821dfc
deleted: sha256:5f925edfc3f89b1e495b8dc64414d9f904255cbf664c23518239163132821dfc

Total reclaimed space: 88.37kB
[8mha:////4NwR5RCzrM74rebB9j8kCKe7vhFDQn2pQvtsomtfPFcMAAAApR+LCAAAAAAAAP9tjTEOwjAQBC9BFLSUPOJSIIoIUaW10vACExvjxLoztkNS8SK+xh+wiETFFqudbeb1hnUMcOJgsNc0WIqdRe9GkxdOHIar4wl7vmDHFNlpbPXUstLNgi0nDUuKElYCNpo6x9GSSbAVvXzIykky1TmF/B0FlFbd4QmFyOYkQ/rCHGB3G1Vk+nn+CmD2PkF5qHPt6w9ECECOvgAAAA==[0m[Pipeline] }
[8mha:////4Dtdt+XAn8TMACFJEo7m2+u1skMx3O26iTPGYi/U1mu8AAAAph+LCAAAAAAAAP9tjTEOwjAQBC9BFLSUPOKChISQUCpayw0vMIkxTqy7YDs4FS/ia/wBi0hUbLHa2WZeb1gGDzV7g52m3lJoLA5uNHlhYt9fHSfs+IINU2CnUeokudWnGSVHDXOKEhYCVpoax8GSibAWnXqoyiky1Tn6/B0FlLa9wxMKkc1R+fiFycPmNraB6ef5K4BpGCKU+22u3eEDh3Og774AAAA=[0m[Pipeline] // stage
[8mha:////4K48YyqsSQPWYtCurKPDLeVVyfC4NHdIXPp/0plrC06oAAAApR+LCAAAAAAAAP9tjTEOwjAQBC9BFLSUPOKiCIkGUaW10vACExvjxLoztkNS8SK+xh+wiETFFqudbeb1hnUMcOJgsNc0WIqdRe9GkxdOHIar4wl7vmDHFNlpbPXUstLNgi0nDUuKElYCNpo6x9GSSbAVvXzIykky1TmF/B0FlFbd4QmFyOYkQ/rCHGB3G1Vk+nn+CmD2PkF5qHPV+w8oGxiBvgAAAA==[0m[Pipeline] }
[8mha:////4MkIDpwFDezQHRW9lgo3gF8Vg9X8Uh8zBshksnSiH2rFAAAApR+LCAAAAAAAAP9tjTEOwjAQBC9BFLSUPMIRKWgQVVorDS8w8WGcWHfGdkgqXsTX+AMWkajYYrWzzbzesI4BThyM6JEGS7GzwrvR5CUmDsPV8SR6voiOKbJD0eLUssZmwZYTwpKihJWEDVLnOFoyCbayVw9VOUWmOqeQv6OE0uo7PKGQ2ZxUSF+YA+xuo45MP89fAczeJygPda59/QEQWYtwvgAAAA==[0m[Pipeline] // withEnv
[8mha:////4GXsFGfHmxmD2o51NqiYYmXr+P6TElwM265zkmnlMNCKAAAApR+LCAAAAAAAAP9tjTEOwjAQBC9BFLSUPOKiCIkGUaW10vACExvjxLoztkNS8SK+xh+wiETFFqudbeb1hnUMcOJgsNc0WIqdRe9GkxdOHIar4wl7vmDHFNlpbPXUstLNgi0nDUuKElYCNpo6x9GSSbAVvXzIykky1TmF/B0FlFbd4QmFyOYkQ/rCHGB3G1Vk+nn+CmD2PkF52Oeq6w8P294ivgAAAA==[0m[Pipeline] }
[8mha:////4BkvETk3fn0kWU8TjB7ZgJ3m3MQnrv9Ga/KIu9qawE56AAAApR+LCAAAAAAAAP9tjTEOwjAQBC9BFLSUPOICEqJBqWgtN7zAJMY4se6C7eBUvIiv8QcsIlGxxWpnm3m9YRk81OwNdpp6S6GxOLjR5IWJfX91nLDjCzZMgZ1GqZPkVp9mlBw1zClKWAhYaWocB0smwlp06qEqp8hU5+jzdxRQ2vYOTyhENkfl4xcmD5vb2Aamn+evAKZhiFAe9rl22w8h29xIvgAAAA==[0m[Pipeline] // withEnv
[8mha:////4ErKDSOJsC6d21aVNuEsJwsFdGRlM3qPTisBxnwtdQNHAAAAox+LCAAAAAAAAP9tjTESgjAQRT84FraWHiI0auNY2WZoPEGEGAOZXUwWofJEXs07yMiMlb/67zXv9cYyRRw5OtVYaj2lyqsu9G56auDYXgMPquGLqpgSB6tKO5Rc29OMJYvFvCzHQmNlqQqcPDnBWjfmYYpgyBVniZM7aOS+vuOJTE9lMVG+MEZsbn2dmH6dvwGMXSfI9ztBtv0ATZSgB70AAAA=[0m[Pipeline] }
[8mha:////4ElOT/iE6Oo1XfyxWCfrkYXAIvZAASHIND85dU+/KNmCAAAAox+LCAAAAAAAAP9tjbEOgjAURS8YB1dHP6IMJizGybVh8Qsq1Fpo3sP2IUx+kb/mP0gkcfJO95zlvN5Yp4gjR6daS52nVHvVh8HNT40cu2vgUbV8UTVT4mBVZceKG3tasGKxWJblWGlsLNWBkycn2OrWPEwRDLniLHF2B43cN3c8kem5LCbKF6aI3W1oEtOv8zeAqe8FeVkKsv0HPntk3r0AAAA=[0m[Pipeline] // node
[8mha:////4HKbrPV8fkjk4mMxd71Mr1SuJDyxtGr1Jmrk38higna3AAAApB+LCAAAAAAAAP9tjTEOwjAQBDdBFLSUPMKRKKBAVLRWGl5gEmOcWHfBvpBUvIiv8QciIlGx1c4083pjmSKOHJ1qLLWeUuVVF3o3PTVwbK+BB9XwRVVMiYNVpR1Kru1pxpLFYl6WY6GxslQFTp6cYK0b8zBFMOSKs8TJHTRyX9/xRKanspgoXxgjNre+Tky/zt8Axq4T5Lu9INt+ABhiA5S9AAAA[0m[Pipeline] End of Pipeline
ERROR: script returned exit code 1
Finished: FAILURE
